2015/03/23 16:57:07 - led_c_ILdph - CRITICAL - local variable 'found' referenced before assignment
2015/03/23 16:57:33 - led_c_ILdph - INFO - ['Licensed Lead Contractors', 'License Number', u'539', u'3D Contracting Inc', u'6/2/2014', u'Cook', u'8232 W. 47th Street', u'Lyons', u'IL', u'60534', u'', u'(847) 421-7803', u'']
2015/03/23 16:57:33 - led_c_ILdph - INFO - ['Licensed Lead Contractors', 'License Number', u'378', u'A & A ABATEMENT LLC', u'5/22/2014', u'PERRY', u'849 WELLS STREET ROAD', u'DuQUOIN', u'IL', u'62832', u'', u'(618) 318-5932', u'(618) 542-9890']
2015/03/23 16:57:33 - led_c_ILdph - INFO - ['Licensed Lead Contractors', 'License Number', u'365', u'A & B Environmental Construction Inc.', u'6/25/2014', u'', u'205 E North Avenue', u'North Lake', u'IL', u'60164', u'', u'(708)-344-0190', u'(708)-344-0195']
2015/03/23 16:57:33 - led_c_ILdph - INFO - ['Licensed Lead Contractors', 'License Number', u'334', u'A.B.C. Environmental & Construction Inc.', u'5/8/2013', u'Cook', u'1024 W. 103Rd Pl.', u'Chicago', u'IL', u'60643', u'', u'(773) 310-2950', u'(773)-429-1656']
2015/03/23 16:57:33 - led_c_ILdph - INFO - ['Licensed Lead Contractors', 'License Number', u'364', u'A-1 Construction & Contracting Inc.', u'5/7/2013', u'Cook', u'13636 S. Western Ave.', u'Blue Island', u'IL', u'60406', u'', u'(708)-396-1388', u'(708)-396-1335']
2015/03/23 16:57:33 - led_c_ILdph - INFO - ['Licensed Lead Contractors', 'License Number', u'453', u'A2Z Home Improvements', u'4/7/2014', u'McDonough', u'NA', u'Adair', u'IL', u'61411', u'', u'NA', u'NA']
2015/03/23 16:57:34 - led_c_ILdph - INFO - ['Licensed Lead Contractors', 'License Number', u'565', u'Abate-All Maintenance and Construction', u'6/2/2014', u'', u'5 East Carriage Way Suite 111', u'Hazelcrest', u'IL', u'60429', u'', u'(773) 719-5255', u'(708) 957-8045']
2015/03/23 16:57:34 - led_c_ILdph - INFO - ['Licensed Lead Contractors', 'License Number', u'184', u'Abatement Management Inc.', u'5/2/2014', u'Madison', u'6990 State Route 111', u'S. Roxana', u'IL', u'62087', u'', u'(618)-254-2540', u'(618)-254-2540']
2015/03/23 16:57:34 - led_c_ILdph - INFO - ['Licensed Lead Contractors', 'License Number', u'531', u'Abatement Specialities LLC', u'5/28/2014', u'OUT OF STATE', u'1814 E Avenue NE', u'Cedar Rapids', u'IA', u'52402', u'', u'(563) 243-6141', u'(563) 243-6146']
2015/03/23 16:57:34 - led_c_ILdph - INFO - ['Licensed Lead Contractors', 'License Number', u'376', u'ABET CONSTRUCTION INC.', u'4/15/2014', u'COOK', u'4921 NORTH KNIGHT AVENUE', u'NORRIDGE', u'IL', u'60706', u'', u'(773)-427-4942', u'(773)-427-4942']
2015/03/23 16:57:34 - led_c_ILdph - INFO - ['Licensed Lead Contractors', 'License Number', u'417', u'ABG Enterprise Inc.', u'4/23/2014', u'', u'3258 N US RT 45152', u'Chabanse', u'IL', u'60922', u'', u'(815) 573-3261', u'']
2015/03/23 16:57:34 - led_c_ILdph - INFO - ['Licensed Lead Contractors', 'License Number', u'286', u'Accurate Environmental Solutions Inc.', u'4/7/2014', u'Cook', u'524 Homeland Rd.', u'Matteson', u'IL', u'60443', u'', u'(773)-406-7535', u'(708) 248-6427']
2015/03/23 16:57:35 - led_c_ILdph - INFO - ['Licensed Lead Contractors', 'License Number', u'500', u'ACCURATE GENERAL CONTRACTORS LTD.', u'4/14/2014', u'COOK', u'4440 N. KOSTNER AVE.', u'CHICAGO', u'IL', u'60630', u'', u'(773) 594-1122', u'(773) 594-1133']
2015/03/23 16:57:35 - led_c_ILdph - INFO - ['Licensed Lead Contractors', 'License Number', u'153', u'Ace Remodeling Co.', u'5/19/2014', u'Cook', u'P.O. Box 6245', u'Chicago', u'IL', u'60680', u'', u'(312)-733-6668', u'(312)-733-1158']
2015/03/23 16:57:35 - led_c_ILdph - INFO - ['Licensed Lead Contractors', 'License Number', u'372', u'ACROSS Environmental Inc.', u'4/29/2014', u'Mc Henry', u'214 OAKLEAF ROAD', u'LAKE IN THE HILLS', u'IL', u'60156', u'', u'(630) 540-9722', u'(630) 540-9732']
2015/03/23 16:57:35 - led_c_ILdph - INFO - ['Licensed Lead Contractors', 'License Number', u'351', u'ADM Construction Inc.', u'5/27/2014', u'Cook', u'15154 Meadow Ln.', u'Dolton', u'IL', u'60419', u'', u'(708)-841-8535', u'(708)-841-9039']
2015/03/23 16:57:35 - led_c_ILdph - INFO - ['Licensed Lead Contractors', 'License Number', u'320', u'Advanced Environmental Testing and Abatement Inc.', u'4/22/2014', u'Out of State', u'803 Ricker St.', u'Waterloo', u'IA', u'50703', u'', u'(319) 287-4447', u'(319)-287-4449']
2015/03/23 16:57:35 - led_c_ILdph - INFO - ['Licensed Lead Contractors', 'License Number', u'444', u'Advanced Lead Contractors', u'5/8/2013', u'Peoria', u'4720 N. Koerner Rd.', u'Peoria', u'IL', u'61615', u'', u'(309) 208-1595', u'']
2015/03/23 16:57:36 - led_c_ILdph - INFO - ['Licensed Lead Contractors', 'License Number', u'473', u'AES Environmental Inc.', u'5/19/2014', u'Cook', u'117 S. Cook St. #320', u'Barrington', u'IL', u'60010', u'', u'(847) 980-5243', u'(847) 381-8094']
2015/03/23 16:57:36 - led_c_ILdph - INFO - ['Licensed Lead Contractors', 'License Number', u'556', u'ALL ENVIRONMENTAL SAFETY CORP', u'5/19/2014', u'COOK', u'15941 HARLEM AVENUE # 256', u'TINLEY PARK', u'IL', u'60477', u'', u'(312) 730-4021', u'']
2015/03/23 16:57:36 - led_c_ILdph - INFO - ['Licensed Lead Contractors', 'License Number', u'343', u'ALLIANCE ENVIRONMENTAL CONTROL INC.', u'9/13/2013', u'Cook', u'18050 EXCHANGE AVENUE', u'LANSING', u'IL', u'60438', u'5/31/2005', u'(708)-878-9876', u'(708)-895-9524']
2015/03/23 16:57:37 - led_c_ILdph - INFO - ['Licensed Lead Contractors', 'License Number', u'549', u'AMERI ENVIRONMENTAL INC.', u'5/13/2013', u'COOK', u'17930 CHAPPEL AVENUE', u'LANSING', u'IL', u'60438', u'', u'(708) 474-8801', u'(708) 474-8802']
2015/03/23 16:57:37 - led_c_ILdph - INFO - ['Licensed Lead Contractors', 'License Number', u'253', u'American Environmental Solutions Inc.', u'4/15/2014', u'Cook', u'117 S. cook St. Ste. #320', u'Barrington', u'IL', u'60010', u'', u'(847)-980-5243', u'(847) 381-8094']
2015/03/23 16:57:37 - led_c_ILdph - INFO - ['Licensed Lead Contractors', 'License Number', u'541', u'AMES CONSTRUCTION', u'3/18/2014', u'COOK', u'445 EAST OHIO STREET SUITE 420', u'CHICAGO', u'IL', u'60611', u'', u'(773) 379-2637', u'(312) 321-9325']
2015/03/23 16:57:37 - led_c_ILdph - INFO - ['Licensed Lead Contractors', 'License Number', u'305', u'Angel Abatement LLC', u'4/10/2014', u'Cook', u'NA', u'Glenwood', u'IL', u'60425', u'', u'NA', u'NA']
2015/03/23 16:57:37 - led_c_ILdph - INFO - ['Licensed Lead Contractors', 'License Number', u'555', u'APD ENVIRONMENTAL INC', u'9/10/2013', u'DUPAGE', u'1305 S VILLA AVE', u'VILLA PARK', u'IL', u'60181', u'', u'(630) 516-1850', u'(630) 516-1851']
2015/03/23 16:57:37 - led_c_ILdph - INFO - ['Licensed Lead Contractors', 'License Number', u'431', u'APOLLO PAINTING CONTRACTORS', u'11/27/2013', u'COOK', u'3434 WEST 76TH PLACE', u'CHICAGO', u'IL', u'60652', u'', u'(309) 676-1899', u'(309) 676-5061']
2015/03/23 16:57:38 - led_c_ILdph - INFO - ['Licensed Lead Contractors', 'License Number', u'554', u'AQUARIUS CONSTRUCTION INC', u'7/9/2014', u'COOK', u'2516 DAVISSON STREET', u'RIVER GROVE', u'IL', u'60171', u'', u'(773) 934-5000', u'(708) 456-0338']
2015/03/23 16:57:38 - led_c_ILdph - INFO - ['Licensed Lead Contractors', 'License Number', u'275', u'ARC Environmental Inc.', u'4/9/2014', u'Cook', u'NA', u'Chicago', u'IL', u'60630', u'', u'NA', u'NA']
2015/03/23 16:57:38 - led_c_ILdph - INFO - ['Licensed Lead Contractors', 'License Number', u'520', u'ARC INSULATION', u'4/7/2014', u'WILL', u'NA', u'ROMEOVILLE', u'IL', u'60446', u'', u'NA', u'NA']
2015/03/23 16:57:38 - led_c_ILdph - INFO - ['Licensed Lead Contractors', 'License Number', u'385', u'Arcos Environmental Services Inc.', u'4/7/2014', u'', u'7413 Duvan Dr. Unit #2', u'Tinely Park', u'IL', u'60477', u'', u'(708) 444-0500', u'(708) 444-0502']
2015/03/23 16:57:38 - led_c_ILdph - INFO - ['Licensed Lead Contractors', 'License Number', u'377', u"A's B's ENVIRSTRUCT INC.", u'5/21/2014', u'Cook', u'NA', u'CHICAGO', u'IL', u'60628', u'', u'NA', u'NA']
2015/03/23 16:57:39 - led_c_ILdph - INFO - ['Licensed Lead Contractors', 'License Number', u'85', u'Asbestos Lead Removal Inc.', u'4/7/2014', u'Champaign', u'6 Julie Dr.', u'Ludlow', u'IL', u'60949', u'', u'(217)-379-6016', u'(217)-379-2185']
2015/03/23 16:57:39 - led_c_ILdph - INFO - ['Licensed Lead Contractors', 'License Number', u'529', u'Atlantic Plant Services LLC', u'5/7/2014', u'OUT OF STATE', u'NA', u'Houston', u'TX', u'77064', u'', u'NA', u'NA']
2015/03/23 16:57:39 - led_c_ILdph - INFO - ['Licensed Lead Contractors', 'License Number', u'182', u'Axis Response Group LLC', u'4/14/2014', u'Cook', u'NA', u'Glenview', u'IL', u'60025', u'', u'NA', u'NA']
2015/03/23 16:57:39 - led_c_ILdph - INFO - ['Licensed Lead Contractors', 'License Number', u'345', u'B&H Lead Abatement Contractors', u'4/16/2014', u'Cook', u'7156 W. 127th St. Ste. #146', u'Palos Heights', u'IL', u'60463', u'', u'(708)-363-5681', u'(708) 922-1827']
2015/03/23 16:57:39 - led_c_ILdph - INFO - ['Licensed Lead Contractors', 'License Number', u'288', u'B. B. Construction Enterprise Inc.', u'4/24/2014', u'Cook', u'1821 West 51st Street', u'Chicago', u'IL', u'60609', u'', u'(773)-436-9830', u'(773)-436-9833']
2015/03/23 16:57:39 - led_c_ILdph - INFO - ['Licensed Lead Contractors', 'License Number', u'532', u'B.C.M.W. COMMUNITY SERVICES INC.', u'5/19/2014', u'NARION', u'1261 GARY', u'CENTRALIA', u'IL', u'62801', u'', u'(618) 533-6630', u'(618) 533-5530']
2015/03/23 16:57:40 - led_c_ILdph - INFO - ['Licensed Lead Contractors', 'License Number', u'340', u'BAIN ENVIRONMENTAL INC.', u'6/12/2014', u'COOK', u'5354 N. PAULINA ST.', u'CHICAGO', u'IL', u'60640', u'', u'(773)-728-0900', u'(773)-728-0145']
2015/03/23 16:57:40 - led_c_ILdph - INFO - ['Licensed Lead Contractors', 'License Number', u'495', u'Bay Remediation LLC', u'7/11/2014', u'Cook', u'P.O. Box 46036', u'Chicago', u'IL', u'60646', u'', u'(773) 774-0051', u'']
2015/03/23 16:57:40 - led_c_ILdph - INFO - ['Licensed Lead Contractors', 'License Number', u'570', u'Bearce Construction & Siding', u'4/24/2014', u'McDonough', u'609 West Washington Street', u'Macomb', u'IL', u'61455', u'', u'(309) 588-4172', u'']
2015/03/23 16:57:41 - led_c_ILdph - INFO - ['Licensed Lead Contractors', 'License Number', u'64', u'Beckwith Enterprises Inc.', u'5/9/2013', u'Cook', u'111 Thatcher Ave.', u'River Forest', u'IL', u'60305', u'', u'(708)-366-7759', u'(708)-366-7794']
2015/03/23 16:57:41 - led_c_ILdph - INFO - ['Licensed Lead Contractors', 'License Number', u'530', u'Best Technology Systems Inc.', u'4/18/2014', u'Will', u'NA', u'Plainfield', u'IL', u'60585', u'', u'NA', u'NA']
2015/03/23 16:57:41 - led_c_ILdph - INFO - ['Licensed Lead Contractors', 'License Number', u'494', u"BILL'S HOME IMPROVEMENT", u'4/29/2014', u'MONTGOMERY', u'409 NORTH CHESTNUT STREET', u'LITCHFIELD', u'IL', u'62056', u'', u'(217) 324-6454', u'(217) 324-6454']
2015/03/23 16:57:41 - led_c_ILdph - INFO - ['Licensed Lead Contractors', 'License Number', u'311', u'Boardwalk Contracting Inc.', u'4/7/2014', u'Marion', u'10 Holiday Terrance', u'Centralia', u'IL', u'62801', u'', u'(618)-444-4313', u'']
2015/03/23 16:57:41 - led_c_ILdph - INFO - ['Licensed Lead Contractors', 'License Number', u'390', u'Boswell Enterprises', u'4/23/2014', u'Kankakee', u'NA', u'Bonfield', u'IL', u'60913', u'', u'NA', u'NA']
2015/03/23 16:57:41 - led_c_ILdph - INFO - ['Licensed Lead Contractors', 'License Number', u'506', u"BRENNAN'S ENVIRONMENTAL SERVICES INC.", u'4/7/2014', u'Du Page', u'954 NORTH DU PAGE AVENUE', u'LOMBARD', u'IL', u'60148', u'', u'(773) 725-8600', u'(773) 725-8630']
2015/03/23 16:57:42 - led_c_ILdph - INFO - ['Licensed Lead Contractors', 'License Number', u'416', u'Brian Waldon Const.', u'1/22/2014', u'Tazwell', u'15564 Larimore Rd.', u'Mackinaw', u'IL', u'61755', u'', u'(309) 208-0184', u'(309) 359-8059']
2015/03/23 16:57:42 - led_c_ILdph - INFO - ['Licensed Lead Contractors', 'License Number', u'391', u'Brio Industries Inc.', u'5/12/2014', u'Will', u'13436 Kerr St.', u'Plainfield', u'IL', u'60585', u'', u'(312) 735-1858', u'(312) 735-1858']
2015/03/23 16:57:42 - led_c_ILdph - INFO - ['Licensed Lead Contractors', 'License Number', u'522', u'Bruce Heinz Home Services', u'6/16/2014', u'Peoria', u'NA', u'Peoria', u'IL', u'61615', u'', u'NA', u'NA']
2015/03/23 16:57:42 - led_c_ILdph - INFO - ['Licensed Lead Contractors', 'License Number', u'546', u"Bryan's Concrete and Masonry", u'5/5/2014', u'Jackson', u'307 S Giant City Road', u'Carbondale', u'IL', u'62902', u'', u'(618) 521-6525', u'']
2015/03/23 16:57:42 - led_c_ILdph - INFO - ['Licensed Lead Contractors', 'License Number', u'523', u'BURNSIDE BROS. CONSTRUCTION', u'5/7/2013', u'PEORIA', u'NA', u'PEORIA', u'IL', u'61605', u'', u'NA', u'NA']
2015/03/23 16:57:42 - led_c_ILdph - INFO - ['Licensed Lead Contractors', 'License Number', u'349', u'C&J Home Improvement', u'5/22/2014', u'Cook', u'3 Clearview Ct.', u'Lemont', u'IL', u'60439', u'', u'(630)-243-9510', u'(630)-243-9580']
2015/03/23 16:57:43 - led_c_ILdph - INFO - ['Licensed Lead Contractors', 'License Number', u'518', u'CALDERON CONSTRUCTION LLC', u'2/5/2014', u'ROCK ISLAND', u'NA', u'ROCK ISLAND', u'IL', u'61201', u'', u'NA', u'NA']
2015/03/23 16:57:43 - led_c_ILdph - INFO - ['Licensed Lead Contractors', 'License Number', u'322', u'Cannon Sline Industrial Inc.', u'6/12/2014', u'', u'4527 Columbia Avenue 2nd Floor', u'Hammond', u'IN', u'46327', u'', u'(219) 937-8100', u'(219) 933-1075']
2015/03/23 16:57:43 - led_c_ILdph - INFO - ['Licensed Lead Contractors', 'License Number', u'56', u'Cardinal Environmental Operations Corp.', u'4/16/2014', u'Out of State', u'4518 Woodson Rd. P.O. Box 5847', u'St. Louis', u'MO', u'63134', u'', u'(314)-890-2088', u'(314)-890-0042']
2015/03/23 16:57:43 - led_c_ILdph - INFO - ['Licensed Lead Contractors', 'License Number', u'192', u'CASS Environmental Services Inc.', u'5/12/2014', u'Cook', u'1725 Heather Hill Cres.', u'Flossmoor', u'IL', u'60422', u'', u'(708)-647-8571', u'(708)-957-0119']
2015/03/23 16:57:43 - led_c_ILdph - INFO - ['Licensed Lead Contractors', 'License Number', u'427', u'Celtic Environmental Company', u'5/29/2014', u'Cook', u'NA', u'Lyons', u'IL', u'60534', u'', u'NA', u'NA']
2015/03/23 16:57:44 - led_c_ILdph - INFO - ['Licensed Lead Contractors', 'License Number', u'180', u'Cenpro Services Inc.', u'4/15/2014', u'Madison', u'18 Fox Industrial Dr. P.O. Box 259', u'Madison', u'IL', u'62060', u'', u'(618)-876-1000', u'(618)-876-1007']
2015/03/23 16:57:44 - led_c_ILdph - INFO - ['Licensed Lead Contractors', 'License Number', u'540', u'Certified Window Company INC', u'6/2/2014', u'Cook', u'2840 W. Central Park Avenue', u'Chicago', u'IL', u'60618', u'', u'(773) 772-7470', u'(773) 772-7625']
2015/03/23 16:57:44 - led_c_ILdph - INFO - ['Licensed Lead Contractors', 'License Number', u'371', u'CL Coatings LLC', u'4/7/2014', u'Will', u'8450 W. 191st St. Unit #19', u'Mokena', u'IL', u'60448', u'', u'(815)-464-3053', u'(815) 464-3062']
2015/03/23 16:57:45 - led_c_ILdph - INFO - ['Licensed Lead Contractors', 'License Number', u'161', u'Clymer Construction', u'4/8/2014', u'St. Clair', u'8044 N. Illinois St.', u'Caseyville', u'IL', u'62232', u'', u'(618)-345-1972', u'(618)-345-1972']
2015/03/23 16:57:45 - led_c_ILdph - INFO - ['Licensed Lead Contractors', 'License Number', u'519', u'CNM DEVELOPMENT LLC', u'4/18/2014', u'COOK', u'1266 WAYNE DRIVE', u'DES PLAINES', u'IL', u'60018', u'', u'(847) 602-2327', u'(858) 923-1125']
2015/03/23 16:57:45 - led_c_ILdph - INFO - ['Licensed Lead Contractors', 'License Number', u'21', u'Colfax Corporation', u'5/19/2014', u'Cook', u'NA', u'Chicago', u'IL', u'60647', u'', u'NA', u'NA']
2015/03/23 16:57:45 - led_c_ILdph - INFO - ['Licensed Lead Contractors', 'License Number', u'509', u'COLUMBUS CONSTRUCTION INC.', u'4/7/2014', u'COOK', u'904 N. WESTERN', u'PARK RIDGE', u'IL', u'60068', u'', u'(847) 293-2113', u'']
2015/03/23 16:57:45 - led_c_ILdph - INFO - ['Licensed Lead Contractors', 'License Number', u'482', u'Complete Construction & Electric', u'4/8/2014', u'Saline', u'811A Briddick Street', u'Eldorado', u'IL', u'62930', u'', u'(618) 273-5123', u'']
2015/03/23 16:57:45 - led_c_ILdph - INFO - ['Licensed Lead Contractors', 'License Number', u'459', u'CPMA INC.', u'5/16/2014', u'', u'NA', u'Lincolnwood', u'IL', u'60712', u'', u'NA', u'NA']
2015/03/23 16:57:45 - led_c_ILdph - INFO - ['Licensed Lead Contractors', 'License Number', u'454', u'Crook Construction', u'7/27/2013', u'Macoupin', u'207 N. Salisbury', u'Gillespie', u'IL', u'62033', u'', u'(217) 306-0626', u'(618) 362-6341']
2015/03/23 16:57:46 - led_c_ILdph - INFO - ['Licensed Lead Contractors', 'License Number', u'408', u'D&O Environmental Inc.', u'5/7/2013', u'Macon', u'3849 Skippy Dr.', u'Decatur', u'IL', u'62526', u'', u'(217) 875-1016', u'(217) 875-5761']
2015/03/23 16:57:46 - led_c_ILdph - INFO - ['Licensed Lead Contractors', 'License Number', u'455', u'D&T Construction', u'4/7/2014', u'Stephenson', u'4570 Basswood Rd.', u'Orangeville', u'IL', u'61060', u'', u'(815) 541-4791', u'']
2015/03/23 16:57:46 - led_c_ILdph - INFO - ['Licensed Lead Contractors', 'License Number', u'106', u'DEM Services Inc.', u'4/24/2014', u'Du Page', u'1765 Cortland Court Suite A', u'Addison', u'IL', u'60101', u'', u'(708)-544-2244', u'(708)-544-2266']
2015/03/23 16:57:46 - led_c_ILdph - INFO - ['Licensed Lead Contractors', 'License Number', u'401', u'Done Right Environmental Inc.', u'4/24/2014', u'Du Page', u'15 W. 211 Concord St.', u'Elmhurst', u'IL', u'60126', u'', u'(847) 344-5412', u'']
2015/03/23 16:57:46 - led_c_ILdph - INFO - ['Licensed Lead Contractors', 'License Number', u'362', u'DPB Abatement Services Inc.', u'4/24/2014', u'Cook', u'NA', u'Dolton', u'IL', u'60419', u'', u'NA', u'NA']
2015/03/23 16:57:46 - led_c_ILdph - INFO - ['Licensed Lead Contractors', 'License Number', u'470', u'Drake Siding & Sunrooms', u'4/24/2014', u'Coles', u'NA', u'Charleston', u'IL', u'61920', u'', u'NA', u'NA']
2015/03/23 16:57:47 - led_c_ILdph - INFO - ['Licensed Lead Contractors', 'License Number', u'191', u'DRT Construction Inc.', u'3/31/2014', u'Jackson', u'NA', u'Murphysboro', u'IL', u'62966', u'', u'NA', u'NA']
2015/03/23 16:57:47 - led_c_ILdph - INFO - ['Licensed Lead Contractors', 'License Number', u'561', u'Duck-Air Abatement', u'5/19/2014', u'Peoria', u'NA', u'Peoria', u'IL', u'61615', u'', u'NA', u'NA']
2015/03/23 16:57:47 - led_c_ILdph - INFO - ['Licensed Lead Contractors', 'License Number', u'358', u'DVBC Inc.', u'4/23/2014', u'', u'NA', u'Big Rock', u'IL', u'60511', u'', u'NA', u'NA']
2015/03/23 16:57:47 - led_c_ILdph - INFO - ['Licensed Lead Contractors', 'License Number', u'206', u'E & L Siding And Remodeling', u'5/2/2014', u'Cass', u'303 Sangamon Street', u'Beardstown', u'IL', u'62618', u'', u'(217)-323-1792', u'(217)-323-4692']
2015/03/23 16:57:47 - led_c_ILdph - INFO - ['Licensed Lead Contractors', 'License Number', u'124', u'Eason Environmental Services Inc.', u'5/12/2014', u'Cook', u'12056 S. Union Ave.', u'Chicago', u'IL', u'60628', u'', u'(773)-785-2777', u'(773)-785-2764']
2015/03/23 16:57:48 - led_c_ILdph - INFO - ['Licensed Lead Contractors', 'License Number', u'558', u'EB General Contracting', u'5/16/2014', u'Rock Island', u'137 4th Avenue', u'Moline', u'IL', u'61265', u'', u'(309) 757-0080', u'(309) 757-0095']
2015/03/23 16:57:48 - led_c_ILdph - INFO - ['Licensed Lead Contractors', 'License Number', u'71', u'EHC Industries Inc.', u'4/23/2014', u'Lake', u'366 Hollow Hill Rd.', u'Wauconda', u'IL', u'60084', u'', u'(847)-526-9515', u'(847)-526-6899']
2015/03/23 16:57:48 - led_c_ILdph - INFO - ['Licensed Lead Contractors', 'License Number', u'346', u'Enviricon 1 LLC', u'5/8/2013', u'Cook', u'1318 N. Sandburg Ter.', u'Chicago', u'IL', u'60610', u'', u'(312)-371-8698', u'(312)-649-6613']
2015/03/23 16:57:49 - led_c_ILdph - INFO - ['Licensed Lead Contractors', 'License Number', u'236', u'ENVIRONMENTAL AND DEMOLITION CONTRACTORS', u'7/2/2013', u'DUPAGE', u'1 TRANS AM PLAZA DRIVE SUITE 500', u'OAK BROOK TERRACE', u'IL', u'60181', u'', u'(312)-656-3215', u'(630)-257-2849']
2015/03/23 16:57:49 - led_c_ILdph - INFO - ['Licensed Lead Contractors', 'License Number', u'341', u'Environmental Operations Inc.', u'4/7/2014', u'Out of State', u'1530 S. Second St. Ste. #200', u'St. Louis', u'MO', u'63104', u'', u'(314)-241-0900', u'(314)-436-2900']
2015/03/23 16:57:49 - led_c_ILdph - INFO - ['Licensed Lead Contractors', 'License Number', u'424', u'ENVIRONMENTAL REMEDIATION SERVICES LLC', u'1/16/2014', u'Madison', u'10674 SILVER CREEK ROAD', u'NEW DOUGLAS', u'IL', u'62074', u'', u'(618) 781-2906', u'(618) 288-5122']
2015/03/23 16:57:49 - led_c_ILdph - INFO - ['Licensed Lead Contractors', 'License Number', u'510', u'ENVIRONMENTAL SPECIALTY SOLUTIONS INC.', u'5/8/2013', u'COOK', u'P.O. BOX 44', u'STEGER', u'IL', u'60475', u'', u'(708) 475-2616', u'(708) 754-5857']
2015/03/23 16:57:49 - led_c_ILdph - INFO - ['Licensed Lead Contractors', 'License Number', u'24', u'ENVIROPLUS INC.', u'4/7/2014', u'COOK', u'NA', u'SKOKIE', u'IL', u'60076', u'', u'NA', u'NA']
2015/03/23 16:57:49 - led_c_ILdph - INFO - ['Licensed Lead Contractors', 'License Number', u'331', u'Envirotech Inc.', u'4/29/2014', u'Out of State', u'2737 Papin St.', u'St. Louis', u'MO', u'63103', u'', u'(314)-865-1293', u'(314)-865-2782']
2015/03/23 16:57:50 - led_c_ILdph - INFO - ['Licensed Lead Contractors', 'License Number', u'26', u'Era-Valdivia Contractors Inc.', u'5/28/2014', u'Cook', u'11909 S. Avenue O', u'Chicago', u'IL', u'60617', u'5/31/2009', u'(773)-721-9350', u'(773)-721-8027']
2015/03/23 16:57:50 - led_c_ILdph - INFO - ['Licensed Lead Contractors', 'License Number', u'533', u'EXPRESS CONTRACTING', u'10/28/2013', u'ROCK ISLAND', u'928 37TH AVENUE', u'ROCK ISLAND', u'IL', u'61201', u'', u'(309) 788-2821', u'(309) 788-2826']
2015/03/23 16:57:50 - led_c_ILdph - INFO - ['Licensed Lead Contractors', 'License Number', u'456', u'Extended Home Living Services Inc.', u'4/8/2014', u'Cook', u'NA', u'Arlington Heights', u'IL', u'60004', u'', u'NA', u'NA']
2015/03/23 16:57:50 - led_c_ILdph - INFO - ['Licensed Lead Contractors', 'License Number', u'547', u'EXTREME EXTERIOR PROS INC', u'8/28/2013', u'ADAMS', u'2019 MAPLE', u'QUINCY', u'IL', u'62301', u'', u'(217) 779-1512', u'(217) 224-5205']
2015/03/23 16:57:50 - led_c_ILdph - INFO - ['Licensed Lead Contractors', 'License Number', u'241', u'Fore Heating A/C & Electrical', u'5/12/2014', u'Richland', u'NA', u'Olney', u'IL', u'62450', u'', u'NA', u'NA']
2015/03/23 16:57:50 - led_c_ILdph - INFO - ['Licensed Lead Contractors', 'License Number', u'98', u'Freeman Environmental Services Inc.', u'4/8/2014', u'Williamson', u'115 N. Sixteenth St.', u'Herrin', u'IL', u'62948', u'', u'(618)-988-1515', u'(618)-988-6699']
2015/03/23 16:57:51 - led_c_ILdph - INFO - ['Licensed Lead Contractors', 'License Number', u'116', u'Galaxy Environmental Inc.', u'4/16/2014', u'Cook', u'PO BOX 411028', u'CHICAGO', u'IL', u'60641', u'', u'(773)-427-2980', u'(773)-427-2982']
2015/03/23 16:57:51 - led_c_ILdph - INFO - ['Licensed Lead Contractors', 'License Number', u'146', u'Gary Bangert', u'4/16/2014', u'Cook', u'6213 N. Canfield Ave.', u'Chicago', u'IL', u'60631', u'', u'(773)-443-7682', u'(773)-631-2151']
2015/03/23 16:57:51 - led_c_ILdph - INFO - ['Licensed Lead Contractors', 'License Number', u'468', u'GEM Carpentry', u'4/8/2014', u'Coles', u'5197 Lincoln Highway Rd.', u'Charleston', u'IL', u'61920', u'', u'(217) 348-9220', u'(217) 348-9220']
2015/03/23 16:57:51 - led_c_ILdph - INFO - ['Licensed Lead Contractors', 'License Number', u'47', u'General Waste Services Inc.', u'4/7/2014', u'Madison', u'P.O. Box 90 2398 Belle St.', u'Alton', u'IL', u'62002', u'', u'(618)-465-0269', u'(618)-465-1303']
2015/03/23 16:57:51 - led_c_ILdph - INFO - ['Licensed Lead Contractors', 'License Number', u'536', u'Gerke Enterprises Inc.', u'4/15/2014', u'Winnebago', u'3222 New England Drive', u'Rockford', u'IL', u'61109', u'', u'(815) 601-6021', u'']
2015/03/23 16:57:52 - led_c_ILdph - INFO - ['Licensed Lead Contractors', 'License Number', u'207', u'Giacoma Construction', u'4/7/2014', u'Franklin', u'291 Sandburg Rd.', u'W. Frankfort', u'IL', u'62896', u'', u'(618) 988-8498', u'(618)-932-2600']
2015/03/23 16:57:52 - led_c_ILdph - INFO - ['Licensed Lead Contractors', 'License Number', u'414', u'Gibson Custom Homes Inc.', u'5/28/2013', u'Kankakee', u'5624 ANITA AVE', u'ST ANNE', u'IL', u'60964', u'', u'(815) 955-2255', u'']
2015/03/23 16:57:52 - led_c_ILdph - INFO - ['Licensed Lead Contractors', 'License Number', u'551', u'GLASSTEK LLC', u'6/2/2014', u'COOK', u'21200 S LAGRANGE ROAD SUITE 310', u'FRANKFORT', u'IL', u'60423', u'', u'(877) 754-3462', u'(877) 754-3462']
2015/03/23 16:57:53 - led_c_ILdph - INFO - ['Licensed Lead Contractors', 'License Number', u'562', u'Global A Com Inc.', u'3/10/2014', u'Cook', u'NA', u'Schiller Park', u'IL', u'60176', u'', u'NA', u'NA']
2015/03/23 16:57:53 - led_c_ILdph - INFO - ['Licensed Lead Contractors', 'License Number', u'535', u'GO Construction LLC', u'4/16/2014', u'Lake', u'NA', u'Waukegan', u'IL', u'60085', u'', u'NA', u'NA']
2015/03/23 16:57:53 - led_c_ILdph - INFO - ['Licensed Lead Contractors', 'License Number', u'407', u'Good Enviro Inc.', u'5/19/2014', u'Cook', u'NA', u'Oak Lawn', u'IL', u'60453', u'', u'NA', u'NA']
2015/03/23 16:57:53 - led_c_ILdph - INFO - ['Licensed Lead Contractors', 'License Number', u'443', u'Gorafix Inc.', u'5/19/2014', u'DuPage', u'600 County Line Rd. Ste. #1S', u'Bensenville', u'IL', u'60106', u'', u'(630) 694-9494', u'(630) 694-9495']
2015/03/23 16:57:53 - led_c_ILdph - INFO - ['Licensed Lead Contractors', 'License Number', u'165', u'Great Western Abatement Inc.', u'3/31/2014', u'Sangamon', u'1337 Wabash Ave.', u'Springfield', u'IL', u'62704', u'', u'(217)-787-9444', u'(217)-787-9464']
2015/03/23 16:57:53 - led_c_ILdph - INFO - ['Licensed Lead Contractors', 'License Number', u'425', u"Hall's Enterprises", u'5/2/2014', u'Kankakee', u'6712 S. Route 45-52', u'Chebanse', u'IL', u'60922', u'', u'(815) 370-8612', u'(815) 697-2295']
2015/03/23 16:57:54 - led_c_ILdph - INFO - ['Licensed Lead Contractors', 'License Number', u'374', u'Hartman Walsh Painting Company', u'4/24/2014', u'', u'7144 North Market Street', u'St. Louis', u'MO', u'63133', u'', u'(314)-863-1800', u'(314)-863-6964']
2015/03/23 16:57:54 - led_c_ILdph - INFO - ['Licensed Lead Contractors', 'License Number', u'420', u'Have Hammer Will Travel Inc.', u'4/29/2014', u'Kankakee', u'54 Duncan Dr.', u'Bourbonnais', u'IL', u'60914', u'', u'(815) 693-6587', u'']
2015/03/23 16:57:54 - led_c_ILdph - INFO - ['Licensed Lead Contractors', 'License Number', u'393', u'Hernandez Environmental Construction Inc.', u'5/8/2014', u'Cook', u'6115 S. Mozart St.', u'Chicago', u'IL', u'60629', u'', u'(773) 863-0298', u'(773) 863-0312']
2015/03/23 16:57:54 - led_c_ILdph - INFO - ['Licensed Lead Contractors', 'License Number', u'67', u'High Efficiency Professional Abate. Inc.', u'4/7/2014', u'Cook', u'4501 Cortez St.', u'Chicago', u'IL', u'60651', u'', u'(773)-342-7553', u'(773)-342-7540']
2015/03/23 16:57:54 - led_c_ILdph - INFO - ['Licensed Lead Contractors', 'License Number', u'63', u'Holian Asbestos Removal & Encapsulation Corp.', u'4/18/2014', u'Mc Henry', u'NA', u'Spring Grove', u'IL', u'60081', u'', u'NA', u'NA']
2015/03/23 16:57:54 - led_c_ILdph - INFO - ['Licensed Lead Contractors', 'License Number', u'223', u'Hollenback Construction', u'5/27/2014', u'Fulton', u'NA', u'Table Grove', u'IL', u'61482', u'', u'NA', u'NA']
2015/03/23 16:57:55 - led_c_ILdph - INFO - ['Licensed Lead Contractors', 'License Number', u'132', u'Hyde Park Environmental Services Inc.', u'4/7/2014', u'Cook', u'727 S. Dearborn St. #312', u'Chicago', u'IL', u'60605', u'', u'(312)-663-5680', u'(312)-663-9369']
2015/03/23 16:57:55 - led_c_ILdph - INFO - ['Licensed Lead Contractors', 'License Number', u'446', u'Imes Construction Inc.', u'4/10/2014', u'Kewanee', u'705 Pleasant St.', u'Kewanee', u'IL', u'61443', u'', u'(309) 852-0312', u'(309) 852-0312']
2015/03/23 16:57:55 - led_c_ILdph - INFO - ['Licensed Lead Contractors', 'License Number', u'503', u'Innovative Construction Management Services Inc. (ICMS)', u'6/11/2014', u'Madison', u'NA', u'Alton', u'IL', u'62002', u'', u'NA', u'NA']
2015/03/23 16:57:55 - led_c_ILdph - INFO - ['Licensed Lead Contractors', 'License Number', u'544', u'Integrated Environmental Solutions Inc', u'3/27/2013', u'Cook', u'13435 Kolmar Ave', u'Crestwood', u'IL', u'60445', u'', u'(708) 926-9588', u'(708) 926-9251']
2015/03/23 16:57:55 - led_c_ILdph - INFO - ['Licensed Lead Contractors', 'License Number', u'18', u'Iowa-Illinois Taylor Insulation Inc.', u'4/15/2014', u'Out of State', u'P.0. Box 2810', u'Davenport', u'IA', u'52809', u'', u'(563)-391-8100', u'(563)-391-8200']
2015/03/23 16:57:55 - led_c_ILdph - INFO - ['Licensed Lead Contractors', 'License Number', u'426', u'J & A Industrial Painting Co.', u'5/2/2014', u'Cook', u'NA', u'Orland Park', u'IL', u'60462', u'5/31/2009', u'NA', u'NA']
2015/03/23 16:57:56 - led_c_ILdph - INFO - ['Licensed Lead Contractors', 'License Number', u'439', u'J&C Environmental', u'3/27/2014', u'Kane', u'160 South Aldine Avenue', u'Elgin', u'IL', u'60123', u'', u'(847) 531-8370', u'(847) 608-9896']
2015/03/23 16:57:56 - led_c_ILdph - INFO - ['Licensed Lead Contractors', 'License Number', u'352', u'J.L.T. ENVIRONMENTAL INC.', u'5/8/2013', u'COOK', u'10816 S. BEVERLY AVE', u'CHICAGO', u'IL', u'60643', u'', u'(773)-648-1422', u'(773)-298-0911']
2015/03/23 16:57:56 - led_c_ILdph - INFO - ['Licensed Lead Contractors', 'License Number', u'185', u'J.P. General Construction Inc.', u'6/19/2014', u'Cook', u'300 W. Golf Rd. Ste. #207', u'Mt. Prospect', u'IL', u'60056', u'', u'(847)-222-1450', u'(847)-222-1451']
2015/03/23 16:57:57 - led_c_ILdph - INFO - ['Licensed Lead Contractors', 'License Number', u'360', u'J.W. Summy Contracting Corp.', u'4/10/2014', u'Henry', u'700 N. Main St.', u'Kewanee', u'IL', u'61443', u'', u'(309)-525-1744', u'(309)-853-1370']
2015/03/23 16:57:57 - led_c_ILdph - INFO - ['Licensed Lead Contractors', 'License Number', u'280', u'Jesman Construction Inc.', u'5/22/2013', u'Du Page', u'532 Garfield Ave.', u'Aurora', u'IL', u'60506', u'', u'(630)-897-7654', u'(630)-897-7654']
2015/03/23 16:57:57 - led_c_ILdph - INFO - ['Licensed Lead Contractors', 'License Number', u'492', u'JLH ENERGY & ENVIRONMENTAL LLC', u'1/22/2014', u'TAZEWELL', u'15564 LARIMORE DRIVE', u'MACKINAW', u'IL', u'61755', u'', u'(309) 337-5941', u'(309) 359-8059']
2015/03/23 16:57:57 - led_c_ILdph - INFO - ['Licensed Lead Contractors', 'License Number', u'138', u'Johnson Contracting Company Inc.', u'4/18/2014', u'Rock Island', u'NA', u'E. Moline', u'IL', u'61244', u'', u'NA', u'NA']
2015/03/23 16:57:57 - led_c_ILdph - INFO - ['Licensed Lead Contractors', 'License Number', u'557', u"Johnson's Roofing", u'5/2/2014', u'Madison', u'5 Pioneer Trail', u'Glen Carbon', u'IL', u'62034', u'', u'(618) 205-5198', u'(618) 205-5196']
2015/03/23 16:57:57 - led_c_ILdph - INFO - ['Licensed Lead Contractors', 'License Number', u'534', u'K & A Environmental Services Inc.', u'5/7/2014', u'Cook', u'5841 S Fairfield Avenue', u'Chicago', u'IL', u'60629', u'', u'(773) 661-3240', u'(773) 661-3241']
2015/03/23 16:57:58 - led_c_ILdph - INFO - ['Licensed Lead Contractors', 'License Number', u'515', u'Kam Services Inc.', u'4/9/2014', u'Coles', u'2417 Marshall Ave.', u'Mattoon', u'IL', u'61938', u'', u'(217) 235-9537', u'(217) 235-0299']
2015/03/23 16:57:58 - led_c_ILdph - INFO - ['Licensed Lead Contractors', 'License Number', u'216', u'Ken Bowers Construction', u'11/6/2013', u'Franklin', u'NA', u'W. Frankfort', u'IL', u'62896', u'', u'NA', u'NA']
2015/03/23 16:57:58 - led_c_ILdph - INFO - ['Licensed Lead Contractors', 'License Number', u'176', u'Kinsale Contracting Group Inc.', u'4/29/2014', u'Du Page', u'NA', u'Westmont', u'IL', u'60559', u'', u'NA', u'NA']
2015/03/23 16:57:58 - led_c_ILdph - INFO - ['Licensed Lead Contractors', 'License Number', u'130', u'Lake Environmental Inc.', u'5/8/2013', u'Out of State', u'P.O. Box 98', u'W. Alton', u'MO', u'63386', u'', u'(314) 741-4111', u'(314) 741-4471']
2015/03/23 16:57:58 - led_c_ILdph - INFO - ['Licensed Lead Contractors', 'License Number', u'504', u'LANDEROS & SONS CONSTRUCTION INC.', u'4/22/2014', u'ROCK ISLAND', u'1636 19TH AVENUE', u'MOLINE', u'IL', u'61265', u'', u'(309) 912-4850', u'']
2015/03/23 16:57:59 - led_c_ILdph - INFO - ['Licensed Lead Contractors', 'License Number', u'566', u'LEYDEN REMODELING INC', u'4/10/2014', u'COOK', u'1821 N 73RD AVENUE', u'ELMWOOD PARK', u'IL', u'60707', u'', u'(773) 895-9631', u'']
2015/03/23 16:57:59 - led_c_ILdph - INFO - ['Licensed Lead Contractors', 'License Number', u'543', u'Luv It Construction', u'5/22/2014', u'Coles', u'PO Box 1521', u'Mattoon', u'IL', u'61938', u'', u'(217) 962-1200', u'']
2015/03/23 16:57:59 - led_c_ILdph - INFO - ['Licensed Lead Contractors', 'License Number', u'50', u'LVI Environmental Services Inc.', u'4/4/2014', u'Du Page', u'621 E. Wildwood Ave.', u'Villa Park', u'IL', u'60181', u'', u'(630)-758-0202', u'(630)-758-0720']
2015/03/23 16:57:59 - led_c_ILdph - INFO - ['Licensed Lead Contractors', 'License Number', u'200', u'M & O Environmental Company', u'4/10/2014', u'Cook', u'P.O. BOX 759', u'Homewood', u'IL', u'60430', u'', u'(309)-692-6700', u'(309)-692-9812']
2015/03/23 16:57:59 - led_c_ILdph - INFO - ['Licensed Lead Contractors', 'License Number', u'271', u'M.K. Construction', u'4/16/2014', u'Cook', u'3703 S. Fifty-Fourth Ave. Unit. #1', u'Cicero', u'IL', u'60804', u'', u'(708)-656-5913', u'']
2015/03/23 16:57:59 - led_c_ILdph - INFO - ['Licensed Lead Contractors', 'License Number', u'233', u'M.T. Construction', u'4/18/2014', u'White', u'106 Neeley Cir.', u'Carmi', u'IL', u'62821', u'', u'(618) 383-1545', u'(618) 382-7444']
2015/03/23 16:58:00 - led_c_ILdph - INFO - ['Licensed Lead Contractors', 'License Number', u'228', u'MACRO PAINTING & REMODELING', u'4/18/2014', u'COOK', u'NA', u'CHICAGO', u'IL', u'60634', u'', u'NA', u'NA']
2015/03/23 16:58:00 - led_c_ILdph - INFO - ['Licensed Lead Contractors', 'License Number', u'475', u'MARTINI PROPERTIES INC.', u'6/9/2014', u'SAINT CLAIR', u'301 EMILY DRIVE', u"O'FALLON", u'IL', u'62269', u'', u'(618) 616-9168', u'(866) 397-3185']
2015/03/23 16:58:00 - led_c_ILdph - INFO - ['Licensed Lead Contractors', 'License Number', u'415', u'MICHLYN CORPORATION OF PEORIA', u'11/25/2013', u'PEORIA', u'P.O. BOX 5895', u'PEORIA', u'IL', u'61601', u'', u'(309) 303-1561', u'(309) 966-0230']
2015/03/23 16:58:01 - led_c_ILdph - INFO - ['Licensed Lead Contractors', 'License Number', u'366', u'Midland Remodeling', u'4/18/2013', u'Cook', u'16429 Trumbull Ave.', u'Markham', u'IL', u'60428', u'', u'(708) 339-8440', u'(708) 339-6474']
2015/03/23 16:58:01 - led_c_ILdph - INFO - ['Licensed Lead Contractors', 'License Number', u'449', u'Midway Contracting Group LLC', u'4/18/2014', u'Cook', u'7413 Duvan Drive Unit #2A', u'Tinley Park', u'IL', u'60477', u'', u'(708) 259-5769', u'(773) 284-0602']
2015/03/23 16:58:01 - led_c_ILdph - INFO - ['Licensed Lead Contractors', 'License Number', u'120', u'Midwest Asbestos Abatement Corporation', u'4/22/2014', u'Out of State', u'560 Turner Blvd.', u'St. Peters', u'MO', u'63376', u'', u'(636)-926-7800', u'(636)-926-7802']
2015/03/23 16:58:01 - led_c_ILdph - INFO - ['Licensed Lead Contractors', 'License Number', u'490', u'Midwest Construction Services of IL LLC', u'5/12/2014', u'', u'9574 North Industrial Drive', u'St. John', u'IN', u'46373', u'', u'(219) 365-8802', u'(219) 365-8812']
2015/03/23 16:58:01 - led_c_ILdph - INFO - ['Licensed Lead Contractors', 'License Number', u'462', u'Mike Parker Construction', u'4/10/2014', u'McDonough', u'NA', u'Macomb', u'IL', u'61455', u'', u'NA', u'NA']
2015/03/23 16:58:01 - led_c_ILdph - INFO - ['Licensed Lead Contractors', 'License Number', u'538', u'MISSISSIPPI VALLEY CONST', u'4/15/2014', u'ADAMS', u'2219 COLLEGE AVENUE', u'QUINCY', u'IL', u'62301', u'', u'(217) 223-5362', u'(217) 223-5362']
2015/03/23 16:58:02 - led_c_ILdph - INFO - ['Licensed Lead Contractors', 'License Number', u'553', u'MODUS CONSTRUCTION INC', u'9/11/2013', u'COOK', u'4623 N CHESTER SUITE 210', u'CHICAGO', u'IL', u'60656', u'', u'(773) 625-2657', u'(773) 625-2657']
2015/03/23 16:58:02 - led_c_ILdph - INFO - ['Licensed Lead Contractors', 'License Number', u'480', u'Nationwide Environmental & Demo LLC', u'5/19/2014', u'Cook', u'1580 N. Northwest Highway Suite 120', u'Park Ridge', u'IL', u'60018', u'', u'(847) 813-6069', u'(224) 567-8837']
2015/03/23 16:58:02 - led_c_ILdph - INFO - ['Licensed Lead Contractors', 'License Number', u'294', u'NES Inc.', u'4/7/2014', u'Will', u'19015 Jodi Rd. Unit B', u'Mokena', u'IL', u'60448', u'', u'(708)-478-5497', u'(708)-478-5801']
2015/03/23 16:58:02 - led_c_ILdph - INFO - ['Licensed Lead Contractors', 'License Number', u'499', u'OMEGA DEMOLITION CORPORATION', u'4/10/2014', u'COOK', u'31W566 SPAULDING ROAD', u'ELGIN', u'IL', u'60120', u'', u'(630) 837-3000', u'(630) 837-2300']
2015/03/23 16:58:02 - led_c_ILdph - INFO - ['Licensed Lead Contractors', 'License Number', u'140', u'Ostrom Painting & Sandblasting Inc.', u'5/8/2013', u'Rock Island', u'P.O. BOX 4120', u'Rock Island', u'IL', u'61204', u'', u'(309)-788-1933', u'(309)-788-1952']
2015/03/23 16:58:02 - led_c_ILdph - INFO - ['Licensed Lead Contractors', 'License Number', u'58', u'Parliament Builders Inc.', u'4/8/2014', u'Cook', u'4455 South Knox Avenue', u'Chicago', u'IL', u'60632', u'', u'(773)-471-4116', u'(773) 284-7209']
2015/03/23 16:58:03 - led_c_ILdph - INFO - ['Licensed Lead Contractors', 'License Number', u'367', u'Peak Services LLC', u'4/16/2014', u'Out of State', u'NA', u'St. John', u'IN', u'46373', u'', u'NA', u'NA']
2015/03/23 16:58:03 - led_c_ILdph - INFO - ['Licensed Lead Contractors', 'License Number', u'239', u'Pedro N. Valladeres', u'4/16/2014', u'Rock Island', u'2207 Forty-Fourth St.', u'Moline', u'IL', u'61265', u'', u'(309)-292-1278', u'']
2015/03/23 16:58:03 - led_c_ILdph - INFO - ['Licensed Lead Contractors', 'License Number', u'54', u'Peoria Citizens Committee for Economic Opportunity Inc.', u'4/18/2014', u'Peoria', u'NA', u'Peoria', u'IL', u'61605', u'', u'NA', u'NA']
2015/03/23 16:58:03 - led_c_ILdph - INFO - ['Licensed Lead Contractors', 'License Number', u'491', u'Phoenix Construction Company of Illinois Inc.', u'4/7/2014', u'Cook', u'NA', u'Palatine', u'IL', u'60074', u'', u'NA', u'NA']
2015/03/23 16:58:03 - led_c_ILdph - INFO - ['Licensed Lead Contractors', 'License Number', u'493', u'PHOENIX PROPERTIES INC.', u'5/19/2014', u'PEORIA', u'1921 WEST WILLOW KNOLLS ROAD SUITE F', u'PEORIA', u'IL', u'61614', u'', u'(309) 638-4663', u'(309) 683-4665']
2015/03/23 16:58:04 - led_c_ILdph - INFO - ['Licensed Lead Contractors', 'License Number', u'525', u'PRAIRIE HOME CONSTRUCTION INC.', u'4/29/2014', u'MCDONOUGH', u'7998 NORTH 1500 ROAD', u'MACOMB', u'IL', u'61455', u'', u'(309) 333-6584', u'']
2015/03/23 16:58:04 - led_c_ILdph - INFO - ['Licensed Lead Contractors', 'License Number', u'466', u'Pro Lead Inc.', u'5/22/2014', u'Cook', u'2700 E. Ninety-Sixth St.', u'Chicago', u'IL', u'60617', u'', u'(773) 656-8349', u'(773) 978-2674']
2015/03/23 16:58:04 - led_c_ILdph - INFO - ['Licensed Lead Contractors', 'License Number', u'508', u'Quality Assured Industrial Coatings', u'6/12/2014', u'Madison', u'804 Hopp Hollow Drive', u'Alton', u'IL', u'62002', u'', u'(618) 466-0003', u'(618) 466-8232']
2015/03/23 16:58:05 - led_c_ILdph - INFO - ['Licensed Lead Contractors', 'License Number', u'505', u'QUINCY INDUSTRIAL PAINTING CO. INC.', u'4/7/2014', u'ADAMS', u'2000 NORTH 24TH STREET', u'QUINCY', u'IL', u'62301', u'', u'(217) 222-6710', u'(217) 222-6732']
2015/03/23 16:58:05 - led_c_ILdph - INFO - ['Licensed Lead Contractors', 'License Number', u'487', u'QUITTSCHREIBER CONSTRUCTION INC.', u'4/7/2014', u'STEPHENSON', u'1510 SOUTH VAN BROCKLIN ROAD', u'FREEPORT', u'IL', u'61032', u'', u'(815) 541-9290', u'(815) 616-5527']
2015/03/23 16:58:05 - led_c_ILdph - INFO - ['Licensed Lead Contractors', 'License Number', u'552', u'R & B Construction', u'5/19/2014', u'', u'NA', u'West Frankfort', u'IL', u'62896', u'', u'NA', u'NA']
2015/03/23 16:58:05 - led_c_ILdph - INFO - ['Licensed Lead Contractors', 'License Number', u'501', u'REMEDIATION AND MANAGEMENT SERVICES CORPORATION (RAMSCO)', u'5/8/2013', u'Du PAGE', u'902 S. RANDALL RD. STE. C 282', u'ST. CHARLES', u'IL', u'60174', u'', u'(630) 443-5150', u'(630) 443-0266']
2015/03/23 16:58:05 - led_c_ILdph - INFO - ['Licensed Lead Contractors', 'License Number', u'194', u'Robaco Construction', u'5/8/2013', u'MONTGOMERY', u'820 N. Jackson St.', u'Litchfield', u'IL', u'62056', u'', u'(217)-324-6445', u'(217)-324-6445']
2015/03/23 16:58:05 - led_c_ILdph - INFO - ['Licensed Lead Contractors', 'License Number', u'37', u'Robinson Brothers Environmental Inc.', u'4/7/2014', u'OUT OF STATE', u'220 Raemisch Rd.', u'Waunakee', u'WI', u'53597', u'', u'(608)-849-6980', u'(608)-849-6722']
2015/03/23 16:58:06 - led_c_ILdph - INFO - ['Licensed Lead Contractors', 'License Number', u'252', u'Rock Island Integrated Services', u'4/10/2014', u'Rock Island', u'Bldg. #102 Rock Island Arsenal', u'Rock Island', u'IL', u'61299', u'', u'(309)-782-2377', u'(309)-782-2396']
2015/03/23 16:58:06 - led_c_ILdph - INFO - ['Licensed Lead Contractors', 'License Number', u'357', u'Rockford Contractors Inc.', u'4/15/2014', u'Winnebago', u'NA', u'Rockford', u'IL', u'61107', u'', u'NA', u'NA']
2015/03/23 16:58:06 - led_c_ILdph - INFO - ['Licensed Lead Contractors', 'License Number', u'485', u'RON CHRISMAN INC.', u'6/13/2014', u'MACOUPIN', u'NA', u'BUNKER HILL', u'IL', u'62014', u'', u'NA', u'NA']
2015/03/23 16:58:06 - led_c_ILdph - INFO - ['Licensed Lead Contractors', 'License Number', u'465', u"Ronbo's Fine Painting Inc.", u'5/7/2013', u'DuPage', u'P.O. Box 1217', u'Oak Park', u'IL', u'60304', u'', u'(708) 848-0214', u'']
2015/03/23 16:58:06 - led_c_ILdph - INFO - ['Licensed Lead Contractors', 'License Number', u'524', u'SAFE ENVIRONMENTAL CORPORATION', u'4/7/2014', u'OUT OF STATE', u'10030 EXPRESS DRIVE SUITE A&B', u'HIGHLAND', u'IN', u'46322', u'', u'(219) 922-0844', u'(217) 922-0850']
2015/03/23 16:58:06 - led_c_ILdph - INFO - ['Licensed Lead Contractors', 'License Number', u'270', u'Sanchez Environmental Inc.', u'4/16/2014', u'Cook', u'1919 N. Kedzie Ave.', u'Chicago', u'IL', u'60647', u'', u'(773)-227-3998', u'']
2015/03/23 16:58:07 - led_c_ILdph - INFO - ['Licensed Lead Contractors', 'License Number', u'177', u'Scheffel Builders Inc.', u'4/10/2014', u'Madison', u'5667 Old Alton-Edwardsville Rd.', u'Edwardsville', u'IL', u'62025', u'', u'(618)-656-1818', u'(618)-656-7245']
2015/03/23 16:58:07 - led_c_ILdph - INFO - ['Licensed Lead Contractors', 'License Number', u'315', u'Schemel-Tarrillion Inc.', u'4/24/2014', u'OUT OF STATE', u'3966 Perry Country Road 806', u'Perryville', u'MO', u'63775', u'', u'(573)-547-2558', u'(573)-547-1303']
2015/03/23 16:58:07 - led_c_ILdph - INFO - ['Licensed Lead Contractors', 'License Number', u'136', u'Shawn Brown Enterprises Inc.', u'4/15/2014', u'Cook', u'1401 E. Seventy-Nineth St.', u'Chicago', u'IL', u'60619', u'', u'(773)-221-7221', u'(773)-221-7272']
2015/03/23 16:58:07 - led_c_ILdph - INFO - ['Licensed Lead Contractors', 'License Number', u'193', u'SHERMAN CONSTRUCTION', u'4/15/2014', u'MACOUPIN', u'510 FULTON STREET', u'GILLESPIE', u'IL', u'62033', u'', u'(217)-839-2404', u'(217)-839-2404']
2015/03/23 16:58:07 - led_c_ILdph - INFO - ['Licensed Lead Contractors', 'License Number', u'542', u'Simply Environmental', u'7/9/2014', u'Cook', u'16326 Park', u'Markham', u'IL', u'60428', u'', u'(708) 913-8039', u'']
2015/03/23 16:58:08 - led_c_ILdph - INFO - ['Licensed Lead Contractors', 'License Number', u'183', u'Spray Services Inc.', u'4/16/2014', u'OUT OF STATE', u'20 Chamber Dr.', u'Washington', u'MO', u'63090', u'', u'(636)-239-0404', u'(636)-239-1139']
2015/03/23 16:58:08 - led_c_ILdph - INFO - ['Licensed Lead Contractors', 'License Number', u'550', u'SPS Enviro', u'5/19/2014', u'Cook', u'3128 S 61st. Avenue', u'Cicero', u'IL', u'60804', u'', u'(708) 656-0208', u'']
2015/03/23 16:58:08 - led_c_ILdph - INFO - ['Licensed Lead Contractors', 'License Number', u'215', u'SQ Carpentry Inc.', u'5/27/2014', u'Saline', u'207 E. Church St P.O. Box 291', u'Harrisburg', u'IL', u'62946', u'', u'(618)-252-8025', u'(618)-252-4442']
2015/03/23 16:58:08 - led_c_ILdph - INFO - ['Licensed Lead Contractors', 'License Number', u'151', u'SRS Construction Inc.', u'4/16/2014', u'Winnebago', u'104 Countryside Dr.', u'Rockton', u'IL', u'61072', u'', u'(815) 742-6820', u'(815) 624-4010']
2015/03/23 16:58:09 - led_c_ILdph - INFO - ['Licensed Lead Contractors', 'License Number', u'513', u"STENE'S CONTRACTORS", u'5/28/2014', u'STEPHENSON', u'585 NORTH HENDERSON ROAD', u'FREEPORT', u'IL', u'61032', u'', u'(815) 235-1771', u'']
2015/03/23 16:58:09 - led_c_ILdph - INFO - ['Licensed Lead Contractors', 'License Number', u'560', u'Swift & Swift LLC', u'3/4/2014', u'', u'1903 Walling Ct.', u'Davenport', u'IA', u'52803', u'', u'(563) 505-0661', u'']
2015/03/23 16:58:09 - led_c_ILdph - INFO - ['Licensed Lead Contractors', 'License Number', u'478', u'TALBERT INDUSTRIAL COMMERCIAL SERVICES INC.', u'4/7/2014', u'OUT OF STATE', u'P.O BOX 287', u'ST. LOUIS', u'MO', u'63006', u'', u'(314) 681-5317', u'(314) 770-9244']
2015/03/23 16:58:09 - led_c_ILdph - INFO - ['Licensed Lead Contractors', 'License Number', u'287', u'Taylor Made Carpentry', u'5/12/2014', u'Boone', u'9790 Coon Trail Rd.', u'Capron', u'IL', u'61012', u'', u'(815)-737-8877', u'(815)-737-8877']
2015/03/23 16:58:09 - led_c_ILdph - INFO - ['Licensed Lead Contractors', 'License Number', u'29', u'Tecnica Environmental Services Inc.', u'4/23/2014', u'Cook', u'16W066 JEANS ROAD', u'LEMONT', u'IL', u'60439', u'', u'(312)-243-0077', u'(312)-243-0046']
2015/03/23 16:58:09 - led_c_ILdph - INFO - ['Licensed Lead Contractors', 'License Number', u'25', u'The Luse Companies', u'4/7/2014', u'Du Page', u'3990 Enterprise Ct.', u'Aurora', u'IL', u'60504', u'', u'(630)-862-2600', u'(630)-862-2673']
2015/03/23 16:58:10 - led_c_ILdph - INFO - ['Licensed Lead Contractors', 'License Number', u'70', u'Thornburgh Abatement Inc.', u'4/15/2014', u'Out of State', u'6280 Knox Industrial Dr.', u'St. Louis', u'MO', u'63139', u'', u'(314)-644-5323', u'(314)-644-5320']
2015/03/23 16:58:10 - led_c_ILdph - INFO - ['Licensed Lead Contractors', 'License Number', u'330', u'Tropical Environmental Inc.', u'4/7/2014', u'Mc Henry', u'1350 Chase Street', u'Algonquin', u'IL', u'60102', u'', u'(847) 658-2900', u'']
2015/03/23 16:58:10 - led_c_ILdph - INFO - ['Licensed Lead Contractors', 'License Number', u'156', u'Turner-Bailey Inc.', u'4/24/2014', u'Madison', u'411 Broadway Ave.', u'S. Roxana', u'IL', u'62087', u'', u'(618)-251-9510', u'(618)-251-9512']
2015/03/23 16:58:10 - led_c_ILdph - INFO - ['Licensed Lead Contractors', 'License Number', u'436', u'U.S. Environmental Solutions LLC', u'3/25/2014', u'Out of State', u'23 Town and Country Drive', u'Washington', u'MO', u'63090', u'', u'(636) 390-0683', u'(636) 390-0685']
2015/03/23 16:58:10 - led_c_ILdph - INFO - ['Licensed Lead Contractors', 'License Number', u'31', u'United Thermal Industries Inc.', u'5/19/2014', u'Williamson', u'NA', u'Marion', u'IL', u'62959', u'', u'NA', u'NA']
2015/03/23 16:58:11 - led_c_ILdph - INFO - ['Licensed Lead Contractors', 'License Number', u'5', u'UNIVERSAL ASBESTOS REMOVAL INC.', u'5/19/2014', u'DUPAGE', u'1385 101ST. STREET. STE. D', u'LEMONT', u'IL', u'60439', u'', u'(630)-972-1030', u'(630)-972-1065']
2015/03/23 16:58:11 - led_c_ILdph - INFO - ['Licensed Lead Contractors', 'License Number', u'516', u'UNIVERSITY OF ILLINOIS FACILITIES & SERVICES', u'5/9/2013', u'CHAMPAIGN', u'NA', u'CHAMPAIGN', u'IL', u'61820', u'', u'NA', u'NA']
2015/03/23 16:58:11 - led_c_ILdph - INFO - ['Licensed Lead Contractors', 'License Number', u'135', u'Valor Technologies Inc.', u'4/7/2014', u'Will', u'3 Northpoint Ct.', u'Bolingbrook', u'IL', u'60440', u'', u'(630)-679-9800', u'(630)-679-9809']
2015/03/23 16:58:11 - led_c_ILdph - INFO - ['Licensed Lead Contractors', 'License Number', u'410', u'Value Remodeling Inc.', u'5/27/2014', u'Lake', u'1580 Minthaven Rd.', u'Lake Forest', u'IL', u'60045', u'', u'(708) 296-5105', u'(847) 615-1985']
2015/03/23 16:58:11 - led_c_ILdph - INFO - ['Licensed Lead Contractors', 'License Number', u'175', u'Vance Improvements Corp.', u'5/15/2014', u'St. Clair', u'5919 Saxtown Road', u'Millstadt', u'IL', u'62260', u'', u'(618)-781-6965', u'(618)-286-4013']
2015/03/23 16:58:12 - led_c_ILdph - INFO - ['Licensed Lead Contractors', 'License Number', u'548', u'VISION PAINTING & DECORATING SERVICES INC', u'4/29/2014', u'COOK', u'NA', u'CHICAGO', u'IL', u'60628', u'', u'NA', u'NA']
2015/03/23 16:58:12 - led_c_ILdph - INFO - ['Licensed Lead Contractors', 'License Number', u'100', u'Wellington Environmental Consulting & Construction Inc.', u'4/16/2014', u'', u'607 Hanley Industrial Ct.', u'St. Louis', u'MO', u'63144', u'', u'(314)-644-4930', u'(314)-644-6744']
2015/03/23 16:58:12 - led_c_ILdph - INFO - ['Licensed Lead Contractors', 'License Number', u'537', u'Wilmette Environmental LLC', u'4/22/2014', u'Cook', u'NA', u'Wilmette', u'IL', u'60091', u'', u'NA', u'NA']
2015/03/23 16:58:12 - led_c_ILdph - INFO - ['Licensed Lead Contractors', 'License Number', u'483', u'WILVAR ENTERPRISES INC.', u'5/8/2013', u'LEE', u'NA', u'DIXON', u'IL', u'61021', u'', u'NA', u'NA']
2015/03/23 16:58:13 - led_c_ILdph - INFO - complete
