2015/04/02 12:21:10 - ele-gen.res-plu_c_AK.ANcde - INFO -  -  -  -  -  -  -  -  -  -  -  -  -  -  -  -  -  -  -  -  -  -  -  -  -  -  -  -  -  -  - 
2015/04/02 12:21:14 - ele-gen.res-plu_c_AK.ANcde - INFO - complete
2015/04/02 12:22:29 - ele-gen.res-plu_c_AK.ANcde - INFO -  -  -  -  -  -  -  -  -  -  -  -  -  -  -  -  -  -  -  -  -  -  -  -  -  -  -  -  -  -  - 
2015/04/02 12:22:32 - ele-gen.res-plu_c_AK.ANcde - INFO - complete
2015/04/02 12:24:32 - ele-gen.res-plu_c_AK.ANcde - INFO -  -  -  -  -  -  -  -  -  -  -  -  -  -  -  -  -  -  -  -  -  -  -  -  -  -  -  -  -  -  - 
2015/04/02 12:24:35 - ele-gen.res-plu_c_AK.ANcde - INFO - complete
2015/04/02 12:24:51 - ele-gen.res-plu_c_AK.ANcde - INFO -  -  -  -  -  -  -  -  -  -  -  -  -  -  -  -  -  -  -  -  -  -  -  -  -  -  -  -  -  -  - 
2015/04/02 12:25:13 - ele-gen.res-plu_c_AK.ANcde - INFO -  -  -  -  -  -  -  -  -  -  -  -  -  -  -  -  -  -  -  -  -  -  -  -  -  -  -  -  -  -  - 
2015/04/02 12:25:29 - ele-gen.res-plu_c_AK.ANcde - INFO - complete
2015/04/02 12:30:57 - ele-gen.res-plu_c_AK.ANcde - INFO -  -  -  -  -  -  -  -  -  -  -  -  -  -  -  -  -  -  -  -  -  -  -  -  -  -  -  -  -  -  - 
2015/04/02 12:31:17 - ele-gen.res-plu_c_AK.ANcde - CRITICAL - local variable 'l' referenced before assignment
2015/04/02 12:32:58 - ele-gen.res-plu_c_AK.ANcde - INFO -  -  -  -  -  -  -  -  -  -  -  -  -  -  -  -  -  -  -  -  -  -  -  -  -  -  -  -  -  -  - 
2015/04/02 12:33:18 - ele-gen.res-plu_c_AK.ANcde - DEBUG - 39
2015/04/02 12:35:00 - ele-gen.res-plu_c_AK.ANcde - INFO -  -  -  -  -  -  -  -  -  -  -  -  -  -  -  -  -  -  -  -  -  -  -  -  -  -  -  -  -  -  - 
2015/04/02 12:35:19 - ele-gen.res-plu_c_AK.ANcde - CRITICAL - local variable 'l' referenced before assignment
2015/04/02 12:35:43 - ele-gen.res-plu_c_AK.ANcde - INFO -  -  -  -  -  -  -  -  -  -  -  -  -  -  -  -  -  -  -  -  -  -  -  -  -  -  -  -  -  -  - 
2015/04/02 12:36:01 - ele-gen.res-plu_c_AK.ANcde - INFO - complete
2015/04/02 12:38:25 - ele-gen.res-plu_c_AK.ANcde - INFO -  -  -  -  -  -  -  -  -  -  -  -  -  -  -  -  -  -  -  -  -  -  -  -  -  -  -  -  -  -  - 
2015/04/02 12:38:43 - ele-gen.res-plu_c_AK.ANcde - CRITICAL - 'int' object has no attribute 'info'
2015/04/02 12:39:26 - ele-gen.res-plu_c_AK.ANcde - INFO -  -  -  -  -  -  -  -  -  -  -  -  -  -  -  -  -  -  -  -  -  -  -  -  -  -  -  -  -  -  - 
2015/04/02 12:39:35 - ele-gen.res-plu_c_AK.ANcde - INFO - complete
2015/04/02 12:41:49 - ele-gen.res-plu_c_AK.ANcde - INFO -  -  -  -  -  -  -  -  -  -  -  -  -  -  -  -  -  -  -  -  -  -  -  -  -  -  -  -  -  -  - 
2015/04/02 12:41:57 - ele-gen.res-plu_c_AK.ANcde - DEBUG - got here
2015/04/02 12:41:57 - ele-gen.res-plu_c_AK.ANcde - DEBUG - and here
2015/04/02 12:41:57 - ele-gen.res-plu_c_AK.ANcde - DEBUG - got here
2015/04/02 12:41:57 - ele-gen.res-plu_c_AK.ANcde - DEBUG - and here
2015/04/02 12:41:57 - ele-gen.res-plu_c_AK.ANcde - INFO - complete
2015/04/02 12:43:26 - ele-gen.res-plu_c_AK.ANcde - INFO -  -  -  -  -  -  -  -  -  -  -  -  -  -  -  -  -  -  -  -  -  -  -  -  -  -  -  -  -  -  - 
2015/04/02 12:43:34 - ele-gen.res-plu_c_AK.ANcde - DEBUG - [u'\n']
2015/04/02 12:43:34 - ele-gen.res-plu_c_AK.ANcde - DEBUG - [u'\n']
2015/04/02 12:43:34 - ele-gen.res-plu_c_AK.ANcde - DEBUG - [u'\n']
2015/04/02 12:43:34 - ele-gen.res-plu_c_AK.ANcde - DEBUG - [u'\n']
2015/04/02 12:43:34 - ele-gen.res-plu_c_AK.ANcde - INFO - complete
2015/04/02 12:49:06 - ele-gen.res-plu_c_AK.ANcde - INFO -  -  -  -  -  -  -  -  -  -  -  -  -  -  -  -  -  -  -  -  -  -  -  -  -  -  -  -  -  -  - 
2015/04/02 12:49:14 - ele-gen.res-plu_c_AK.ANcde - DEBUG - 2
2015/04/02 12:49:14 - ele-gen.res-plu_c_AK.ANcde - DEBUG - [u'\n']
2015/04/02 12:49:14 - ele-gen.res-plu_c_AK.ANcde - DEBUG - [u'\n']
2015/04/02 12:49:14 - ele-gen.res-plu_c_AK.ANcde - DEBUG - [u'\n']
2015/04/02 12:49:14 - ele-gen.res-plu_c_AK.ANcde - DEBUG - [u'\n']
2015/04/02 12:49:14 - ele-gen.res-plu_c_AK.ANcde - INFO - complete
2015/04/02 12:50:17 - ele-gen.res-plu_c_AK.ANcde - INFO -  -  -  -  -  -  -  -  -  -  -  -  -  -  -  -  -  -  -  -  -  -  -  -  -  -  -  -  -  -  - 
2015/04/02 12:50:25 - ele-gen.res-plu_c_AK.ANcde - DEBUG - 0
2015/04/02 12:50:25 - ele-gen.res-plu_c_AK.ANcde - INFO - complete
2015/04/02 12:51:14 - ele-gen.res-plu_c_AK.ANcde - INFO -  -  -  -  -  -  -  -  -  -  -  -  -  -  -  -  -  -  -  -  -  -  -  -  -  -  -  -  -  -  - 
2015/04/02 12:51:23 - ele-gen.res-plu_c_AK.ANcde - DEBUG - 10
2015/04/02 12:51:23 - ele-gen.res-plu_c_AK.ANcde - INFO - ['License Number', '1', u'\n\n\n\n\n\n\n\n\n', '', u'\n', u'\n\n\n\n\n\n\n\n\n', u'\n', u'\n', u'\n']
2015/04/02 12:51:23 - ele-gen.res-plu_c_AK.ANcde - INFO - complete
2015/04/02 12:51:53 - ele-gen.res-plu_c_AK.ANcde - INFO -  -  -  -  -  -  -  -  -  -  -  -  -  -  -  -  -  -  -  -  -  -  -  -  -  -  -  -  -  -  - 
2015/04/02 12:52:01 - ele-gen.res-plu_c_AK.ANcde - DEBUG - 10
2015/04/02 12:52:01 - ele-gen.res-plu_c_AK.ANcde - INFO - complete
2015/04/02 12:53:08 - ele-gen.res-plu_c_AK.ANcde - INFO -  -  -  -  -  -  -  -  -  -  -  -  -  -  -  -  -  -  -  -  -  -  -  -  -  -  -  -  -  -  - 
2015/04/02 12:53:16 - ele-gen.res-plu_c_AK.ANcde - DEBUG - 10
2015/04/02 12:53:16 - ele-gen.res-plu_c_AK.ANcde - DEBUG - 3
2015/04/02 12:53:16 - ele-gen.res-plu_c_AK.ANcde - DEBUG - 1
2015/04/02 12:53:16 - ele-gen.res-plu_c_AK.ANcde - DEBUG - 1
2015/04/02 12:53:16 - ele-gen.res-plu_c_AK.ANcde - DEBUG - 4
2015/04/02 12:53:16 - ele-gen.res-plu_c_AK.ANcde - DEBUG - 8
2015/04/02 12:53:16 - ele-gen.res-plu_c_AK.ANcde - DEBUG - 3
2015/04/02 12:53:16 - ele-gen.res-plu_c_AK.ANcde - DEBUG - 1
2015/04/02 12:53:16 - ele-gen.res-plu_c_AK.ANcde - DEBUG - 3
2015/04/02 12:53:16 - ele-gen.res-plu_c_AK.ANcde - DEBUG - 1
2015/04/02 12:53:16 - ele-gen.res-plu_c_AK.ANcde - DEBUG - 2
2015/04/02 12:53:16 - ele-gen.res-plu_c_AK.ANcde - INFO - complete
2015/04/02 12:54:14 - ele-gen.res-plu_c_AK.ANcde - INFO -  -  -  -  -  -  -  -  -  -  -  -  -  -  -  -  -  -  -  -  -  -  -  -  -  -  -  -  -  -  - 
2015/04/02 12:54:22 - ele-gen.res-plu_c_AK.ANcde - DEBUG - 0
2015/04/02 12:54:22 - ele-gen.res-plu_c_AK.ANcde - CRITICAL - list index out of range
2015/04/02 12:55:02 - ele-gen.res-plu_c_AK.ANcde - INFO -  -  -  -  -  -  -  -  -  -  -  -  -  -  -  -  -  -  -  -  -  -  -  -  -  -  -  -  -  -  - 
2015/04/02 12:55:10 - ele-gen.res-plu_c_AK.ANcde - CRITICAL - 'NoneType' object has no attribute 'find_all'
2015/04/02 12:56:43 - ele-gen.res-plu_c_AK.ANcde - INFO -  -  -  -  -  -  -  -  -  -  -  -  -  -  -  -  -  -  -  -  -  -  -  -  -  -  -  -  -  -  - 
2015/04/02 12:56:56 - ele-gen.res-plu_c_AK.ANcde - CRITICAL - list index out of range
2015/04/02 12:57:36 - ele-gen.res-plu_c_AK.ANcde - INFO -  -  -  -  -  -  -  -  -  -  -  -  -  -  -  -  -  -  -  -  -  -  -  -  -  -  -  -  -  -  - 
2015/04/02 12:57:50 - ele-gen.res-plu_c_AK.ANcde - CRITICAL - list index out of range
2015/04/02 12:58:47 - ele-gen.res-plu_c_AK.ANcde - INFO -  -  -  -  -  -  -  -  -  -  -  -  -  -  -  -  -  -  -  -  -  -  -  -  -  -  -  -  -  -  - 
2015/04/02 12:59:01 - ele-gen.res-plu_c_AK.ANcde - DEBUG - 0
2015/04/02 12:59:01 - ele-gen.res-plu_c_AK.ANcde - CRITICAL - list index out of range
2015/04/02 12:59:34 - ele-gen.res-plu_c_AK.ANcde - INFO -  -  -  -  -  -  -  -  -  -  -  -  -  -  -  -  -  -  -  -  -  -  -  -  -  -  -  -  -  -  - 
2015/04/02 12:59:47 - ele-gen.res-plu_c_AK.ANcde - DEBUG - 0
2015/04/02 12:59:47 - ele-gen.res-plu_c_AK.ANcde - CRITICAL - list index out of range
2015/04/02 13:47:38 - ele-gen.res-plu_c_AK.ANcde - INFO -  -  -  -  -  -  -  -  -  -  -  -  -  -  -  -  -  -  -  -  -  -  -  -  -  -  -  -  -  -  - 
2015/04/02 13:47:50 - ele-gen.res-plu_c_AK.ANcde - DEBUG - 10
2015/04/02 13:47:50 - ele-gen.res-plu_c_AK.ANcde - DEBUG - got here
2015/04/02 13:47:50 - ele-gen.res-plu_c_AK.ANcde - DEBUG - writing
2015/04/02 13:47:50 - ele-gen.res-plu_c_AK.ANcde - INFO - ['License Number', '1', u'\n\n\n\n\n\n\n\n\n', '', u'\n', u'\n\n\n\n\n\n\n\n\n', u'\n', u'\n', u'\n']
2015/04/02 13:47:50 - ele-gen.res-plu_c_AK.ANcde - DEBUG - got here
2015/04/02 13:47:50 - ele-gen.res-plu_c_AK.ANcde - DEBUG - got here
2015/04/02 13:47:50 - ele-gen.res-plu_c_AK.ANcde - INFO - complete
2015/04/02 13:48:54 - ele-gen.res-plu_c_AK.ANcde - INFO -  -  -  -  -  -  -  -  -  -  -  -  -  -  -  -  -  -  -  -  -  -  -  -  -  -  -  -  -  -  - 
2015/04/02 13:49:07 - ele-gen.res-plu_c_AK.ANcde - DEBUG - 10
2015/04/02 13:49:07 - ele-gen.res-plu_c_AK.ANcde - DEBUG - got here
2015/04/02 13:49:07 - ele-gen.res-plu_c_AK.ANcde - DEBUG - writing
2015/04/02 13:49:07 - ele-gen.res-plu_c_AK.ANcde - INFO - ['License Number', '1', u'\n\n\n\n\n\n\n\n\n', '', u'\n', u'\n\n\n\n\n\n\n\n\n', u'\n', u'\n', u'\n']
2015/04/02 13:49:07 - ele-gen.res-plu_c_AK.ANcde - DEBUG - got here
2015/04/02 13:49:07 - ele-gen.res-plu_c_AK.ANcde - DEBUG - got here
2015/04/02 13:49:07 - ele-gen.res-plu_c_AK.ANcde - INFO - complete
2015/04/02 13:49:58 - ele-gen.res-plu_c_AK.ANcde - INFO -  -  -  -  -  -  -  -  -  -  -  -  -  -  -  -  -  -  -  -  -  -  -  -  -  -  -  -  -  -  - 
2015/04/02 13:50:11 - ele-gen.res-plu_c_AK.ANcde - DEBUG - 10
2015/04/02 13:50:11 - ele-gen.res-plu_c_AK.ANcde - DEBUG - got here
2015/04/02 13:50:11 - ele-gen.res-plu_c_AK.ANcde - DEBUG - writing
2015/04/02 13:50:11 - ele-gen.res-plu_c_AK.ANcde - INFO - ['License Number', '1', u'\n\n\n\n\n\n\n\n\n', '', u'\n', u'\n\n\n\n\n\n\n\n\n', u'\n', u'\n', u'\n']
2015/04/02 13:50:11 - ele-gen.res-plu_c_AK.ANcde - DEBUG - got here
2015/04/02 13:50:11 - ele-gen.res-plu_c_AK.ANcde - DEBUG - got here
2015/04/02 13:50:11 - ele-gen.res-plu_c_AK.ANcde - INFO - complete
2015/04/02 13:50:47 - ele-gen.res-plu_c_AK.ANcde - INFO -  -  -  -  -  -  -  -  -  -  -  -  -  -  -  -  -  -  -  -  -  -  -  -  -  -  -  -  -  -  - 
2015/04/02 13:51:01 - ele-gen.res-plu_c_AK.ANcde - DEBUG - 10
2015/04/02 13:51:01 - ele-gen.res-plu_c_AK.ANcde - DEBUG - got here
2015/04/02 13:51:01 - ele-gen.res-plu_c_AK.ANcde - DEBUG - writing
2015/04/02 13:51:01 - ele-gen.res-plu_c_AK.ANcde - INFO - ['License Number', '1', u'\n\n\n\n\n\n\n\n\n', '', u'\n', u'\n\n\n\n\n\n\n\n\n', u'\n', u'\n', u'\n']
2015/04/02 13:51:01 - ele-gen.res-plu_c_AK.ANcde - DEBUG - got here
2015/04/02 13:51:01 - ele-gen.res-plu_c_AK.ANcde - DEBUG - got here
2015/04/02 13:51:01 - ele-gen.res-plu_c_AK.ANcde - INFO - complete
2015/04/02 13:51:47 - ele-gen.res-plu_c_AK.ANcde - INFO -  -  -  -  -  -  -  -  -  -  -  -  -  -  -  -  -  -  -  -  -  -  -  -  -  -  -  -  -  -  - 
2015/04/02 13:52:00 - ele-gen.res-plu_c_AK.ANcde - DEBUG - got here
2015/04/02 13:52:00 - ele-gen.res-plu_c_AK.ANcde - INFO - complete
2015/04/02 13:52:28 - ele-gen.res-plu_c_AK.ANcde - INFO -  -  -  -  -  -  -  -  -  -  -  -  -  -  -  -  -  -  -  -  -  -  -  -  -  -  -  -  -  -  - 
2015/04/02 13:52:41 - ele-gen.res-plu_c_AK.ANcde - DEBUG - 

2015/04/02 13:52:41 - ele-gen.res-plu_c_AK.ANcde - INFO - complete
2015/04/02 13:58:08 - ele-gen.res-plu_c_AK.ANcde - INFO -  -  -  -  -  -  -  -  -  -  -  -  -  -  -  -  -  -  -  -  -  -  -  -  -  -  -  -  -  -  - 
2015/04/02 13:58:22 - ele-gen.res-plu_c_AK.ANcde - DEBUG - 10
2015/04/02 13:58:22 - ele-gen.res-plu_c_AK.ANcde - DEBUG - got here
2015/04/02 13:58:22 - ele-gen.res-plu_c_AK.ANcde - INFO - complete
2015/04/02 13:58:49 - ele-gen.res-plu_c_AK.ANcde - INFO -  -  -  -  -  -  -  -  -  -  -  -  -  -  -  -  -  -  -  -  -  -  -  -  -  -  -  -  -  -  - 
2015/04/02 13:59:02 - ele-gen.res-plu_c_AK.ANcde - DEBUG - got here
2015/04/02 13:59:02 - ele-gen.res-plu_c_AK.ANcde - DEBUG - got here
2015/04/02 13:59:02 - ele-gen.res-plu_c_AK.ANcde - INFO - complete
2015/04/02 13:59:40 - ele-gen.res-plu_c_AK.ANcde - INFO -  -  -  -  -  -  -  -  -  -  -  -  -  -  -  -  -  -  -  -  -  -  -  -  -  -  -  -  -  -  - 
2015/04/02 13:59:53 - ele-gen.res-plu_c_AK.ANcde - DEBUG - got here
2015/04/02 13:59:53 - ele-gen.res-plu_c_AK.ANcde - DEBUG - [u'\n']
2015/04/02 13:59:53 - ele-gen.res-plu_c_AK.ANcde - DEBUG - got here
2015/04/02 13:59:53 - ele-gen.res-plu_c_AK.ANcde - DEBUG - [u'\n']
2015/04/02 13:59:53 - ele-gen.res-plu_c_AK.ANcde - INFO - complete
2015/04/02 14:06:28 - ele-gen.res-plu_c_AK.ANcde - INFO -  -  -  -  -  -  -  -  -  -  -  -  -  -  -  -  -  -  -  -  -  -  -  -  -  -  -  -  -  -  - 
2015/04/02 14:06:41 - ele-gen.res-plu_c_AK.ANcde - CRITICAL - 'NavigableString' object has no attribute 'find_all'
2015/04/02 14:07:05 - ele-gen.res-plu_c_AK.ANcde - INFO -  -  -  -  -  -  -  -  -  -  -  -  -  -  -  -  -  -  -  -  -  -  -  -  -  -  -  -  -  -  - 
2015/04/02 14:07:17 - ele-gen.res-plu_c_AK.ANcde - DEBUG - 10
2015/04/02 14:07:17 - ele-gen.res-plu_c_AK.ANcde - CRITICAL - 'NavigableString' object has no attribute 'find_all'
2015/04/02 14:09:53 - ele-gen.res-plu_c_AK.ANcde - INFO -  -  -  -  -  -  -  -  -  -  -  -  -  -  -  -  -  -  -  -  -  -  -  -  -  -  -  -  -  -  - 
2015/04/02 14:10:06 - ele-gen.res-plu_c_AK.ANcde - DEBUG - 10
2015/04/02 14:10:06 - ele-gen.res-plu_c_AK.ANcde - CRITICAL - 'NoneType' object has no attribute 'find_all'
2015/04/02 14:11:09 - ele-gen.res-plu_c_AK.ANcde - INFO -  -  -  -  -  -  -  -  -  -  -  -  -  -  -  -  -  -  -  -  -  -  -  -  -  -  -  -  -  -  - 
2015/04/02 14:11:22 - ele-gen.res-plu_c_AK.ANcde - DEBUG - 10
2015/04/02 14:11:22 - ele-gen.res-plu_c_AK.ANcde - CRITICAL - 'NoneType' object has no attribute 'find_all'
2015/04/02 14:14:49 - ele-gen.res-plu_c_AK.ANcde - INFO -  -  -  -  -  -  -  -  -  -  -  -  -  -  -  -  -  -  -  -  -  -  -  -  -  -  -  -  -  -  - 
2015/04/02 14:15:03 - ele-gen.res-plu_c_AK.ANcde - DEBUG - 10
2015/04/02 14:15:03 - ele-gen.res-plu_c_AK.ANcde - CRITICAL - list index out of range
2015/04/02 14:15:06 - ele-gen.res-plu_c_AK.ANcde - INFO -  -  -  -  -  -  -  -  -  -  -  -  -  -  -  -  -  -  -  -  -  -  -  -  -  -  -  -  -  -  - 
2015/04/02 14:15:19 - ele-gen.res-plu_c_AK.ANcde - DEBUG - 10
2015/04/02 14:15:19 - ele-gen.res-plu_c_AK.ANcde - CRITICAL - list index out of range
2015/04/02 14:15:50 - ele-gen.res-plu_c_AK.ANcde - INFO -  -  -  -  -  -  -  -  -  -  -  -  -  -  -  -  -  -  -  -  -  -  -  -  -  -  -  -  -  -  - 
2015/04/02 14:16:03 - ele-gen.res-plu_c_AK.ANcde - DEBUG - 10
2015/04/02 14:16:03 - ele-gen.res-plu_c_AK.ANcde - DEBUG - no fail yet
2015/04/02 14:16:03 - ele-gen.res-plu_c_AK.ANcde - DEBUG - got here
2015/04/02 14:16:03 - ele-gen.res-plu_c_AK.ANcde - CRITICAL - list index out of range
2015/04/02 14:16:23 - ele-gen.res-plu_c_AK.ANcde - INFO -  -  -  -  -  -  -  -  -  -  -  -  -  -  -  -  -  -  -  -  -  -  -  -  -  -  -  -  -  -  - 
2015/04/02 14:16:36 - ele-gen.res-plu_c_AK.ANcde - DEBUG - 10
2015/04/02 14:16:36 - ele-gen.res-plu_c_AK.ANcde - DEBUG - got here
2015/04/02 14:16:36 - ele-gen.res-plu_c_AK.ANcde - DEBUG - 3
2015/04/02 14:16:36 - ele-gen.res-plu_c_AK.ANcde - CRITICAL - list index out of range
2015/04/02 14:17:37 - ele-gen.res-plu_c_AK.ANcde - INFO -  -  -  -  -  -  -  -  -  -  -  -  -  -  -  -  -  -  -  -  -  -  -  -  -  -  -  -  -  -  - 
2015/04/02 14:17:50 - ele-gen.res-plu_c_AK.ANcde - DEBUG - 10
2015/04/02 14:17:50 - ele-gen.res-plu_c_AK.ANcde - DEBUG - 3
2015/04/02 14:17:50 - ele-gen.res-plu_c_AK.ANcde - CRITICAL - 0
2015/04/02 14:18:52 - ele-gen.res-plu_c_AK.ANcde - INFO -  -  -  -  -  -  -  -  -  -  -  -  -  -  -  -  -  -  -  -  -  -  -  -  -  -  -  -  -  -  - 
2015/04/02 14:19:04 - ele-gen.res-plu_c_AK.ANcde - DEBUG - 10
2015/04/02 14:19:04 - ele-gen.res-plu_c_AK.ANcde - DEBUG - 3
2015/04/02 14:19:04 - ele-gen.res-plu_c_AK.ANcde - CRITICAL - 0
2015/04/02 14:20:01 - ele-gen.res-plu_c_AK.ANcde - INFO -  -  -  -  -  -  -  -  -  -  -  -  -  -  -  -  -  -  -  -  -  -  -  -  -  -  -  -  -  -  - 
2015/04/02 14:20:14 - ele-gen.res-plu_c_AK.ANcde - DEBUG - 10
2015/04/02 14:20:14 - ele-gen.res-plu_c_AK.ANcde - DEBUG - 3
2015/04/02 14:20:14 - ele-gen.res-plu_c_AK.ANcde - CRITICAL - 0
2015/04/02 14:20:32 - ele-gen.res-plu_c_AK.ANcde - INFO -  -  -  -  -  -  -  -  -  -  -  -  -  -  -  -  -  -  -  -  -  -  -  -  -  -  -  -  -  -  - 
2015/04/02 14:20:44 - ele-gen.res-plu_c_AK.ANcde - DEBUG - 10
2015/04/02 14:20:44 - ele-gen.res-plu_c_AK.ANcde - DEBUG - 3
2015/04/02 14:20:44 - ele-gen.res-plu_c_AK.ANcde - CRITICAL - 0
2015/04/02 14:21:25 - ele-gen.res-plu_c_AK.ANcde - INFO -  -  -  -  -  -  -  -  -  -  -  -  -  -  -  -  -  -  -  -  -  -  -  -  -  -  -  -  -  -  - 
2015/04/02 14:21:38 - ele-gen.res-plu_c_AK.ANcde - DEBUG - 10
2015/04/02 14:21:38 - ele-gen.res-plu_c_AK.ANcde - DEBUG - 3
2015/04/02 14:21:38 - ele-gen.res-plu_c_AK.ANcde - CRITICAL - 0
2015/04/02 14:25:26 - ele-gen.res-plu_c_AK.ANcde - INFO -  -  -  -  -  -  -  -  -  -  -  -  -  -  -  -  -  -  -  -  -  -  -  -  -  -  -  -  -  -  - 
2015/04/02 14:25:38 - ele-gen.res-plu_c_AK.ANcde - DEBUG - 10
2015/04/02 14:25:38 - ele-gen.res-plu_c_AK.ANcde - DEBUG - 3
2015/04/02 14:25:38 - ele-gen.res-plu_c_AK.ANcde - CRITICAL - 0
2015/04/02 14:32:41 - ele-gen.res-plu_c_AK.ANcde - INFO -  -  -  -  -  -  -  -  -  -  -  -  -  -  -  -  -  -  -  -  -  -  -  -  -  -  -  -  -  -  - 
2015/04/02 14:32:55 - ele-gen.res-plu_c_AK.ANcde - CRITICAL - Message: {"errorMessage":"Unable to find element with xpath '//*[@id=\"dgMain\"]/tbody/tr[2]/td[1]/div/div/text()'","request":{"headers":{"Accept":"application/json","Accept-Encoding":"identity","Connection":"close","Content-Length":"136","Content-Type":"application/json;charset=UTF-8","Host":"127.0.0.1:56192","User-Agent":"Python-urllib/2.7"},"httpVersion":"1.1","method":"POST","post":"{\"using\": \"xpath\", \"sessionId\": \"ccb140c0-d97f-11e4-a39b-b3b5ab7d96cc\", \"value\": \"//*[@id=\\\"dgMain\\\"]/tbody/tr[2]/td[1]/div/div/text()\"}","url":"/element","urlParsed":{"anchor":"","query":"","file":"element","directory":"/","path":"/element","relative":"/element","port":"","host":"","password":"","user":"","userInfo":"","authority":"","protocol":"","source":"/element","queryKey":{},"chunks":["element"]},"urlOriginal":"/session/ccb140c0-d97f-11e4-a39b-b3b5ab7d96cc/element"}}
Screenshot: available via screen

2015/04/02 14:33:26 - ele-gen.res-plu_c_AK.ANcde - INFO -  -  -  -  -  -  -  -  -  -  -  -  -  -  -  -  -  -  -  -  -  -  -  -  -  -  -  -  -  -  - 
2015/04/02 14:33:39 - ele-gen.res-plu_c_AK.ANcde - CRITICAL - Message: {"errorMessage":"Unable to find element with xpath '//*[@id=\"dgMain\"]/tbody/tr[2]/td[1]/div/div'","request":{"headers":{"Accept":"application/json","Accept-Encoding":"identity","Connection":"close","Content-Length":"129","Content-Type":"application/json;charset=UTF-8","Host":"127.0.0.1:56239","User-Agent":"Python-urllib/2.7"},"httpVersion":"1.1","method":"POST","post":"{\"using\": \"xpath\", \"sessionId\": \"e6fb2450-d97f-11e4-8855-0bc621813220\", \"value\": \"//*[@id=\\\"dgMain\\\"]/tbody/tr[2]/td[1]/div/div\"}","url":"/element","urlParsed":{"anchor":"","query":"","file":"element","directory":"/","path":"/element","relative":"/element","port":"","host":"","password":"","user":"","userInfo":"","authority":"","protocol":"","source":"/element","queryKey":{},"chunks":["element"]},"urlOriginal":"/session/e6fb2450-d97f-11e4-8855-0bc621813220/element"}}
Screenshot: available via screen

2015/04/02 14:36:28 - ele-gen.res-plu_c_AK.ANcde - INFO -  -  -  -  -  -  -  -  -  -  -  -  -  -  -  -  -  -  -  -  -  -  -  -  -  -  -  -  -  -  - 
2015/04/02 14:36:41 - ele-gen.res-plu_c_AK.ANcde - CRITICAL - Message: {"errorMessage":"Unable to find element with xpath '//*[@id=\"dgMain\"]/tbody/tr[2]/td[1]/div/div'","request":{"headers":{"Accept":"application/json","Accept-Encoding":"identity","Connection":"close","Content-Length":"129","Content-Type":"application/json;charset=UTF-8","Host":"127.0.0.1:56380","User-Agent":"Python-urllib/2.7"},"httpVersion":"1.1","method":"POST","post":"{\"using\": \"xpath\", \"sessionId\": \"5333ea30-d980-11e4-b936-abf1a5824844\", \"value\": \"//*[@id=\\\"dgMain\\\"]/tbody/tr[2]/td[1]/div/div\"}","url":"/element","urlParsed":{"anchor":"","query":"","file":"element","directory":"/","path":"/element","relative":"/element","port":"","host":"","password":"","user":"","userInfo":"","authority":"","protocol":"","source":"/element","queryKey":{},"chunks":["element"]},"urlOriginal":"/session/5333ea30-d980-11e4-b936-abf1a5824844/element"}}
Screenshot: available via screen

2015/04/02 14:38:10 - ele-gen.res-plu_c_AK.ANcde - INFO -  -  -  -  -  -  -  -  -  -  -  -  -  -  -  -  -  -  -  -  -  -  -  -  -  -  -  -  -  -  - 
2015/04/02 14:38:13 - ele-gen.res-plu_c_AK.ANcde - CRITICAL - local variable 'l' referenced before assignment
2015/04/02 14:38:42 - ele-gen.res-plu_c_AK.ANcde - INFO -  -  -  -  -  -  -  -  -  -  -  -  -  -  -  -  -  -  -  -  -  -  -  -  -  -  -  -  -  -  - 
2015/04/02 14:38:45 - ele-gen.res-plu_c_AK.ANcde - CRITICAL - global name 'k' is not defined
2015/04/02 14:39:02 - ele-gen.res-plu_c_AK.ANcde - INFO -  -  -  -  -  -  -  -  -  -  -  -  -  -  -  -  -  -  -  -  -  -  -  -  -  -  -  -  -  -  - 
2015/04/02 14:39:05 - ele-gen.res-plu_c_AK.ANcde - INFO - complete
2015/04/02 14:39:21 - ele-gen.res-plu_c_AK.ANcde - INFO -  -  -  -  -  -  -  -  -  -  -  -  -  -  -  -  -  -  -  -  -  -  -  -  -  -  -  -  -  -  - 
2015/04/02 14:39:24 - ele-gen.res-plu_c_AK.ANcde - INFO - complete
2015/04/02 14:39:44 - ele-gen.res-plu_c_AK.ANcde - INFO -  -  -  -  -  -  -  -  -  -  -  -  -  -  -  -  -  -  -  -  -  -  -  -  -  -  -  -  -  -  - 
2015/04/02 14:39:47 - ele-gen.res-plu_c_AK.ANcde - DEBUG - yes
2015/04/02 14:39:47 - ele-gen.res-plu_c_AK.ANcde - INFO - complete
2015/04/02 14:40:11 - ele-gen.res-plu_c_AK.ANcde - INFO -  -  -  -  -  -  -  -  -  -  -  -  -  -  -  -  -  -  -  -  -  -  -  -  -  -  -  -  -  -  - 
2015/04/02 14:40:14 - ele-gen.res-plu_c_AK.ANcde - DEBUG - yes
2015/04/02 14:40:14 - ele-gen.res-plu_c_AK.ANcde - DEBUG - yes
2015/04/02 14:40:14 - ele-gen.res-plu_c_AK.ANcde - INFO - complete
2015/04/02 14:40:41 - ele-gen.res-plu_c_AK.ANcde - INFO -  -  -  -  -  -  -  -  -  -  -  -  -  -  -  -  -  -  -  -  -  -  -  -  -  -  -  -  -  -  - 
2015/04/02 14:40:44 - ele-gen.res-plu_c_AK.ANcde - DEBUG - yes
2015/04/02 14:40:44 - ele-gen.res-plu_c_AK.ANcde - DEBUG - found a td
2015/04/02 14:40:44 - ele-gen.res-plu_c_AK.ANcde - DEBUG - yes
2015/04/02 14:40:44 - ele-gen.res-plu_c_AK.ANcde - DEBUG - found a td
2015/04/02 14:40:44 - ele-gen.res-plu_c_AK.ANcde - INFO - complete
2015/04/02 14:41:42 - ele-gen.res-plu_c_AK.ANcde - INFO -  -  -  -  -  -  -  -  -  -  -  -  -  -  -  -  -  -  -  -  -  -  -  -  -  -  -  -  -  -  - 
2015/04/02 14:41:42 - ele-gen.res-plu_c_AK.ANcde - INFO -  -  -  -  -  -  -  -  -  -  -  -  -  -  -  -  -  -  -  -  -  -  -  -  -  -  -  -  -  -  - 
2015/04/02 14:41:44 - ele-gen.res-plu_c_AK.ANcde - DEBUG - yes
2015/04/02 14:41:44 - ele-gen.res-plu_c_AK.ANcde - DEBUG - found a td
2015/04/02 14:41:44 - ele-gen.res-plu_c_AK.ANcde - DEBUG - 

2015/04/02 14:41:44 - ele-gen.res-plu_c_AK.ANcde - DEBUG - yes
2015/04/02 14:41:44 - ele-gen.res-plu_c_AK.ANcde - DEBUG - found a td
2015/04/02 14:41:44 - ele-gen.res-plu_c_AK.ANcde - DEBUG - 

2015/04/02 14:41:44 - ele-gen.res-plu_c_AK.ANcde - INFO - complete
2015/04/02 14:41:45 - ele-gen.res-plu_c_AK.ANcde - DEBUG - yes
2015/04/02 14:41:45 - ele-gen.res-plu_c_AK.ANcde - DEBUG - found a td
2015/04/02 14:41:45 - ele-gen.res-plu_c_AK.ANcde - DEBUG - 

2015/04/02 14:41:45 - ele-gen.res-plu_c_AK.ANcde - DEBUG - yes
2015/04/02 14:41:45 - ele-gen.res-plu_c_AK.ANcde - DEBUG - found a td
2015/04/02 14:41:45 - ele-gen.res-plu_c_AK.ANcde - DEBUG - 

2015/04/02 14:41:45 - ele-gen.res-plu_c_AK.ANcde - INFO - complete
