2015/04/03 10:48:59 - gen.res_b_WVdlc - INFO -  -  -  -  -  -  -  -  -  -  -  -  -  -  -  -  -  -  -  -  -  -  -  -  -  -  -  -  -  -  - 
2015/04/03 10:49:01 - gen.res_b_WVdlc - INFO - ['WV000002', 'FERGUSON BROTHERS HEAT & PLUMB CO', 'FERGUSON BROTHERS HEAT & PLUMB CO', '912 MADISON AVE # 9127', 'HUNTINGTON', u'WV', u'257042522', u'06', u'304-522-8371', u'A B C D F G H ', u'11/16/2015', 'License Number']
2015/04/03 10:49:01 - gen.res_b_WVdlc - INFO - ['WV000004', 'H E NEUMANN COMPANY', 'H E NEUMANN COMPANY', 'PO BOX 6208', 'WHEELING', u'WV', u'26003', u'35', u'304-232-3040', u'A B C D E F G H I 999 ', u'8/7/2015', 'License Number']
2015/04/03 10:49:01 - gen.res_b_WVdlc - INFO - ['WV000005', 'PROGRESSIVE ELECTRIC INC', 'PROGRESSIVE ELECTRIC INC', 'PO BOX 3695', 'CHARLESTON', u'WV', u'25336', u'20', u'304-345-1253', u'A B D I 007 014 019 064 ', u'9/11/2015', 'License Number']
2015/04/03 10:49:01 - gen.res_b_WVdlc - INFO - ['WV000006', 'MURRAYS SHEET METAL CO INC', 'MURRAYS SHEET METAL CO INC', '3112-7TH STREET', 'PARKERSBURG', u'WV', u'261013846', u'54', u'304-422-5431', u' B C D F G I 010 ', u'1/22/2016', 'License Number']
2015/04/03 10:49:01 - gen.res_b_WVdlc - INFO - ['WV000007', 'ORDERS CONSTRUCTION COMPANY INC', 'ORDERS CONSTRUCTION COMPANY INC', '501 6TH AVENUE POST OFFICE BOX 1448', 'ST ALBANS', u'WV', u'251772842', u'20', u'304-722-4237', u' C I 999 ', u'8/2/2015', 'License Number']
2015/04/03 10:49:01 - gen.res_b_WVdlc - INFO - ['WV000008', 'J E WHITE CONSTRUCTION COMPANY', 'J E WHITE CONSTRUCTION COMPANY', '1578 KANAWHA BLVD E APT 4A', 'CHARLESTON', u'WV', u'253112452', u'20', u'304-549-8046', u' B E H ', u'10/21/2015', 'License Number']
2015/04/03 10:49:01 - gen.res_b_WVdlc - INFO - ['WV000009', 'LOWE BROTHERS ELECTRIC CO INC', 'LOWE BROTHERS ELECTRIC CO INC', '1907 S KANAWHA ST', 'BECKLEY', u'WV', u'258016714', u'41', u'304-253-8328', u'A B G I 001 999 ', u'10/1/2015', 'License Number']
2015/04/03 10:49:01 - gen.res_b_WVdlc - INFO - ['WV000010', 'WINFIELD STROCK', 'WINFIELD STROCK', '3410 CHESTERFIELD AVE', 'CHARLESTON', u'WV', u'25304', u'20', u'304-550-2318', u' B ', u'3/27/2016', 'License Number']
2015/04/03 10:49:01 - gen.res_b_WVdlc - INFO - ['WV000011', 'MAYNARD C SMITH CONSTRUCTION CO INC', 'MAYNARD C SMITH CONSTRUCTION CO INC', 'PO BOX 11888', 'CHARLESTON', u'WV', u'253391888', u'20', u'304-925-3190', u' B ', u'1/20/2016', 'License Number']
2015/04/03 10:49:01 - gen.res_b_WVdlc - INFO - ['WV000030', 'RICHARD L GANDY', 'RICHARD L GANDY ELECTRIC', '61 GANDY MOUNTAIN RD', 'CHARLESTON', u'WV', u'253129311', u'20', u'304-776-6942', u'A ', u'11/19/2015', 'License Number']
2015/04/03 10:49:01 - gen.res_b_WVdlc - INFO - ['WV000040', 'WITHROW CONTRACTORS LLC', 'WITHROW CONTRACTORS LLC', '3116 31ST STREET #C', 'NITRO', u'WV', u'25143', u'20', u'304-755-4300', u'A B D E F G H ', u'9/9/2015', 'License Number']
2015/04/03 10:49:01 - gen.res_b_WVdlc - INFO - ['WV000052', 'THOMAS A CARLYLE', 'TOMS GENERAL CONTRACTING', '448 ROSE HILL ROAD', 'GRAFTON', u'WV', u'263549336', u'46', u'304-265-4609', u' B H I 999 010 007 009 002 ', u'8/1/2015', 'License Number']
2015/04/03 10:49:01 - gen.res_b_WVdlc - INFO - ['WV000053', 'VALLEY GENERAL CONTRACTING INC', 'VALLEY GENERAL CONTRACTING INC', 'PO BOX 2030', 'FAIRMONT', u'WV', u'265552030', u'25', u'304-296-0016', u'A B C D E F G H I 999 010 001 009 ', u'8/1/2015', 'License Number']
2015/04/03 10:49:01 - gen.res_b_WVdlc - INFO - ['WV000055', 'R NICK NULL', 'NULLS CONSTRUCTION', 'PO BOX 943', 'WAR', u'WV', u'248920943', u'24', u'304-875-4706', u'A D G H I 999 004 010 007 009 ', u'2/4/2016', 'License Number']
2015/04/03 10:49:01 - gen.res_b_WVdlc - INFO - ['WV000056', 'MINGHINIS GENERAL CONTRACTORS INC', 'MINGHINIS GENERAL CONTRACTORS INC', '51 TRUMPET LANE', 'MARTINSBURG', u'WV', u'25404', u'02', u'304-263-9988', u' B E F G H I 999 001 007 010 002 ', u'8/1/2015', 'License Number']
2015/04/03 10:49:01 - gen.res_b_WVdlc - INFO - ['WV000057', 'THOMAS BAILES CONTRACTING CO INC', 'THOMAS BAILES CONTRACTING CO INC', '334 WISEMAN RD', 'SUMMERSVILLE', u'WV', u'266511635', u'34', u'304-872-1448', u'A B E F G H I 002 ', u'8/1/2015', 'License Number']
2015/04/03 10:49:01 - gen.res_b_WVdlc - INFO - ['WV000061', 'HARRY W TRUSHEL CONSTRUCTION COMPAN', 'HARRY W TRUSHEL CONSTRUCTION COMPAN', 'PO BOX 368', 'WEIRTON', u'WV', u'260620368', u'15', u'304-797-7000', u' B ', u'8/1/2015', 'License Number']
2015/04/03 10:49:01 - gen.res_b_WVdlc - INFO - ['WV000065', 'ADVANCE REFRIGERATION', 'ADVANCE REFRIGERATION', '506 LITTLE CREEK TRAIL', 'BERKELEY SPRINGS', u'WV', u'25411', u'33', u'304-258-3970', u' D ', u'8/6/2015', 'License Number']
2015/04/03 10:49:01 - gen.res_b_WVdlc - INFO - ['WV000066', 'C J HUGHES CONSTRUCTION CO INC', 'C J HUGHES CONSTRUCTION CO INC', 'PO BOX 7305', 'HUNTINGTON', u'WV', u'257767305', u'06', u'304-522-3868', u' C ', u'10/15/2015', 'License Number']
2015/04/03 10:49:01 - gen.res_b_WVdlc - INFO - ['WV000068', 'MCCLOY CONSTRUCTION COMPANY INC', 'PROFESSIONAL HOME SERVICE', '202 FERRY ST', 'CHARLESTON', u'WV', u'25314', u'20', u'304-342-9440', u'A B C D E F G H I 999 ', u'8/1/2015', 'License Number']
2015/04/03 10:49:01 - gen.res_b_WVdlc - INFO - ['WV000071', 'WILLIAM TURNBULL', 'T R TURNBULL ELECTRIC', '1015 1ST ST', 'HUNTINGTON', u'WV', u'257013101', u'06', u'304-522-4026', u'A ', u'8/3/2015', 'License Number']
2015/04/03 10:49:01 - gen.res_b_WVdlc - INFO - ['WV000081', 'LEE REGER BUILDS INC', 'LEE REGER BUILDS INC', 'PO BOX 1872', 'SHINNSTON', u'WV', u'264313872', u'17', u'304-592-2083', u' B C I 999 ', u'8/1/2015', 'License Number']
2015/04/03 10:49:01 - gen.res_b_WVdlc - INFO - ['WV000082', 'LATEX CONSTRUCTION COMPANY', 'LATEX CONSTRUCTION COMPANY', 'PO BOX 917', 'CONYERS', u'GA', u'300120917', u'0', u'770-760-0820', u' F ', u'8/1/2015', 'License Number']
2015/04/03 10:49:01 - gen.res_b_WVdlc - INFO - ['WV000084', 'HOWARD L BOWERS CONTRACTING CO INC', 'HOWARD L BOWERS CONTRACTING CO INC', 'PO BOX 2249', 'WINTERSVILLE', u'OH', u'439530249', u'0', u'740-264-7731', u'A B C D E F G H I 020 ', u'8/1/2015', 'License Number']
2015/04/03 10:49:08 - gen.res_b_WVdlc - INFO - ['WV000085', 'TUCKER CO DIESEL & TRAILER REP INC', 'TUCKER CO DIESEL & TRAILER REP INC', 'PO BOX 366', 'PARSONS', u'WV', u'262870366', u'47', u'304-478-2430', u' B C ', u'8/1/2015', 'License Number']
2015/04/03 10:49:08 - gen.res_b_WVdlc - INFO - ['WV000086', 'THE BEAVER EXCAVATING CO', 'THE BEAVER EXCAVATING CO', 'PO BOX 6059', 'CANTON', u'OH', u'44706', u'0', u'330-478-2151', u' C I 007 ', u'8/1/2015', 'License Number']
2015/04/03 10:49:08 - gen.res_b_WVdlc - INFO - ['WV000088', 'WOLVERINE FIRE PROTECTION CO', 'WOLVERINE FIRE PROTECTION CO', 'PO BOX 219', 'MOUNT MORRIS', u'MI', u'484580219', u'0', u'810-686-4630', u' I 999 ', u'8/1/2015', 'License Number']
2015/04/03 10:49:08 - gen.res_b_WVdlc - INFO - ['WV000091', 'MAC CONSTRUCTION INC', 'MAC CONSTRUCTION INC', '1028 PROPRIETORS RD UNIT A', 'COLUMBUS', u'OH', u'430857216', u'0', u'614-745-8268', u' B ', u'8/1/2015', 'License Number']
2015/04/03 10:49:08 - gen.res_b_WVdlc - INFO - ['WV000094', 'KANAWHA VALLEY CONSTRUCTION AND ERE', 'KANAWHA VALLEY CONSTRUCTION AND ERE', 'PO BOX 5276', 'CHARLESTON', u'WV', u'253610276', u'20', u'304-346-7069', u'A B C E H ', u'8/1/2015', 'License Number']
2015/04/03 10:49:08 - gen.res_b_WVdlc - INFO - ['WV000095', 'RANDY H TINCHER', 'TINCHER CONSTRUCTION', '1015 ORCHARD DR', 'RAINELLE', u'WV', u'259621819', u'13', u'304-438-5412', u'A B D G H I 999 007 004 005 001 010 ', u'8/1/2015', 'License Number']
2015/04/03 10:49:08 - gen.res_b_WVdlc - INFO - ['WV000098', 'RICHARD DOERR', 'RICHARD DOERR CONSTRUCTION', 'PO BOX 1876', 'ELKINS', u'WV', u'262411876', u'42', u'304-636-6786', u' B H ', u'8/1/2015', 'License Number']
2015/04/03 10:49:08 - gen.res_b_WVdlc - INFO - ['WV000099', 'TRAM CONSTRUCTION INC', 'TRAM CONSTRUCTION INC', 'PO BOX 250', 'GARRISON', u'KY', u'41141', u'0', u'606-757-4874', u' C ', u'8/1/2015', 'License Number']
2015/04/03 10:49:08 - gen.res_b_WVdlc - INFO - ['WV000104', 'TRI STATE ROOFING & SHEET METAL CO', 'TRI STATE ROOFING & SHEET METAL CO', 'PO BOX 1231', 'CHARLESTON', u'WV', u'253241231', u'20', u'304-755-8135', u' D I 999 010 037 ', u'8/1/2015', 'License Number']
2015/04/03 10:49:08 - gen.res_b_WVdlc - INFO - ['WV000107', 'CENTRAL GLASS CO OF CHARLESTON INC', 'CENTRAL GLASS CO OF CHARLESTON INC', 'PO BOX 6340', 'CHARLESTON', u'WV', u'253620340', u'20', u'304-343-5669', u' B H I 999 011 005 010 004 ', u'8/1/2015', 'License Number']
2015/04/03 10:49:08 - gen.res_b_WVdlc - INFO - ['WV000108', 'BENCHMARK CONSTRUCTION CO INC', 'BENCHMARK CONSTRUCTION CO INC', 'PO BOX 1018', 'HURRICANE', u'WV', u'25526', u'20', u'304-546-9099', u' C ', u'8/1/2015', 'License Number']
2015/04/03 10:49:08 - gen.res_b_WVdlc - INFO - ['WV000110', 'FIRST FLOORING LLC', 'FIRST FLOORING LLC', '193 CUT OFF RUN', 'NEWTON', u'WV', u'25266', u'44', u'304-720-8255', u'A B C D E F G H I 027 ', u'8/23/2015', 'License Number']
2015/04/03 10:49:08 - gen.res_b_WVdlc - INFO - ['WV000111', 'MARKS CONSTRUCTION CO', 'MARKS CONSTRUCTION CO', '18 CARRIAGE LN', 'BRIDGEPORT', u'WV', u'26330', u'17', u'304-624-5612', u' B ', u'10/14/2015', 'License Number']
2015/04/03 10:49:08 - gen.res_b_WVdlc - INFO - ['WV000114', 'L R DORSEY INC', 'L R DORSEY INC', '2700 SMITH RD', 'CHARLESTON', u'WV', u'253142490', u'20', u'304-342-5712', u'A B C D E G H I 999 003 ', u'8/1/2015', 'License Number']
2015/04/03 10:49:08 - gen.res_b_WVdlc - INFO - ['WV000115', 'KALMAN FLOOR COMPANY', 'KALMAN FLOOR COMPANY', '1202 BERGEN PKWY STE 110', 'EVERGREEN', u'CO', u'804399546', u'0', u'303-674-2290', u' I 999 ', u'8/1/2015', 'License Number']
2015/04/03 10:49:08 - gen.res_b_WVdlc - INFO - ['WV000117', 'ROVER CONSTRUCTION INC', 'ROVER CONSTRUCTION INC', 'PO BOX 127', 'SAINT ALBANS', u'WV', u'25177', u'20', u'304-759-2100', u' C ', u'8/1/2015', 'License Number']
2015/04/03 10:49:08 - gen.res_b_WVdlc - INFO - ['WV000119', 'UPTON CONSTRUCTION CO INC', 'UPTON CONSTRUCTION CO INC', 'PO BOX 39', 'DUNBAR', u'WV', u'25064', u'20', u'304-744-4627', u'A B C F G H I 999 ', u'8/1/2015', 'License Number']
2015/04/03 10:49:08 - gen.res_b_WVdlc - INFO - ['WV000120', 'NORTH MOUNTAIN CARPENTRY INC', 'NORTH MOUNTAIN CARPENTRY INC', '4194 DRY RUN RD', 'HEDGESVILLE', u'WV', u'25427', u'02', u'304-671-1037', u'A B H I 063 ', u'8/1/2015', 'License Number']
2015/04/03 10:49:08 - gen.res_b_WVdlc - INFO - ['WV000124', 'MARK R DEEM', 'MARK R DEEM PLUMBING & ELECTRIC', '200 MORROW RD', 'HUNTINGTON', u'WV', u'25701', u'06', u'304-522-3109', u'A D E G I 999 010 007 ', u'8/1/2015', 'License Number']
2015/04/03 10:49:08 - gen.res_b_WVdlc - INFO - ['WV000127', 'PRESTON ADKINS BUILDING INC', 'PRESTON ADKINS BUILDING INC', '208 MINK CROSSING', 'DANIELS', u'WV', u'25832', u'41', u'304-860-1034', u'A B C D E F G H I 999 004 010 009 ', u'8/1/2015', 'License Number']
2015/04/03 10:49:08 - gen.res_b_WVdlc - INFO - ['WV000129', 'J & H REINFORCING & STRUCTURAL EREC', 'J & H REINFORCING & STRUCTURAL EREC', 'PO BOX 60', 'PORTSMOUTH', u'OH', u'45662', u'0', u'740-355-0141', u' B I 011 ', u'8/28/2015', 'License Number']
2015/04/03 10:49:08 - gen.res_b_WVdlc - INFO - ['WV000132', 'BURTON LANCE', 'BURTON LANCE', '250 LOCUST HEIGHTS DR.', 'CLARKSBURG', u'WV', u'26301', u'17', u'304-622-7344', u' I 004 ', u'8/1/2015', 'License Number']
2015/04/03 10:49:08 - gen.res_b_WVdlc - INFO - ['WV000136', 'WALTER N YODER & SONS INC', 'WALTER N YODER & SONS INC', 'PO BOX 1337', 'CUMBERLAND', u'MD', u'215011337', u'0', u'301-729-0610', u'A B C D F G ', u'1/28/2016', 'License Number']
2015/04/03 10:49:08 - gen.res_b_WVdlc - INFO - ['WV000138', 'MOHAWK REBAR SERVICES INC', 'MOHAWK REBAR SERVICES INC', 'PO BOX 8468', 'CANTON', u'OH', u'447118468', u'0', u'440-268-0780', u' I 999 007 ', u'8/1/2015', 'License Number']
2015/04/03 10:49:15 - gen.res_b_WVdlc - INFO - ['WV000146', 'ROBERT R BILLER', 'R & B CONSTRUCTION CO', 'RR 1 BOX 104', 'BEVERLY', u'WV', u'26253', u'42', u'304-591-4276', u'A B C D E F G H I 004 ', u'8/8/2015', 'License Number']
2015/04/03 10:49:15 - gen.res_b_WVdlc - INFO - ['WV000148', 'PATRICK H BELBY', 'PATRICK H BELBY', '116 DANFIELD DR', 'WHEELING', u'WV', u'26003', u'26', u'304-242-9690', u'A ', u'8/1/2015', 'License Number']
2015/04/03 10:49:15 - gen.res_b_WVdlc - INFO - ['WV000156', 'THOMPSON REAL ESTATE INC', 'THOMPSON REAL ESTATE INC', '3106 PUTNAM AVENUE', 'HURRICANE', u'WV', u'25526', u'40', u'304-741-2820', u' B C E G H I 999 010 009 005 001 003 007 004 ', u'8/1/2015', 'License Number']
2015/04/03 10:49:15 - gen.res_b_WVdlc - INFO - ['WV000160', 'JUDD THOMPSON', 'JUDD THOMPSON', 'PO BOX 8', 'HURRICANE', u'WV', u'255260565', u'40', u'304-562-2553', u' B C E G H I 999 010 009 001 003 005 007 004 ', u'5/6/2015', 'License Number']
2015/04/03 10:49:15 - gen.res_b_WVdlc - INFO - ['WV000162', 'WILLIAM J THOMPSON JR', 'WILLIAM J THOMPSON JR', '3106 PUTNAM AVENUE', 'HURRICANE', u'WV', u'25526', u'40', u'304-741-2820', u' B C E G H I 999 010 009 001 003 005 007 004 ', u'8/1/2015', 'License Number']
2015/04/03 10:49:15 - gen.res_b_WVdlc - INFO - ['WV000165', 'DUARTES ROOFING & SHEET METAL CO', 'DUARTES ROOFING & SHEET METAL CO', '412 N OHIO AVE', 'CLARKSBURG', u'WV', u'263020748', u'17', u'304-622-3543', u' I 009 010 069 ', u'8/1/2015', 'License Number']
2015/04/03 10:49:15 - gen.res_b_WVdlc - INFO - ['WV000166', 'WALTERS CONSTRUCTION INC', 'WALTERS CONSTRUCTION INC', '600 FULTON ST', 'WHEELING', u'WV', u'260036534', u'35', u'304-233-1121', u'A B C D E F G H I 999 004 007 010 009 ', u'8/1/2015', 'License Number']
2015/04/03 10:49:15 - gen.res_b_WVdlc - INFO - ['WV000172', 'NELSON CONSTRUCTION LLC', 'NELSON CONSTRUCTION LLC', '1168 MAUZY GAP RD', 'FRANKLIN', u'WV', u'26807', u'36', u'304-358-7338', u' C ', u'9/18/2015', 'License Number']
2015/04/03 10:49:15 - gen.res_b_WVdlc - INFO - ['WV000174', 'M W KRYZAK & SONS INCORPORATED', 'M W KRYZAK & SONS INCORPORATED', '17 KEYSTONE DR', 'CHARLESTON', u'WV', u'253111031', u'20', u'304-344-3663', u' D ', u'9/14/2015', 'License Number']
2015/04/03 10:49:15 - gen.res_b_WVdlc - INFO - ['WV000177', 'SHEPPARD BROTHERS INC', 'SHEPPARD BROTHERS INC', '3125 SCOTT DEPOT RD', 'SCOTT DEPOT', u'WV', u'25560', u'40', u'304-757-4972', u' B H ', u'8/4/2015', 'License Number']
2015/04/03 10:49:15 - gen.res_b_WVdlc - INFO - ['WV000180', 'ROB BORAM CONSTRUCTION INC', 'ROB BORAM CONSTRUCTION INC', '536 CHARLES ST', 'WELLSBURG', u'WV', u'260701719', u'05', u'304-737-1005', u'A B D E G H I 999 ', u'8/1/2015', 'License Number']
2015/04/03 10:49:15 - gen.res_b_WVdlc - INFO - ['WV000182', 'BLAUCH BROTHERS INC', 'BLAUCH BROTHERS INC', 'PO BOX 1092', 'HARRISONBURG', u'VA', u'228011092', u'0', u'540-434-2589', u' D G ', u'8/1/2015', 'License Number']
2015/04/03 10:49:15 - gen.res_b_WVdlc - INFO - ['WV000185', 'MACKEY CONTRACTORS', 'MACKEY CONTRACTORS', '107 MUNSON DR', 'BECKLEY', u'WV', u'258012047', u'41', u'304-253-1706', u' B C D E F G H I 015 007 004 002 010 009 006 003 ', u'8/2/2015', 'License Number']
2015/04/03 10:49:15 - gen.res_b_WVdlc - INFO - ['WV000187', 'ADAMS COOLING TOWER CONSTRUCTION IN', 'ADAMS COOLING TOWER CONSTRUCTION IN', 'PO BOX 191', 'MOORES HILL', u'IN', u'470320191', u'0', u'812-744-4223', u' I 999 ', u'8/2/2015', 'License Number']
2015/04/03 10:49:15 - gen.res_b_WVdlc - INFO - ['WV000195', 'KENNETH BENNETT', 'BOB BENNETT HOMES', 'PO BOX 5580', 'VIENNA', u'WV', u'261055580', u'54', u'304-295-0011', u' B C E G H I 999 ', u'9/30/2015', 'License Number']
2015/04/03 10:49:15 - gen.res_b_WVdlc - INFO - ['WV000197', 'STATELINE PIPE CORPORATION', 'STATELINE PIPE CORPORATION', 'PO BOX 103', 'BELPRE', u'OH', u'45714', u'0', u'304-422-5107', u' G ', u'12/23/2015', 'License Number']
2015/04/03 10:49:15 - gen.res_b_WVdlc - INFO - ['WV000200', 'RELIABLE ROOFING COMPANY', 'RELIABLE ROOFING COMPANY', 'PO BOX 1908', 'ELKINS', u'WV', u'262411908', u'42', u'304-636-7188', u' I 010 030 ', u'8/2/2015', 'License Number']
2015/04/03 10:49:15 - gen.res_b_WVdlc - INFO - ['WV000201', 'IVS HYDRO INC', 'IVS HYDRO INC', 'PO BOX 245', 'WAVERLY', u'WV', u'261840245', u'54', u'304-464-4340', u' B I 999 ', u'8/2/2015', 'License Number']
2015/04/03 10:49:15 - gen.res_b_WVdlc - INFO - ['WV000204', 'ORVILLE ADKINS', 'ADKINS HEATING & ELECTRIC', 'PO BOX 1266', 'MOUNT GAY', u'WV', u'256370633', u'23', u'304-752-8216', u'A B D E G H ', u'11/20/2015', 'License Number']
2015/04/03 10:49:15 - gen.res_b_WVdlc - INFO - ['WV000205', 'HAYSLETT CONSTRUCTION COMPANY INC', 'HAYSLETT CONSTRUCTION COMPANY INC', 'PO BOX 447', 'HURRICANE', u'WV', u'255260447', u'40', u'304-757-9348', u' B C E F G H ', u'8/2/2015', 'License Number']
2015/04/03 10:49:15 - gen.res_b_WVdlc - INFO - ['WV000206', 'SPENCERS REFRIGERATION INC', 'SPENCERS REFRIGERATION INC', 'PO BOX 737', 'PROCTORVILLE', u'OH', u'45669', u'O6', u'304-886-5700', u' D I 999 ', u'8/4/2015', 'License Number']
2015/04/03 10:49:15 - gen.res_b_WVdlc - INFO - ['WV000207', 'CIPOLETTI PLUMBING HEATING SUPPLY C', 'CIPOLETTI PLUMBING HEATING SUPPLY C', 'PO BOX 386', 'WELLSBURG', u'WV', u'260700386', u'05', u'304-737-0447', u'A D G ', u'8/2/2015', 'License Number']
2015/04/03 10:49:15 - gen.res_b_WVdlc - INFO - ['WV000208', 'MICHAEL PETRELLA', 'MICHAEL PETRELLA', '74 OVERLOOK TERRACE', 'COLLIERS', u'WV', u'260359638', u'05', u'304-748-3222', u' I 015 ', u'8/2/2015', 'License Number']
2015/04/03 10:49:15 - gen.res_b_WVdlc - INFO - ['WV000218', 'J L MOORE INC', 'J L MOORE INC', 'PO BOX 1355', 'SHEPHERDSTOWN', u'WV', u'25443', u'19', u'304-876-3294', u'A B D E G H ', u'8/2/2015', 'License Number']
2015/04/03 10:49:16 - gen.res_b_WVdlc - INFO - ['WV000222', 'BASIC CONCEPTS INC', 'PATTERSON BUILDING AND CONTRACTING', '103 CRESTWOOD DR', 'PARKERSBURG', u'WV', u'261049235', u'54', u'304-834-1991', u' B H I 009 010 015 ', u'8/2/2015', 'License Number']
2015/04/03 10:49:16 - gen.res_b_WVdlc - INFO - ['WV000227', 'FORD ASSOCIATES INC', 'FORD ASSOCIATES INC', '1547 SMITH ST', 'MILTON', u'WV', u'255411335', u'06', u'304-638-5906', u' B H ', u'8/31/2015', 'License Number']
2015/04/03 10:49:16 - gen.res_b_WVdlc - INFO - ['WV000228', 'VECELLIO & GROGAN INC', 'VECELLIO & GROGAN INC', 'PO BOX 2438', 'BECKLEY', u'WV', u'258022819', u'41', u'304-252-6575', u' C ', u'8/2/2015', 'License Number']
2015/04/03 10:49:16 - gen.res_b_WVdlc - INFO - ['WV000231', 'DAVE HINKLE ELECTRIC INC', 'DAVE HINKLE ELECTRIC INC', '4563 PLUTO RD', 'SHADY SPRING', u'WV', u'259188064', u'41', u'304-763-2089', u'A ', u'8/2/2015', 'License Number']
2015/04/03 10:49:16 - gen.res_b_WVdlc - INFO - ['WV000232', 'HARRIS BROTHERS ROOFING COMPANY', 'HARRIS BROTHERS ROOFING COMPANY', '1518 HANSFORD STREET', 'CHARLESTON', u'WV', u'253111917', u'20', u'304-343-5566', u' B D G I 010 999 ', u'8/2/2015', 'License Number']
2015/04/03 10:49:16 - gen.res_b_WVdlc - INFO - ['WV000233', 'CABELL SHEET METAL & ROOFING INC', 'CABELL SHEET METAL & ROOFING INC', 'PO BOX 448', 'CEREDO', u'WV', u'255070448', u'50', u'304-429-6918', u'A D F G I 999 ', u'8/2/2015', 'License Number']
2015/04/03 10:49:16 - gen.res_b_WVdlc - INFO - ['WV000234', 'C E ADKINS & SON INC', 'C E ADKINS & SON INC', '5069 GUYAN RIVER RD', 'HUNTINGTON', u'WV', u'257029730', u'06', u'304-523-5574', u' I 015 ', u'8/2/2015', 'License Number']
2015/04/03 10:49:16 - gen.res_b_WVdlc - INFO - ['WV000235', 'STUART-MCMUNN COMPANY', 'STUART-MCMUNN COMPANY', '137 NORTH 6TH STREET', 'CLARKSBURG', u'WV', u'26301', u'17', u'304-623-6666', u'A B C D E F G H ', u'8/2/2015', 'License Number']
2015/04/03 10:49:16 - gen.res_b_WVdlc - INFO - ['WV000240', 'VALCON INC', 'VALCON INC', 'PO BOX 180', 'FRANKFORD', u'WV', u'24938', u'13', u'304-497-3100', u' B E G H I 999 010 ', u'8/2/2015', 'License Number']
2015/04/03 10:49:16 - gen.res_b_WVdlc - INFO - ['WV000242', 'PIKE ELECTRIC LLC', 'PIKE ELECTRIC LLC', 'PO BOX 868', 'MOUNT AIRY', u'NC', u'270300868', u'0', u'336-789-2171', u'A D ', u'8/2/2015', 'License Number']
2015/04/03 10:49:16 - gen.res_b_WVdlc - INFO - ['WV000246', 'KALKREUTH ROOFING & SHEET METAL INC', 'KALKREUTH ROOFING & SHEET METAL INC', '53 14TH STREET SUITE 100', 'WHEELING', u'WV', u'26003', u'35', u'304-232-8540', u' I 999 010 ', u'8/2/2015', 'License Number']
2015/04/03 10:49:16 - gen.res_b_WVdlc - INFO - ['WV000247', 'ROY G HEFFNER INC', 'ROY G HEFFNER INC', '2612 COUNTY ROAD 124', 'CHESAPEAKE', u'OH', u'456198049', u'0', u'740-867-8596', u'A B D G ', u'8/2/2015', 'License Number']
2015/04/03 10:49:16 - gen.res_b_WVdlc - INFO - ['WV000249', 'KARRAS PAINTING LLC', 'KARRAS PAINTING LLC', '2408 EOFF STREET', 'WHEELING', u'WV', u'260033918', u'35', u'304-233-2211', u' I 015 ', u'8/2/2015', 'License Number']
2015/04/03 10:49:16 - gen.res_b_WVdlc - INFO - ['WV000250', 'MARQUART INC', 'MARQUART INC', 'PO BOX 6264', 'WHEELING', u'WV', u'260030726', u'35', u'304-547-0099', u'A B C D E F G H I 999 ', u'8/6/2015', 'License Number']
2015/04/03 10:49:16 - gen.res_b_WVdlc - INFO - ['WV000251', 'GEO V HAMILTON INC', 'GEO V HAMILTON INC', 'RIVER AVENUE', 'MCKEES ROCKS', u'PA', u'15136', u'0', u'412-771-0900', u' I 026 ', u'8/2/2015', 'License Number']
2015/04/03 10:49:16 - gen.res_b_WVdlc - INFO - ['WV000252', 'MID ATLANTIC STORAGE SYSTEMS INC', 'MID ATLANTIC STORAGE SYSTEMS INC', '1551 ROBINSON ROAD', 'WASHINGTON COURT HOUSE', u'OH', u'431609201', u'0', u'740-335-2019', u' C ', u'8/2/2015', 'License Number']
2015/04/03 10:49:16 - gen.res_b_WVdlc - INFO - ['WV000259', 'WILLIAM M BANE', 'WILLIAM M BANE', 'RT 3 BOX 3080', 'KEYSER', u'WV', u'26726', u'29', u'304-813-8408', u' I 999 ', u'8/2/2015', 'License Number']
2015/04/03 10:49:16 - gen.res_b_WVdlc - INFO - ['WV000263', 'JETER PAVING CO INC', 'JETER PAVING CO INC', '1445 OAK RIDGE PL', 'HAGERSTOWN', u'MD', u'217407449', u'0', u'301-797-6941', u' I 999 006 ', u'8/2/2015', 'License Number']
2015/04/03 10:49:16 - gen.res_b_WVdlc - INFO - ['WV000267', 'CAPITOL TUNNELING INC', 'CAPITOL TUNNELING INC', '2216 REFUGEE RD', 'COLUMBUS', u'OH', u'432072800', u'0', u'614-444-0255', u' C ', u'10/18/2015', 'License Number']
2015/04/03 10:49:16 - gen.res_b_WVdlc - INFO - ['WV000268', 'MARK ODELL CONSTRUCTION LLC', 'MARK ODELL CONSTRUCTION LLC', '212 POST ROAD', 'NETTIE', u'WV', u'266819607', u'34', u'304-651-2780', u' B I 005 ', u'1/18/2016', 'License Number']
2015/04/03 10:49:16 - gen.res_b_WVdlc - INFO - ['WV000269', 'E E MOORE CO', 'E E MOORE CO', 'PO BOX 8624', 'SOUTH CHARLESTON', u'WV', u'253030624', u'20', u'304-744-5103', u' B H I 999 007 ', u'9/17/2015', 'License Number']
2015/04/03 10:49:16 - gen.res_b_WVdlc - INFO - ['WV000270', 'SNYDER ENVIRONMENTAL SERVICES INC', 'SNYDER ENVIRONMENTAL SERVICES INC', '270 INDUSTRIAL BLVD', 'KEARNEYSVILLE', u'WV', u'254309646', u'19', u'304-725-9140', u'A C F G ', u'8/2/2015', 'License Number']
2015/04/03 10:49:16 - gen.res_b_WVdlc - INFO - ['WV000278', 'RICHARD S LOGSTON', 'LOGSTON SIDING & REMODELING', '3409 GLENDALE HGTS RD', 'GLEN DALE', u'WV', u'26038', u'26', u'304-232-4840', u'A B G H I 999 ', u'8/2/2015', 'License Number']
2015/04/03 10:49:16 - gen.res_b_WVdlc - INFO - ['WV000280', 'GEORGE E CARR', 'CARRS DRIVEWAY & GENERAL CONT', '63 GAP VIEW DR', 'CHARLESTON', u'WV', u'253066650', u'20', u'304-925-7030', u' I 999 007 004 006 002 ', u'8/2/2015', 'License Number']
2015/04/03 10:49:18 - gen.res_b_WVdlc - INFO - ['WV000281', 'CHARLES A POZELL', 'CHAZ POZELL CONTRACTING', '506 TOMLINSON AVE', 'GLEN DALE', u'WV', u'260381629', u'26', u'304-845-2311', u' B H ', u'11/1/2015', 'License Number']
2015/04/03 10:49:18 - gen.res_b_WVdlc - INFO - ['WV000284', 'HARRY MCELDOWNEY', 'HARRY MCELDOWNEY', '276 JERRY RUN RD', 'BRIDGEPORT', u'WV', u'263300006', u'17', u'304-842-5196', u' B H ', u'8/2/2015', 'License Number']
2015/04/03 10:49:18 - gen.res_b_WVdlc - INFO - ['WV000287', 'TRI COUNTY ELECTRIC CO INC', 'TRI COUNTY ELECTRIC CO INC', '300 SCOTTDALE AVENUE', 'SCOTTDALE', u'PA', u'15683', u'0', u'724-887-9110', u'A B C D E F G H I 999 ', u'8/2/2015', 'License Number']
2015/04/03 10:49:18 - gen.res_b_WVdlc - INFO - ['WV000289', 'J E ROCKIS RENTAL & SUPPLY INC', 'J E ROCKIS RENTAL & SUPPLY INC', 'PO BOX 4183', 'STAR CITY', u'WV', u'26504', u'31', u'304-282-3470', u' B C E F G H I 999 004 007 003 ', u'8/2/2015', 'License Number']
2015/04/03 10:49:18 - gen.res_b_WVdlc - INFO - ['WV000290', 'ROBERTS ESTATES INC', 'ROBERTS ESTATES INC', 'PO BOX 227', 'HENDRICKS', u'WV', u'262710227', u'47', u'304-478-2307', u'A B C D E F G H I 999 004 007 009 010 003 002 ', u'8/2/2015', 'License Number']
2015/04/03 10:49:18 - gen.res_b_WVdlc - INFO - ['WV000293', 'ARCHER PLUMBING & HEATING INC', 'ARCHER PLUMBING & HEATING INC', '184 IVAN STREET', 'WASHINGTON', u'WV', u'26181', u'54', u'304-863-6440', u' D G ', u'9/20/2015', 'License Number']
2015/04/03 10:49:18 - gen.res_b_WVdlc - INFO - ['WV000300', 'H AND W CONSTRUCTION CO INC', 'H AND W CONSTRUCTION CO INC', 'PO BOX 2468', 'WINCHESTER', u'VA', u'226041668', u'0', u'540-667-3752', u' B H I 037 ', u'9/11/2015', 'License Number']
2015/04/03 10:49:18 - gen.res_b_WVdlc - INFO - ['WV000301', 'SQUIRES ELECTRIC INC', 'SQUIRES ELECTRIC INC', '1003 OLDTOWN ROAD', 'CUMBERLAND', u'MD', u'21502', u'0', u'301-722-7763', u'A D G ', u'9/4/2015', 'License Number']
2015/04/03 10:49:18 - gen.res_b_WVdlc - INFO - ['WV000308', 'THE EARLY CONSTRUCTION CO', 'THE EARLY CONSTRUCTION CO', '307 COUNTY ROAD 120 SOUTH', 'SOUTH POINT', u'OH', u'45680', u'0', u'304-894-5150', u' C F ', u'8/7/2015', 'License Number']
2015/04/03 10:49:18 - gen.res_b_WVdlc - INFO - ['WV000309', 'CHESTER MURPHY', 'MURPHY ROOFING & REPAIRS', '1640 POE LN', 'BRISTOL', u'WV', u'26426', u'17', u'304-782-2732', u' I 999 ', u'8/2/2015', 'License Number']
2015/04/03 10:49:18 - gen.res_b_WVdlc - INFO - ['WV000313', 'R BRADY ORR', 'R BRADY ORR CONTRACTING', '1540 DALLAS PIKE ROAD', 'TRIADELPHIA', u'WV', u'260599728', u'35', u'304-547-1961', u'A B D E G H I 015 004 007 010 001 009 030 027 069 058 ', u'10/20/2015', 'License Number']
2015/04/03 10:49:18 - gen.res_b_WVdlc - INFO - ['WV000314', 'BILL LOGAN PAINTING CONTRACTOR', 'BILL LOGAN PAINTING CONTRACTOR', 'RR 1 BOX 172', 'BEVERLY', u'WV', u'262539749', u'42', u'304-636-0144', u' I 015 ', u'9/10/2015', 'License Number']
2015/04/03 10:49:18 - gen.res_b_WVdlc - INFO - ['WV000315', 'HALL DOZER CO INC', 'HALL DOZER CO INC', '9500 S CALHOUN HWY.', 'MILLSTONE', u'WV', u'25261', u'07', u'304-655-8304', u' I 999 ', u'8/2/2015', 'License Number']
2015/04/03 10:49:18 - gen.res_b_WVdlc - INFO - ['WV000316', 'ADVANCE TANK AND CONSTRUCTION CO', 'ADVANCE TANK AND CONSTRUCTION CO', 'PO BOX 219', 'WELLINGTON', u'CO', u'805490219', u'0', u'970-568-3444', u' C ', u'8/7/2015', 'License Number']
2015/04/03 10:49:18 - gen.res_b_WVdlc - INFO - ['WV000320', 'DAVIS H ELLIOT CONSTRUCTION CO INC', 'DAVIS H ELLIOT CONSTRUCTION CO INC', '673 BLUE SKY PARKWAY', 'LEXINGTON', u'KY', u'40509', u'0', u'859-263-5148', u'A ', u'8/2/2015', 'License Number']
2015/04/03 10:49:18 - gen.res_b_WVdlc - INFO - ['WV000322', 'JEFFREY W ADAMS', 'JEFFREY W ADAMS', '812 ECHO VLY', 'GLEN DALE', u'WV', u'260381205', u'26', u'304-845-4891', u'A ', u'8/2/2015', 'License Number']
2015/04/03 10:49:18 - gen.res_b_WVdlc - INFO - ['WV000323', 'HAROLD V CATROW INC', 'HAROLD V CATROW INC', '128 MARSHALL STREET', 'KEARNEYSVILLE', u'WV', u'25430', u'19', u'304-725-7724', u'A B F G H I 999 002 008 004 007 006 ', u'8/2/2015', 'License Number']
2015/04/03 10:49:18 - gen.res_b_WVdlc - INFO - ['WV000326', 'H & S HEATING & COOLING CO', 'H & S HEATING & COOLING CO', 'PO BOX 819', 'POCA', u'WV', u'251590819', u'40', u'304-755-0622', u' D ', u'8/2/2015', 'License Number']
2015/04/03 10:49:18 - gen.res_b_WVdlc - INFO - ['WV000327', 'VFP FIRE SYSTEMS INC', 'VFP FIRE SYSTEMS INC', '301 YORK AVENUE', 'ST PAUL', u'MN', u'55130', u'0', u'651-558-3300', u' I 999 ', u'8/13/2015', 'License Number']
2015/04/03 10:49:18 - gen.res_b_WVdlc - INFO - ['WV000337', 'KEESLING CONSTRUCTION CO', 'KEESLING CONSTRUCTION CO', '933 NEW HOPE RD', 'PRINCETON', u'WV', u'24740', u'28', u'304-425-9588', u'A B C D E G H I 010 009 003 004 ', u'8/2/2015', 'License Number']
2015/04/03 10:49:18 - gen.res_b_WVdlc - INFO - ['WV000338', 'BRUCE W RAMSEY', 'RAMSEYS PLUMBING & HEATING', '216 NORTHFIELD DR', 'LEWISBURG', u'WV', u'249019318', u'13', u'304-645-3824', u' D E F G H ', u'10/31/2015', 'License Number']
2015/04/03 10:49:18 - gen.res_b_WVdlc - INFO - ['WV000342', 'HENSON BROTHERS INC', 'HENSON BROTHERS INC', 'PO BOX 655', 'NITRO', u'WV', u'251430655', u'20', u'304-768-7315', u' I 999 037 ', u'11/5/2015', 'License Number']
2015/04/03 10:49:18 - gen.res_b_WVdlc - INFO - ['WV000348', 'L L LAKE CONTRACTING LLC', 'L L LAKE CONTRACTING LLC', '1110 PHILIPPI PIKE', 'CLARKSBURG', u'WV', u'26301', u'17', u'304-622-1002', u'A B E G H I 999 001 010 009 ', u'8/20/2015', 'License Number']
2015/04/03 10:49:18 - gen.res_b_WVdlc - INFO - ['WV000349', 'HARBEL INC', 'HARBEL INC', 'PO BOX 358', 'CUMBERLAND', u'MD', u'215010358', u'0', u'301-729-8303', u' B C E I 004 010 ', u'8/2/2015', 'License Number']
2015/04/03 10:49:20 - gen.res_b_WVdlc - INFO - ['WV000351', 'MILLER DOOR INC', 'MILLER DOOR INC', '57 GLENDALE RD', 'PARKERSBURG', u'WV', u'26105', u'54', u'304-295-7009', u' I 017 ', u'8/2/2015', 'License Number']
2015/04/03 10:49:20 - gen.res_b_WVdlc - INFO - ['WV000354', 'ANDERSON ROOFING SHEET METAL WORKS', 'ANDERSON ROOFING SHEET METAL WORKS', '2633 PAPERMILL RD', 'WINCHESTER', u'VA', u'22601', u'0', u'540-662-2586', u' I 010 025 ', u'8/2/2015', 'License Number']
2015/04/03 10:49:20 - gen.res_b_WVdlc - INFO - ['WV000355', 'CARL BELT INC', 'BELT CONSTRUCTION', 'PO BOX 1210', 'CUMBERLAND', u'MD', u'215011210', u'0', u'301-729-8900', u' B C E I 004 010 ', u'8/2/2015', 'License Number']
2015/04/03 10:49:20 - gen.res_b_WVdlc - INFO - ['WV000358', 'BUCKEYE MECHANICAL CONTRACTING INC', 'BUCKEYE MECHANICAL CONTRACTING INC', '2325 TWP RD 370', 'TORONTO', u'OH', u'43964', u'0', u'740-282-0089', u' C D F G ', u'8/5/2015', 'License Number']
2015/04/03 10:49:20 - gen.res_b_WVdlc - INFO - ['WV000362', 'E P LEACH & SONS INC', 'E P LEACH & SONS INC', 'PO BOX 1823', 'HUNTINGTON', u'WV', u'25719', u'06', u'304-523-7560', u' B ', u'8/5/2015', 'License Number']
2015/04/03 10:49:20 - gen.res_b_WVdlc - INFO - ['WV000363', 'PETTICORD & SON INC', 'PETTICORD & SON INC', '10 FOREST PARK', 'WHEELING', u'WV', u'260034818', u'35', u'304-233-2727', u' I 999 015 ', u'8/5/2015', 'License Number']
2015/04/03 10:49:20 - gen.res_b_WVdlc - INFO - ['WV000365', 'MANESS CONTRACTING INC', 'MANESS CONTRACTING INC', '66 15TH ST', 'WHEELING', u'WV', u'260033552', u'35', u'304-233-2332', u'A B C D E G H ', u'8/5/2015', 'License Number']
2015/04/03 10:49:20 - gen.res_b_WVdlc - INFO - ['WV000368', 'ADAMS ROBINSON ENTERPRISES INC', 'ADAMS ROBINSON ENTERPRISES INC', '2735 NEEDMORE RD', 'DAYTON', u'OH', u'454144207', u'0', u'937-274-5318', u'A C ', u'8/5/2015', 'License Number']
2015/04/03 10:49:20 - gen.res_b_WVdlc - INFO - ['WV000372', 'CHRISTOPHER E NEIDHARDT', 'C E N HEATING & A/C', '90 DOG HOLLOW RD', 'VALLEY GROVE', u'WV', u'26060', u'35', u'304-547-1710', u'A D G ', u'2/13/2016', 'License Number']
2015/04/03 10:49:20 - gen.res_b_WVdlc - INFO - ['WV000373', 'MINCO MILLWORK COMPANY LLC', 'MINCO MILLWORK COMPANY LLC', 'RR 4 BOX 121-B', 'KEYSER', u'WV', u'26726', u'29', u'304-788-1985', u' H ', u'8/5/2015', 'License Number']
2015/04/03 10:49:20 - gen.res_b_WVdlc - INFO - ['WV000376', 'J F ALLEN COMPANY', 'J F ALLEN COMPANY', 'PO BOX 2049', 'BUCKHANNON', u'WV', u'262017049', u'17', u'304-472-8890', u' C ', u'8/5/2015', 'License Number']
2015/04/03 10:49:20 - gen.res_b_WVdlc - INFO - ['WV000378', 'FISHER TANK COMPANY', 'FISHER TANK COMPANY', '3131 W 4TH STREET', 'CHESTER', u'PA', u'190131822', u'0', u'215-494-7200', u' C ', u'4/9/2015', 'License Number']
2015/04/03 10:49:20 - gen.res_b_WVdlc - INFO - ['WV000379', 'HENKELS & MCCOY INC', 'HENKELS & MCCOY INC', '985 JOLLY RD', 'BLUE BELL', u'PA', u'194221958', u'0', u'215-283-7644', u'A B C F I 999 ', u'8/5/2015', 'License Number']
2015/04/03 10:49:20 - gen.res_b_WVdlc - INFO - ['WV000381', 'GASCO DRILLING INC', 'GASCO DRILLING INC', 'PO BOX 330', 'CEDAR BLUFF', u'VA', u'246090330', u'0', u'276-964-2696', u' I 999 002 ', u'10/29/2015', 'License Number']
2015/04/03 10:49:20 - gen.res_b_WVdlc - INFO - ['WV000384', 'HOSPITALITY BUILDERS INC', 'HOSPITALITY BUILDERS INC', '150 KNOLLWOOD DR', 'RAPID CITY', u'SD', u'57701', u'0', u'605-791-3400', u'A B D G ', u'9/7/2015', 'License Number']
2015/04/03 10:49:20 - gen.res_b_WVdlc - INFO - ['WV000385', 'HARTMAN & HARTMAN INC', 'HARTMAN & HARTMAN INC', '67 SEAL ROAD', 'EIGHTY FOUR', u'PA', u'153301828', u'0', u'724-239-6002', u'A B C D F G ', u'8/5/2015', 'License Number']
2015/04/03 10:49:20 - gen.res_b_WVdlc - INFO - ['WV000388', 'EXCLUSIVE HOME DESIGNS LTD', 'EXCLUSIVE HOME DESIGNS LTD', '3058 MOUNT VERNON RD', 'HURRICANE', u'WV', u'255269793', u'40', u'304-757-8978', u'A B C D E F G H ', u'8/5/2015', 'License Number']
2015/04/03 10:49:20 - gen.res_b_WVdlc - INFO - ['WV000390', 'LUTHER P ALT', 'LUTHER P ALT', '1974 KELLERS RIDGE RD', 'PETERSBURG', u'WV', u'268479717', u'12', u'304-257-8552', u' I 999 ', u'8/5/2015', 'License Number']
2015/04/03 10:49:20 - gen.res_b_WVdlc - INFO - ['WV000392', 'BEITZEL CORPORATION', 'BEITZEL CORPORATION', '12072 BITTINGER RD', 'GRANTSVILLE', u'MD', u'215363116', u'0', u'301-245-4107', u'A B C D F G ', u'8/5/2015', 'License Number']
2015/04/03 10:49:20 - gen.res_b_WVdlc - INFO - ['WV000397', 'HOGSETT INSULATION CO INC', 'HOGSETT INSULATION CO INC', '204 BARTON DR', 'BARBOURSVILLE', u'WV', u'255041104', u'06', u'304-529-6811', u'A B D E F G H I 999 ', u'8/5/2015', 'License Number']
2015/04/03 10:49:20 - gen.res_b_WVdlc - INFO - ['WV000398', 'WARREN D SOMERVILLE', 'WARREN D BUILDERS', '# 8 HEATHER GLEN', 'VIENNA', u'WV', u'26105', u'54', u'304-488-4547', u' B H ', u'8/5/2015', 'License Number']
2015/04/03 10:49:20 - gen.res_b_WVdlc - INFO - ['WV000399', 'WILLIAM R SHARPE INC', 'WILLIAM R SHARPE INC', 'PO BOX 789', 'CLARKSBURG', u'WV', u'263020789', u'17', u'304-622-4681', u'A B C D E F G H I 999 ', u'8/15/2015', 'License Number']
2015/04/03 10:49:20 - gen.res_b_WVdlc - INFO - ['WV000400', 'HARRY F ABBOTT JR', 'HARRY F ABBOTT JR', 'PO BOX 11858', 'LYNCHBURG', u'VA', u'24506', u'0', u'434-528-4423', u'A B C D E F G I 005 ', u'12/9/2015', 'License Number']
2015/04/03 10:49:20 - gen.res_b_WVdlc - INFO - ['WV000401', 'MONTROSE CONSTRUCTION CO', 'MONTROSE CONSTRUCTION CO', 'RT 1 BOX 129', 'MONTROSE', u'WV', u'262830000', u'42', u'304-636-7752', u'A B D E F G H I 999 007 004 ', u'8/5/2015', 'License Number']
2015/04/03 10:49:22 - gen.res_b_WVdlc - INFO - ['WV000408', 'FAMCO INC', 'FAMCO INC', 'PO BOX 1577', 'HUNTINGTON', u'WV', u'25716', u'06', u'304-529-3328', u' C I 999 ', u'8/5/2015', 'License Number']
2015/04/03 10:49:22 - gen.res_b_WVdlc - INFO - ['WV000409', 'DAVID E MARTIN', 'MARTINS BACKHOE SERVICE', '801 LITTLE ISLAND CREEK ROAD', 'PIPESTEM', u'WV', u'259798812', u'28', u'304-384-7126', u'A B C D E F G H I 002 ', u'8/5/2015', 'License Number']
2015/04/03 10:49:22 - gen.res_b_WVdlc - INFO - ['WV000412', 'PERFORMANCE CONTRACTING INC', 'PERFORMANCE CONTRACTING INC', '16400 COLLEGE BLVD', 'LENEXA', u'KS', u'66219', u'0', u'913-888-8600', u' B I 999 ', u'8/5/2015', 'License Number']
2015/04/03 10:49:22 - gen.res_b_WVdlc - INFO - ['WV000415', 'THE WHITACRE ENGINEERING CO', 'THE WHITACRE ENGINEERING CO', 'PO BOX 8444', 'CANTON', u'OH', u'447118444', u'0', u'330-455-8505', u' I 007 ', u'8/5/2015', 'License Number']
2015/04/03 10:49:22 - gen.res_b_WVdlc - INFO - ['WV000419', 'MULLINS CONSTRUCTION COMPANY', 'MULLINS CONSTRUCTION COMPANY', 'PO BOX 163', 'WHEELERSBURG', u'OH', u'45694', u'0', u'740-574-8012', u'A B D F G I 999 ', u'8/5/2015', 'License Number']
2015/04/03 10:49:22 - gen.res_b_WVdlc - INFO - ['WV000421', 'SUNRISE CONSTRUCTION COMPANY INC', 'SUNRISE CONSTRUCTION COMPANY INC', '352 MATLICK LANE PO BOX 256', 'MOATSVILLE', u'WV', u'264059731', u'01', u'304-457-2109', u' B F H ', u'8/5/2015', 'License Number']
2015/04/03 10:49:22 - gen.res_b_WVdlc - INFO - ['WV000422', 'IMPAQ INC', 'IMPAQ INC', '352 MATLICK LN PO BOX 256', 'MOATSVILLE', u'WV', u'264059731', u'01', u'304-457-5622', u' B F H ', u'8/5/2015', 'License Number']
2015/04/03 10:49:22 - gen.res_b_WVdlc - INFO - ['WV000423', 'ELLSWORTH ELECTRIC INC', 'ELLSWORTH ELECTRIC INC', '88 WEST LEE STREET', 'HAGERSTOWN', u'MD', u'21740', u'0', u'301-739-8800', u'A I 999 ', u'8/31/2015', 'License Number']
2015/04/03 10:49:22 - gen.res_b_WVdlc - INFO - ['WV000427', 'J P PHILLIPS INC', 'J P PHILLIPS INC', '601 TECHNOLOGY DRIVE #150', 'CANONSBURG', u'PA', u'15317', u'0', u'724-746-2424', u' I 027 086 ', u'8/2/2015', 'License Number']
2015/04/03 10:49:22 - gen.res_b_WVdlc - INFO - ['WV000431', 'PENN ELECTRIC COMPANY INC', 'PENN ELECTRIC COMPANY INC', '5208 MACCORKLE AVE SE', 'CHARLESTON', u'WV', u'25304', u'20', u'304-925-1959', u'A B D E G H I 999 007 010 004 002 ', u'8/5/2015', 'License Number']
2015/04/03 10:49:22 - gen.res_b_WVdlc - INFO - ['WV000437', 'JAY YOHO', 'WOODWORKS & MORE', '3819 FRANKLIN ST', 'BELLAIRE', u'OH', u'439061140', u'0', u'614-676-6902', u' B E H I 999 007 009 010 069 ', u'8/5/2015', 'License Number']
2015/04/03 10:49:22 - gen.res_b_WVdlc - INFO - ['WV000440', 'R & H DALTON CONST & MASONRY', 'R & H DALTON CONST & MASONRY', '13 SAND BANK ROAD', 'MORGANTOWN', u'WV', u'26508', u'31', u'304-292-1376', u' B E G H I 999 ', u'8/5/2015', 'License Number']
2015/04/03 10:49:22 - gen.res_b_WVdlc - INFO - ['WV000442', 'MENDON PIPELINE INC', 'MENDON PIPELINE INC', 'PO BOX 429', 'MENDON', u'NY', u'145060429', u'0', u'716-624-5880', u' B C ', u'8/6/2015', 'License Number']
2015/04/03 10:49:22 - gen.res_b_WVdlc - INFO - ['WV000444', 'BETTY REYNOLDS', 'REYNOLDS PLUMBING & HEATING', '647 KANAWHA STATE FOREST DR', 'CHARLESTON', u'WV', u'253149734', u'20', u'304-744-6108', u' G ', u'8/5/2015', 'License Number']
2015/04/03 10:49:22 - gen.res_b_WVdlc - INFO - ['WV000447', 'G W HEATING & COOLING INC', 'G W HEATING & COOLING INC', '238 BOGGS FORK ADDITION', 'SPENCER', u'WV', u'25276', u'44', u'304-927-1254', u'A D G H I 027 086 ', u'8/11/2015', 'License Number']
2015/04/03 10:49:22 - gen.res_b_WVdlc - INFO - ['WV000448', 'CHAPMAN CORPORATION', 'CHAPMAN CORPORATION', '331 S MAIN ST', 'WASHINGTON', u'PA', u'153016367', u'0', u'412-228-1900', u'A B C D F G ', u'8/5/2015', 'License Number']
2015/04/03 10:49:22 - gen.res_b_WVdlc - INFO - ['WV000450', 'AVALOTIS CORPORATION', 'AVALOTIS CORPORATION', 'PO BOX 6', 'VERONA', u'PA', u'151470006', u'0', u'412-828-9666', u' I 999 ', u'10/14/2015', 'License Number']
2015/04/03 10:49:22 - gen.res_b_WVdlc - INFO - ['WV000451', 'MASSARO INDUSTRIES INC', 'MASSARO INDUSTRIES INC', '91 PENNSYLVANIA AVE', 'OAKMONT', u'PA', u'151391920', u'0', u'412-828-1680', u' I 086 027 ', u'8/5/2015', 'License Number']
2015/04/03 10:49:22 - gen.res_b_WVdlc - INFO - ['WV000455', 'JOSEPH J MAURO INC', 'AIRTITE COMPANY', '640 RODI RD', 'PITTSBURGH', u'PA', u'152354524', u'0', u'412-731-2122', u' I 999 018 ', u'8/5/2015', 'License Number']
2015/04/03 10:49:22 - gen.res_b_WVdlc - INFO - ['WV000458', 'PAYNE WELL DRILLING INC', 'PAYNE WELL DRILLING INC', 'PO BOX 160', 'STEPHENSON', u'VA', u'226560160', u'0', u'540-662-4957', u' I 999 ', u'8/5/2015', 'License Number']
2015/04/03 10:49:22 - gen.res_b_WVdlc - INFO - ['WV000463', 'SUTTER ROOFING & METAL COMPANY INC', 'SUTTER ROOFING & METAL COMPANY INC', 'PO BOX 2036', 'CLARKSBURG', u'WV', u'263022036', u'17', u'304-624-6565', u' I 999 010 ', u'8/5/2015', 'License Number']
2015/04/03 10:49:22 - gen.res_b_WVdlc - INFO - ['WV000465', 'JIMMIE HARPER CONSTRUCTION INC', 'JHC TRUCKING AND RENTALS', 'PO BOX  5367', 'VIENNA', u'WV', u'26105', u'54', u'304-295-9257', u'A B C D E F G H I 999 ', u'9/5/2015', 'License Number']
2015/04/03 10:49:22 - gen.res_b_WVdlc - INFO - ['WV000469', 'MOUNTAIN STATE LOG HOMES INC', 'MOUNTAIN STATE LOG HOMES INC', 'PO BOX 679', 'JANE LEW', u'WV', u'26378', u'21', u'304-884-6641', u' B D E G H I 999 ', u'8/5/2015', 'License Number']
2015/04/03 10:49:22 - gen.res_b_WVdlc - INFO - ['WV000470', 'ALAN STONE COMPANY INC', 'ALAN STONE COMPANY INC', 'PO BOX 186', 'WILLIAMSTOWN', u'WV', u'26187', u'54', u'304-375-6484', u' C ', u'8/6/2015', 'License Number']
2015/04/03 10:49:24 - gen.res_b_WVdlc - INFO - ['WV000472', 'STEPHENS EXCAVATING INC', 'STEPHENS EXCAVATING INC', '11010 BECKLEY RD', 'HAGERSTOWN', u'MD', u'21740', u'0', u'301-582-2024', u' I 002 ', u'8/6/2015', 'License Number']
2015/04/03 10:49:24 - gen.res_b_WVdlc - INFO - ['WV000475', 'TRIMBLE ENGINEERS & CONSTRUCTORS IN', 'TRIMBLE ENGINEERS & CONSTRUCTORS IN', '2991 POINT MARION RD', 'MORGANTOWN', u'WV', u'265052944', u'20', u'304-292-9573', u' B C ', u'8/6/2015', 'License Number']
2015/04/03 10:49:24 - gen.res_b_WVdlc - INFO - ['WV000476', 'WHITE-SPUNNER CONSTRUCTION INC', 'WHITE-SPUNNER CONSTRUCTION INC', 'PO BOX 7986', 'MOBILE', u'AL', u'366700986', u'0', u'205-471-5189', u' B ', u'11/9/2015', 'License Number']
2015/04/03 10:49:24 - gen.res_b_WVdlc - INFO - ['WV000477', 'WEEKES CONSTRUCTION INC', 'WEEKES CONSTRUCTION INC', 'PO BOX 17977', 'GREENVILLE', u'SC', u'29606', u'0', u'864-233-0061', u' B ', u'8/6/2015', 'License Number']
2015/04/03 10:49:24 - gen.res_b_WVdlc - INFO - ['WV000480', 'PRELOAD INC', 'PRELOAD INC', '49 WIRELESS BLVD STE 200', 'HAUPPAUGE', u'NY', u'11788', u'0', u'631-231-8100', u' I 999 ', u'8/6/2015', 'License Number']
2015/04/03 10:49:24 - gen.res_b_WVdlc - INFO - ['WV000481', 'PI TUDOR ROOFING CO INC', 'PI TUDOR ROOFING CO INC', 'PO BOX 2871', 'HUNTINGTON', u'WV', u'25728', u'06', u'304-525-5461', u' E I 999 009 010 ', u'8/5/2015', 'License Number']
2015/04/03 10:49:24 - gen.res_b_WVdlc - INFO - ['WV000482', 'D & L WELD INC', 'D & L WELD INC', '301 WILSON ST', 'MARTINSBURG', u'WV', u'254013021', u'02', u'304-263-1149', u' B E H I 999 ', u'8/6/2015', 'License Number']
2015/04/03 10:49:24 - gen.res_b_WVdlc - INFO - ['WV000487', 'WILSON BLACKTOP CORP', 'WILSON BLACKTOP CORP', 'PO BOX 128', 'COLERAIN', u'OH', u'439160128', u'0', u'740-633-5202', u' I 999 006 ', u'8/6/2015', 'License Number']
2015/04/03 10:49:24 - gen.res_b_WVdlc - INFO - ['WV000490', 'ROGER A POWERS', 'POWERS CONSTRUCTION & CONTRACTING', '79 STARLING ESTATES', 'MORGANTOWN', u'WV', u'26508', u'31', u'304-291-0773', u'A B D E G H I 999 004 007 010 009 ', u'8/6/2015', 'License Number']
2015/04/03 10:49:24 - gen.res_b_WVdlc - INFO - ['WV000492', 'THE JAMES WHITE CONSTRUCTION COMPAN', 'THE JAMES WHITE CONSTRUCTION COMPAN', '4156 FREEDOM WAY', 'WEIRTON', u'WV', u'260625210', u'05', u'304-748-8181', u' C I 999 006 002 ', u'8/6/2015', 'License Number']
2015/04/03 10:49:24 - gen.res_b_WVdlc - INFO - ['WV000495', 'GARY MILLER CONSTRUCTION INC', 'GARY MILLER CONSTRUCTION INC', '113 HOLLIE DRIVE', 'TRIADELPHIA', u'WV', u'260599631', u'35', u'304-547-5727', u'A B C D G H ', u'11/28/2015', 'License Number']
2015/04/03 10:49:24 - gen.res_b_WVdlc - INFO - ['WV000496', 'W O GRUBB STEEL ERECTION INC', 'W O GRUBB STEEL ERECTION INC', '5120 JEFFERSON DAVIS HWY', 'RICHMOND', u'VA', u'232342276', u'0', u'804-271-9471', u' I 999 ', u'8/6/2015', 'License Number']
2015/04/03 10:49:24 - gen.res_b_WVdlc - INFO - ['WV000497', 'TRUMBO ELECTRIC INC', 'TRUMBO ELECTRIC INC', 'PO BOX 38', 'BROADWAY', u'VA', u'228150038', u'0', u'540-896-7095', u'A ', u'8/6/2015', 'License Number']
2015/04/03 10:49:24 - gen.res_b_WVdlc - INFO - ['WV000499', 'JEFFERSON ASPHALT PRODUCTS COMPANY', 'JEFFERSON ASPHALT PRODUCTS COMPANY', '175 JOHN J THOMAS WAY', 'CHARLES TOWN', u'WV', u'254140131', u'19', u'304-725-2539', u' I 016 006 002 ', u'8/6/2015', 'License Number']
2015/04/03 10:49:24 - gen.res_b_WVdlc - INFO - ['WV000501', 'SOPHIA PLUMBING COMPANY', 'SOPHIA PLUMBING COMPANY', 'PO BOX 1152', 'SOPHIA', u'WV', u'259211152', u'41', u'304-683-3640', u' D F G ', u'8/6/2015', 'License Number']
2015/04/03 10:49:24 - gen.res_b_WVdlc - INFO - ['WV000502', 'GLEN GOLDEN', 'GOLD STAR SERVICES', '90 SANDY LANE', 'BERKELEY SPRINGS', u'WV', u'25411', u'33', u'304-258-4785', u'A B C D E F G H I 999 004 007 ', u'8/6/2015', 'License Number']
2015/04/03 10:49:24 - gen.res_b_WVdlc - INFO - ['WV000506', 'CHARLES SOWERS', 'CHARLES T SOWERS BUILDERS', '68 WYCLIFF DR', 'MARTINSBURG', u'WV', u'25403', u'02', u'304-263-2656', u'A B D E G H ', u'8/6/2015', 'License Number']
2015/04/03 10:49:24 - gen.res_b_WVdlc - INFO - ['WV000507', 'D A CARPENTRY INC', 'D A CARPENTRY INC', 'PO BOX 473', 'HARPERS FERRY', u'WV', u'254250473', u'19', u'304-535-2778', u' H ', u'8/6/2015', 'License Number']
2015/04/03 10:49:24 - gen.res_b_WVdlc - INFO - ['WV000508', 'MARK SMOOT', 'MARK SMOOT PAINTING', '2724 EMMONS AVENUE', 'HUNTINGTON', u'WV', u'257021130', u'06', u'304-522-0635', u' H I 001 015 ', u'8/6/2015', 'License Number']
2015/04/03 10:49:24 - gen.res_b_WVdlc - INFO - ['WV000509', 'DAVID HUBBARD', 'HUBBARD EXCAVATION', 'PO BOX 245', 'WELLSBURG', u'WV', u'260700245', u'05', u'304-737-0363', u'A C G H I 999 007 010 009 001 ', u'8/6/2015', 'License Number']
2015/04/03 10:49:24 - gen.res_b_WVdlc - INFO - ['WV000510', 'ECHO VALLEY INC', 'ECHO VALLEY INC', '1501 PATTEM TRAIL', 'FAIRMONT', u'WV', u'26554', u'25', u'304-288-7412', u'A B C D E F G H I 999 ', u'8/6/2015', 'License Number']
2015/04/03 10:49:24 - gen.res_b_WVdlc - INFO - ['WV000512', 'TRIANGLE INCORPORATED', 'TRIANGLE INCORPORATED', 'PO BOX 697', 'HURRICANE', u'WV', u'255260697', u'40', u'304-562-6282', u' B C ', u'8/6/2015', 'License Number']
2015/04/03 10:49:24 - gen.res_b_WVdlc - INFO - ['WV000513', 'RICHARD B BEVERLEY', 'R/B ELECTRICAL CONTRACTOR', '70 COLUMBUS CT', 'MARTINSBURG', u'WV', u'25404', u'02', u'304-263-6535', u'A ', u'10/31/2015', 'License Number']
2015/04/03 10:49:24 - gen.res_b_WVdlc - INFO - ['WV000516', 'WEST VIRGINIA ELECTRIC CORPORATION', 'WEST VIRGINIA ELECTRIC CORPORATION', 'PO BOX 1587', 'FAIRMONT', u'WV', u'265551587', u'25', u'304-363-6900', u'A C I 999 ', u'8/6/2015', 'License Number']
