PhantomJS is launching GhostDriver...
[INFO  - 2015-04-03T19:04:48.004Z] GhostDriver - Main - running on port 52971
[INFO  - 2015-04-03T19:04:49.400Z] Session [4d0eaf00-da34-11e4-a734-fb6e5a4d34a5] - page.settings - {"XSSAuditingEnabled":false,"javascriptCanCloseWindows":true,"javascriptCanOpenWindows":true,"javascriptEnabled":true,"loadImages":true,"localToRemoteUrlAccessEnabled":false,"userAgent":"Mozilla/5.0 (Windows NT 6.2; WOW64) AppleWebKit/534.34 (KHTML, like Gecko) PhantomJS/1.9.8 Safari/534.34","webSecurityEnabled":true}
[INFO  - 2015-04-03T19:04:49.400Z] Session [4d0eaf00-da34-11e4-a734-fb6e5a4d34a5] - page.customHeaders:  - {}
[INFO  - 2015-04-03T19:04:49.400Z] Session [4d0eaf00-da34-11e4-a734-fb6e5a4d34a5] - Session.negotiatedCapabilities - {"browserName":"phantomjs","version":"1.9.8","driverName":"ghostdriver","driverVersion":"1.1.0","platform":"windows-8-32bit","javascriptEnabled":true,"takesScreenshot":true,"handlesAlerts":false,"databaseEnabled":false,"locationContextEnabled":false,"applicationCacheEnabled":false,"browserConnectionEnabled":false,"cssSelectorsEnabled":true,"webStorageEnabled":false,"rotatable":false,"acceptSslCerts":false,"nativeEvents":true,"proxy":{"proxyType":"direct"}}
[INFO  - 2015-04-03T19:04:49.400Z] SessionManagerReqHand - _postNewSessionCommand - New Session Created: 4d0eaf00-da34-11e4-a734-fb6e5a4d34a5
[ERROR - 2015-04-03T19:04:53.100Z] Session [4d0eaf00-da34-11e4-a734-fb6e5a4d34a5] - page.onError - msg: TypeError: 'undefined' is not an object (evaluating 'node.tagName')
[ERROR - 2015-04-03T19:04:53.100Z] Session [4d0eaf00-da34-11e4-a734-fb6e5a4d34a5] - page.onError - stack:
  (anonymous function) (http://bi.labor.ny.gov/ibmcognos/rv/cvselection.js:2016)
  (anonymous function) (http://bi.labor.ny.gov/ibmcognos/rv/CDrillManager.js:278)
  CMainWnd_pageClicked (http://bi.labor.ny.gov/ibmcognos/rv/cv.js:1921)
  onclick (http://bi.labor.ny.gov/ibmcognos/cgi-bin/cognosisapi.dll?b_action=cognosViewer&ui.action=run&ui.object=%2fcontent%2fpackage%5b%40name%3d%27WPS%20Reports%27%5d%2freport%5b%40name%3d%27Active%20Asbestos%20Contractors%27%5d&ui.name=Active%20Asbestos%20Contractors&run.outputFormat=&run.prompt=truehttp://bi.labor.ny.gov/ibmcognos/cgi-bin/cognosisapi.dll?b_action=cognosViewer&ui.action=run&ui.object=%2fcontent%2fpackage%5b%40name%3d%27WPS%20Reports%27%5d%2freport%5b%40name%3d%27Active%20Asbestos%20Contractors%27%5d&ui.name=Active%20Asbestos%20Contractors&run.outputFormat=HTML&run.prompt=true&cv.toolbar=false&cv.header=false:120)
[ERROR - 2015-04-03T19:04:53.158Z] Session [4d0eaf00-da34-11e4-a734-fb6e5a4d34a5] - page.onError - msg: TypeError: 'undefined' is not an object (evaluating 'node.nodeType')
[ERROR - 2015-04-03T19:04:53.158Z] Session [4d0eaf00-da34-11e4-a734-fb6e5a4d34a5] - page.onError - stack:
  (anonymous function) (http://bi.labor.ny.gov/ibmcognos/rv/cvselection.js:3008)
  onmousemove (http://bi.labor.ny.gov/ibmcognos/cgi-bin/cognosisapi.dll?b_action=cognosViewer&ui.action=run&ui.object=%2fcontent%2fpackage%5b%40name%3d%27WPS%20Reports%27%5d%2freport%5b%40name%3d%27Active%20Asbestos%20Contractors%27%5d&ui.name=Active%20Asbestos%20Contractors&run.outputFormat=&run.prompt=truehttp://bi.labor.ny.gov/ibmcognos/cgi-bin/cognosisapi.dll?b_action=cognosViewer&ui.action=run&ui.object=%2fcontent%2fpackage%5b%40name%3d%27WPS%20Reports%27%5d%2freport%5b%40name%3d%27Active%20Asbestos%20Contractors%27%5d&ui.name=Active%20Asbestos%20Contractors&run.outputFormat=HTML&run.prompt=true&cv.toolbar=false&cv.header=false:120)
[ERROR - 2015-04-03T19:04:53.174Z] Session [4d0eaf00-da34-11e4-a734-fb6e5a4d34a5] - page.onError - msg: TypeError: 'undefined' is not an object (evaluating 'node.tagName')
[ERROR - 2015-04-03T19:04:53.174Z] Session [4d0eaf00-da34-11e4-a734-fb6e5a4d34a5] - page.onError - stack:
  (anonymous function) (http://bi.labor.ny.gov/ibmcognos/rv/cvselection.js:2016)
  (anonymous function) (http://bi.labor.ny.gov/ibmcognos/rv/CDrillManager.js:278)
  CMainWnd_pageClicked (http://bi.labor.ny.gov/ibmcognos/rv/cv.js:1921)
  onclick (http://bi.labor.ny.gov/ibmcognos/cgi-bin/cognosisapi.dll?b_action=cognosViewer&ui.action=run&ui.object=%2fcontent%2fpackage%5b%40name%3d%27WPS%20Reports%27%5d%2freport%5b%40name%3d%27Active%20Asbestos%20Contractors%27%5d&ui.name=Active%20Asbestos%20Contractors&run.outputFormat=&run.prompt=truehttp://bi.labor.ny.gov/ibmcognos/cgi-bin/cognosisapi.dll?b_action=cognosViewer&ui.action=run&ui.object=%2fcontent%2fpackage%5b%40name%3d%27WPS%20Reports%27%5d%2freport%5b%40name%3d%27Active%20Asbestos%20Contractors%27%5d&ui.name=Active%20Asbestos%20Contractors&run.outputFormat=HTML&run.prompt=true&cv.toolbar=false&cv.header=false:120)
