2015/03/24 16:56:20 - fir.a_c_ALfmo - INFO -  -  -  -  -  -  -  -  -  -  -  -  -  -  -  -  -  -  -  -  -  -  -  -  -  -  -  -  -  -  - 
2015/03/24 16:56:20 - fir.a_c_ALfmo - DEBUG - 166
2015/03/24 16:56:20 - fir.a_c_ALfmo - INFO - [u'', u'A METRO LLC', u'555 SPARKMAN DR SUITE 1616 HUNTSVILLE, AL 35816', u'(256) 721-0400', u'A-0327', u'Approved', u'LEONARD HUNTER', u'Approved', u'NICET IV', u'10/1/2014', u'9/30/2015']
2015/03/24 16:56:20 - fir.a_c_ALfmo - INFO - [u'', u'A-Com Protection Services', u'7521 VETERANS PARKWAY COLUMBUS, GA 31909', u'(706) 322-1870', u'A-0487', u'Approved', u'Charles Capps', u'Approved', u'NICET III', u'12/5/2014', u'9/30/2015']
2015/03/24 16:56:20 - fir.a_c_ALfmo - INFO - [u'', u'ACCEL ALARM SYSTEMS, INC', u'638 E. WILLOW STREET SCOTTSBORO, AL 35768', u'(256) 508-3031', u'A-0227', u'Approved', u'FORREST GREGORY', u'Approved', u'NICET III', u'11/25/2014', u'9/30/2015']
2015/03/24 16:56:20 - fir.a_c_ALfmo - INFO - [u'', u'ADS SECURITY, L.P.', u'100 OXMOOR BLVD SUITE 120 HOMEWOOD, AL 35209', u'(205) 945-7001', u'A-0269', u'Approved', u'JONATHAN NORRIS', u'Approved', u'NICET III', u'10/1/2014', u'9/30/2015']
2015/03/24 16:56:20 - fir.a_c_ALfmo - INFO - [u'', u'ADS SECURITY, L.P.', u'500 WYNN DRIVE, SUITE 511 HUNTSVILLE, AL 35816', u'(256) 721-0122', u'A-0299', u'Approved', u'M. ARMSTRONG', u'Approved', u'NICET III', u'10/1/2014', u'9/30/2015']
2015/03/24 16:56:20 - fir.a_c_ALfmo - INFO - [u'', u'ADT LLC', u'1501 YAMATO ROAD BOCA RATON, FL 33431', u'(561) 988-3700', u'A-0442', u'Approved', u'STANFORD CARLTON', u'Approved', u'NICET IV', u'10/1/2014', u'9/30/2015']
2015/03/24 16:56:20 - fir.a_c_ALfmo - INFO - [u'', u'Advanced Cabling Systems', u'4950 NORTHSHORE LANE N. LITTLE ROCK, AR 72118', u'(501) 568-9599', u'A-0560', u'Approved', u'Michael White', u'Approved', u'NICET III', u'12/5/2014', u'9/30/2015']
2015/03/24 16:56:20 - fir.a_c_ALfmo - INFO - [u'', u'ADVANCED DETECTION SECURITY OF MOBILE INC', u'3751-A COTTAGE HILL ROAD MOBILE, AL 36609', u'(251) 665-4868', u'A-0261', u'Approved', u'MALACHI BREED', u'Approved', u'NICET III', u'10/3/2014', u'9/30/2015']
2015/03/24 16:56:20 - fir.a_c_ALfmo - INFO - [u'', u'ADVANCED INTEGRATED SECURITY, LLC', u'1111 EAST I-65 SEVICE ROAD EAST SUI MOBILE, AL 36606', u'(251) 380-1501', u'A-0478', u'Approved', u'Thomas Rose', u'Approved', u'NICET IV', u'11/11/2014', u'9/30/2015']
2015/03/24 16:56:20 - fir.a_c_ALfmo - INFO - [u'', u'ADVANCED MANAGEMENT GROUP LLC', u'6275 UNIVERSITY BLVD, SUITE 37 HUNTSVILLE, AL 35806', u'(321) 567-4912', u'A-0353', u'Approved', u'JOHN HAGEN', u'Approved', u'NICET IV', u'10/1/2014', u'9/30/2015']
2015/03/24 16:56:20 - fir.a_c_ALfmo - INFO - [u'', u'AFA PROTECTIVE SYSTEMS, INC', u'805 FRANKLIN COURT SUITE C MARIETTA, GA 30067', u'(770) 794-9000', u'A-0364', u'Approved', u'MICHAEL KIPP', u'Approved', u'NICET IV', u'11/6/2014', u'9/30/2015']
2015/03/24 16:56:20 - fir.a_c_ALfmo - INFO - [u'', u'ALABAMA ALARM COMPANY INC', u'1644 13TH STREET SOUTH BIRMINGHAM, AL 35205', u'(205) 322-6062', u'A-0368', u'Approved', u'DOUGLAS WILLIAMSON', u'Approved', u'NICET III', u'10/14/2014', u'9/30/2015']
2015/03/24 16:56:20 - fir.a_c_ALfmo - INFO - [u'', u'ALABAMA FIRE ALARM LLC', u'232 SKIDMORE ROAD DECATUR, AL 35603', u'(256) 616-3754', u'A-0472', u'Approved', u'Jeffrey Jones', u'Approved', u'NICET III', u'11/18/2014', u'9/30/2015']
2015/03/24 16:56:20 - fir.a_c_ALfmo - INFO - [u'', u'Alarm Contractor Southeast, LLC', u'1441 EASTERN VALLEY RD BESSEMER, AL 35022', u'(256) 278-0314', u'A-0544', u'Approved', u'Mark Acosta', u'Approved', u'NICET IV', u'10/1/2014', u'9/30/2015']
2015/03/24 16:56:20 - fir.a_c_ALfmo - INFO - [u'', u'Alarmco, Inc.', u'1675 N. MITCHELL STREET BOISE, ID 83704', u'(208) 376-9731', u'A-0555', u'Approved', u'Jason Babien', u'Approved', u'NICET III', u'10/4/2014', u'9/30/2015']
2015/03/24 16:56:20 - fir.a_c_ALfmo - INFO - [u'', u'ALL STAR FIRE LLC', u'3284 MEDLOCK BRIDGE ROAD, SUITE 300 NORCROSS, GA 30092', u'(678) 691-0011', u'A-0348', u'Approved', u'STEPHEN HUTTON', u'Approved', u'NICET IV', u'10/1/2014', u'9/30/2015']
2015/03/24 16:56:20 - fir.a_c_ALfmo - INFO - [u'', u'ALLIANCE FIRE PROTECTION SERVICES INC', u'6100 HWY 20 LOGANVILLE, GA 30052', u'(770) 554-5004', u'A-0207', u'Approved', u'RONDA PARKS', u'Approved', u'NICET III', u'10/1/2014', u'9/30/2015']
2015/03/24 16:56:20 - fir.a_c_ALfmo - INFO - [u'', u'AMTECK, LLC', u'2421 FORTUNE DRIVE SUITE 150 LEXINGTON, KY 40509', u'(859) 255-9546', u'A-0435', u'Approved', u'JOHN COVERT, II', u'Approved', u'NICET III', u'2/6/2015', u'9/30/2015']
2015/03/24 16:56:20 - fir.a_c_ALfmo - INFO - [u'', u'Antaean Technology LLC', u'1590 NORTH ROBERTS ROAD, SUITE 209 KENNESAW, GA 30144', u'(678) 574-5151', u'A-0486', u'Approved', u'Douglas Faries', u'Approved', u'NICET IV', u'10/1/2014', u'9/30/2015']
2015/03/24 16:56:20 - fir.a_c_ALfmo - INFO - [u'', u'ARENA FIRE PROTECTION INC', u'21312 STATE ROAD MOSS POINT, MS 39562', u'(228) 588-3440', u'A-0404', u'Approved', u'DAVID MILLER', u'Approved', u'AL. P. E.', u'10/1/2014', u'9/30/2015']
2015/03/24 16:56:20 - fir.a_c_ALfmo - INFO - [u'', u'AUDIO PLUS LLC', u'606 E NASHVILLE AVE ATMORE, AL 36502', u'(251) 368-2081', u'A-0239', u'Approved', u'JAMES HELTON', u'Approved', u'NICET III', u'10/28/2014', u'9/30/2015']
2015/03/24 16:56:20 - fir.a_c_ALfmo - INFO - [u'', u'AUTOMATIC DETECTION SYSTEMS INC', u'840 GILLILAND ROAD BLOUNTSVILLE, AL 35031', u'(205) 456-0108', u'A-0235', u'Approved', u'JAMES BROTHERS, SR', u'Approved', u'NICET III', u'1/28/2015', u'9/30/2015']
2015/03/24 16:56:20 - fir.a_c_ALfmo - INFO - [u'', u'Automatic Fire Systems, Inc.', u'901 ALTON PARKWAY BIRMINGHAM, AL 35210', u'(205) 661-3388', u'A-0529', u'Approved', u'Richard Carroll', u'Approved', u'NICET III', u'10/15/2014', u'9/30/2015']
2015/03/24 16:56:20 - fir.a_c_ALfmo - INFO - [u'', u'AUTOMATIC SPRINKLER OF TEXAS', u'PO BOX 382091 DUNCANVILLE, TX 75138', u'(972) 298-2772', u'A-0559', u'Approved', u'TYLER MOBLEY', u'Approved', u'NICET III', u'11/14/2014', u'9/30/2015']
2015/03/24 16:56:20 - fir.a_c_ALfmo - INFO - [u'', u'BBC SYSTEMS INC', u'7017 WALL TRIANA HWY SUITE F MADISON, AL 35757', u'(256) 774-7250', u'A-0324', u'Approved', u'BILLY CHANCELLOR JR', u'Approved', u'NICET III', u'2/17/2015', u'9/30/2015']
2015/03/24 16:56:20 - fir.a_c_ALfmo - INFO - [u'', u'Birmingham Electrical Contractors, Inc', u'5299 SOUTHLAND CIRCLE BESSEMER, AL 35022', u'(205) 277-9845', u'A-0512', u'Approved', u'Joeseph Miliano', u'Approved', u'NICET IV', u'10/1/2014', u'9/30/2015']
2015/03/24 16:56:20 - fir.a_c_ALfmo - INFO - [u'', u'Birmingham Electrical Contractors, Inc', u'5299 SOUTHLAND CIRCLE BESSEMER, AL 35022', u'(205) 277-9845', u'A-0512', u'Approved', u'Justin Warren', u'Approved', u'NICET III', u'1/14/2015', u'9/30/2015']
2015/03/24 16:56:20 - fir.a_c_ALfmo - INFO - [u'', u'Blackwater Technologies', u'12585 OLD HIGHWAY 280, SUITE 106 CHELSEA, AL 35043', u'(205) 936-9531', u'A-0444', u'Approved', u'Barry Thomas', u'Approved', u'NICET IV', u'10/1/2014', u'9/30/2015']
2015/03/24 16:56:20 - fir.a_c_ALfmo - INFO - [u'', u'Blue Ridge Security System, Inc.', u'1212 N. FANT STREET ANDERSON, SC 29621', u'(864) 716-4505', u'A-0501', u'Approved', u'David Whittington', u'Approved', u'NICET IV', u'10/1/2014', u'9/30/2015']
2015/03/24 16:56:20 - fir.a_c_ALfmo - INFO - [u'', u'Bright Future Electric,LLC', u'3420 RICHARD ARRINGTON JR BLVD N BIRMINGHAM, AL 35234', u'(205) 326-1409', u'A-0424', u'Approved', u'SCOTT McBRIDE', u'Approved', u'NICET III', u'10/1/2014', u'9/30/2015']
2015/03/24 16:56:20 - fir.a_c_ALfmo - INFO - [u'', u'BUILDING SYSTEMS TECHNOLOGY', u'9580 MADISON BLVD  SUITE 9 MADISON, AL 35758', u'(256) 880-6611', u'A-0443', u'Approved', u'ROBERT RICHTER', u'Approved', u'NICET III', u'11/19/2014', u'9/30/2015']
2015/03/24 16:56:20 - fir.a_c_ALfmo - INFO - [u'', u'CANTERBURY ELECTRIC', u'225 20TH AVE SOUTH BIRMINGHAM, AL 35205', u'(205) 324-5542', u'A-0440', u'Approved', u'WILLIAM CANTERBURY', u'Approved', u'NICET III', u'10/1/2014', u'9/30/2015']
2015/03/24 16:56:20 - fir.a_c_ALfmo - INFO - [u'', u'CDI CONTRACTORS LLC', u'3000 CANTRELL ROAD LITTLE ROCK, AR 72203', u'(501) 851-9551', u'A-0290', u'Approved', u'STEVEN BOYD', u'Approved', u'NICET IV', u'1/8/2015', u'9/30/2015']
2015/03/24 16:56:20 - fir.a_c_ALfmo - INFO - [u'', u'Central Fire Protection, Inc.', u'41 WEST PARK CIRCLE BIRMINGHAM, AL 35211', u'(205) 942-0200', u'A-0447', u'Approved', u'William Dotson', u'Approved', u'NICET III', u'10/22/2014', u'9/30/2015']
2015/03/24 16:56:20 - fir.a_c_ALfmo - INFO - [u'', u'CENTRAL STATION INC', u'500 GENE REED ROAD SUITE 202 BIRMINGHAM, AL 35215', u'(205) 838-4145', u'A-0259', u'Approved', u'DON MINYARD', u'Approved', u'NICET IV', u'10/1/2014', u'9/30/2015']
2015/03/24 16:56:20 - fir.a_c_ALfmo - INFO - [u'', u'CENTURY FIRE PROTECTION LLC', u'2450 MEADOWBROOK PARKWAY DULUTH, GA 30096', u'(770) 945-2330', u'A-0419', u'Approved', u'JOSEPH KONENKAMP', u'Approved', u'NICET IV', u'10/1/2014', u'9/30/2015']
2015/03/24 16:56:20 - fir.a_c_ALfmo - INFO - [u'', u'CERTIFIED ALARM COMPANY OF ALABAMA INC', u'2904 N. JACKSON HWY SHEFFIELD, AL 35660', u'(256) 383-1225', u'A-0276', u'Approved', u'EDWARD BUCKLEY JR', u'Approved', u'NICET III', u'10/11/2014', u'9/30/2015']
2015/03/24 16:56:20 - fir.a_c_ALfmo - INFO - [u'', u'CHARTER FIRE SYSTEMS. INC', u'133 BELCHER DRIVE PELHAM, AL 35124', u'(205) 982-3301', u'A-0387', u'Approved', u'TIMOTHY BURGETT', u'Approved', u'NICET IV', u'10/3/2014', u'9/30/2015']
2015/03/24 16:56:20 - fir.a_c_ALfmo - INFO - [u'', u'Checkview Corporation', u'8180 UPLAND CIRCLE CHANHASSEN, MN 55317', u'(952) 227-5885', u'A-0516', u'Approved', u'\xa0', u'Approved', u'\xa0', u'10/1/2014', u'9/30/2015']
2015/03/24 16:56:20 - fir.a_c_ALfmo - INFO - [u'', u'Checkview Corporation', u'8180 UPLAND CIRCLE CHANHASSEN, MN 55317', u'(214) 274-4570', u'A-0516', u'Approved', u'Donald Riley', u'Approved', u'NICET IV', u'3/4/2015', u'9/30/2015']
2015/03/24 16:56:20 - fir.a_c_ALfmo - INFO - [u'', u'COLE EQUIPMENT INC', u'2805 HIGHWAY 31 SOUTH PELHAM, AL 35124', u'(205) 663-9940', u'A-0223', u'Approved', u'Joel Remson', u'Approved', u'NICET III', u'10/1/2014', u'9/30/2015']
2015/03/24 16:56:20 - fir.a_c_ALfmo - INFO - [u'', u'COLIANT SOLUTIONS INC', u'2703 BRICKTON NORTH DR BUFORD, GA 30518', u'(770) 614-3454', u'A-0234', u'Approved', u'CALVIN JOHNSON', u'Approved', u'NICET III', u'10/1/2014', u'9/30/2015']
2015/03/24 16:56:20 - fir.a_c_ALfmo - INFO - [u'', u'COLUMBUS FIRE & SAFETY EQUIPMENT COMPANY INC', u'3101 2ND AVENUE COLUMBUS, GA 31904', u'(706) 323-8010', u'A-0294', u'Approved', u'JAMES WILLIAMS', u'Approved', u'NICET IV', u'10/1/2014', u'9/30/2015']
2015/03/24 16:56:20 - fir.a_c_ALfmo - INFO - [u'', u'COMPUTERIZED SECURITY SYSTEMS INC', u'25054 STATE STREET ELBERTA, AL 36530', u'(251) 943-3833', u'A-0397', u'Approved', u'DENNIS PIETA', u'Approved', u'NICET III', u'10/11/2014', u'9/30/2015']
2015/03/24 16:56:20 - fir.a_c_ALfmo - INFO - [u'', u'Continental Fire Sprinkler dba Contintenal Alarm a', u'4518  S 133RD ST OMAHA, NE 68137', u'(402) 330-5170', u'A-0540', u'Approved', u'Stangl Travis', u'Approved', u'NICET III', u'10/1/2014', u'9/30/2015']
2015/03/24 16:56:20 - fir.a_c_ALfmo - INFO - [u'', u'Convergint Technologies, LLC', u'1555 OAKBROOK DRIVE, STE 165 NORCROSS, GA 30093', u'(770) 840-7007', u'A-0464', u'Approved', u'Lee Smith', u'Approved', u'NICET III', u'10/1/2014', u'9/30/2015']
2015/03/24 16:56:20 - fir.a_c_ALfmo - INFO - [u'', u'COPELAND FIRE & SECURITY INC', u'113 MEDICAL CENTER DRIVE PRATTVILLE, AL 36066', u'(334) 365-8392', u'A-0243', u'Approved', u'KENNETH COPELAND', u'Approved', u'NICET III', u'10/1/2014', u'9/30/2015']
2015/03/24 16:56:20 - fir.a_c_ALfmo - INFO - [u'', u'Copeland Security GROUP INC', u'113 MEDICAL CENTER DRIVE PRATTVILLE, AL 36066', u'(334) 365-8392', u'A-0556', u'Approved', u'Justin Copeland', u'Approved', u'NICET III', u'10/18/2014', u'9/30/2015']
2015/03/24 16:56:20 - fir.a_c_ALfmo - INFO - [u'', u'CORNERSTONE SECURITY INC', u'5600 OAKBROOK PARKWAY, ST 240 NORCROSS, GA 30093', u'(770) 448-9042', u'A-0360', u'Approved', u'DAREN HOEFFNER', u'Approved', u'NICET III', u'10/1/2014', u'9/30/2015']
2015/03/24 16:56:20 - fir.a_c_ALfmo - INFO - [u'', u'Creative Security Systems, LLC', u'581-E GEORGE TODD DRIVE MONTGOMERY, AL 36117', u'(334) 244-2251', u'A-0423', u'Approved', u'Shelton Mangum', u'Approved', u'NICET IV', u'10/1/2014', u'9/30/2015']
2015/03/24 16:56:20 - fir.a_c_ALfmo - INFO - [u'', u'CRS Fire & Security, LLC', u'2523 S. BAY SPRINGS ROAD DOTHAN, AL 36305', u'(334) 655-9217', u'A-0553', u'Approved', u'David Thomas', u'Approved', u'NICET IV', u'10/1/2014', u'9/30/2015']
2015/03/24 16:56:20 - fir.a_c_ALfmo - INFO - [u'', u'Davids Enterprises LLC of Santa Rosa', u'7988 TWIN LAKE DRIVE MILTON, FL 32583', u'(850) 665-4412', u'A-0564', u'Approved', u'David Keziah', u'Approved', u'NICET IV', u'1/28/2015', u'9/30/2015']
2015/03/24 16:56:20 - fir.a_c_ALfmo - INFO - [u'', u'DIEBOLD INCORPORATED', u'301F CAHABA VALLEY PKWY N PELHAM, AL 35124', u'(330) 899-1911', u'A-0040', u'Approved', u'CHRISTOPHER JOHNSON', u'Approved', u'NICET III', u'2/20/2015', u'9/30/2015']
2015/03/24 16:56:20 - fir.a_c_ALfmo - INFO - [u'', u'DIVERSIFIED ALARM SERVICES', u'725 KELLY FITZPATRICK DRIVE WETUMPKA, AL 36092', u'(334) 567-4681', u'A-0298', u'Approved', u'MARK BROWN', u'Approved', u'NICET III', u'10/8/2014', u'9/30/2015']
2015/03/24 16:56:20 - fir.a_c_ALfmo - INFO - [u'', u'DIVERSIFIED INTEGRATED SYSTEMS CORP', u'918 PLANTATION WAY MONTGOMERY, AL 36117', u'(334) 272-5630', u'A-0311', u'Approved', u'JAMES ADAMSON', u'Approved', u'NICET III', u'10/1/2014', u'9/30/2015']
2015/03/24 16:56:20 - fir.a_c_ALfmo - INFO - [u'', u'Dynamic Fire Protection, LLC', u'9771 MS HWY STARKVILLE, MS 39759', u'(662) 324-1550', u'A-0514', u'Approved', u'Robert Pittman', u'Approved', u'NICET III', u'10/1/2014', u'9/30/2015']
2015/03/24 16:56:20 - fir.a_c_ALfmo - INFO - [u'', u'E.S.S.INC', u'5774 EAST SHIRLEY LANE MONTGOMERY, AL 36117', u'(334) 279-9141', u'A-0289', u'Approved', u'MATTHEW MARTIN', u'Approved', u'NICET III', u'10/10/2014', u'9/30/2015']
2015/03/24 16:56:20 - fir.a_c_ALfmo - INFO - [u'', u'EAGLE FIRE INC', u'7459 WHITE PINE ROAD RICHMOND, VA 23237', u'(804) 743-2500', u'A-0272', u'Approved', u'ROBERT AUSTIN', u'Approved', u'NICET III', u'10/1/2014', u'9/30/2015']
2015/03/24 16:56:20 - fir.a_c_ALfmo - INFO - [u'', u'ELECTRONIC SALES CO INC', u'271 HILTON DR GAINSVILLE, GA 30501', u'(770) 532-3334', u'A-0496', u'Approved', u'PATRICK PACE', u'Approved', u'NICET IV', u'2/20/2015', u'9/30/2015']
2015/03/24 16:56:20 - fir.a_c_ALfmo - INFO - [u'', u'Engineered Low Voltage Electronic Systems, LLC', u'1115 14TH STREET COLUMBUS, GA 31901', u'(706) 324-1005', u'A-0463', u'Approved', u'Jason White', u'Approved', u'NICET III', u'10/1/2014', u'9/30/2015']
2015/03/24 16:56:20 - fir.a_c_ALfmo - INFO - [u'', u'F. E. MORAN, INC ALARM & MONITORING SERVICES', u'201 W UNIVERSITY AVE CHAMPAIGN, IL 61820', u'(214) 403-6444', u'A-0401', u'Approved', u'\xa0', u'Approved', u'\xa0', u'10/1/2014', u'9/30/2015']
2015/03/24 16:56:20 - fir.a_c_ALfmo - INFO - [u'', u'Facility Services Management, Inc.', u'1031 PROGRESS DRIVE CLARKSVILLE, TN 37040', u'(931) 552-7044', u'A-0550', u'Approved', u'Fred Peters', u'Approved', u'NICET III', u'10/1/2014', u'9/30/2015']
2015/03/24 16:56:20 - fir.a_c_ALfmo - INFO - [u'', u'FAMCO LLC', u'1525 WEST STREET MONTGOMERY, AL 36106', u'(334) 277-0300', u'A-0216', u'Approved', u'JOHN FOLLETT', u'Approved', u'NICET IV', u'10/1/2014', u'9/30/2015']
2015/03/24 16:56:20 - fir.a_c_ALfmo - INFO - [u'', u'Fire & Life Safety America, Inc.', u'4025 STEVE REYNOLDS BLVD SUITE 100 NORCROSS, GA 30063', u'(804) 222-1381', u'A-0371', u'Approved', u'GILBERT JARMAN', u'Approved', u'NICET III OR HI', u'10/1/2014', u'9/30/2015']
2015/03/24 16:56:20 - fir.a_c_ALfmo - INFO - [u'', u'FIRE ALARM SYSTEM TECHNOLOGY', u'104 STRATHMORE LANE PEACHTREE CITY, GA 30269', u'(770) 631-3722', u'A-0318', u'Approved', u'JAMES CERAME', u'Approved', u'NICET III', u'10/1/2014', u'9/30/2015']
2015/03/24 16:56:20 - fir.a_c_ALfmo - INFO - [u'', u'FIRE CONTROL SYSTEMS INC', u'1420 W ROBERTS ROAD CANTONMENT, FL 32533', u'(850) 968-3877', u'A-0354', u'Approved', u'CHRISTOPHER PECORE', u'Approved', u'NICET IV', u'10/1/2014', u'9/30/2015']
2015/03/24 16:56:20 - fir.a_c_ALfmo - INFO - [u'', u'Fire Solutions, Inc.', u'801 COMMERCE DRIVE GULF SHORES, AL 36542', u'(251) 975-5555', u'A-0532', u'Approved', u'Michael Hinton', u'Approved', u'NICET III', u'2/24/2015', u'9/30/2015']
2015/03/24 16:56:20 - fir.a_c_ALfmo - INFO - [u'', u'FIREPRO LLC', u'25187 HUNTSVILLE BROWNSFERRY ROAD MADISON, AL 35756', u'(256) 230-2772', u'A-0249', u'Approved', u'COLIN PHILLIPS', u'Approved', u'NICET III', u'10/1/2014', u'9/30/2015']
2015/03/24 16:56:20 - fir.a_c_ALfmo - INFO - [u'', u'FIRETROL PROTECTION SYSTEMS INC', u'4480 HALLS MILLS ROAD SUITE -B MOBILE, AL 36693', u'(251) 661-1699', u'A-0203', u'Approved', u'DAVID SHUFORD', u'Approved', u'NICET III', u'10/1/2014', u'9/30/2015']
2015/03/24 16:56:20 - fir.a_c_ALfmo - INFO - [u'', u'FULLER FIRE & SAFETY EQUIPMENT INC', u'2002 SECOND AVE COLUMBUS, AL 31901', u'(706) 327-1138', u'A-0274', u'Approved', u'BOBBY FULLER', u'Approved', u'NICET III', u'10/1/2014', u'9/30/2015']
2015/03/24 16:56:20 - fir.a_c_ALfmo - INFO - [u'', u"FURLONG'S SECURITY INC", u'3344 ATLANTA HWY MONTGOMERY, AL 36109', u'(334) 271-2222', u'A-0378', u'Approved', u'FRANKIE NIX JR.', u'Approved', u'NICET III', u'10/1/2014', u'9/30/2015']
2015/03/24 16:56:20 - fir.a_c_ALfmo - INFO - [u'', u'Fyr Fyter Sales and Service, Inc.', u'608 SOUTH BROAD STREET MOBILE, AL 36603', u'(251) 432-1625', u'A-0542', u'Approved', u'DENNIS HURST', u'Approved', u'NICET III', u'10/31/2014', u'9/30/2015']
2015/03/24 16:56:20 - fir.a_c_ALfmo - INFO - [u'', u'G & G ELECTRONICS INC', u'8352 FORTSON COURT FORTSON, GA 31808', u'(706) 324-1661', u'A-0400', u'Approved', u'JAMES CAMPBELL', u'Approved', u'NICET IV', u'10/1/2014', u'9/30/2015']
2015/03/24 16:56:20 - fir.a_c_ALfmo - INFO - [u'', u'GALLAHER & ASSOCIATES INC', u'3351 REGAL DRIVE ALCOA, TN 37701', u'(865) 970-2471', u'A-0319', u'Approved', u'RANDALL DAVIS', u'Approved', u'NICET III', u'10/1/2014', u'9/30/2015']
2015/03/24 16:56:20 - fir.a_c_ALfmo - INFO - [u'', u'Garland Systems, Inc.', u'3642 DOUBLE S RD. DAYTON, TN 37321', u'(423) 775-0093', u'A-0563', u'Approved', u'George Garland', u'Approved', u'NICET IV', u'1/15/2015', u'9/30/2015']
2015/03/24 16:56:20 - fir.a_c_ALfmo - INFO - [u'', u'GEMAS INC', u'2701 PINE STREET ALTON, AL 35015', u'(205) 836-0359', u'A-0255', u'Approved', u'JEFFERY MILAM', u'Approved', u'NICET III', u'10/1/2014', u'9/30/2015']
2015/03/24 16:56:20 - fir.a_c_ALfmo - INFO - [u'', u'GLOBAL FIRE SPRINKLERS', u'4242 BRYSON BLVD FLORENCE, AL 35630', u'(256) 740-5633', u'A-0451', u'Approved', u'Jimmy Thrasher', u'Approved', u'NICET III', u'10/1/2014', u'9/30/2015']
2015/03/24 16:56:20 - fir.a_c_ALfmo - INFO - [u'', u'GSI SERVICES LLC DBA GLOBAL SECURITY INTL', u'8757 RAND AVENUE SUITE B DAPHNE, AL 36526', u'(251) 621-0770', u'A-0426', u'Approved', u'HENRY MURPHY', u'Approved', u'NICET IV', u'12/19/2014', u'9/30/2015']
2015/03/24 16:56:20 - fir.a_c_ALfmo - INFO - [u'', u'GUARDIAN OF GEORGIA INC', u'1346 OAKBROOK DRIVE SUITE 175 ATLANTA, GA 30093', u'(770) 552-1111', u'A-0238', u'Approved', u'MICHAEL SIEBERT', u'Approved', u'NICET IV', u'10/1/2014', u'9/30/2015']
2015/03/24 16:56:20 - fir.a_c_ALfmo - INFO - [u'', u'HAGEMEYER NORTH AMERICA', u'4300 PASADENA FREEWAY PASADENA, TX 77503', u'(713) 456-1030', u'A-0139', u'Approved', u'WAYNE RADCLIFF', u'Approved', u'NICET III', u'10/1/2014', u'9/30/2015']
2015/03/24 16:56:20 - fir.a_c_ALfmo - INFO - [u'', u'HARRIS SECURITY SYSTEMS INC', u'2780 U. S. HWY 231 SOUTH OZARK, AL 36360', u'(334) 774-8564', u'A-0201', u'Approved', u'CHUCK WHITE', u'Approved', u'NICET IV', u'10/1/2014', u'9/30/2015']
2015/03/24 16:56:20 - fir.a_c_ALfmo - INFO - [u'', u'HARRIS SECURITY SYSTEMS INC', u'2780 U.S. HWY 231 SOUTH OZARK, AL 36360', u'(334) 774-8564', u'A-0352', u'Approved', u'GEORGE HARRIS', u'Approved', u'NICET IV', u'10/1/2014', u'9/30/2015']
2015/03/24 16:56:20 - fir.a_c_ALfmo - INFO - [u'', u'HCS FIRE PROTECTION INC', u'1455 WEST DRIVE LAUREL, MS 39440', u'(601) 399-4800', u'A-0334', u'Approved', u'TIMOTHY WEBB', u'Approved', u'NICET III', u'12/10/2014', u'9/30/2015']
2015/03/24 16:56:20 - fir.a_c_ALfmo - INFO - [u'', u'HONEYWELL INTERNATIONAL, INC', u'2100 RIVERCHASE CENTER BIRMINGHAM, AL 35244', u'(205) 945-3516', u'A-0251', u'Approved', u'JAMES COYLE', u'Approved', u'NICET III', u'10/1/2014', u'9/30/2015']
2015/03/24 16:56:20 - fir.a_c_ALfmo - INFO - [u'', u'HUNTER SECURITY INC', u'28228 N MAIN STREET DAPHNE, AL 36526', u'(251) 626-5112', u'A-0282', u'Approved', u'FRANK HENNING', u'Approved', u'NICET IV', u'10/1/2014', u'9/30/2015']
2015/03/24 16:56:20 - fir.a_c_ALfmo - INFO - [u'', u'ICS, Inc.', u'22485 HWY 11 STEELE, AL 35987', u'(205) 594-4918', u'A-0552', u'Approved', u'Wendall Morgan Jr', u'Approved', u'NICET III', u'10/1/2014', u'9/30/2015']
2015/03/24 16:56:20 - fir.a_c_ALfmo - INFO - [u'', u'INFIRMARY HEALTH SYSTEM', u'5 MOBILE INFIRMARY CIRCLE MOBILE, AL 36652', u'(251) 435-5577', u'A-0039', u'Approved', u'MICHAEL RYAN', u'Approved', u'NICET III', u'10/1/2014', u'9/30/2015']
2015/03/24 16:56:20 - fir.a_c_ALfmo - INFO - [u'', u'Integrated Electronic Technologies, Inc', u'4324 MIDMOST DRIVE MOBILE,, AL 36693', u'(251) 338-6020', u'A-0527', u'Approved', u'Patrick Flannary', u'Approved', u'NICET IV', u'1/27/2015', u'9/30/2015']
2015/03/24 16:56:20 - fir.a_c_ALfmo - INFO - [u'', u'INTEGRITY SECURITY SERVICES INC', u'1865 BLESSING ROAD ALBERTVILLE, AL 35951', u'(256) 878-1812', u'A-0260', u'Approved', u'ROBERT BAILEY', u'Approved', u'NICET IV', u'10/1/2014', u'9/30/2015']
2015/03/24 16:56:20 - fir.a_c_ALfmo - INFO - [u'', u'INTERNATIONAL FIRE PROTECTION INC', u'243 ROYAL DRIVE MADISON, AL 35758', u'(256) 562-1311', u'A-0256', u'Approved', u'CHRISTOPHER RADER', u'Approved', u'NICET III', u'10/1/2014', u'9/30/2015']
2015/03/24 16:56:20 - fir.a_c_ALfmo - INFO - [u'', u'JCE INC dba SECURITY AND FIRE EQUIPMENT CO', u'3700 NORTHBROOK DR STE 11 NORTHPORT, AL 35473', u'(205) 339-7288', u'A-0236', u'Approved', u'William Mills', u'Approved', u'NICET III', u'10/1/2014', u'9/30/2015']
2015/03/24 16:56:20 - fir.a_c_ALfmo - INFO - [u'', u'Johnson Controls Inc', u'764 LAKESIDE DR SUITE B MOBILE  ALABAMA, AL 36693', u'(850) 774-4846', u'A-0490', u'Approved', u'Sean Maloney', u'Approved', u'NICET III', u'10/1/2014', u'9/30/2015']
2015/03/24 16:56:20 - fir.a_c_ALfmo - INFO - [u'', u'JOHNSON CONTROLS INC.', u'511 MINERAL TRACE SUITE 200 HOOVER, AL 35244', u'(205) 682-3900', u'A-0339', u'Approved', u'DARRIN NOLD', u'Approved', u'NICET IV', u'11/18/2014', u'9/30/2015']
2015/03/24 16:56:20 - fir.a_c_ALfmo - INFO - [u'', u'JSC Systems, Inc.', u'5021 STEPP AVE JACKSONVILLE, FL 32216', u'(904) 737-3511', u'A-0479', u'Approved', u'THOMAS MILHON', u'Approved', u'NICET IV', u'1/16/2015', u'9/30/2015']
2015/03/24 16:56:20 - fir.a_c_ALfmo - INFO - [u'', u'Kelley Electric', u'475 OLD EVANS RD EVANS, GA 30809', u'(706) 228-4488', u'A-0557', u'Approved', u'William Prior', u'Approved', u'NICET III', u'10/24/2014', u'9/30/2015']
2015/03/24 16:56:20 - fir.a_c_ALfmo - INFO - [u'', u'KOORSEN FIRE & SECURITY INC', u'2719 ARLINGTON AVE INDIANAPOLIS, IN 46218', u'(256) 536-0786', u'A-0081', u'Approved', u'JEFFREY SHELTON', u'Approved', u'NICET III', u'3/3/2015', u'9/30/2015']
2015/03/24 16:56:20 - fir.a_c_ALfmo - INFO - [u'', u'LARRY MANN LIFE SAFETY CONSULTING SERVICES', u'617 46 STREET SOUTH BIRMINGHAM, AL 35222', u'(205) 901-9088', u'A-0265', u'Approved', u'LARRY MANN', u'Approved', u'NICET IV', u'10/1/2014', u'9/30/2015']
2015/03/24 16:56:20 - fir.a_c_ALfmo - INFO - [u'', u'LIFE PROTECTION TECHNOLOGIES LLC', u'1010 HUNTCLIFF SUITE 2110 ATLANTA, GA 30350', u'(678) 739-0088', u'A-0271', u'Approved', u'JASON ATKINS', u'Approved', u'NICET III', u'11/12/2014', u'9/30/2015']
2015/03/24 16:56:20 - fir.a_c_ALfmo - INFO - [u'', u'M. C. DEAN INC', u'22461 SHAW ROAD DULLESS, GA 20166', u'(703) 802-6231', u'A-0295', u'Approved', u'ROBERT MYERS', u'Approved', u'NICET III', u'10/1/2014', u'9/30/2015']
2015/03/24 16:56:20 - fir.a_c_ALfmo - INFO - [u'', u'MARATHON ELECTRICAL CONTRACTORS INC', u'614 SOUTH 38TH STREET BIRMINGHAM, AL 35222', u'(205) 323-8500', u'A-0386', u'Approved', u'JOSEPH JONES', u'Approved', u'NICET III', u'10/1/2014', u'9/30/2015']
2015/03/24 16:56:20 - fir.a_c_ALfmo - INFO - [u'', u'MCCOY FIRE & SAFETY, INC.', u'537 TEMPLE ST AUBURN, AL 36830', u'(334) 501-2228', u'A-0407', u'Approved', u'SAMUEL MCCOY', u'Approved', u'NICET III', u'10/1/2014', u'9/30/2015']
2015/03/24 16:56:20 - fir.a_c_ALfmo - INFO - [u'', u'MILLER ALARM & ELECTRONICS INC', u'400 EAST PARK AVENUE ENTERPRISE, AL 36330', u'(334) 347-1302', u'A-0477', u'Approved', u'JONES MILLER JR', u'Approved', u'NICET III', u'10/1/2014', u'9/30/2015']
2015/03/24 16:56:20 - fir.a_c_ALfmo - INFO - [u'', u'MILTON J WOOD FIRE PROTECTION INC', u'3805 FAYE ROAD JACKSONVILLE, FL 32226', u'(904) 353-5527', u'A-0263', u'Approved', u'THOM DETTMANN', u'Approved', u'NICET III OR HI', u'10/1/2014', u'9/30/2015']
2015/03/24 16:56:20 - fir.a_c_ALfmo - INFO - [u'', u'MITEC BIRMINGHAM, LLC', u'ONE PERIMETER PARK SOUTH, STE. 100 BIRMINGHAM, GA 35243', u'(205) 326-8816', u'A-0215', u'Approved', u'RONALD ORDING', u'Approved', u'NICET IV', u'10/1/2014', u'9/30/2015']
2015/03/24 16:56:20 - fir.a_c_ALfmo - INFO - [u'', u'NORTH AMERICAN VIDEO AND SOUND COMPANY INC', u'430 PRODUCTION AVE MADISON, AL 35758', u'(256) 461-6000', u'A-0266', u'Approved', u'JON BRAMLETT', u'Approved', u'NICET IV', u'10/1/2014', u'9/30/2015']
2015/03/24 16:56:20 - fir.a_c_ALfmo - INFO - [u'', u'Omni Fire & Safety', u'1216 1ST AV OPELIKA, AL 36801', u'(334) 749-8658', u'A-0287', u'Approved', u'Gregory Garbe', u'Approved', u'NICET III', u'10/1/2014', u'9/30/2015']
2015/03/24 16:56:20 - fir.a_c_ALfmo - INFO - [u'', u'Online Alarm LLC', u'5319 HWY 90 W SUITE 102 MOBILE, AL 36619', u'(251) 581-5888', u'A-0531', u'Approved', u'\xa0', u'Approved', u'\xa0', u'10/1/2014', u'9/30/2015']
2015/03/24 16:56:20 - fir.a_c_ALfmo - INFO - [u'', u'ORR PROTECTION SYSTEMS INC', u'140 BLUFFS COURT CANTON, GA 30114', u'(770) 426-5092', u'A-0231', u'Approved', u'TIM PULLUM', u'Approved', u'NICET III', u'10/1/2014', u'9/30/2015']
2015/03/24 16:56:20 - fir.a_c_ALfmo - INFO - [u'', u'PANHANDLE ALARM AND TELEPHONE COMPANY INC', u'10 INDUSTRIAL BLVD PENSACOLA, FL 32503', u'(850) 478-2108', u'A-0350', u'Approved', u'ROBERT SUHRHEINRICH', u'Approved', u'NICET III', u'10/3/2014', u'9/30/2015']
2015/03/24 16:56:20 - fir.a_c_ALfmo - INFO - [u'', u'PREMIER SERVICE COMPANY INC.', u'1210 15TH STREET TUSCALOOSA, AL 35401', u'(205) 752-6332', u'A-0336', u'Approved', u'DAREL MCKINNEY', u'Approved', u'NICET III', u'10/1/2014', u'9/30/2015']
2015/03/24 16:56:20 - fir.a_c_ALfmo - INFO - [u'', u'PRESTIGE ALARM & SPECIALTY PRODUCTS INC', u'7640 COMMERCE LANE TRUSSVILLE, AL 35173', u'(205) 956-4811', u'A-0214', u'Approved', u'JONATHAN BARRETT', u'Approved', u'NICET IV', u'10/1/2014', u'9/30/2015']
2015/03/24 16:56:20 - fir.a_c_ALfmo - INFO - [u'', u'PROFESSIONAL FIRE AND SECURITY LLC', u'517 CARRSBROOK ROAD HUNTSVILLE, AL 35803', u'(256) 883-1417', u'A-0367', u'Approved', u'STEVE BARNARD', u'Approved', u'NICET III', u'10/1/2014', u'9/30/2015']
2015/03/24 16:56:20 - fir.a_c_ALfmo - INFO - [u'', u'PROFESSIONAL SECURITY SOLUTIONS INC', u'1800 MONTCLAIRE LANE VESTAVIA HILLS, AL 35216', u'(205) 837-5545', u'A-0309', u'Approved', u'JOSEPH DZWONKOWSKI', u'Approved', u'NICET III', u'10/1/2014', u'9/30/2015']
2015/03/24 16:56:20 - fir.a_c_ALfmo - INFO - [u'', u'Protection One Alarm Monitoring, Inc.', u'2148 PELHAM PARKWAY, BLDG. 700 PELHAM, AL 35124', u'(205) 985-1017', u'A-0488', u'Approved', u'Jerry Harris', u'Approved', u'NICET III', u'10/1/2014', u'9/30/2015']
2015/03/24 16:56:20 - fir.a_c_ALfmo - INFO - [u'', u'R SQUARED SERVICE SOLUTIONS', u'13968 BLACKBURN ROAD ATHENS, AL 35611', u'(256) 777-9347', u'A-0403', u'Approved', u'Nathaniel Collins', u'Approved', u'NICET III', u'10/27/2014', u'9/30/2015']
2015/03/24 16:56:20 - fir.a_c_ALfmo - INFO - [u'', u'S & O ENTERPRISES INC', u'572 AZALEA ROAD SUITE122 MOBILE, AL 36609', u'(251) 476-8854', u'A-0248', u'Approved', u'SCOTT TALBOLT', u'Approved', u'NICET III', u'10/1/2014', u'9/30/2015']
2015/03/24 16:56:20 - fir.a_c_ALfmo - INFO - [u'', u'S & S SPRINKLER COMPANY LLC', u'2485 BURDEN LANE MOBILE, AL 36617', u'(251) 473-6000', u'A-0252', u'Approved', u'JUSTIN MERRICK', u'Approved', u'NICET IV', u'10/1/2014', u'9/30/2015']
2015/03/24 16:56:20 - fir.a_c_ALfmo - INFO - [u'', u'SAFEGUARD FIRE & ALARM INC', u'39610 U. S. HIGHWAY 280 SYLACAUGA, AL 35150', u'(256) 207-2101', u'A-0361', u'Approved', u'DAVID GLENN', u'Approved', u'NICET III', u'10/1/2014', u'9/30/2015']
2015/03/24 16:56:20 - fir.a_c_ALfmo - INFO - [u'', u'SANDERS SECURITY INC', u'1036 WEST  MAIN STREET DOTHAN, AL 36301', u'(334) 673-2686', u'A-0484', u'Approved', u'CURTIS TODD', u'Approved', u'NICET IV', u'10/1/2014', u'9/30/2015']
2015/03/24 16:56:20 - fir.a_c_ALfmo - INFO - [u'', u'Securadyne Systems Southeast, LLC', u'1502 N. 9TH AVENUE PENSACOLA, FL 32503', u'(850) 434-2050', u'A-0523', u'Approved', u'Larry Cook', u'Approved', u'NICET IV', u'10/31/2014', u'9/30/2015']
2015/03/24 16:56:20 - fir.a_c_ALfmo - INFO - [u'', u'Securitec One, Inc.', u'1621 MEDINA ROAD MEDINA, OH 44256', u'(330) 239-2322', u'A-0508', u'Approved', u'Robert Murry', u'Approved', u'NICET III', u'10/1/2014', u'9/30/2015']
2015/03/24 16:56:20 - fir.a_c_ALfmo - INFO - [u'', u'SELMA COMMUNICATIONS', u'1605 WEST HIGHLAND AVENUE SELMA, AL 36701', u'(334) 874-8375', u'A-0355', u'Approved', u'JOSEPH JOHNSON', u'Approved', u'NICET III', u'10/1/2014', u'9/30/2015']
2015/03/24 16:56:20 - fir.a_c_ALfmo - INFO - [u'', u'Siemens Industry, Inc', u'1011 WEST GARDEN STREET PENSACOLA, FL 32502', u'(850) 433-5995', u'A-0517', u'Approved', u'George Welty', u'Approved', u'NICET IV', u'10/1/2014', u'9/30/2015']
2015/03/24 16:56:20 - fir.a_c_ALfmo - INFO - [u'', u'SIEMENS INDUSTRY, INC.', u'285-A CAHABA VALLEY PARKWAY PELHAM, AL 35242', u'(205) 403-8388', u'A-0228', u'Approved', u'Joel Bozeman', u'Approved', u'NICET IV', u'10/1/2014', u'9/30/2015']
2015/03/24 16:56:20 - fir.a_c_ALfmo - INFO - [u'', u'SIMPLEX GRINNELL', u'810 PALMER ROAD SUITE 201 MADISON, AL 35758', u'(256) 464-9258', u'A-0493', u'Approved', u'WILLIAM PATTERSON', u'Approved', u'NICET IV', u'10/1/2014', u'9/30/2015']
2015/03/24 16:56:20 - fir.a_c_ALfmo - INFO - [u'', u'SIMPLEXGRINNELL LP', u'4770 GRANTSWOOD ROAD IRONDALE, AL 35210', u'(205) 948-3200', u'A-0211', u'Approved', u'ALEJANDRO KLEIMAN', u'Approved', u'NICET III', u'10/1/2014', u'9/30/2015']
2015/03/24 16:56:20 - fir.a_c_ALfmo - INFO - [u'', u'SIMPLEXGRINNELL LP', u'859 BUTLER DRIVE MOBILE, AL 36693', u'(251) 370-1900', u'A-0198', u'Approved', u'STEVEN NELSON', u'Approved', u'NICET IV', u'10/1/2014', u'9/30/2015']
2015/03/24 16:56:20 - fir.a_c_ALfmo - INFO - [u'', u'SIMPLEXGRINNELL LP (BRANCH #288)', u'3200 NORTH HAWTHORNE STREET CHATTANOOGA, TN 37406', u'(423) 698-4418', u'A-0217', u'Approved', u'WESLEY HALES', u'Approved', u'NICET III', u'10/1/2014', u'9/30/2015']
2015/03/24 16:56:20 - fir.a_c_ALfmo - INFO - [u'', u'SIMPLEXGRINNELL, LP', u'2192 EAST VIEW PKWY SUITE 100 CONYERS, GA 30013', u'(770) 483-4490', u'A-0267', u'Approved', u'ROBERT REDDEN', u'Approved', u'NICET III', u'10/1/2014', u'9/30/2015']
2015/03/24 16:56:20 - fir.a_c_ALfmo - INFO - [u'', u"Skelton's Fire Equipment, Inc.", u'5252 HARTLEY RD. SATSUMA, AL 36572', u'(251) 675-1221', u'A-0562', u'Approved', u'Charles Chitwood', u'Approved', u'NICET III', u'12/18/2014', u'9/30/2015']
2015/03/24 16:56:20 - fir.a_c_ALfmo - INFO - [u'', u'SOUTHEAST ALABAMA MEDICAL CENTER', u'1108 ROSS CLARK CIRCLE DOTHAN, AL 36301', u'(334) 793-8732', u'A-0439', u'Approved', u'WILLIAM FLOYD', u'Approved', u'NICET III', u'10/1/2014', u'9/30/2015']
2015/03/24 16:56:20 - fir.a_c_ALfmo - INFO - [u'', u'Southland Electric Co., Inc.', u'5640 CLIFFORD CIRCLE, SUITE B BIRMINGHAM, AL 35210', u'(205) 833-5400', u'A-0558', u'Approved', u'Donald Collar', u'Approved', u'NICET III', u'11/5/2014', u'9/30/2015']
2015/03/24 16:56:20 - fir.a_c_ALfmo - INFO - [u'', u'Spectrum Solutions Inc.', u'114 CASTLE DRIVE MADISON, AL 35758', u'(256) 830-9759', u'A-0465', u'Approved', u'William Curbow', u'Approved', u'NICET III', u'10/1/2014', u'9/30/2015']
2015/03/24 16:56:20 - fir.a_c_ALfmo - INFO - [u'', u'STANLEY CONVERGENT SECURITY SOLUTIONS INC', u'101 AIRVIEW LANE, SUITE 200 ALABASTER, AL 35007', u'(214) 257-1618', u'A-0333', u'Approved', u'TERRY HALE', u'Approved', u'NICET III', u'10/1/2014', u'9/30/2015']
2015/03/24 16:56:20 - fir.a_c_ALfmo - INFO - [u'', u'STAR ELECTRICAL CONTRACTORS INC', u'205 20TH AVENUE SOUTH BIRMINGHAM, AL 35205', u'(205) 328-6447', u'A-0415', u'Approved', u'THOMAS DeWine', u'Approved', u'NICET III', u'10/1/2014', u'9/30/2015']
2015/03/24 16:56:20 - fir.a_c_ALfmo - INFO - [u'', u'STRONG SYSTEMS INTERNATIONAL INC', u'2827 PETERSON PLACE NORCROSS, GA 30071', u'(770) 729-1199', u'A-0212', u'Approved', u'CHRISTOPHER VERCH', u'Approved', u'NICET III', u'10/1/2014', u'9/30/2015']
2015/03/24 16:56:20 - fir.a_c_ALfmo - INFO - [u'', u'SUMMIT ELECTRICAL CONSTRUCTION INC', u'3710 MESSER AIRPORT HWY BIRMINGHAM, AL 35222', u'(205) 591-0155', u'A-0253', u'Approved', u'RICHARD BRATTON', u'Approved', u'NICET IV', u'10/1/2014', u'9/30/2015']
2015/03/24 16:56:20 - fir.a_c_ALfmo - INFO - [u'', u'Superhero Fire Protection', u'3945 LOWER TANNERS BRIDGE ROAD MONROE, GA 30656', u'(678) 804-6111', u'A-0522', u'Approved', u'Dustin Dean', u'Approved', u'NICET III', u'11/22/2014', u'9/30/2015']
2015/03/24 16:56:20 - fir.a_c_ALfmo - INFO - [u'', u'Syscon Incorporated', u'3781 PRESIDENTIAL PARKWAY , SUITE 1 ATLANTA, GA 30340', u'(770) 263-0580', u'A-0543', u'Approved', u'Michael Amis', u'Approved', u'NICET III', u'11/7/2014', u'9/30/2015']
2015/03/24 16:56:20 - fir.a_c_ALfmo - INFO - [u'', u'SYSTEMS BY DESIGN', u'1335 BUTLER STREET OXFORD, AL 36203', u'(256) 831-9595', u'A-0421', u'Approved', u'JEREMY ELLIS', u'Approved', u'NICET III', u'10/1/2014', u'9/30/2015']
2015/03/24 16:56:20 - fir.a_c_ALfmo - INFO - [u'', u'SYSTEMS TECHNOLOGY COMPANY OF ALABAMA INC', u'3215 6TH AVE SW HUNTSVILLE, AL 35805', u'(256) 518-9000', u'A-0304', u'Approved', u'ROBERT LUPO', u'Approved', u'NICET IV', u'10/1/2014', u'9/30/2015']
2015/03/24 16:56:20 - fir.a_c_ALfmo - INFO - [u'', u'T & T Fire Alarm and Electrical, LLC', u'605 INWOOD CT. ORANGE PARK, FL 32065', u'(904) 591-8411', u'A-0554', u'Approved', u'Thom Dettmann', u'Approved', u'NICET IV', u'10/3/2014', u'9/30/2015']
2015/03/24 16:56:20 - fir.a_c_ALfmo - INFO - [u'', u'TALLATRON INC', u'35960 HWY 21 NORTH TALLADEGA, AL 35160', u'(256) 761-1228', u'A-0469', u'Approved', u"CLARANCE O'NEAL", u'Approved', u'NICET III', u'10/1/2014', u'9/30/2015']
2015/03/24 16:56:20 - fir.a_c_ALfmo - INFO - [u'', u'TAYLOR ELECTRICAL CONTRACTORS, INC.', u'5479 SKYLAND BLVE. EAST, SUITE 1 COTTONDALE, AL 35453', u'(205) 553-0958', u'A-0551', u'Approved', u'JEFFREY WORTHINGTON', u'Approved', u'NICET III', u'10/1/2014', u'9/30/2015']
2015/03/24 16:56:20 - fir.a_c_ALfmo - INFO - [u'', u'TELEPHONE COMM,INC', u'1317 WILMER AVE SUITE 103 ANNISTON, AL 36201', u'(256) 237-1401', u'A-0420', u'Approved', u'PATRICK HOUSTON', u'Approved', u'NICET III', u'10/1/2014', u'9/30/2015']
2015/03/24 16:56:20 - fir.a_c_ALfmo - INFO - [u'', u'TELGIAN CORPORATION', u'2615 S INDUSTRIAL PARK AVE TEMPE, AZ 85282', u'(480) 753-5444', u'A-0205', u'Approved', u'THOMAS PARRISH', u'Approved', u'NICET IV', u'10/1/2014', u'9/30/2015']
2015/03/24 16:56:20 - fir.a_c_ALfmo - INFO - [u'', u'Tennis Jackson Electric, Inc.', u'2300 2ND AVENUE EAST TUSCALOOSA, AL 35401', u'(205) 752-3569', u'A-0491', u'Approved', u'Michael Lumpkin', u'Approved', u'NICET III', u'10/1/2014', u'9/30/2015']
2015/03/24 16:56:20 - fir.a_c_ALfmo - INFO - [u'', u'THE HILLER COMPANIES INC', u'3751 JOY SPRINGS DRIVE MOBILE, AL 36693', u'(251) 661-1275', u'A-0321', u'Approved', u'EMORY OVERSTREET III', u'Approved', u'NICET IV', u'10/1/2014', u'9/30/2015']
2015/03/24 16:56:20 - fir.a_c_ALfmo - INFO - [u'', u'The Hiller Companies, Inc', u'3751 JOY SPRINGS DRIVE MOBILE, AL 36693', u'(251) 661-1275', u'A-0561', u'Approved', u'David Fletcher', u'Approved', u'NICET IV', u'12/9/2014', u'9/30/2015']
2015/03/24 16:56:20 - fir.a_c_ALfmo - INFO - [u'', u'TIME OUT SYSTEMS INC', u'2094 MYRTLEWOOD DRIVE MONTGOMERY, GA 36111', u'(478) 396-4900', u'A-0373', u'Approved', u'TIM LEBLANC', u'Approved', u'NICET III', u'10/1/2014', u'9/30/2015']
2015/03/24 16:56:20 - fir.a_c_ALfmo - INFO - [u'', u'TITAN SECURITY INC', u'1519 REX STREET MONTGOMERY, AL 36107', u'(333) 426-0453', u'A-0417', u'Approved', u'JOSEPH CAMPBELL', u'Approved', u'NICET IV', u'11/7/2014', u'9/30/2015']
2015/03/24 16:56:20 - fir.a_c_ALfmo - INFO - [u'', u'TOTAL SAFETY US,INC', u'4210 MALONE DRIVE PASADENA, TX 77057', u'(281) 480-0025', u'A-0385', u'Approved', u'MICHAEL BERLINGER', u'Approved', u'NICET III', u'10/8/2014', u'9/30/2015']
2015/03/24 16:56:20 - fir.a_c_ALfmo - INFO - [u'', u'TOWNSEND SERVICES INC', u'22656-C CANAL ROAD ORANGE BEACH, AL 36561', u'(251) 974-2427', u'A-0053', u'Approved', u'BRAD OWENS', u'Approved', u'NICET III', u'12/4/2014', u'9/30/2015']
2015/03/24 16:56:20 - fir.a_c_ALfmo - INFO - [u'', u'TYCO INTERGRATED SECURITY LLC', u'4770 GRANTSWOOD ROAD IRONDALE, AL 35210', u'(561) 322-4880', u'A-0244', u'Approved', u'WILLIAM SMITH', u'Approved', u'NICET III', u'10/1/2014', u'9/30/2015']
2015/03/24 16:56:20 - fir.a_c_ALfmo - INFO - [u'', u'UNIVERSITY OF ALABAMA @ BIRMINGHAM', u'619 19TH STREET SOUTH BIRMINGHAM, AL 35249', u'(205) 996-9348', u'A-0481', u'Approved', u'STEVEN DOSS', u'Approved', u'NICET III', u'10/3/2014', u'9/30/2015']
2015/03/24 16:56:20 - fir.a_c_ALfmo - INFO - [u'', u'VANGUARD FIRE & SUPPLY CO INC', u'2101 MARTINDALE AVE SW GRAND RAPIDS, MI 49509', u'(616) 245-8719', u'A-0495', u'Approved', u'MARK MATHEIS', u'Approved', u'NICET III', u'10/1/2014', u'9/30/2015']
2015/03/24 16:56:20 - fir.a_c_ALfmo - INFO - [u'', u'Vankirk Electric', u'133 W CANDLER ST WINDER, GA 30680', u'(678) 425-9494', u'A-0521', u'Approved', u'Paul Sanchez', u'Approved', u'NICET III', u'10/1/2014', u'9/30/2015']
2015/03/24 16:56:20 - fir.a_c_ALfmo - INFO - [u'', u'VECTOR SECURITY INC', u'2000 ERICSSON DRIVE WARRENDALE, PA 15086', u'(724) 741-2212', u'A-0329', u'Approved', u'RICHARD SIMPSON', u'Approved', u'NICET III', u'10/1/2014', u'9/30/2015']
2015/03/24 16:56:20 - fir.a_c_ALfmo - INFO - [u'', u'VFP Fire Systems', u'6161-F RANGELINE ROAD THEODORE, AL 36582', u'(251) 443-7234', u'A-0536', u'Approved', u'Wayne Nall, II', u'Approved', u'NICET III', u'10/1/2014', u'9/30/2015']
2015/03/24 16:56:20 - fir.a_c_ALfmo - INFO - [u'', u'Vivint, Inc.', u'4931 N. 300 W. PROVO, UT 84604', u'(877) 479-1670', u'A-0549', u'Approved', u'Stephen Coppola', u'Approved', u'NICET II', u'10/1/2014', u'9/30/2015']
2015/03/24 16:56:20 - fir.a_c_ALfmo - INFO - [u'', u'VSC Fire & Security, Inc.', u'4940 TUFTS ROAD MOBILE, AL 36619', u'(804) 459-2200', u'A-0480', u'Approved', u'Emory Hall', u'Approved', u'NICET IV', u'10/1/2014', u'9/30/2015']
2015/03/24 16:56:20 - fir.a_c_ALfmo - INFO - [u'', u'Vulcan Electric Company, Inc.', u'8076 US HIGHWAY 11 SPRINGVILLE, AL 35146', u'(205) 467-3131', u'A-0425', u'Approved', u'Danny Jennings', u'Approved', u'NICET III', u'10/1/2014', u'9/30/2015']
2015/03/24 16:56:20 - fir.a_c_ALfmo - INFO - [u'', u'Wachter, Inc.', u'16001 W. 99TH STREET LENEXA, KS 66219', u'(913) 541-2500', u'A-0547', u'Approved', u'Frankie Rose', u'Approved', u'NICET III', u'10/1/2014', u'9/30/2015']
2015/03/24 16:56:20 - fir.a_c_ALfmo - INFO - [u'', u'Wal-Mart Security Integration Services', u'1106 SE 5TH STREET, MS 0610 BENTONVILLE, AR 72716', u'(479) 273-8489', u'A-0489', u'Approved', u'Leonard Griffith', u'Approved', u'NICET IV', u'1/10/2015', u'9/30/2015']
2015/03/24 16:56:20 - fir.a_c_ALfmo - INFO - [u'', u'Wayne Automatic Fire Sprinklers', u'4370 MOTORSPORTS DRIVE CONCORD, NC 28027', u'(704) 782-3032', u'A-0457', u'Approved', u'Joshua Cole', u'Approved', u'NICET III', u'10/1/2014', u'9/30/2015']
2015/03/24 16:56:20 - fir.a_c_ALfmo - INFO - [u'', u'WIREGRASS SYSTEMS, INC', u'725 CAMPBELLTON HIGHWAY DOTHAN, AL 36301', u'(334) 792-6812', u'A-0224', u'Approved', u'EDGAR MCDANIEL', u'Approved', u'NICET III', u'10/1/2014', u'9/30/2015']
2015/03/24 16:56:20 - fir.a_c_ALfmo - INFO - complete
