2015/03/24 17:10:45 - eng-sur_b_IDpel - INFO -  -  -  -  -  -  -  -  -  -  -  -  -  -  -  -  -  -  -  -  -  -  -  -  -  -  -  -  -  -  - 
2015/03/24 17:10:56 - eng-sur_b_IDpel - INFO -  -  -  -  -  -  -  -  -  -  -  -  -  -  -  -  -  -  -  -  -  -  -  -  -  -  -  -  -  -  - 
2015/03/24 17:15:50 - eng-sur_b_IDpel - INFO - ['1']
2015/03/24 17:15:50 - eng-sur_b_IDpel - INFO - ['1']
2015/03/24 17:15:50 - eng-sur_b_IDpel - INFO - ['1', u'MATTHEW J.', u'SCHIEMER', u'', u'GANNETT FLEMING, INC.', u'12710 RESEARCH BLVD. STE. 350', u'AUSTIN', u'TX', u'78759', u'US', u'P-16100', u'COMITY', u'CE', u'SEAL', u'NO', u'08/15/2014', u'07/31/2016']
2015/03/24 17:15:50 - eng-sur_b_IDpel - INFO - ['1', u'', u'02WIRELESS, INC.', u'', u'DBA BARAN TELECOM', u'2355 INDUSTRIAL PARK BLVD.', u'CUMMING', u'GA', u'30041', u'US', u'C-985', u'', u'COA', u'', u'NO', u'10/24/2000', u'07/31/2006']
2015/03/24 17:15:50 - eng-sur_b_IDpel - INFO - ['1', u'', u'1 ALLIANCE GEOMATICS, LLC', u'', u'', u'1261A 120TH AVE. NE', u'BELLEVUE', u'WA', u'98005', u'US', u'C-3106', u'', u'COA', u'', u'NO', u'01/07/2014', u'01/31/2016']
2015/03/24 17:15:50 - eng-sur_b_IDpel - INFO - ['1', u'', u'4 RIVERS SURVEYING INC.', u'', u'', u'1310 SHADY LANE', u'EMMETT', u'ID', u'83617-9511', u'US', u'C-2503', u'', u'COA', u'', u'NO', u'10/23/2009', u'10/31/2015']
2015/03/24 17:15:50 - eng-sur_b_IDpel - INFO - ['1', u'', u'48 NORTH, P.C.', u'', u'', u'151 BUSINESS CTR. LP. STE. A', u'KALISPELL', u'MT', u'59901', u'US', u'C-2354', u'', u'COA', u'', u'NO', u'11/22/2008', u'11/30/2015']
2015/03/24 17:15:50 - eng-sur_b_IDpel - INFO - ['1', u'', u'4TH DIMENSION DESIGN, INC.', u'', u'', u'817 VENTURE COURT', u'WAUKESHA', u'WI', u'53189', u'US', u'C-1547', u'', u'COA', u'', u'NO', u'03/09/2004', u'03/31/2015']
2015/03/24 17:15:50 - eng-sur_b_IDpel - INFO - ['1', u'', u'717 ARCHITECTURE & ENGINEERING, LLC', u'', u'', u'11330 OLOVE BOULEVARD', u'ST. LOUIS', u'MO', u'63141', u'US', u'C-1964', u'', u'COA', u'', u'NO', u'09/13/2006', u'09/30/2015']
2015/03/24 17:15:50 - eng-sur_b_IDpel - INFO - ['1', u'', u'A & A ENGINEERING, CIVIL/STRUCTURAL', u'', u'ENGINEERS, LLC', u'5911 RENAISSANCE PLACE #B', u'TOLEDO', u'OH', u'43606', u'US', u'C-1623', u'', u'COA', u'', u'NO', u'08/30/2004', u'08/31/2015']
2015/03/24 17:15:50 - eng-sur_b_IDpel - INFO - ['1', u'', u'A & E ENGINEERING, INC.', u'', u'', u'P.O. BOX 1327', u'POCATELLO', u'ID', u'83204', u'US', u'C-745', u'', u'COA', u'', u'NO', u'09/11/1998', u'09/30/2015']
2015/03/24 17:15:50 - eng-sur_b_IDpel - INFO - ['1', u'', u'A CACHE CORPORATION', u'', u'', u'P.O. BOX 393', u'MENDON', u'UT', u'84325', u'US', u'C-2270', u'', u'COA', u'', u'NO', u'05/23/2008', u'05/31/2015']
2015/03/24 17:15:50 - eng-sur_b_IDpel - INFO - ['1', u'', u'A. A. HUDSON & ASSOCIATES', u'', u'', u'132 SOUTH STATE', u'PRESTON', u'ID', u'83263', u'US', u'C-2567', u'', u'COA', u'', u'NO', u'04/28/2010', u'04/30/2015']
2015/03/24 17:15:50 - eng-sur_b_IDpel - INFO - ['1', u'', u'A. EPSTEIN AND SONS INTERNATIONAL, INC.', u'PATRICIA TAYLOR', u'', u'600 W. FULTON ST.', u'CHICAGO', u'IL', u'60661-1199', u'US', u'C-469', u'', u'COA', u'', u'NO', u'06/25/1993', u'06/30/2012']
2015/03/24 17:15:50 - eng-sur_b_IDpel - INFO - ['1', u'', u'A.R.C. AGRICULTURE RESOURCE CONSULTING', u'', u'', u'P.O. BOX 7', u'HOMEDALE', u'ID', u'83628', u'US', u'C-1608', u'', u'COA', u'', u'NO', u'07/20/2004', u'07/31/2006']
2015/03/24 17:15:50 - eng-sur_b_IDpel - INFO - ['1', u'', u'A.T.S., INC.', u'', u'', u'P.O. BOX 3457', u'HAYDEN', u'ID', u'83835', u'US', u'C-1075', u'', u'COA', u'', u'NO', u'04/11/2001', u'04/30/2015']
2015/03/24 17:15:50 - eng-sur_b_IDpel - INFO - ['1', u'', u'A.V.I. PROFESSIONAL CORPORATION', u'', u'', u'', u'', u'', u'', u'US', u'C-403', u'', u'COA', u'', u'NO', u'02/06/1992', u'']
2015/03/24 17:15:50 - eng-sur_b_IDpel - INFO - ['1', u'ROY LEE', u'AACH', u'', u'', u'', u'', u'', u'', u'US', u'P-3528', u'COMITY', u'ME', u'', u'NO', u'04/15/1978', u'09/30/2007']
2015/03/24 17:15:50 - eng-sur_b_IDpel - INFO - ['1', u'', u'AAD:FITCH, INC.', u'', u'', u'16435 N. SCOTTSDALE RD. STE. 195', u'SCOTTSDALE', u'AZ', u'85254', u'US', u'C-3214', u'', u'COA', u'', u'NO', u'09/26/2014', u'09/30/2015']
2015/03/24 17:15:50 - eng-sur_b_IDpel - INFO - ['1', u'JEFFREY JAMES', u'AAGARD', u'', u'', u'178 RAWLINS LANE', u'DRAPER', u'UT', u'84020', u'US', u'P-9805', u'COMITY', u'ME', u'', u'YES', u'07/11/2000', u'07/31/2015']
2015/03/24 17:15:50 - eng-sur_b_IDpel - INFO - ['1', u'GLEN L.', u'AALBERS', u'', u'AALBERS & ASSOCIATES', u'2362 N. OXNARD BLDG., STE. 201', u'OXNARD', u'CA', u'93036', u'US', u'L-7854', u'COMITY', u'LS', u'', u'YES', u'05/01/1995', u'10/31/2015']
2015/03/24 17:15:50 - eng-sur_b_IDpel - INFO - ['1', u'CARROLL E.', u'AAMOLD', u'', u'', u'579 ELKHART LANE', u'GRAND JUNCTION', u'CO', u'81504', u'US', u'P-7258', u'COMITY', u'CE', u'DISCONTINUED', u'YES', u'09/18/1993', u'10/31/2012']
2015/03/24 17:15:50 - eng-sur_b_IDpel - INFO - ['1', u'', u'AAR ENGINERING, PLLC', u'', u'', u'306 GAMBLES IN', u'MOSCOW', u'ID', u'83843-8212', u'USA', u'C-3297', u'', u'COA', u'', u'NO', u'03/10/2015', u'03/31/2016']
2015/03/24 17:15:50 - eng-sur_b_IDpel - INFO - ['1', u'', u'AARDVARK INNOVATIONS, INC.', u'', u'', u'', u'', u'', u'', u'US', u'C-924', u'', u'COA', u'', u'NO', u'08/21/2000', u'']
2015/03/24 17:15:50 - eng-sur_b_IDpel - INFO - ['1', u'STEPHEN E.', u'AASHEIM', u'', u'', u'5205 SW 103RD DRIVE', u'GAINESVILLE', u'FL', u'32608', u'US', u'P-3141', u'COMITY', u'CE', u'', u'YES', u'09/11/1976', u'02/29/2016']
2015/03/24 17:15:50 - eng-sur_b_IDpel - INFO - ['1', u'', u'AATRONICS INCORPORATED', u'', u'', u'10 N. LIBERTY ST.', u'BOISE', u'ID', u'83704', u'US', u'C-337', u'', u'COA', u'', u'NO', u'06/23/1990', u'07/31/2006']
2015/03/24 17:15:50 - eng-sur_b_IDpel - INFO - ['1', u'', u'ABACUS ENGINEERING, P.C.', u'', u'', u'1353 BEAR CREEK RD.', u'PRINCETON', u'ID', u'83857', u'US', u'C-738', u'', u'COA', u'', u'NO', u'09/09/1998', u'09/30/2015']
2015/03/24 17:15:50 - eng-sur_b_IDpel - INFO - ['1', u'CARMEN B.', u'ABAD-FITTS', u'', u'HDR ENGINERING,INC.', u'1020 N.E. LOOP 410, STE. 200', u'SAN ANTONIO', u'TX', u'78209', u'US', u'P-11291', u'COMITY', u'CE', u'', u'NO', u'04/14/2004', u'10/31/2015']
2015/03/24 17:15:50 - eng-sur_b_IDpel - INFO - ['1', u'MANUEL', u'ABARCA', u'', u'WH PACIFIC, INC.', u'724 COLUMBIA N.W. #140', u'OLYMPIA', u'WA', u'98501', u'US', u'P-11284', u'COMITY', u'CE', u'', u'NO', u'03/30/2004', u'07/31/2010']
2015/03/24 17:15:50 - eng-sur_b_IDpel - INFO - ['1', u'LARRY A.', u'ABATIELL', u'', u'', u'', u'', u'', u'', u'US', u'P-10361', u'COMITY', u'CE', u'DISCONTINUED', u'NO', u'12/20/2001', u'11/30/2005']
2015/03/24 17:15:50 - eng-sur_b_IDpel - INFO - ['1', u'', u'ABB, INC.', u'MICHELLE SCOTTODILUZIO', u'', u'12040 REGENCY PKWY., STE. 200', u'CARY', u'NC', u'27518', u'US', u'C-3207', u'', u'COA', u'', u'NO', u'09/23/2014', u'09/30/2015']
2015/03/24 17:15:50 - eng-sur_b_IDpel - INFO - ['1', u'RAHIM A.', u'ABBASI', u'', u'1400 N.W. IRVING STREET', u'UNIT #417', u'PORTLAND', u'OR', u'97209', u'US', u'E-5558', u'EXAM', u'EIT', u'', u'NO', u'11/22/2002', u'07/31/2007']
2015/03/24 17:15:50 - eng-sur_b_IDpel - INFO - ['1', u'BAHMAN', u'ABBASSI', u'', u'IDOT', u'P.O. BOX 4700', u'POCATELLO', u'ID', u'83205-4700', u'US', u'P-13780', u'COMITY', u'CE', u'', u'NO', u'06/16/2009', u'06/30/2016']
2015/03/24 17:15:50 - eng-sur_b_IDpel - INFO - ['1', u'ALLAN A.', u'ABBATA', u'', u'', u'112 VERANDA LN.', u'LEXINGTON', u'SC', u'29072', u'US', u'P-10906', u'COMITY', u'CE', u'DISCONTINUED', u'NO', u'04/08/2003', u'05/31/2013']
2015/03/24 17:15:50 - eng-sur_b_IDpel - INFO - ['1', u'MARTIN A.', u'ABBATE', u'', u'', u'4060 FOREST RUN CIRCLE', u'MEDINA', u'OH', u'44256', u'US', u'P-7324', u'COMITY', u'EE', u'', u'NO', u'11/20/1993', u'09/30/2016']
2015/03/24 17:15:50 - eng-sur_b_IDpel - INFO - ['1', u'BRIAN W.', u'ABBOTT', u'', u'', u'', u'', u'', u'', u'US', u'E-1026', u'EXAM', u'EIT', u'', u'NO', u'06/12/1974', u'']
2015/03/24 17:15:50 - eng-sur_b_IDpel - INFO - ['1', u'JEFFREY L.', u'ABBOTT', u'', u'', u'', u'', u'', u'', u'US', u'E-4141', u'EXAM', u'EIT', u'', u'NO', u'01/27/1995', u'']
2015/03/24 17:15:50 - eng-sur_b_IDpel - INFO - ['1', u'JESSE W.', u'ABBOTT', u'', u'', u'', u'', u'', u'', u'US', u'E-301', u'EXAM', u'EIT', u'', u'NO', u'04/26/1967', u'']
2015/03/24 17:15:50 - eng-sur_b_IDpel - INFO - ['1', u'MICHAEL TODD', u'ABBOTT', u'', u'', u'1301 N. SKIPWORTH COURT', u'SPOKANE VALLEY', u'WA', u'99206-2506', u'US', u'E-4183', u'EXAM', u'EIT', u'', u'NO', u'06/09/1995', u'01/31/2014']
2015/03/24 17:15:50 - eng-sur_b_IDpel - INFO - ['1', u'RICHARD T.', u'ABBOTT', u'', u'', u'1341 OVERLOOK DRIVE', u'NEW MARKET', u'MN', u'55054', u'US', u'P-11281', u'COMITY', u'CE,SE', u'', u'NO', u'03/23/2004', u'09/30/2009']
2015/03/24 17:15:50 - eng-sur_b_IDpel - INFO - ['1', u'', u'ABCO DRAFTING & DESIGN, INC.', u'', u'', u'', u'', u'', u'', u'US', u'C-410', u'', u'COA', u'', u'NO', u'04/17/1992', u'']
2015/03/24 17:15:50 - eng-sur_b_IDpel - INFO - ['1', u'', u'ABCO ENGINEERING, INC.', u'', u'', u'2101 DELTA DR.', u'NAMPA', u'ID', u'83687', u'', u'C-3085', u'', u'COA', u'', u'NO', u'10/30/2013', u'10/31/2015']
2015/03/24 17:15:50 - eng-sur_b_IDpel - INFO - ['1', u'MOHAMED OSAMA', u'ABDEL AAL', u'', u'', u'6415 BEACHVIEW DRIVE', u'HUNTINGTON', u'CA', u'92648', u'US', u'P-8864', u'COMITY', u'CE', u'', u'YES', u'02/19/1998', u'11/30/2016']
2015/03/24 17:15:50 - eng-sur_b_IDpel - INFO - ['1', u'AHMED', u'ABDEL-RAHIM', u'', u'', u'', u'', u'', u'', u'US', u'E-5390', u'EXAM', u'EIT', u'', u'NO', u'12/17/2001', u'']
2015/03/24 17:15:50 - eng-sur_b_IDpel - INFO - ['1', u'AHMED SHAWKY', u'ABDEL-RAHIM', u'', u'UNIVERSITY OF IDAHO', u'P.O. BOX 440901', u'MOSCOW', u'ID', u'83844-0901', u'US', u'P-10572', u'EXAM', u'CE', u'', u'NO', u'06/14/2002', u'02/29/2016']
2015/03/24 17:15:50 - eng-sur_b_IDpel - INFO - ['1', u'KHALED', u'ABDEL-RAHIM', u'', u'', u'306 GAMBELS LN.', u'MOSCOW', u'ID', u'83843', u'US', u'E-8353', u'EXAM', u'EI', u'', u'NO', u'02/07/2014', u'03/31/2016']
2015/03/24 17:15:50 - eng-sur_b_IDpel - INFO - ['1', u'JERALD L.', u'ABDIE', u'', u'KPFF CONSULTING ENGINEERS', u'111 SW FIFTH AVE., STE. 2500', u'PORTLAND', u'OR', u'97204-3628', u'US', u'P-9798', u'COMITY', u'CE,SE', u'', u'NO', u'07/05/2000', u'09/30/2015']
2015/03/24 17:15:50 - eng-sur_b_IDpel - INFO - ['1', u'AZAD SALIM', u'ABDULHAFEDH', u'', u'', u'510 HIGH ST., APT. 301', u'COLUMBIA', u'MO', u'65201', u'US', u'E-8009', u'EXAM', u'EI', u'', u'NO', u'12/07/2012', u'03/31/2016']
2015/03/24 17:15:50 - eng-sur_b_IDpel - INFO - ['1', u'EDWARD A.', u'ABDUN-NUR', u'', u'', u'', u'', u'', u'', u'US', u'P-1466', u'COMITY', u'CE', u'', u'NO', u'11/30/1962', u'']
2015/03/24 17:15:50 - eng-sur_b_IDpel - INFO - ['1', u'DONN E.', u'ABEGGLEN', u'', u'', u'', u'', u'', u'', u'US', u'E-489', u'EXAM', u'EIT', u'', u'NO', u'06/12/1969', u'']
2015/03/24 17:15:50 - eng-sur_b_IDpel - INFO - ['1', u'BELTUS', u'ABEH', u'', u'', u'725 S. 3RD AVE., APT. 1', u'POCATELLO', u'ID', u'83201', u'US', u'E-8282', u'EXAM', u'EI', u'', u'NO', u'12/06/2013', u'03/31/2016']
2015/03/24 17:15:50 - eng-sur_b_IDpel - INFO - ['1', u'DANIEL M.', u'ABEL', u'', u'', u'', u'', u'', u'', u'US', u'P-956', u'', u'ME', u'', u'NO', u'', u'']
2015/03/24 17:15:50 - eng-sur_b_IDpel - INFO - ['1', u'DENNIS DANIEL', u'ABEL', u'', u'FDH ENGINEERING, INC.', u'6521 MERIDIEN DR.', u'RALEIGH', u'NC', u'27616', u'US', u'P-15343', u'COMITY', u'CE', u'', u'NO', u'11/16/2012', u'02/29/2016']
2015/03/24 17:15:50 - eng-sur_b_IDpel - INFO - ['1', u'JASON T.', u'ABEL', u'', u'', u'3987 E. CHAFFE AVENUE', u'PAHRUMP', u'NV', u'89061', u'US', u'P-13918', u'COMITY', u'ENVE', u'', u'NO', u'09/11/2009', u'06/30/2015']
2015/03/24 17:15:50 - eng-sur_b_IDpel - INFO - ['1', u'THOMAS E.', u'ABEL', u'', u'ABEL ENGINEERING INC.', u'212 SEGIAH WAY', u'KALISPELL', u'MT', u'59901', u'US', u'P-15235', u'COMITY', u'ME', u'DECEASED', u'NO', u'08/03/2012', u'03/01/2014']
2015/03/24 17:15:50 - eng-sur_b_IDpel - INFO - ['1', u'', u'ABEL ENGINEERING INC.', u'', u'', u'212 SEIGIAH WAY', u'KALISPELL', u'MT', u'59901', u'US', u'C-2891', u'', u'COA', u'DISCONTINUED', u'NO', u'08/03/2012', u'08/31/2014']
2015/03/24 17:15:50 - eng-sur_b_IDpel - INFO - ['1', u'HAL L.', u'ABERCROMBIE', u'', u'DAVID L. JENSEN AND ASSOC.', u'547 W. 500 SOUTH STE. 140', u'BOUNTIFUL', u'UT', u'84010', u'US', u'P-10087', u'COMITY', u'ME', u'', u'NO', u'03/20/2001', u'06/30/2016']
2015/03/24 17:15:50 - eng-sur_b_IDpel - INFO - ['1', u'DANIEL S.', u'ABERLE', u'', u'', u'', u'', u'', u'', u'US', u'P-3275', u'COMITY', u'CE', u'', u'NO', u'04/15/1977', u'']
2015/03/24 17:15:50 - eng-sur_b_IDpel - INFO - ['1', u'LAWRENCE KEITH', u'ABERNATHY', u'', u'', u'16721 JULIANN LN.', u'ALOHA', u'OR', u'97007', u'US', u'P-2228', u'EXAM', u'CE', u'', u'NO', u'02/03/1971', u'11/30/2006']
2015/03/24 17:15:50 - eng-sur_b_IDpel - INFO - ['1', u'E.R.', u'ABERNETHY', u'', u'', u'', u'', u'', u'', u'US', u'L-341', u'', u'LS', u'', u'NO', u'', u'']
2015/03/24 17:15:50 - eng-sur_b_IDpel - INFO - ['1', u'ROBERT K.', u'ABERTH, JR.', u'', u'', u'', u'', u'', u'', u'US', u'L-4736', u'COMITY', u'LS', u'', u'NO', u'02/03/1983', u'']
2015/03/24 17:15:50 - eng-sur_b_IDpel - INFO - ['1', u'', u'ABF CONSULTING ENGINEERS', u'', u'', u'', u'', u'', u'', u'US', u'C-1498', u'', u'COA', u'', u'NO', u'12/11/2003', u'']
2015/03/24 17:15:50 - eng-sur_b_IDpel - INFO - ['1', u'ETABUKO', u'ABIRHIRE', u'', u'', u'7311 EDEN CROSSING LANE', u'RICHMOND', u'TX', u'77478', u'US', u'E-5606', u'EXAM', u'EIT', u'', u'NO', u'05/28/2003', u'01/31/2005']
2015/03/24 17:15:50 - eng-sur_b_IDpel - INFO - ['1', u'MARC L.', u'ABLE', u'', u'ABS CONSULTANTS, INC.', u'1530 16TH STREET', u'DENVER', u'CO', u'80202', u'US', u'P-7856', u'COMITY', u'ME', u'', u'NO', u'05/19/1995', u'07/31/2012']
2015/03/24 17:15:50 - eng-sur_b_IDpel - INFO - ['1', u'ROBERT T.', u'ABLONDI', u'', u'RENDEZVOUS ENGINEERING, P.C.', u'P.O. BOX 4858', u'JACKSON', u'WY', u'83001', u'US', u'P-5994', u'COMITY', u'CE', u'', u'NO', u'12/03/1988', u'05/31/2015']
2015/03/24 17:15:50 - eng-sur_b_IDpel - INFO - ['1', u'GAVIN SKY', u'ABO', u'', u'', u'1261 B. W. 100 SOUTH', u'PAUL', u'ID', u'83347', u'US', u'E-6196', u'EXAM', u'EIT', u'', u'NO', u'02/08/2006', u'10/31/2015']
2015/03/24 17:15:50 - eng-sur_b_IDpel - INFO - ['1', u'JAY ROBERT', u'ABO', u'', u'', u'', u'', u'', u'', u'US', u'E-5767', u'EXAM', u'EIT', u'', u'NO', u'02/04/2004', u'']
2015/03/24 17:15:50 - eng-sur_b_IDpel - INFO - ['1', u'LINSEY KIKU', u'ABO', u'', u'', u'709 ELM ST.', u'MOSCOW', u'ID', u'83843', u'US', u'E-6824', u'EXAM', u'EIT', u'', u'NO', u'06/28/2008', u'12/31/2008']
2015/03/24 17:15:50 - eng-sur_b_IDpel - INFO - ['1', u'BOBY W.', u'ABOESONO', u'', u'', u'3307 EAGLE RIDGE WAY', u'HOUSTON', u'TX', u'77084', u'US', u'P-15034', u'COMITY', u'CE', u'', u'NO', u'03/16/2012', u'11/30/2015']
2015/03/24 17:15:50 - eng-sur_b_IDpel - INFO - ['1', u'ALI', u'ABOLHASSANI', u'', u'STRUCTURAL CONCEPTS ENG. INC', u'1200 N. JEFFERSON ST., STE. F', u'ANAHEIM', u'CA', u'92807', u'US', u'P-12202', u'COMITY', u'CE', u'', u'NO', u'05/17/2006', u'10/31/2016']
2015/03/24 17:15:50 - eng-sur_b_IDpel - INFO - ['1', u'ALEXANDER VAHID', u'ABOSSEIN', u'', u'ABOSSEIN ENGINEERING CORP.', u'2100 112TH AVE. N.E STE. #201', u'BELLEVUE', u'WA', u'98004', u'US', u'P-8207', u'COMITY', u'ME,FpE,EE', u'', u'NO', u'04/11/1996', u'08/31/2015']
2015/03/24 17:15:50 - eng-sur_b_IDpel - INFO - ['1', u'DAVID', u'ABRAHAM', u'', u'', u'', u'', u'', u'', u'US', u'E-3068', u'EXAM', u'EIT', u'', u'NO', u'06/17/1988', u'']
2015/03/24 17:15:50 - eng-sur_b_IDpel - INFO - ['1', u'DOYLE G.', u'ABRAHAMSON', u'', u'', u'1950 S. MOLINE WAY', u'AURORA', u'CO', u'80014', u'US', u'L-10524', u'COMITY', u'LS', u'DECEASED', u'NO', u'04/19/2002', u'08/29/2010']
2015/03/24 17:15:50 - eng-sur_b_IDpel - INFO - ['1', u'ANDREW JOSEPH', u'ABRAMS', u'', u'STRATA, INC.', u"6 O'DONNELL ROAD", u'PULLMAN', u'WA', u'99163', u'US', u'P-12481', u'EXAM', u'CE', u'', u'NO', u'12/21/2006', u'02/29/2016']
2015/03/24 17:15:50 - eng-sur_b_IDpel - INFO - ['1', u'ANDREW JOSEPH', u'ABRAMS', u'', u'', u'', u'', u'', u'', u'US', u'E-5607', u'EXAM', u'EIT', u'P-12481', u'NO', u'05/28/2003', u'02/29/2008']
2015/03/24 17:15:50 - eng-sur_b_IDpel - INFO - ['1', u'NED S.', u'ABRAMS', u'', u'', u'2372 N. MACKENZIE DRIVE', u'POST FALLS', u'ID', u'83854', u'US', u'E-3016', u'EXAM', u'EIT', u'', u'NO', u'02/05/1988', u'09/30/2016']
2015/03/24 17:15:50 - eng-sur_b_IDpel - INFO - ['1', u'TED ALAN', u'ABRAMS', u'', u'', u'4905 DRAYCROFT PL.', u'FUQUAY-VARINA', u'NC', u'27526', u'US', u'P-13921', u'COMITY', u'ChE', u'', u'NO', u'09/16/2009', u'07/31/2016']
2015/03/24 17:15:50 - eng-sur_b_IDpel - INFO - ['1', u'ABDELOUAHAB', u'ABROUS', u'', u'', u'14816 INTERLAKE AVE. N.', u'SHORELINE', u'WA', u'98133', u'US', u'P-14132', u'COMITY', u'ME', u'', u'NO', u'03/17/2010', u'08/31/2016']
2015/03/24 17:15:50 - eng-sur_b_IDpel - INFO - ['1', u'JOHN', u'ABRUZZO', u'', u'', u'30 DARYL DRIVE', u'ORINDA', u'CA', u'94563', u'US', u'P-15181', u'COMITY', u'CE', u'', u'NO', u'06/01/2012', u'04/30/2015']
2015/03/24 17:15:50 - eng-sur_b_IDpel - INFO - ['1', u'', u'ABS CONSULTANTS, INC.', u'', u'', u'P.O. BOX 103280', u'DENVER', u'CO', u'80210', u'US', u'C-862', u'', u'COA', u'', u'NO', u'12/27/1999', u'12/31/2012']
2015/03/24 17:15:50 - eng-sur_b_IDpel - INFO - ['1', u'TIMOTHY C.', u'ABSHAGEN', u'', u'', u'11211 FALL GARDEN LANE', u'KNOXVILLE', u'TN', u'37932', u'US', u'P-13436', u'COMITY', u'CE', u'', u'NO', u'09/24/2008', u'09/30/2016']
2015/03/24 17:15:50 - eng-sur_b_IDpel - INFO - ['1', u'', u'ABSOLUTE CONSULTING ENGINEERS', u'', u'', u'2515 BAMBOO', u'NEWPORT BEACH', u'CA', u'92660', u'US', u'C-1647', u'', u'COA', u'', u'NO', u'10/07/2004', u'07/31/2007']
2015/03/24 17:15:50 - eng-sur_b_IDpel - INFO - ['1', u'', u'ABSOLUTE ENGINEERING, LLC', u'', u'', u'7525 W. DESCHUTES PL. #2B', u'KENNEWICK', u'WA', u'99336', u'US', u'C-1774', u'', u'COA', u'', u'NO', u'06/17/2005', u'06/30/2015']
2015/03/24 17:15:50 - eng-sur_b_IDpel - INFO - ['1', u'AHMED', u'ABU ABDO', u'', u'', u'', u'', u'', u'', u'US', u'E-6441', u'EXAM', u'EIT', u'', u'NO', u'12/21/2006', u'07/31/2010']
2015/03/24 17:15:50 - eng-sur_b_IDpel - INFO - ['1', u'ROBERT', u'ABUNDO', u'', u'', u'', u'', u'', u'', u'US', u'E-5054', u'EXAM', u'EIT', u'', u'NO', u'02/25/2000', u'']
2015/03/24 17:15:50 - eng-sur_b_IDpel - INFO - ['1', u'OMAR ALI', u'ABU-YASEIN', u'', u'A & A ENGINEERING', u'5911 RENAISSANCE PLACE, #B', u'TOLEDO', u'OH', u'43606', u'US', u'P-11443', u'COMITY', u'CE', u'', u'NO', u'07/20/2004', u'11/30/2016']
2015/03/24 17:15:50 - eng-sur_b_IDpel - INFO - ['1', u'', u'ACCELERATED TOWER ENGINEERING, LLC', u'', u'', u'4710 PORTOFINO DR.', u'LONGMONT', u'CO', u'80503', u'USA', u'C-3301', u'', u'COA', u'', u'NO', u'03/13/2015', u'03/31/2016']
2015/03/24 17:15:50 - eng-sur_b_IDpel - INFO - ['1', u'', u'ACCESS CONSULTING, P.C.', u'', u'', u'265 W. FRONT ST.', u'MISSOULA', u'MT', u'59802', u'US', u'C-3010', u'', u'COA', u'', u'NO', u'05/14/2013', u'05/31/2015']
2015/03/24 17:15:50 - eng-sur_b_IDpel - INFO - ['1', u'', u'ACCO ENGINEERED SYSTEMS INC.', u'HUGH PALMER', u'', u'6265 SAN FERNANDO', u'GLENDALE', u'CA', u'91201', u'US', u'C-2576', u'', u'COA', u'', u'NO', u'05/25/2010', u'05/31/2015']
2015/03/24 17:15:50 - eng-sur_b_IDpel - INFO - ['1', u'', u'ACCURATE SURVEYING & MAPPING, P.C.', u'', u'', u'1602 W. HAYS, SUITE 306', u'BOISE', u'ID', u'83702', u'US', u'C-1843', u'', u'COA', u'', u'NO', u'12/02/2005', u'12/31/2015']
2015/03/24 17:15:50 - eng-sur_b_IDpel - INFO - ['1', u'', u'ACCURATE SYSTEMS COMPANY', u'', u'', u'', u'', u'', u'', u'US', u'C-74', u'', u'COA', u'', u'NO', u'10/12/1973', u'']
2015/03/24 17:15:50 - eng-sur_b_IDpel - INFO - ['1', u'', u'ACE ELECTRIC CO.', u'', u'', u'', u'', u'', u'', u'US', u'C-217', u'', u'COA', u'', u'NO', u'07/21/1982', u'']
2015/03/24 17:15:50 - eng-sur_b_IDpel - INFO - ['1', u'', u'ACERTUS CONSULTING GROUP, LLC', u'', u'', u'14817  W. 95TH ST.', u'LENEXA', u'KS', u'66215', u'US', u'C-3022', u'', u'COA', u'', u'NO', u'06/11/2013', u'06/30/2015']
2015/03/24 17:15:50 - eng-sur_b_IDpel - INFO - ['1', u'', u'ACH ENGINEERING, P.S.', u'', u'', u'2404 STATELINE ROAD', u'WALLA WALLA', u'WA', u'99362', u'US', u'C-1470', u'', u'COA', u'', u'NO', u'09/23/2003', u'09/30/2015']
2015/03/24 17:15:50 - eng-sur_b_IDpel - INFO - ['1', u'DONALD G.', u'ACHESON', u'', u'RIEDESEL & ASSOCIATES INC.', u'202 FALLS AVENUE', u'TWIN FALLS', u'ID', u'83301', u'US', u'P-8102', u'EXAM', u'CE', u'', u'NO', u'01/31/1996', u'07/31/2015']
2015/03/24 17:15:50 - eng-sur_b_IDpel - INFO - ['1', u'THOMAS G.', u'ACIERNO', u'', u'', u'15615 VIA CALANOVA', u'SAN DIEGO', u'CA', u'92128', u'US', u'P-1326', u'COMITY', u'ME', u'DECEASED', u'YES', u'09/02/1960', u'06/30/2008']
2015/03/24 17:15:50 - eng-sur_b_IDpel - INFO - ['1', u'ROBERTA L.', u'ACKARET', u'', u'', u'', u'', u'', u'', u'US', u'P-1714', u'EXAM', u'CE', u'', u'NO', u'02/04/1966', u'']
2015/03/24 17:15:50 - eng-sur_b_IDpel - INFO - ['1', u'BRADLEY VINCENT', u'ACKER', u'', u'', u'1924 N. 33RD STR.', u'BOISE', u'ID', u'83703', u'US', u'P-11344', u'EXAM', u'ME', u'', u'NO', u'06/02/2004', u'05/31/2014']
2015/03/24 17:15:50 - eng-sur_b_IDpel - INFO - ['1', u'WILLIAM SCOTT', u'ACKER', u'', u'', u'P.O. BOX 70', u'MC CALL', u'ID', u'83638', u'US', u'P-8103', u'EXAM', u'CE', u'', u'NO', u'01/31/1996', u'04/30/2016']
2015/03/24 17:15:50 - eng-sur_b_IDpel - INFO - ['1', u'WILLIAM SCOTT', u'ACKER', u'', u'', u'', u'', u'', u'', u'US', u'E-3203', u'EXAM', u'EIT', u'P-8103', u'NO', u'06/23/1989', u'']
2015/03/24 17:15:50 - eng-sur_b_IDpel - INFO - ['1', u'ALEX JAMES', u'ACKERMAN', u'', u'', u'205 SOUTH BOULEVARD', u'GRANGEVILLE', u'ID', u'83530', u'US', u'E-8602', u'EXAM', u'EI', u'', u'NO', u'02/04/2015', u'02/29/2016']
2015/03/24 17:15:50 - eng-sur_b_IDpel - INFO - ['1', u'BURL D.', u'ACKERMAN', u'', u'', u'6322 COLONIAL CIRCLE', u'BOISE', u'ID', u'83709-1073', u'US', u'P-11128', u'EXAM', u'EnvE', u'', u'NO', u'12/08/2003', u'02/28/2014']
2015/03/24 17:15:50 - eng-sur_b_IDpel - INFO - ['1', u'JOHN M.', u'ACKERMAN', u'', u'', u'', u'', u'', u'', u'US', u'P-2684', u'COMITY', u'EE', u'', u'NO', u'03/29/1974', u'']
2015/03/24 17:15:50 - eng-sur_b_IDpel - INFO - ['1', u'', u'ACKERMAN ENGINEERS', u'', u'', u'', u'', u'', u'', u'US', u'C-566', u'', u'COA', u'', u'NO', u'04/21/1995', u'']
2015/03/24 17:15:50 - eng-sur_b_IDpel - INFO - ['1', u'TARA L.', u'ACKERMANN', u'', u'', u'1074 BARRINGTON', u'ELKO', u'NV', u'89801', u'US', u'E-8583', u'EXAM', u'EI', u'', u'NO', u'01/14/2015', u'06/30/2015']
2015/03/24 17:15:50 - eng-sur_b_IDpel - INFO - ['1', u'CECIL GRAHAM', u'ACREE', u'', u'', u'', u'', u'', u'', u'US', u'P-2737', u'COMITY', u'ME', u'', u'NO', u'09/07/1974', u'']
2015/03/24 17:15:50 - eng-sur_b_IDpel - INFO - ['1', u'CRAIG MICHAEL', u'ACTIS', u'', u'', u'', u'', u'', u'', u'US', u'E-1496', u'EXAM', u'EIT', u'', u'NO', u'01/25/1979', u'']
2015/03/24 17:15:50 - eng-sur_b_IDpel - INFO - ['1', u'', u'ACUMEN ENGINEERING, INC.', u'', u'', u'12808 S. 600 E.', u'DRAPER', u'UT', u'84020', u'US', u'C-3215', u'', u'COA', u'', u'NO', u'09/26/2014', u'09/30/2015']
2015/03/24 17:15:50 - eng-sur_b_IDpel - INFO - ['1', u'', u'ACUTE ENGINEERING', u'', u'', u'1429 S. STATE STREET', u'OREM', u'UT', u'84097', u'US', u'C-2194', u'', u'COA', u'', u'NO', u'12/21/2007', u'12/31/2015']
2015/03/24 17:15:50 - eng-sur_b_IDpel - INFO - ['1', u'A.P.', u'ADAIR', u'', u'', u'', u'', u'', u'', u'US', u'L-77', u'', u'LS', u'', u'NO', u'', u'']
2015/03/24 17:15:50 - eng-sur_b_IDpel - INFO - ['1', u'P.J.', u'ADAM', u'', u'', u'', u'', u'', u'', u'US', u'P-4090', u'COMITY', u'ME', u'', u'NO', u'06/20/1980', u'']
2015/03/24 17:15:50 - eng-sur_b_IDpel - INFO - ['1', u'ZACHARY', u'ADAM', u'', u'', u'19707 109TH AVE. SE', u'SNOHOMISH', u'WA', u'98296', u'US', u'E-7280', u'EXAM', u'EI', u'', u'NO', u'06/11/2010', u'04/30/2011']
2015/03/24 17:15:50 - eng-sur_b_IDpel - INFO - ['1', u'THOMAS DAVID', u'ADAMO', u'', u'ADAMO & ASSOCIATES', u'1685 PLYMOUTH ST., STE. 150', u'MOUNTAIN VIEW', u'CA', u'94043', u'US', u'P-10091', u'COMITY', u'CE,SE', u'', u'NO', u'03/26/2001', u'02/28/2007']
2015/03/24 17:15:50 - eng-sur_b_IDpel - INFO - ['1', u'A.', u'ADAMS', u'', u'', u'', u'', u'', u'', u'US', u'L-266', u'', u'LS', u'', u'NO', u'', u'']
2015/03/24 17:15:50 - eng-sur_b_IDpel - INFO - ['1', u'ANTHONY JAY', u'ADAMS', u'', u'', u'', u'', u'', u'', u'US', u'NO', u'', u'NO', u'', u'']
2015/03/24 17:15:50 - eng-sur_b_IDpel - INFO - ['1', u'ANTHONY JAY', u'ADAMS', u'', u'', u'', u'', u'', u'', u'US', u'th>\r\n\t\t03/24/2015']
2015/03/24 17:15:50 - eng-sur_b_IDpel - INFO - ['1']
2015/03/24 17:15:50 - eng-sur_b_IDpel - INFO - ['1', u'MATTHEW J.', u'SCHIEMER', u'', u'GANNETT FLEMING, INC.', u'12710 RESEARCH BLVD. STE. 350', u'AUSTIN', u'TX', u'78759', u'US', u'P-16100', u'COMITY', u'CE', u'SEAL', u'NO', u'08/15/2014', u'07/31/2016']
2015/03/24 17:15:50 - eng-sur_b_IDpel - INFO - ['1', u'', u'02WIRELESS, INC.', u'', u'DBA BARAN TELECOM', u'2355 INDUSTRIAL PARK BLVD.', u'CUMMING', u'GA', u'30041', u'US', u'C-985', u'', u'COA', u'', u'NO', u'10/24/2000', u'07/31/2006']
2015/03/24 17:15:50 - eng-sur_b_IDpel - INFO - ['1', u'', u'1 ALLIANCE GEOMATICS, LLC', u'', u'', u'1261A 120TH AVE. NE', u'BELLEVUE', u'WA', u'98005', u'US', u'C-3106', u'', u'COA', u'', u'NO', u'01/07/2014', u'01/31/2016']
2015/03/24 17:15:50 - eng-sur_b_IDpel - INFO - ['1', u'', u'4 RIVERS SURVEYING INC.', u'', u'', u'1310 SHADY LANE', u'EMMETT', u'ID', u'83617-9511', u'US', u'C-2503', u'', u'COA', u'', u'NO', u'10/23/2009', u'10/31/2015']
2015/03/24 17:15:50 - eng-sur_b_IDpel - INFO - ['1', u'', u'48 NORTH, P.C.', u'', u'', u'151 BUSINESS CTR. LP. STE. A', u'KALISPELL', u'MT', u'59901', u'US', u'C-2354', u'', u'COA', u'', u'NO', u'11/22/2008', u'11/30/2015']
2015/03/24 17:15:50 - eng-sur_b_IDpel - INFO - ['1', u'', u'4TH DIMENSION DESIGN, INC.', u'', u'', u'817 VENTURE COURT', u'WAUKESHA', u'WI', u'53189', u'US', u'C-1547', u'', u'COA', u'', u'NO', u'03/09/2004', u'03/31/2015']
2015/03/24 17:15:50 - eng-sur_b_IDpel - INFO - ['1', u'', u'717 ARCHITECTURE & ENGINEERING, LLC', u'', u'', u'11330 OLOVE BOULEVARD', u'ST. LOUIS', u'MO', u'63141', u'US', u'C-1964', u'', u'COA', u'', u'NO', u'09/13/2006', u'09/30/2015']
2015/03/24 17:15:50 - eng-sur_b_IDpel - INFO - ['1', u'', u'A & A ENGINEERING, CIVIL/STRUCTURAL', u'', u'ENGINEERS, LLC', u'5911 RENAISSANCE PLACE #B', u'TOLEDO', u'OH', u'43606', u'US', u'C-1623', u'', u'COA', u'', u'NO', u'08/30/2004', u'08/31/2015']
2015/03/24 17:15:50 - eng-sur_b_IDpel - INFO - ['1', u'', u'A & E ENGINEERING, INC.', u'', u'', u'P.O. BOX 1327', u'POCATELLO', u'ID', u'83204', u'US', u'C-745', u'', u'COA', u'', u'NO', u'09/11/1998', u'09/30/2015']
2015/03/24 17:15:50 - eng-sur_b_IDpel - INFO - ['1', u'', u'A CACHE CORPORATION', u'', u'', u'P.O. BOX 393', u'MENDON', u'UT', u'84325', u'US', u'C-2270', u'', u'COA', u'', u'NO', u'05/23/2008', u'05/31/2015']
2015/03/24 17:15:50 - eng-sur_b_IDpel - INFO - ['1', u'', u'A. A. HUDSON & ASSOCIATES', u'', u'', u'132 SOUTH STATE', u'PRESTON', u'ID', u'83263', u'US', u'C-2567', u'', u'COA', u'', u'NO', u'04/28/2010', u'04/30/2015']
2015/03/24 17:15:50 - eng-sur_b_IDpel - INFO - ['1', u'', u'A. EPSTEIN AND SONS INTERNATIONAL, INC.', u'PATRICIA TAYLOR', u'', u'600 W. FULTON ST.', u'CHICAGO', u'IL', u'60661-1199', u'US', u'C-469', u'', u'COA', u'', u'NO', u'06/25/1993', u'06/30/2012']
2015/03/24 17:15:50 - eng-sur_b_IDpel - INFO - ['1', u'', u'A.R.C. AGRICULTURE RESOURCE CONSULTING', u'', u'', u'P.O. BOX 7', u'HOMEDALE', u'ID', u'83628', u'US', u'C-1608', u'', u'COA', u'', u'NO', u'07/20/2004', u'07/31/2006']
2015/03/24 17:15:50 - eng-sur_b_IDpel - INFO - ['1', u'', u'A.T.S., INC.', u'', u'', u'P.O. BOX 3457', u'HAYDEN', u'ID', u'83835', u'US', u'C-1075', u'', u'COA', u'', u'NO', u'04/11/2001', u'04/30/2015']
2015/03/24 17:15:50 - eng-sur_b_IDpel - INFO - ['1', u'', u'A.V.I. PROFESSIONAL CORPORATION', u'', u'', u'', u'', u'', u'', u'US', u'C-403', u'', u'COA', u'', u'NO', u'02/06/1992', u'']
2015/03/24 17:15:50 - eng-sur_b_IDpel - INFO - ['1', u'ROY LEE', u'AACH', u'', u'', u'', u'', u'', u'', u'US', u'P-3528', u'COMITY', u'ME', u'', u'NO', u'04/15/1978', u'09/30/2007']
2015/03/24 17:15:50 - eng-sur_b_IDpel - INFO - ['1', u'', u'AAD:FITCH, INC.', u'', u'', u'16435 N. SCOTTSDALE RD. STE. 195', u'SCOTTSDALE', u'AZ', u'85254', u'US', u'C-3214', u'', u'COA', u'', u'NO', u'09/26/2014', u'09/30/2015']
2015/03/24 17:15:50 - eng-sur_b_IDpel - INFO - ['1', u'JEFFREY JAMES', u'AAGARD', u'', u'', u'178 RAWLINS LANE', u'DRAPER', u'UT', u'84020', u'US', u'P-9805', u'COMITY', u'ME', u'', u'YES', u'07/11/2000', u'07/31/2015']
2015/03/24 17:15:50 - eng-sur_b_IDpel - INFO - ['1', u'GLEN L.', u'AALBERS', u'', u'AALBERS & ASSOCIATES', u'2362 N. OXNARD BLDG., STE. 201', u'OXNARD', u'CA', u'93036', u'US', u'L-7854', u'COMITY', u'LS', u'', u'YES', u'05/01/1995', u'10/31/2015']
2015/03/24 17:15:50 - eng-sur_b_IDpel - INFO - ['1', u'CARROLL E.', u'AAMOLD', u'', u'', u'579 ELKHART LANE', u'GRAND JUNCTION', u'CO', u'81504', u'US', u'P-7258', u'COMITY', u'CE', u'DISCONTINUED', u'YES', u'09/18/1993', u'10/31/2012']
2015/03/24 17:15:50 - eng-sur_b_IDpel - INFO - ['1', u'', u'AAR ENGINERING, PLLC', u'', u'', u'306 GAMBLES IN', u'MOSCOW', u'ID', u'83843-8212', u'USA', u'C-3297', u'', u'COA', u'', u'NO', u'03/10/2015', u'03/31/2016']
2015/03/24 17:15:50 - eng-sur_b_IDpel - INFO - ['1', u'', u'AARDVARK INNOVATIONS, INC.', u'', u'', u'', u'', u'', u'', u'US', u'C-924', u'', u'COA', u'', u'NO', u'08/21/2000', u'']
2015/03/24 17:15:50 - eng-sur_b_IDpel - INFO - ['1', u'STEPHEN E.', u'AASHEIM', u'', u'', u'5205 SW 103RD DRIVE', u'GAINESVILLE', u'FL', u'32608', u'US', u'P-3141', u'COMITY', u'CE', u'', u'YES', u'09/11/1976', u'02/29/2016']
2015/03/24 17:15:50 - eng-sur_b_IDpel - INFO - ['1', u'', u'AATRONICS INCORPORATED', u'', u'', u'10 N. LIBERTY ST.', u'BOISE', u'ID', u'83704', u'US', u'C-337', u'', u'COA', u'', u'NO', u'06/23/1990', u'07/31/2006']
2015/03/24 17:15:50 - eng-sur_b_IDpel - INFO - ['1', u'', u'ABACUS ENGINEERING, P.C.', u'', u'', u'1353 BEAR CREEK RD.', u'PRINCETON', u'ID', u'83857', u'US', u'C-738', u'', u'COA', u'', u'NO', u'09/09/1998', u'09/30/2015']
2015/03/24 17:15:50 - eng-sur_b_IDpel - INFO - ['1', u'CARMEN B.', u'ABAD-FITTS', u'', u'HDR ENGINERING,INC.', u'1020 N.E. LOOP 410, STE. 200', u'SAN ANTONIO', u'TX', u'78209', u'US', u'P-11291', u'COMITY', u'CE', u'', u'NO', u'04/14/2004', u'10/31/2015']
2015/03/24 17:15:50 - eng-sur_b_IDpel - INFO - ['1', u'MANUEL', u'ABARCA', u'', u'WH PACIFIC, INC.', u'724 COLUMBIA N.W. #140', u'OLYMPIA', u'WA', u'98501', u'US', u'P-11284', u'COMITY', u'CE', u'', u'NO', u'03/30/2004', u'07/31/2010']
2015/03/24 17:15:50 - eng-sur_b_IDpel - INFO - ['1', u'LARRY A.', u'ABATIELL', u'', u'', u'', u'', u'', u'', u'US', u'P-10361', u'COMITY', u'CE', u'DISCONTINUED', u'NO', u'12/20/2001', u'11/30/2005']
2015/03/24 17:15:50 - eng-sur_b_IDpel - INFO - ['1', u'', u'ABB, INC.', u'MICHELLE SCOTTODILUZIO', u'', u'12040 REGENCY PKWY., STE. 200', u'CARY', u'NC', u'27518', u'US', u'C-3207', u'', u'COA', u'', u'NO', u'09/23/2014', u'09/30/2015']
2015/03/24 17:15:50 - eng-sur_b_IDpel - INFO - ['1', u'RAHIM A.', u'ABBASI', u'', u'1400 N.W. IRVING STREET', u'UNIT #417', u'PORTLAND', u'OR', u'97209', u'US', u'E-5558', u'EXAM', u'EIT', u'', u'NO', u'11/22/2002', u'07/31/2007']
2015/03/24 17:15:50 - eng-sur_b_IDpel - INFO - ['1', u'BAHMAN', u'ABBASSI', u'', u'IDOT', u'P.O. BOX 4700', u'POCATELLO', u'ID', u'83205-4700', u'US', u'P-13780', u'COMITY', u'CE', u'', u'NO', u'06/16/2009', u'06/30/2016']
2015/03/24 17:15:50 - eng-sur_b_IDpel - INFO - ['1', u'ALLAN A.', u'ABBATA', u'', u'', u'112 VERANDA LN.', u'LEXINGTON', u'SC', u'29072', u'US', u'P-10906', u'COMITY', u'CE', u'DISCONTINUED', u'NO', u'04/08/2003', u'05/31/2013']
2015/03/24 17:15:50 - eng-sur_b_IDpel - INFO - ['1', u'MARTIN A.', u'ABBATE', u'', u'', u'4060 FOREST RUN CIRCLE', u'MEDINA', u'OH', u'44256', u'US', u'P-7324', u'COMITY', u'EE', u'', u'NO', u'11/20/1993', u'09/30/2016']
2015/03/24 17:15:50 - eng-sur_b_IDpel - INFO - ['1', u'BRIAN W.', u'ABBOTT', u'', u'', u'', u'', u'', u'', u'US', u'E-1026', u'EXAM', u'EIT', u'', u'NO', u'06/12/1974', u'']
2015/03/24 17:15:50 - eng-sur_b_IDpel - INFO - ['1', u'JEFFREY L.', u'ABBOTT', u'', u'', u'', u'', u'', u'', u'US', u'E-4141', u'EXAM', u'EIT', u'', u'NO', u'01/27/1995', u'']
2015/03/24 17:15:50 - eng-sur_b_IDpel - INFO - ['1', u'JESSE W.', u'ABBOTT', u'', u'', u'', u'', u'', u'', u'US', u'E-301', u'EXAM', u'EIT', u'', u'NO', u'04/26/1967', u'']
2015/03/24 17:15:50 - eng-sur_b_IDpel - INFO - ['1', u'MICHAEL TODD', u'ABBOTT', u'', u'', u'1301 N. SKIPWORTH COURT', u'SPOKANE VALLEY', u'WA', u'99206-2506', u'US', u'E-4183', u'EXAM', u'EIT', u'', u'NO', u'06/09/1995', u'01/31/2014']
2015/03/24 17:15:50 - eng-sur_b_IDpel - INFO - ['1', u'RICHARD T.', u'ABBOTT', u'', u'', u'1341 OVERLOOK DRIVE', u'NEW MARKET', u'MN', u'55054', u'US', u'P-11281', u'COMITY', u'CE,SE', u'', u'NO', u'03/23/2004', u'09/30/2009']
2015/03/24 17:15:50 - eng-sur_b_IDpel - INFO - ['1', u'', u'ABCO DRAFTING & DESIGN, INC.', u'', u'', u'', u'', u'', u'', u'US', u'C-410', u'', u'COA', u'', u'NO', u'04/17/1992', u'']
2015/03/24 17:15:50 - eng-sur_b_IDpel - INFO - ['1', u'', u'ABCO ENGINEERING, INC.', u'', u'', u'2101 DELTA DR.', u'NAMPA', u'ID', u'83687', u'', u'C-3085', u'', u'COA', u'', u'NO', u'10/30/2013', u'10/31/2015']
2015/03/24 17:15:50 - eng-sur_b_IDpel - INFO - ['1', u'MOHAMED OSAMA', u'ABDEL AAL', u'', u'', u'6415 BEACHVIEW DRIVE', u'HUNTINGTON', u'CA', u'92648', u'US', u'P-8864', u'COMITY', u'CE', u'', u'YES', u'02/19/1998', u'11/30/2016']
2015/03/24 17:15:50 - eng-sur_b_IDpel - INFO - ['1', u'AHMED', u'ABDEL-RAHIM', u'', u'', u'', u'', u'', u'', u'US', u'E-5390', u'EXAM', u'EIT', u'', u'NO', u'12/17/2001', u'']
2015/03/24 17:15:50 - eng-sur_b_IDpel - INFO - ['1', u'AHMED SHAWKY', u'ABDEL-RAHIM', u'', u'UNIVERSITY OF IDAHO', u'P.O. BOX 440901', u'MOSCOW', u'ID', u'83844-0901', u'US', u'P-10572', u'EXAM', u'CE', u'', u'NO', u'06/14/2002', u'02/29/2016']
2015/03/24 17:15:50 - eng-sur_b_IDpel - INFO - ['1', u'KHALED', u'ABDEL-RAHIM', u'', u'', u'306 GAMBELS LN.', u'MOSCOW', u'ID', u'83843', u'US', u'E-8353', u'EXAM', u'EI', u'', u'NO', u'02/07/2014', u'03/31/2016']
2015/03/24 17:15:50 - eng-sur_b_IDpel - INFO - ['1', u'JERALD L.', u'ABDIE', u'', u'KPFF CONSULTING ENGINEERS', u'111 SW FIFTH AVE., STE. 2500', u'PORTLAND', u'OR', u'97204-3628', u'US', u'P-9798', u'COMITY', u'CE,SE', u'', u'NO', u'07/05/2000', u'09/30/2015']
2015/03/24 17:15:50 - eng-sur_b_IDpel - INFO - ['1', u'AZAD SALIM', u'ABDULHAFEDH', u'', u'', u'510 HIGH ST., APT. 301', u'COLUMBIA', u'MO', u'65201', u'US', u'E-8009', u'EXAM', u'EI', u'', u'NO', u'12/07/2012', u'03/31/2016']
2015/03/24 17:15:50 - eng-sur_b_IDpel - INFO - ['1', u'EDWARD A.', u'ABDUN-NUR', u'', u'', u'', u'', u'', u'', u'US', u'P-1466', u'COMITY', u'CE', u'', u'NO', u'11/30/1962', u'']
2015/03/24 17:15:50 - eng-sur_b_IDpel - INFO - ['1', u'DONN E.', u'ABEGGLEN', u'', u'', u'', u'', u'', u'', u'US', u'E-489', u'EXAM', u'EIT', u'', u'NO', u'06/12/1969', u'']
2015/03/24 17:15:50 - eng-sur_b_IDpel - INFO - ['1', u'BELTUS', u'ABEH', u'', u'', u'725 S. 3RD AVE., APT. 1', u'POCATELLO', u'ID', u'83201', u'US', u'E-8282', u'EXAM', u'EI', u'', u'NO', u'12/06/2013', u'03/31/2016']
2015/03/24 17:15:50 - eng-sur_b_IDpel - INFO - ['1', u'DANIEL M.', u'ABEL', u'', u'', u'', u'', u'', u'', u'US', u'P-956', u'', u'ME', u'', u'NO', u'', u'']
2015/03/24 17:15:50 - eng-sur_b_IDpel - INFO - ['1', u'DENNIS DANIEL', u'ABEL', u'', u'FDH ENGINEERING, INC.', u'6521 MERIDIEN DR.', u'RALEIGH', u'NC', u'27616', u'US', u'P-15343', u'COMITY', u'CE', u'', u'NO', u'11/16/2012', u'02/29/2016']
2015/03/24 17:15:50 - eng-sur_b_IDpel - INFO - ['1', u'JASON T.', u'ABEL', u'', u'', u'3987 E. CHAFFE AVENUE', u'PAHRUMP', u'NV', u'89061', u'US', u'P-13918', u'COMITY', u'ENVE', u'', u'NO', u'09/11/2009', u'06/30/2015']
2015/03/24 17:15:50 - eng-sur_b_IDpel - INFO - ['1', u'THOMAS E.', u'ABEL', u'', u'ABEL ENGINEERING INC.', u'212 SEGIAH WAY', u'KALISPELL', u'MT', u'59901', u'US', u'P-15235', u'COMITY', u'ME', u'DECEASED', u'NO', u'08/03/2012', u'03/01/2014']
2015/03/24 17:15:50 - eng-sur_b_IDpel - INFO - ['1', u'', u'ABEL ENGINEERING INC.', u'', u'', u'212 SEIGIAH WAY', u'KALISPELL', u'MT', u'59901', u'US', u'C-2891', u'', u'COA', u'DISCONTINUED', u'NO', u'08/03/2012', u'08/31/2014']
2015/03/24 17:15:50 - eng-sur_b_IDpel - INFO - ['1', u'HAL L.', u'ABERCROMBIE', u'', u'DAVID L. JENSEN AND ASSOC.', u'547 W. 500 SOUTH STE. 140', u'BOUNTIFUL', u'UT', u'84010', u'US', u'P-10087', u'COMITY', u'ME', u'', u'NO', u'03/20/2001', u'06/30/2016']
2015/03/24 17:15:50 - eng-sur_b_IDpel - INFO - ['1', u'DANIEL S.', u'ABERLE', u'', u'', u'', u'', u'', u'', u'US', u'P-3275', u'COMITY', u'CE', u'', u'NO', u'04/15/1977', u'']
2015/03/24 17:15:50 - eng-sur_b_IDpel - INFO - ['1', u'LAWRENCE KEITH', u'ABERNATHY', u'', u'', u'16721 JULIANN LN.', u'ALOHA', u'OR', u'97007', u'US', u'P-2228', u'EXAM', u'CE', u'', u'NO', u'02/03/1971', u'11/30/2006']
2015/03/24 17:15:50 - eng-sur_b_IDpel - INFO - ['1', u'E.R.', u'ABERNETHY', u'', u'', u'', u'', u'', u'', u'US', u'L-341', u'', u'LS', u'', u'NO', u'', u'']
2015/03/24 17:15:50 - eng-sur_b_IDpel - INFO - ['1', u'ROBERT K.', u'ABERTH, JR.', u'', u'', u'', u'', u'', u'', u'US', u'L-4736', u'COMITY', u'LS', u'', u'NO', u'02/03/1983', u'']
2015/03/24 17:15:50 - eng-sur_b_IDpel - INFO - ['1', u'', u'ABF CONSULTING ENGINEERS', u'', u'', u'', u'', u'', u'', u'US', u'C-1498', u'', u'COA', u'', u'NO', u'12/11/2003', u'']
2015/03/24 17:15:50 - eng-sur_b_IDpel - INFO - ['1', u'ETABUKO', u'ABIRHIRE', u'', u'', u'7311 EDEN CROSSING LANE', u'RICHMOND', u'TX', u'77478', u'US', u'E-5606', u'EXAM', u'EIT', u'', u'NO', u'05/28/2003', u'01/31/2005']
2015/03/24 17:15:50 - eng-sur_b_IDpel - INFO - ['1', u'MARC L.', u'ABLE', u'', u'ABS CONSULTANTS, INC.', u'1530 16TH STREET', u'DENVER', u'CO', u'80202', u'US', u'P-7856', u'COMITY', u'ME', u'', u'NO', u'05/19/1995', u'07/31/2012']
2015/03/24 17:15:50 - eng-sur_b_IDpel - INFO - ['1', u'ROBERT T.', u'ABLONDI', u'', u'RENDEZVOUS ENGINEERING, P.C.', u'P.O. BOX 4858', u'JACKSON', u'WY', u'83001', u'US', u'P-5994', u'COMITY', u'CE', u'', u'NO', u'12/03/1988', u'05/31/2015']
2015/03/24 17:15:50 - eng-sur_b_IDpel - INFO - ['1', u'GAVIN SKY', u'ABO', u'', u'', u'1261 B. W. 100 SOUTH', u'PAUL', u'ID', u'83347', u'US', u'E-6196', u'EXAM', u'EIT', u'', u'NO', u'02/08/2006', u'10/31/2015']
2015/03/24 17:15:50 - eng-sur_b_IDpel - INFO - ['1', u'JAY ROBERT', u'ABO', u'', u'', u'', u'', u'', u'', u'US', u'E-5767', u'EXAM', u'EIT', u'', u'NO', u'02/04/2004', u'']
2015/03/24 17:15:50 - eng-sur_b_IDpel - INFO - ['1', u'LINSEY KIKU', u'ABO', u'', u'', u'709 ELM ST.', u'MOSCOW', u'ID', u'83843', u'US', u'E-6824', u'EXAM', u'EIT', u'', u'NO', u'06/28/2008', u'12/31/2008']
2015/03/24 17:15:50 - eng-sur_b_IDpel - INFO - ['1', u'BOBY W.', u'ABOESONO', u'', u'', u'3307 EAGLE RIDGE WAY', u'HOUSTON', u'TX', u'77084', u'US', u'P-15034', u'COMITY', u'CE', u'', u'NO', u'03/16/2012', u'11/30/2015']
2015/03/24 17:15:50 - eng-sur_b_IDpel - INFO - ['1', u'ALI', u'ABOLHASSANI', u'', u'STRUCTURAL CONCEPTS ENG. INC', u'1200 N. JEFFERSON ST., STE. F', u'ANAHEIM', u'CA', u'92807', u'US', u'P-12202', u'COMITY', u'CE', u'', u'NO', u'05/17/2006', u'10/31/2016']
2015/03/24 17:15:50 - eng-sur_b_IDpel - INFO - ['1', u'ALEXANDER VAHID', u'ABOSSEIN', u'', u'ABOSSEIN ENGINEERING CORP.', u'2100 112TH AVE. N.E STE. #201', u'BELLEVUE', u'WA', u'98004', u'US', u'P-8207', u'COMITY', u'ME,FpE,EE', u'', u'NO', u'04/11/1996', u'08/31/2015']
2015/03/24 17:15:50 - eng-sur_b_IDpel - INFO - ['1', u'DAVID', u'ABRAHAM', u'', u'', u'', u'', u'', u'', u'US', u'E-3068', u'EXAM', u'EIT', u'', u'NO', u'06/17/1988', u'']
2015/03/24 17:15:50 - eng-sur_b_IDpel - INFO - ['1', u'DOYLE G.', u'ABRAHAMSON', u'', u'', u'1950 S. MOLINE WAY', u'AURORA', u'CO', u'80014', u'US', u'L-10524', u'COMITY', u'LS', u'DECEASED', u'NO', u'04/19/2002', u'08/29/2010']
2015/03/24 17:15:50 - eng-sur_b_IDpel - INFO - ['1', u'ANDREW JOSEPH', u'ABRAMS', u'', u'STRATA, INC.', u"6 O'DONNELL ROAD", u'PULLMAN', u'WA', u'99163', u'US', u'P-12481', u'EXAM', u'CE', u'', u'NO', u'12/21/2006', u'02/29/2016']
2015/03/24 17:15:50 - eng-sur_b_IDpel - INFO - ['1', u'ANDREW JOSEPH', u'ABRAMS', u'', u'', u'', u'', u'', u'', u'US', u'E-5607', u'EXAM', u'EIT', u'P-12481', u'NO', u'05/28/2003', u'02/29/2008']
2015/03/24 17:15:50 - eng-sur_b_IDpel - INFO - ['1', u'NED S.', u'ABRAMS', u'', u'', u'2372 N. MACKENZIE DRIVE', u'POST FALLS', u'ID', u'83854', u'US', u'E-3016', u'EXAM', u'EIT', u'', u'NO', u'02/05/1988', u'09/30/2016']
2015/03/24 17:15:50 - eng-sur_b_IDpel - INFO - ['1', u'TED ALAN', u'ABRAMS', u'', u'', u'4905 DRAYCROFT PL.', u'FUQUAY-VARINA', u'NC', u'27526', u'US', u'P-13921', u'COMITY', u'ChE', u'', u'NO', u'09/16/2009', u'07/31/2016']
2015/03/24 17:15:50 - eng-sur_b_IDpel - INFO - ['1', u'ABDELOUAHAB', u'ABROUS', u'', u'', u'14816 INTERLAKE AVE. N.', u'SHORELINE', u'WA', u'98133', u'US', u'P-14132', u'COMITY', u'ME', u'', u'NO', u'03/17/2010', u'08/31/2016']
2015/03/24 17:15:50 - eng-sur_b_IDpel - INFO - ['1', u'JOHN', u'ABRUZZO', u'', u'', u'30 DARYL DRIVE', u'ORINDA', u'CA', u'94563', u'US', u'P-15181', u'COMITY', u'CE', u'', u'NO', u'06/01/2012', u'04/30/2015']
2015/03/24 17:15:50 - eng-sur_b_IDpel - INFO - ['1', u'', u'ABS CONSULTANTS, INC.', u'', u'', u'P.O. BOX 103280', u'DENVER', u'CO', u'80210', u'US', u'C-862', u'', u'COA', u'', u'NO', u'12/27/1999', u'12/31/2012']
2015/03/24 17:15:50 - eng-sur_b_IDpel - INFO - ['1', u'TIMOTHY C.', u'ABSHAGEN', u'', u'', u'11211 FALL GARDEN LANE', u'KNOXVILLE', u'TN', u'37932', u'US', u'P-13436', u'COMITY', u'CE', u'', u'NO', u'09/24/2008', u'09/30/2016']
2015/03/24 17:15:50 - eng-sur_b_IDpel - INFO - ['1', u'', u'ABSOLUTE CONSULTING ENGINEERS', u'', u'', u'2515 BAMBOO', u'NEWPORT BEACH', u'CA', u'92660', u'US', u'C-1647', u'', u'COA', u'', u'NO', u'10/07/2004', u'07/31/2007']
2015/03/24 17:15:50 - eng-sur_b_IDpel - INFO - ['1', u'', u'ABSOLUTE ENGINEERING, LLC', u'', u'', u'7525 W. DESCHUTES PL. #2B', u'KENNEWICK', u'WA', u'99336', u'US', u'C-1774', u'', u'COA', u'', u'NO', u'06/17/2005', u'06/30/2015']
2015/03/24 17:15:50 - eng-sur_b_IDpel - INFO - ['1', u'AHMED', u'ABU ABDO', u'', u'', u'', u'', u'', u'', u'US', u'E-6441', u'EXAM', u'EIT', u'', u'NO', u'12/21/2006', u'07/31/2010']
2015/03/24 17:15:50 - eng-sur_b_IDpel - INFO - ['1', u'ROBERT', u'ABUNDO', u'', u'', u'', u'', u'', u'', u'US', u'E-5054', u'EXAM', u'EIT', u'', u'NO', u'02/25/2000', u'']
2015/03/24 17:15:50 - eng-sur_b_IDpel - INFO - ['1', u'OMAR ALI', u'ABU-YASEIN', u'', u'A & A ENGINEERING', u'5911 RENAISSANCE PLACE, #B', u'TOLEDO', u'OH', u'43606', u'US', u'P-11443', u'COMITY', u'CE', u'', u'NO', u'07/20/2004', u'11/30/2016']
2015/03/24 17:15:50 - eng-sur_b_IDpel - INFO - ['1', u'', u'ACCELERATED TOWER ENGINEERING, LLC', u'', u'', u'4710 PORTOFINO DR.', u'LONGMONT', u'CO', u'80503', u'USA', u'C-3301', u'', u'COA', u'', u'NO', u'03/13/2015', u'03/31/2016']
2015/03/24 17:15:50 - eng-sur_b_IDpel - INFO - ['1', u'', u'ACCESS CONSULTING, P.C.', u'', u'', u'265 W. FRONT ST.', u'MISSOULA', u'MT', u'59802', u'US', u'C-3010', u'', u'COA', u'', u'NO', u'05/14/2013', u'05/31/2015']
2015/03/24 17:15:50 - eng-sur_b_IDpel - INFO - ['1', u'', u'ACCO ENGINEERED SYSTEMS INC.', u'HUGH PALMER', u'', u'6265 SAN FERNANDO', u'GLENDALE', u'CA', u'91201', u'US', u'C-2576', u'', u'COA', u'', u'NO', u'05/25/2010', u'05/31/2015']
2015/03/24 17:15:50 - eng-sur_b_IDpel - INFO - ['1', u'', u'ACCURATE SURVEYING & MAPPING, P.C.', u'', u'', u'1602 W. HAYS, SUITE 306', u'BOISE', u'ID', u'83702', u'US', u'C-1843', u'', u'COA', u'', u'NO', u'12/02/2005', u'12/31/2015']
2015/03/24 17:15:50 - eng-sur_b_IDpel - INFO - ['1', u'', u'ACCURATE SYSTEMS COMPANY', u'', u'', u'', u'', u'', u'', u'US', u'C-74', u'', u'COA', u'', u'NO', u'10/12/1973', u'']
2015/03/24 17:15:50 - eng-sur_b_IDpel - INFO - ['1', u'', u'ACE ELECTRIC CO.', u'', u'', u'', u'', u'', u'', u'US', u'C-217', u'', u'COA', u'', u'NO', u'07/21/1982', u'']
2015/03/24 17:15:50 - eng-sur_b_IDpel - INFO - ['1', u'', u'ACERTUS CONSULTING GROUP, LLC', u'', u'', u'14817  W. 95TH ST.', u'LENEXA', u'KS', u'66215', u'US', u'C-3022', u'', u'COA', u'', u'NO', u'06/11/2013', u'06/30/2015']
2015/03/24 17:15:50 - eng-sur_b_IDpel - INFO - ['1', u'', u'ACH ENGINEERING, P.S.', u'', u'', u'2404 STATELINE ROAD', u'WALLA WALLA', u'WA', u'99362', u'US', u'C-1470', u'', u'COA', u'', u'NO', u'09/23/2003', u'09/30/2015']
2015/03/24 17:15:50 - eng-sur_b_IDpel - INFO - ['1', u'DONALD G.', u'ACHESON', u'', u'RIEDESEL & ASSOCIATES INC.', u'202 FALLS AVENUE', u'TWIN FALLS', u'ID', u'83301', u'US', u'P-8102', u'EXAM', u'CE', u'', u'NO', u'01/31/1996', u'07/31/2015']
2015/03/24 17:15:50 - eng-sur_b_IDpel - INFO - ['1', u'THOMAS G.', u'ACIERNO', u'', u'', u'15615 VIA CALANOVA', u'SAN DIEGO', u'CA', u'92128', u'US', u'P-1326', u'COMITY', u'ME', u'DECEASED', u'YES', u'09/02/1960', u'06/30/2008']
2015/03/24 17:15:50 - eng-sur_b_IDpel - INFO - ['1', u'ROBERTA L.', u'ACKARET', u'', u'', u'', u'', u'', u'', u'US', u'P-1714', u'EXAM', u'CE', u'', u'NO', u'02/04/1966', u'']
2015/03/24 17:15:50 - eng-sur_b_IDpel - INFO - ['1', u'BRADLEY VINCENT', u'ACKER', u'', u'', u'1924 N. 33RD STR.', u'BOISE', u'ID', u'83703', u'US', u'P-11344', u'EXAM', u'ME', u'', u'NO', u'06/02/2004', u'05/31/2014']
2015/03/24 17:15:50 - eng-sur_b_IDpel - INFO - ['1', u'WILLIAM SCOTT', u'ACKER', u'', u'', u'P.O. BOX 70', u'MC CALL', u'ID', u'83638', u'US', u'P-8103', u'EXAM', u'CE', u'', u'NO', u'01/31/1996', u'04/30/2016']
2015/03/24 17:15:50 - eng-sur_b_IDpel - INFO - ['1', u'WILLIAM SCOTT', u'ACKER', u'', u'', u'', u'', u'', u'', u'US', u'E-3203', u'EXAM', u'EIT', u'P-8103', u'NO', u'06/23/1989', u'']
2015/03/24 17:15:50 - eng-sur_b_IDpel - INFO - ['1', u'ALEX JAMES', u'ACKERMAN', u'', u'', u'205 SOUTH BOULEVARD', u'GRANGEVILLE', u'ID', u'83530', u'US', u'E-8602', u'EXAM', u'EI', u'', u'NO', u'02/04/2015', u'02/29/2016']
2015/03/24 17:15:50 - eng-sur_b_IDpel - INFO - ['1', u'BURL D.', u'ACKERMAN', u'', u'', u'6322 COLONIAL CIRCLE', u'BOISE', u'ID', u'83709-1073', u'US', u'P-11128', u'EXAM', u'EnvE', u'', u'NO', u'12/08/2003', u'02/28/2014']
2015/03/24 17:15:50 - eng-sur_b_IDpel - INFO - ['1', u'JOHN M.', u'ACKERMAN', u'', u'', u'', u'', u'', u'', u'US', u'P-2684', u'COMITY', u'EE', u'', u'NO', u'03/29/1974', u'']
2015/03/24 17:15:50 - eng-sur_b_IDpel - INFO - ['1', u'', u'ACKERMAN ENGINEERS', u'', u'', u'', u'', u'', u'', u'US', u'C-566', u'', u'COA', u'', u'NO', u'04/21/1995', u'']
2015/03/24 17:15:50 - eng-sur_b_IDpel - INFO - ['1', u'TARA L.', u'ACKERMANN', u'', u'', u'1074 BARRINGTON', u'ELKO', u'NV', u'89801', u'US', u'E-8583', u'EXAM', u'EI', u'', u'NO', u'01/14/2015', u'06/30/2015']
2015/03/24 17:15:50 - eng-sur_b_IDpel - INFO - ['1', u'CECIL GRAHAM', u'ACREE', u'', u'', u'', u'', u'', u'', u'US', u'P-2737', u'COMITY', u'ME', u'', u'NO', u'09/07/1974', u'']
2015/03/24 17:15:50 - eng-sur_b_IDpel - INFO - ['1', u'CRAIG MICHAEL', u'ACTIS', u'', u'', u'', u'', u'', u'', u'US', u'E-1496', u'EXAM', u'EIT', u'', u'NO', u'01/25/1979', u'']
2015/03/24 17:15:50 - eng-sur_b_IDpel - INFO - ['1', u'', u'ACUMEN ENGINEERING, INC.', u'', u'', u'12808 S. 600 E.', u'DRAPER', u'UT', u'84020', u'US', u'C-3215', u'', u'COA', u'', u'NO', u'09/26/2014', u'09/30/2015']
2015/03/24 17:15:50 - eng-sur_b_IDpel - INFO - ['1', u'', u'ACUTE ENGINEERING', u'', u'', u'1429 S. STATE STREET', u'OREM', u'UT', u'84097', u'US', u'C-2194', u'', u'COA', u'', u'NO', u'12/21/2007', u'12/31/2015']
2015/03/24 17:15:50 - eng-sur_b_IDpel - INFO - ['1', u'A.P.', u'ADAIR', u'', u'', u'', u'', u'', u'', u'US', u'L-77', u'', u'LS', u'', u'NO', u'', u'']
2015/03/24 17:15:50 - eng-sur_b_IDpel - INFO - ['1', u'P.J.', u'ADAM', u'', u'', u'', u'', u'', u'', u'US', u'P-4090', u'COMITY', u'ME', u'', u'NO', u'06/20/1980', u'']
2015/03/24 17:15:50 - eng-sur_b_IDpel - INFO - ['1', u'ZACHARY', u'ADAM', u'', u'', u'19707 109TH AVE. SE', u'SNOHOMISH', u'WA', u'98296', u'US', u'E-7280', u'EXAM', u'EI', u'', u'NO', u'06/11/2010', u'04/30/2011']
2015/03/24 17:15:50 - eng-sur_b_IDpel - INFO - ['1', u'THOMAS DAVID', u'ADAMO', u'', u'ADAMO & ASSOCIATES', u'1685 PLYMOUTH ST., STE. 150', u'MOUNTAIN VIEW', u'CA', u'94043', u'US', u'P-10091', u'COMITY', u'CE,SE', u'', u'NO', u'03/26/2001', u'02/28/2007']
2015/03/24 17:15:50 - eng-sur_b_IDpel - INFO - ['1', u'A.', u'ADAMS', u'', u'', u'', u'', u'', u'', u'US', u'L-266', u'', u'LS', u'', u'NO', u'', u'']
2015/03/24 17:15:50 - eng-sur_b_IDpel - INFO - ['1', u'ANTHONY JAY', u'ADAMS', u'', u'', u'', u'', u'', u'', u'US', u'']
2015/03/24 17:15:50 - eng-sur_b_IDpel - INFO - complete
2015/03/24 17:16:00 - eng-sur_b_IDpel - INFO - ['1']
2015/03/24 17:16:00 - eng-sur_b_IDpel - INFO - ['1']
2015/03/24 17:16:00 - eng-sur_b_IDpel - INFO - ['1', u'MATTHEW J.', u'SCHIEMER', u'', u'GANNETT FLEMING, INC.', u'12710 RESEARCH BLVD. STE. 350', u'AUSTIN', u'TX', u'78759', u'US', u'P-16100', u'COMITY', u'CE', u'SEAL', u'NO', u'08/15/2014', u'07/31/2016']
2015/03/24 17:16:00 - eng-sur_b_IDpel - INFO - ['1', u'', u'02WIRELESS, INC.', u'', u'DBA BARAN TELECOM', u'2355 INDUSTRIAL PARK BLVD.', u'CUMMING', u'GA', u'30041', u'US', u'C-985', u'', u'COA', u'', u'NO', u'10/24/2000', u'07/31/2006']
2015/03/24 17:16:00 - eng-sur_b_IDpel - INFO - ['1', u'', u'1 ALLIANCE GEOMATICS, LLC', u'', u'', u'1261A 120TH AVE. NE', u'BELLEVUE', u'WA', u'98005', u'US', u'C-3106', u'', u'COA', u'', u'NO', u'01/07/2014', u'01/31/2016']
2015/03/24 17:16:00 - eng-sur_b_IDpel - INFO - ['1', u'', u'4 RIVERS SURVEYING INC.', u'', u'', u'1310 SHADY LANE', u'EMMETT', u'ID', u'83617-9511', u'US', u'C-2503', u'', u'COA', u'', u'NO', u'10/23/2009', u'10/31/2015']
2015/03/24 17:16:00 - eng-sur_b_IDpel - INFO - ['1', u'', u'48 NORTH, P.C.', u'', u'', u'151 BUSINESS CTR. LP. STE. A', u'KALISPELL', u'MT', u'59901', u'US', u'C-2354', u'', u'COA', u'', u'NO', u'11/22/2008', u'11/30/2015']
2015/03/24 17:16:00 - eng-sur_b_IDpel - INFO - ['1', u'', u'4TH DIMENSION DESIGN, INC.', u'', u'', u'817 VENTURE COURT', u'WAUKESHA', u'WI', u'53189', u'US', u'C-1547', u'', u'COA', u'', u'NO', u'03/09/2004', u'03/31/2015']
2015/03/24 17:16:00 - eng-sur_b_IDpel - INFO - ['1', u'', u'717 ARCHITECTURE & ENGINEERING, LLC', u'', u'', u'11330 OLOVE BOULEVARD', u'ST. LOUIS', u'MO', u'63141', u'US', u'C-1964', u'', u'COA', u'', u'NO', u'09/13/2006', u'09/30/2015']
2015/03/24 17:16:00 - eng-sur_b_IDpel - INFO - ['1', u'', u'A & A ENGINEERING, CIVIL/STRUCTURAL', u'', u'ENGINEERS, LLC', u'5911 RENAISSANCE PLACE #B', u'TOLEDO', u'OH', u'43606', u'US', u'C-1623', u'', u'COA', u'', u'NO', u'08/30/2004', u'08/31/2015']
2015/03/24 17:16:00 - eng-sur_b_IDpel - INFO - ['1', u'', u'A & E ENGINEERING, INC.', u'', u'', u'P.O. BOX 1327', u'POCATELLO', u'ID', u'83204', u'US', u'C-745', u'', u'COA', u'', u'NO', u'09/11/1998', u'09/30/2015']
2015/03/24 17:16:00 - eng-sur_b_IDpel - INFO - ['1', u'', u'A CACHE CORPORATION', u'', u'', u'P.O. BOX 393', u'MENDON', u'UT', u'84325', u'US', u'C-2270', u'', u'COA', u'', u'NO', u'05/23/2008', u'05/31/2015']
2015/03/24 17:16:00 - eng-sur_b_IDpel - INFO - ['1', u'', u'A. A. HUDSON & ASSOCIATES', u'', u'', u'132 SOUTH STATE', u'PRESTON', u'ID', u'83263', u'US', u'C-2567', u'', u'COA', u'', u'NO', u'04/28/2010', u'04/30/2015']
2015/03/24 17:16:00 - eng-sur_b_IDpel - INFO - ['1', u'', u'A. EPSTEIN AND SONS INTERNATIONAL, INC.', u'PATRICIA TAYLOR', u'', u'600 W. FULTON ST.', u'CHICAGO', u'IL', u'60661-1199', u'US', u'C-469', u'', u'COA', u'', u'NO', u'06/25/1993', u'06/30/2012']
2015/03/24 17:16:00 - eng-sur_b_IDpel - INFO - ['1', u'', u'A.R.C. AGRICULTURE RESOURCE CONSULTING', u'', u'', u'P.O. BOX 7', u'HOMEDALE', u'ID', u'83628', u'US', u'C-1608', u'', u'COA', u'', u'NO', u'07/20/2004', u'07/31/2006']
2015/03/24 17:16:00 - eng-sur_b_IDpel - INFO - ['1', u'', u'A.T.S., INC.', u'', u'', u'P.O. BOX 3457', u'HAYDEN', u'ID', u'83835', u'US', u'C-1075', u'', u'COA', u'', u'NO', u'04/11/2001', u'04/30/2015']
2015/03/24 17:16:00 - eng-sur_b_IDpel - INFO - ['1', u'', u'A.V.I. PROFESSIONAL CORPORATION', u'', u'', u'', u'', u'', u'', u'US', u'C-403', u'', u'COA', u'', u'NO', u'02/06/1992', u'']
2015/03/24 17:16:00 - eng-sur_b_IDpel - INFO - ['1', u'ROY LEE', u'AACH', u'', u'', u'', u'', u'', u'', u'US', u'P-3528', u'COMITY', u'ME', u'', u'NO', u'04/15/1978', u'09/30/2007']
2015/03/24 17:16:00 - eng-sur_b_IDpel - INFO - ['1', u'', u'AAD:FITCH, INC.', u'', u'', u'16435 N. SCOTTSDALE RD. STE. 195', u'SCOTTSDALE', u'AZ', u'85254', u'US', u'C-3214', u'', u'COA', u'', u'NO', u'09/26/2014', u'09/30/2015']
2015/03/24 17:16:00 - eng-sur_b_IDpel - INFO - ['1', u'JEFFREY JAMES', u'AAGARD', u'', u'', u'178 RAWLINS LANE', u'DRAPER', u'UT', u'84020', u'US', u'P-9805', u'COMITY', u'ME', u'', u'YES', u'07/11/2000', u'07/31/2015']
2015/03/24 17:16:00 - eng-sur_b_IDpel - INFO - ['1', u'GLEN L.', u'AALBERS', u'', u'AALBERS & ASSOCIATES', u'2362 N. OXNARD BLDG., STE. 201', u'OXNARD', u'CA', u'93036', u'US', u'L-7854', u'COMITY', u'LS', u'', u'YES', u'05/01/1995', u'10/31/2015']
2015/03/24 17:16:00 - eng-sur_b_IDpel - INFO - ['1', u'CARROLL E.', u'AAMOLD', u'', u'', u'579 ELKHART LANE', u'GRAND JUNCTION', u'CO', u'81504', u'US', u'P-7258', u'COMITY', u'CE', u'DISCONTINUED', u'YES', u'09/18/1993', u'10/31/2012']
2015/03/24 17:16:00 - eng-sur_b_IDpel - INFO - ['1', u'', u'AAR ENGINERING, PLLC', u'', u'', u'306 GAMBLES IN', u'MOSCOW', u'ID', u'83843-8212', u'USA', u'C-3297', u'', u'COA', u'', u'NO', u'03/10/2015', u'03/31/2016']
2015/03/24 17:16:00 - eng-sur_b_IDpel - INFO - ['1', u'', u'AARDVARK INNOVATIONS, INC.', u'', u'', u'', u'', u'', u'', u'US', u'C-924', u'', u'COA', u'', u'NO', u'08/21/2000', u'']
2015/03/24 17:16:00 - eng-sur_b_IDpel - INFO - ['1', u'STEPHEN E.', u'AASHEIM', u'', u'', u'5205 SW 103RD DRIVE', u'GAINESVILLE', u'FL', u'32608', u'US', u'P-3141', u'COMITY', u'CE', u'', u'YES', u'09/11/1976', u'02/29/2016']
2015/03/24 17:16:00 - eng-sur_b_IDpel - INFO - ['1', u'', u'AATRONICS INCORPORATED', u'', u'', u'10 N. LIBERTY ST.', u'BOISE', u'ID', u'83704', u'US', u'C-337', u'', u'COA', u'', u'NO', u'06/23/1990', u'07/31/2006']
2015/03/24 17:16:00 - eng-sur_b_IDpel - INFO - ['1', u'', u'ABACUS ENGINEERING, P.C.', u'', u'', u'1353 BEAR CREEK RD.', u'PRINCETON', u'ID', u'83857', u'US', u'C-738', u'', u'COA', u'', u'NO', u'09/09/1998', u'09/30/2015']
2015/03/24 17:16:00 - eng-sur_b_IDpel - INFO - ['1', u'CARMEN B.', u'ABAD-FITTS', u'', u'HDR ENGINERING,INC.', u'1020 N.E. LOOP 410, STE. 200', u'SAN ANTONIO', u'TX', u'78209', u'US', u'P-11291', u'COMITY', u'CE', u'', u'NO', u'04/14/2004', u'10/31/2015']
2015/03/24 17:16:00 - eng-sur_b_IDpel - INFO - ['1', u'MANUEL', u'ABARCA', u'', u'WH PACIFIC, INC.', u'724 COLUMBIA N.W. #140', u'OLYMPIA', u'WA', u'98501', u'US', u'P-11284', u'COMITY', u'CE', u'', u'NO', u'03/30/2004', u'07/31/2010']
2015/03/24 17:16:00 - eng-sur_b_IDpel - INFO - ['1', u'LARRY A.', u'ABATIELL', u'', u'', u'', u'', u'', u'', u'US', u'P-10361', u'COMITY', u'CE', u'DISCONTINUED', u'NO', u'12/20/2001', u'11/30/2005']
2015/03/24 17:16:00 - eng-sur_b_IDpel - INFO - ['1', u'', u'ABB, INC.', u'MICHELLE SCOTTODILUZIO', u'', u'12040 REGENCY PKWY., STE. 200', u'CARY', u'NC', u'27518', u'US', u'C-3207', u'', u'COA', u'', u'NO', u'09/23/2014', u'09/30/2015']
2015/03/24 17:16:00 - eng-sur_b_IDpel - INFO - ['1', u'RAHIM A.', u'ABBASI', u'', u'1400 N.W. IRVING STREET', u'UNIT #417', u'PORTLAND', u'OR', u'97209', u'US', u'E-5558', u'EXAM', u'EIT', u'', u'NO', u'11/22/2002', u'07/31/2007']
2015/03/24 17:16:00 - eng-sur_b_IDpel - INFO - ['1', u'BAHMAN', u'ABBASSI', u'', u'IDOT', u'P.O. BOX 4700', u'POCATELLO', u'ID', u'83205-4700', u'US', u'P-13780', u'COMITY', u'CE', u'', u'NO', u'06/16/2009', u'06/30/2016']
2015/03/24 17:16:00 - eng-sur_b_IDpel - INFO - ['1', u'ALLAN A.', u'ABBATA', u'', u'', u'112 VERANDA LN.', u'LEXINGTON', u'SC', u'29072', u'US', u'P-10906', u'COMITY', u'CE', u'DISCONTINUED', u'NO', u'04/08/2003', u'05/31/2013']
2015/03/24 17:16:00 - eng-sur_b_IDpel - INFO - ['1', u'MARTIN A.', u'ABBATE', u'', u'', u'4060 FOREST RUN CIRCLE', u'MEDINA', u'OH', u'44256', u'US', u'P-7324', u'COMITY', u'EE', u'', u'NO', u'11/20/1993', u'09/30/2016']
2015/03/24 17:16:00 - eng-sur_b_IDpel - INFO - ['1', u'BRIAN W.', u'ABBOTT', u'', u'', u'', u'', u'', u'', u'US', u'E-1026', u'EXAM', u'EIT', u'', u'NO', u'06/12/1974', u'']
2015/03/24 17:16:00 - eng-sur_b_IDpel - INFO - ['1', u'JEFFREY L.', u'ABBOTT', u'', u'', u'', u'', u'', u'', u'US', u'E-4141', u'EXAM', u'EIT', u'', u'NO', u'01/27/1995', u'']
2015/03/24 17:16:00 - eng-sur_b_IDpel - INFO - ['1', u'JESSE W.', u'ABBOTT', u'', u'', u'', u'', u'', u'', u'US', u'E-301', u'EXAM', u'EIT', u'', u'NO', u'04/26/1967', u'']
2015/03/24 17:16:00 - eng-sur_b_IDpel - INFO - ['1', u'MICHAEL TODD', u'ABBOTT', u'', u'', u'1301 N. SKIPWORTH COURT', u'SPOKANE VALLEY', u'WA', u'99206-2506', u'US', u'E-4183', u'EXAM', u'EIT', u'', u'NO', u'06/09/1995', u'01/31/2014']
2015/03/24 17:16:00 - eng-sur_b_IDpel - INFO - ['1', u'RICHARD T.', u'ABBOTT', u'', u'', u'1341 OVERLOOK DRIVE', u'NEW MARKET', u'MN', u'55054', u'US', u'P-11281', u'COMITY', u'CE,SE', u'', u'NO', u'03/23/2004', u'09/30/2009']
2015/03/24 17:16:00 - eng-sur_b_IDpel - INFO - ['1', u'', u'ABCO DRAFTING & DESIGN, INC.', u'', u'', u'', u'', u'', u'', u'US', u'C-410', u'', u'COA', u'', u'NO', u'04/17/1992', u'']
2015/03/24 17:16:00 - eng-sur_b_IDpel - INFO - ['1', u'', u'ABCO ENGINEERING, INC.', u'', u'', u'2101 DELTA DR.', u'NAMPA', u'ID', u'83687', u'', u'C-3085', u'', u'COA', u'', u'NO', u'10/30/2013', u'10/31/2015']
2015/03/24 17:16:00 - eng-sur_b_IDpel - INFO - ['1', u'MOHAMED OSAMA', u'ABDEL AAL', u'', u'', u'6415 BEACHVIEW DRIVE', u'HUNTINGTON', u'CA', u'92648', u'US', u'P-8864', u'COMITY', u'CE', u'', u'YES', u'02/19/1998', u'11/30/2016']
2015/03/24 17:16:00 - eng-sur_b_IDpel - INFO - ['1', u'AHMED', u'ABDEL-RAHIM', u'', u'', u'', u'', u'', u'', u'US', u'E-5390', u'EXAM', u'EIT', u'', u'NO', u'12/17/2001', u'']
2015/03/24 17:16:00 - eng-sur_b_IDpel - INFO - ['1', u'AHMED SHAWKY', u'ABDEL-RAHIM', u'', u'UNIVERSITY OF IDAHO', u'P.O. BOX 440901', u'MOSCOW', u'ID', u'83844-0901', u'US', u'P-10572', u'EXAM', u'CE', u'', u'NO', u'06/14/2002', u'02/29/2016']
2015/03/24 17:16:00 - eng-sur_b_IDpel - INFO - ['1', u'KHALED', u'ABDEL-RAHIM', u'', u'', u'306 GAMBELS LN.', u'MOSCOW', u'ID', u'83843', u'US', u'E-8353', u'EXAM', u'EI', u'', u'NO', u'02/07/2014', u'03/31/2016']
2015/03/24 17:16:00 - eng-sur_b_IDpel - INFO - ['1', u'JERALD L.', u'ABDIE', u'', u'KPFF CONSULTING ENGINEERS', u'111 SW FIFTH AVE., STE. 2500', u'PORTLAND', u'OR', u'97204-3628', u'US', u'P-9798', u'COMITY', u'CE,SE', u'', u'NO', u'07/05/2000', u'09/30/2015']
2015/03/24 17:16:00 - eng-sur_b_IDpel - INFO - ['1', u'AZAD SALIM', u'ABDULHAFEDH', u'', u'', u'510 HIGH ST., APT. 301', u'COLUMBIA', u'MO', u'65201', u'US', u'E-8009', u'EXAM', u'EI', u'', u'NO', u'12/07/2012', u'03/31/2016']
2015/03/24 17:16:00 - eng-sur_b_IDpel - INFO - ['1', u'EDWARD A.', u'ABDUN-NUR', u'', u'', u'', u'', u'', u'', u'US', u'P-1466', u'COMITY', u'CE', u'', u'NO', u'11/30/1962', u'']
2015/03/24 17:16:00 - eng-sur_b_IDpel - INFO - ['1', u'DONN E.', u'ABEGGLEN', u'', u'', u'', u'', u'', u'', u'US', u'E-489', u'EXAM', u'EIT', u'', u'NO', u'06/12/1969', u'']
2015/03/24 17:16:00 - eng-sur_b_IDpel - INFO - ['1', u'BELTUS', u'ABEH', u'', u'', u'725 S. 3RD AVE., APT. 1', u'POCATELLO', u'ID', u'83201', u'US', u'E-8282', u'EXAM', u'EI', u'', u'NO', u'12/06/2013', u'03/31/2016']
2015/03/24 17:16:00 - eng-sur_b_IDpel - INFO - ['1', u'DANIEL M.', u'ABEL', u'', u'', u'', u'', u'', u'', u'US', u'P-956', u'', u'ME', u'', u'NO', u'', u'']
2015/03/24 17:16:00 - eng-sur_b_IDpel - INFO - ['1', u'DENNIS DANIEL', u'ABEL', u'', u'FDH ENGINEERING, INC.', u'6521 MERIDIEN DR.', u'RALEIGH', u'NC', u'27616', u'US', u'P-15343', u'COMITY', u'CE', u'', u'NO', u'11/16/2012', u'02/29/2016']
2015/03/24 17:16:00 - eng-sur_b_IDpel - INFO - ['1', u'JASON T.', u'ABEL', u'', u'', u'3987 E. CHAFFE AVENUE', u'PAHRUMP', u'NV', u'89061', u'US', u'P-13918', u'COMITY', u'ENVE', u'', u'NO', u'09/11/2009', u'06/30/2015']
2015/03/24 17:16:00 - eng-sur_b_IDpel - INFO - ['1', u'THOMAS E.', u'ABEL', u'', u'ABEL ENGINEERING INC.', u'212 SEGIAH WAY', u'KALISPELL', u'MT', u'59901', u'US', u'P-15235', u'COMITY', u'ME', u'DECEASED', u'NO', u'08/03/2012', u'03/01/2014']
2015/03/24 17:16:00 - eng-sur_b_IDpel - INFO - ['1', u'', u'ABEL ENGINEERING INC.', u'', u'', u'212 SEIGIAH WAY', u'KALISPELL', u'MT', u'59901', u'US', u'C-2891', u'', u'COA', u'DISCONTINUED', u'NO', u'08/03/2012', u'08/31/2014']
2015/03/24 17:16:00 - eng-sur_b_IDpel - INFO - ['1', u'HAL L.', u'ABERCROMBIE', u'', u'DAVID L. JENSEN AND ASSOC.', u'547 W. 500 SOUTH STE. 140', u'BOUNTIFUL', u'UT', u'84010', u'US', u'P-10087', u'COMITY', u'ME', u'', u'NO', u'03/20/2001', u'06/30/2016']
2015/03/24 17:16:00 - eng-sur_b_IDpel - INFO - ['1', u'DANIEL S.', u'ABERLE', u'', u'', u'', u'', u'', u'', u'US', u'P-3275', u'COMITY', u'CE', u'', u'NO', u'04/15/1977', u'']
2015/03/24 17:16:00 - eng-sur_b_IDpel - INFO - ['1', u'LAWRENCE KEITH', u'ABERNATHY', u'', u'', u'16721 JULIANN LN.', u'ALOHA', u'OR', u'97007', u'US', u'P-2228', u'EXAM', u'CE', u'', u'NO', u'02/03/1971', u'11/30/2006']
2015/03/24 17:16:00 - eng-sur_b_IDpel - INFO - ['1', u'E.R.', u'ABERNETHY', u'', u'', u'', u'', u'', u'', u'US', u'L-341', u'', u'LS', u'', u'NO', u'', u'']
2015/03/24 17:16:00 - eng-sur_b_IDpel - INFO - ['1', u'ROBERT K.', u'ABERTH, JR.', u'', u'', u'', u'', u'', u'', u'US', u'L-4736', u'COMITY', u'LS', u'', u'NO', u'02/03/1983', u'']
2015/03/24 17:16:00 - eng-sur_b_IDpel - INFO - ['1', u'', u'ABF CONSULTING ENGINEERS', u'', u'', u'', u'', u'', u'', u'US', u'C-1498', u'', u'COA', u'', u'NO', u'12/11/2003', u'']
2015/03/24 17:16:00 - eng-sur_b_IDpel - INFO - ['1', u'ETABUKO', u'ABIRHIRE', u'', u'', u'7311 EDEN CROSSING LANE', u'RICHMOND', u'TX', u'77478', u'US', u'E-5606', u'EXAM', u'EIT', u'', u'NO', u'05/28/2003', u'01/31/2005']
2015/03/24 17:16:00 - eng-sur_b_IDpel - INFO - ['1', u'MARC L.', u'ABLE', u'', u'ABS CONSULTANTS, INC.', u'1530 16TH STREET', u'DENVER', u'CO', u'80202', u'US', u'P-7856', u'COMITY', u'ME', u'', u'NO', u'05/19/1995', u'07/31/2012']
2015/03/24 17:16:00 - eng-sur_b_IDpel - INFO - ['1', u'ROBERT T.', u'ABLONDI', u'', u'RENDEZVOUS ENGINEERING, P.C.', u'P.O. BOX 4858', u'JACKSON', u'WY', u'83001', u'US', u'P-5994', u'COMITY', u'CE', u'', u'NO', u'12/03/1988', u'05/31/2015']
2015/03/24 17:16:00 - eng-sur_b_IDpel - INFO - ['1', u'GAVIN SKY', u'ABO', u'', u'', u'1261 B. W. 100 SOUTH', u'PAUL', u'ID', u'83347', u'US', u'E-6196', u'EXAM', u'EIT', u'', u'NO', u'02/08/2006', u'10/31/2015']
2015/03/24 17:16:00 - eng-sur_b_IDpel - INFO - ['1', u'JAY ROBERT', u'ABO', u'', u'', u'', u'', u'', u'', u'US', u'E-5767', u'EXAM', u'EIT', u'', u'NO', u'02/04/2004', u'']
2015/03/24 17:16:00 - eng-sur_b_IDpel - INFO - ['1', u'LINSEY KIKU', u'ABO', u'', u'', u'709 ELM ST.', u'MOSCOW', u'ID', u'83843', u'US', u'E-6824', u'EXAM', u'EIT', u'', u'NO', u'06/28/2008', u'12/31/2008']
2015/03/24 17:16:00 - eng-sur_b_IDpel - INFO - ['1', u'BOBY W.', u'ABOESONO', u'', u'', u'3307 EAGLE RIDGE WAY', u'HOUSTON', u'TX', u'77084', u'US', u'P-15034', u'COMITY', u'CE', u'', u'NO', u'03/16/2012', u'11/30/2015']
2015/03/24 17:16:00 - eng-sur_b_IDpel - INFO - ['1', u'ALI', u'ABOLHASSANI', u'', u'STRUCTURAL CONCEPTS ENG. INC', u'1200 N. JEFFERSON ST., STE. F', u'ANAHEIM', u'CA', u'92807', u'US', u'P-12202', u'COMITY', u'CE', u'', u'NO', u'05/17/2006', u'10/31/2016']
2015/03/24 17:16:00 - eng-sur_b_IDpel - INFO - ['1', u'ALEXANDER VAHID', u'ABOSSEIN', u'', u'ABOSSEIN ENGINEERING CORP.', u'2100 112TH AVE. N.E STE. #201', u'BELLEVUE', u'WA', u'98004', u'US', u'P-8207', u'COMITY', u'ME,FpE,EE', u'', u'NO', u'04/11/1996', u'08/31/2015']
2015/03/24 17:16:00 - eng-sur_b_IDpel - INFO - ['1', u'DAVID', u'ABRAHAM', u'', u'', u'', u'', u'', u'', u'US', u'E-3068', u'EXAM', u'EIT', u'', u'NO', u'06/17/1988', u'']
2015/03/24 17:16:00 - eng-sur_b_IDpel - INFO - ['1', u'DOYLE G.', u'ABRAHAMSON', u'', u'', u'1950 S. MOLINE WAY', u'AURORA', u'CO', u'80014', u'US', u'L-10524', u'COMITY', u'LS', u'DECEASED', u'NO', u'04/19/2002', u'08/29/2010']
2015/03/24 17:16:00 - eng-sur_b_IDpel - INFO - ['1', u'ANDREW JOSEPH', u'ABRAMS', u'', u'STRATA, INC.', u"6 O'DONNELL ROAD", u'PULLMAN', u'WA', u'99163', u'US', u'P-12481', u'EXAM', u'CE', u'', u'NO', u'12/21/2006', u'02/29/2016']
2015/03/24 17:16:00 - eng-sur_b_IDpel - INFO - ['1', u'ANDREW JOSEPH', u'ABRAMS', u'', u'', u'', u'', u'', u'', u'US', u'E-5607', u'EXAM', u'EIT', u'P-12481', u'NO', u'05/28/2003', u'02/29/2008']
2015/03/24 17:16:00 - eng-sur_b_IDpel - INFO - ['1', u'NED S.', u'ABRAMS', u'', u'', u'2372 N. MACKENZIE DRIVE', u'POST FALLS', u'ID', u'83854', u'US', u'E-3016', u'EXAM', u'EIT', u'', u'NO', u'02/05/1988', u'09/30/2016']
2015/03/24 17:16:00 - eng-sur_b_IDpel - INFO - ['1', u'TED ALAN', u'ABRAMS', u'', u'', u'4905 DRAYCROFT PL.', u'FUQUAY-VARINA', u'NC', u'27526', u'US', u'P-13921', u'COMITY', u'ChE', u'', u'NO', u'09/16/2009', u'07/31/2016']
2015/03/24 17:16:00 - eng-sur_b_IDpel - INFO - ['1', u'ABDELOUAHAB', u'ABROUS', u'', u'', u'14816 INTERLAKE AVE. N.', u'SHORELINE', u'WA', u'98133', u'US', u'P-14132', u'COMITY', u'ME', u'', u'NO', u'03/17/2010', u'08/31/2016']
2015/03/24 17:16:00 - eng-sur_b_IDpel - INFO - ['1', u'JOHN', u'ABRUZZO', u'', u'', u'30 DARYL DRIVE', u'ORINDA', u'CA', u'94563', u'US', u'P-15181', u'COMITY', u'CE', u'', u'NO', u'06/01/2012', u'04/30/2015']
2015/03/24 17:16:00 - eng-sur_b_IDpel - INFO - ['1', u'', u'ABS CONSULTANTS, INC.', u'', u'', u'P.O. BOX 103280', u'DENVER', u'CO', u'80210', u'US', u'C-862', u'', u'COA', u'', u'NO', u'12/27/1999', u'12/31/2012']
2015/03/24 17:16:00 - eng-sur_b_IDpel - INFO - ['1', u'TIMOTHY C.', u'ABSHAGEN', u'', u'', u'11211 FALL GARDEN LANE', u'KNOXVILLE', u'TN', u'37932', u'US', u'P-13436', u'COMITY', u'CE', u'', u'NO', u'09/24/2008', u'09/30/2016']
2015/03/24 17:16:00 - eng-sur_b_IDpel - INFO - ['1', u'', u'ABSOLUTE CONSULTING ENGINEERS', u'', u'', u'2515 BAMBOO', u'NEWPORT BEACH', u'CA', u'92660', u'US', u'C-1647', u'', u'COA', u'', u'NO', u'10/07/2004', u'07/31/2007']
2015/03/24 17:16:00 - eng-sur_b_IDpel - INFO - ['1', u'', u'ABSOLUTE ENGINEERING, LLC', u'', u'', u'7525 W. DESCHUTES PL. #2B', u'KENNEWICK', u'WA', u'99336', u'US', u'C-1774', u'', u'COA', u'', u'NO', u'06/17/2005', u'06/30/2015']
2015/03/24 17:16:00 - eng-sur_b_IDpel - INFO - ['1', u'AHMED', u'ABU ABDO', u'', u'', u'', u'', u'', u'', u'US', u'E-6441', u'EXAM', u'EIT', u'', u'NO', u'12/21/2006', u'07/31/2010']
2015/03/24 17:16:00 - eng-sur_b_IDpel - INFO - ['1', u'ROBERT', u'ABUNDO', u'', u'', u'', u'', u'', u'', u'US', u'E-5054', u'EXAM', u'EIT', u'', u'NO', u'02/25/2000', u'']
2015/03/24 17:16:00 - eng-sur_b_IDpel - INFO - ['1', u'OMAR ALI', u'ABU-YASEIN', u'', u'A & A ENGINEERING', u'5911 RENAISSANCE PLACE, #B', u'TOLEDO', u'OH', u'43606', u'US', u'P-11443', u'COMITY', u'CE', u'', u'NO', u'07/20/2004', u'11/30/2016']
2015/03/24 17:16:00 - eng-sur_b_IDpel - INFO - ['1', u'', u'ACCELERATED TOWER ENGINEERING, LLC', u'', u'', u'4710 PORTOFINO DR.', u'LONGMONT', u'CO', u'80503', u'USA', u'C-3301', u'', u'COA', u'', u'NO', u'03/13/2015', u'03/31/2016']
2015/03/24 17:16:00 - eng-sur_b_IDpel - INFO - ['1', u'', u'ACCESS CONSULTING, P.C.', u'', u'', u'265 W. FRONT ST.', u'MISSOULA', u'MT', u'59802', u'US', u'C-3010', u'', u'COA', u'', u'NO', u'05/14/2013', u'05/31/2015']
2015/03/24 17:16:00 - eng-sur_b_IDpel - INFO - ['1', u'', u'ACCO ENGINEERED SYSTEMS INC.', u'HUGH PALMER', u'', u'6265 SAN FERNANDO', u'GLENDALE', u'CA', u'91201', u'US', u'C-2576', u'', u'COA', u'', u'NO', u'05/25/2010', u'05/31/2015']
2015/03/24 17:16:00 - eng-sur_b_IDpel - INFO - ['1', u'', u'ACCURATE SURVEYING & MAPPING, P.C.', u'', u'', u'1602 W. HAYS, SUITE 306', u'BOISE', u'ID', u'83702', u'US', u'C-1843', u'', u'COA', u'', u'NO', u'12/02/2005', u'12/31/2015']
2015/03/24 17:16:00 - eng-sur_b_IDpel - INFO - ['1', u'', u'ACCURATE SYSTEMS COMPANY', u'', u'', u'', u'', u'', u'', u'US', u'C-74', u'', u'COA', u'', u'NO', u'10/12/1973', u'']
2015/03/24 17:16:00 - eng-sur_b_IDpel - INFO - ['1', u'', u'ACE ELECTRIC CO.', u'', u'', u'', u'', u'', u'', u'US', u'C-217', u'', u'COA', u'', u'NO', u'07/21/1982', u'']
2015/03/24 17:16:00 - eng-sur_b_IDpel - INFO - ['1', u'', u'ACERTUS CONSULTING GROUP, LLC', u'', u'', u'14817  W. 95TH ST.', u'LENEXA', u'KS', u'66215', u'US', u'C-3022', u'', u'COA', u'', u'NO', u'06/11/2013', u'06/30/2015']
2015/03/24 17:16:00 - eng-sur_b_IDpel - INFO - ['1', u'', u'ACH ENGINEERING, P.S.', u'', u'', u'2404 STATELINE ROAD', u'WALLA WALLA', u'WA', u'99362', u'US', u'C-1470', u'', u'COA', u'', u'NO', u'09/23/2003', u'09/30/2015']
2015/03/24 17:16:00 - eng-sur_b_IDpel - INFO - ['1', u'DONALD G.', u'ACHESON', u'', u'RIEDESEL & ASSOCIATES INC.', u'202 FALLS AVENUE', u'TWIN FALLS', u'ID', u'83301', u'US', u'P-8102', u'EXAM', u'CE', u'', u'NO', u'01/31/1996', u'07/31/2015']
2015/03/24 17:16:00 - eng-sur_b_IDpel - INFO - ['1', u'THOMAS G.', u'ACIERNO', u'', u'', u'15615 VIA CALANOVA', u'SAN DIEGO', u'CA', u'92128', u'US', u'P-1326', u'COMITY', u'ME', u'DECEASED', u'YES', u'09/02/1960', u'06/30/2008']
2015/03/24 17:16:00 - eng-sur_b_IDpel - INFO - ['1', u'ROBERTA L.', u'ACKARET', u'', u'', u'', u'', u'', u'', u'US', u'P-1714', u'EXAM', u'CE', u'', u'NO', u'02/04/1966', u'']
2015/03/24 17:16:00 - eng-sur_b_IDpel - INFO - ['1', u'BRADLEY VINCENT', u'ACKER', u'', u'', u'1924 N. 33RD STR.', u'BOISE', u'ID', u'83703', u'US', u'P-11344', u'EXAM', u'ME', u'', u'NO', u'06/02/2004', u'05/31/2014']
2015/03/24 17:16:00 - eng-sur_b_IDpel - INFO - ['1', u'WILLIAM SCOTT', u'ACKER', u'', u'', u'P.O. BOX 70', u'MC CALL', u'ID', u'83638', u'US', u'P-8103', u'EXAM', u'CE', u'', u'NO', u'01/31/1996', u'04/30/2016']
2015/03/24 17:16:00 - eng-sur_b_IDpel - INFO - ['1', u'WILLIAM SCOTT', u'ACKER', u'', u'', u'', u'', u'', u'', u'US', u'E-3203', u'EXAM', u'EIT', u'P-8103', u'NO', u'06/23/1989', u'']
2015/03/24 17:16:00 - eng-sur_b_IDpel - INFO - ['1', u'ALEX JAMES', u'ACKERMAN', u'', u'', u'205 SOUTH BOULEVARD', u'GRANGEVILLE', u'ID', u'83530', u'US', u'E-8602', u'EXAM', u'EI', u'', u'NO', u'02/04/2015', u'02/29/2016']
2015/03/24 17:16:00 - eng-sur_b_IDpel - INFO - ['1', u'BURL D.', u'ACKERMAN', u'', u'', u'6322 COLONIAL CIRCLE', u'BOISE', u'ID', u'83709-1073', u'US', u'P-11128', u'EXAM', u'EnvE', u'', u'NO', u'12/08/2003', u'02/28/2014']
2015/03/24 17:16:00 - eng-sur_b_IDpel - INFO - ['1', u'JOHN M.', u'ACKERMAN', u'', u'', u'', u'', u'', u'', u'US', u'P-2684', u'COMITY', u'EE', u'', u'NO', u'03/29/1974', u'']
2015/03/24 17:16:00 - eng-sur_b_IDpel - INFO - ['1', u'', u'ACKERMAN ENGINEERS', u'', u'', u'', u'', u'', u'', u'US', u'C-566', u'', u'COA', u'', u'NO', u'04/21/1995', u'']
2015/03/24 17:16:00 - eng-sur_b_IDpel - INFO - ['1', u'TARA L.', u'ACKERMANN', u'', u'', u'1074 BARRINGTON', u'ELKO', u'NV', u'89801', u'US', u'E-8583', u'EXAM', u'EI', u'', u'NO', u'01/14/2015', u'06/30/2015']
2015/03/24 17:16:00 - eng-sur_b_IDpel - INFO - ['1', u'CECIL GRAHAM', u'ACREE', u'', u'', u'', u'', u'', u'', u'US', u'P-2737', u'COMITY', u'ME', u'', u'NO', u'09/07/1974', u'']
2015/03/24 17:16:00 - eng-sur_b_IDpel - INFO - ['1', u'CRAIG MICHAEL', u'ACTIS', u'', u'', u'', u'', u'', u'', u'US', u'E-1496', u'EXAM', u'EIT', u'', u'NO', u'01/25/1979', u'']
2015/03/24 17:16:00 - eng-sur_b_IDpel - INFO - ['1', u'', u'ACUMEN ENGINEERING, INC.', u'', u'', u'12808 S. 600 E.', u'DRAPER', u'UT', u'84020', u'US', u'C-3215', u'', u'COA', u'', u'NO', u'09/26/2014', u'09/30/2015']
2015/03/24 17:16:00 - eng-sur_b_IDpel - INFO - ['1', u'', u'ACUTE ENGINEERING', u'', u'', u'1429 S. STATE STREET', u'OREM', u'UT', u'84097', u'US', u'C-2194', u'', u'COA', u'', u'NO', u'12/21/2007', u'12/31/2015']
2015/03/24 17:16:00 - eng-sur_b_IDpel - INFO - ['1', u'A.P.', u'ADAIR', u'', u'', u'', u'', u'', u'', u'US', u'L-77', u'', u'LS', u'', u'NO', u'', u'']
2015/03/24 17:16:00 - eng-sur_b_IDpel - INFO - ['1', u'P.J.', u'ADAM', u'', u'', u'', u'', u'', u'', u'US', u'P-4090', u'COMITY', u'ME', u'', u'NO', u'06/20/1980', u'']
2015/03/24 17:16:00 - eng-sur_b_IDpel - INFO - ['1', u'ZACHARY', u'ADAM', u'', u'', u'19707 109TH AVE. SE', u'SNOHOMISH', u'WA', u'98296', u'US', u'E-7280', u'EXAM', u'EI', u'', u'NO', u'06/11/2010', u'04/30/2011']
2015/03/24 17:16:00 - eng-sur_b_IDpel - INFO - ['1', u'THOMAS DAVID', u'ADAMO', u'', u'ADAMO & ASSOCIATES', u'1685 PLYMOUTH ST., STE. 150', u'MOUNTAIN VIEW', u'CA', u'94043', u'US', u'P-10091', u'COMITY', u'CE,SE', u'', u'NO', u'03/26/2001', u'02/28/2007']
2015/03/24 17:16:00 - eng-sur_b_IDpel - INFO - ['1', u'A.', u'ADAMS', u'', u'', u'', u'', u'', u'', u'US', u'L-266', u'', u'LS', u'', u'NO', u'', u'']
2015/03/24 17:16:00 - eng-sur_b_IDpel - INFO - ['1', u'ANTHONY JAY', u'ADAMS', u'', u'', u'', u'', u'', u'', u'US', u'NO', u'', u'NO', u'', u'']
2015/03/24 17:16:00 - eng-sur_b_IDpel - INFO - ['1', u'ANTHONY JAY', u'ADAMS', u'', u'', u'', u'', u'', u'', u'US', u'th>\r\n\t\t03/24/2015']
2015/03/24 17:16:00 - eng-sur_b_IDpel - INFO - ['1']
2015/03/24 17:16:00 - eng-sur_b_IDpel - INFO - ['1', u'MATTHEW J.', u'SCHIEMER', u'', u'GANNETT FLEMING, INC.', u'12710 RESEARCH BLVD. STE. 350', u'AUSTIN', u'TX', u'78759', u'US', u'P-16100', u'COMITY', u'CE', u'SEAL', u'NO', u'08/15/2014', u'07/31/2016']
2015/03/24 17:16:00 - eng-sur_b_IDpel - INFO - ['1', u'', u'02WIRELESS, INC.', u'', u'DBA BARAN TELECOM', u'2355 INDUSTRIAL PARK BLVD.', u'CUMMING', u'GA', u'30041', u'US', u'C-985', u'', u'COA', u'', u'NO', u'10/24/2000', u'07/31/2006']
2015/03/24 17:16:00 - eng-sur_b_IDpel - INFO - ['1', u'', u'1 ALLIANCE GEOMATICS, LLC', u'', u'', u'1261A 120TH AVE. NE', u'BELLEVUE', u'WA', u'98005', u'US', u'C-3106', u'', u'COA', u'', u'NO', u'01/07/2014', u'01/31/2016']
2015/03/24 17:16:00 - eng-sur_b_IDpel - INFO - ['1', u'', u'4 RIVERS SURVEYING INC.', u'', u'', u'1310 SHADY LANE', u'EMMETT', u'ID', u'83617-9511', u'US', u'C-2503', u'', u'COA', u'', u'NO', u'10/23/2009', u'10/31/2015']
2015/03/24 17:16:00 - eng-sur_b_IDpel - INFO - ['1', u'', u'48 NORTH, P.C.', u'', u'', u'151 BUSINESS CTR. LP. STE. A', u'KALISPELL', u'MT', u'59901', u'US', u'C-2354', u'', u'COA', u'', u'NO', u'11/22/2008', u'11/30/2015']
2015/03/24 17:16:00 - eng-sur_b_IDpel - INFO - ['1', u'', u'4TH DIMENSION DESIGN, INC.', u'', u'', u'817 VENTURE COURT', u'WAUKESHA', u'WI', u'53189', u'US', u'C-1547', u'', u'COA', u'', u'NO', u'03/09/2004', u'03/31/2015']
2015/03/24 17:16:00 - eng-sur_b_IDpel - INFO - ['1', u'', u'717 ARCHITECTURE & ENGINEERING, LLC', u'', u'', u'11330 OLOVE BOULEVARD', u'ST. LOUIS', u'MO', u'63141', u'US', u'C-1964', u'', u'COA', u'', u'NO', u'09/13/2006', u'09/30/2015']
2015/03/24 17:16:00 - eng-sur_b_IDpel - INFO - ['1', u'', u'A & A ENGINEERING, CIVIL/STRUCTURAL', u'', u'ENGINEERS, LLC', u'5911 RENAISSANCE PLACE #B', u'TOLEDO', u'OH', u'43606', u'US', u'C-1623', u'', u'COA', u'', u'NO', u'08/30/2004', u'08/31/2015']
2015/03/24 17:16:00 - eng-sur_b_IDpel - INFO - ['1', u'', u'A & E ENGINEERING, INC.', u'', u'', u'P.O. BOX 1327', u'POCATELLO', u'ID', u'83204', u'US', u'C-745', u'', u'COA', u'', u'NO', u'09/11/1998', u'09/30/2015']
2015/03/24 17:16:00 - eng-sur_b_IDpel - INFO - ['1', u'', u'A CACHE CORPORATION', u'', u'', u'P.O. BOX 393', u'MENDON', u'UT', u'84325', u'US', u'C-2270', u'', u'COA', u'', u'NO', u'05/23/2008', u'05/31/2015']
2015/03/24 17:16:00 - eng-sur_b_IDpel - INFO - ['1', u'', u'A. A. HUDSON & ASSOCIATES', u'', u'', u'132 SOUTH STATE', u'PRESTON', u'ID', u'83263', u'US', u'C-2567', u'', u'COA', u'', u'NO', u'04/28/2010', u'04/30/2015']
2015/03/24 17:16:00 - eng-sur_b_IDpel - INFO - ['1', u'', u'A. EPSTEIN AND SONS INTERNATIONAL, INC.', u'PATRICIA TAYLOR', u'', u'600 W. FULTON ST.', u'CHICAGO', u'IL', u'60661-1199', u'US', u'C-469', u'', u'COA', u'', u'NO', u'06/25/1993', u'06/30/2012']
2015/03/24 17:16:00 - eng-sur_b_IDpel - INFO - ['1', u'', u'A.R.C. AGRICULTURE RESOURCE CONSULTING', u'', u'', u'P.O. BOX 7', u'HOMEDALE', u'ID', u'83628', u'US', u'C-1608', u'', u'COA', u'', u'NO', u'07/20/2004', u'07/31/2006']
2015/03/24 17:16:00 - eng-sur_b_IDpel - INFO - ['1', u'', u'A.T.S., INC.', u'', u'', u'P.O. BOX 3457', u'HAYDEN', u'ID', u'83835', u'US', u'C-1075', u'', u'COA', u'', u'NO', u'04/11/2001', u'04/30/2015']
2015/03/24 17:16:00 - eng-sur_b_IDpel - INFO - ['1', u'', u'A.V.I. PROFESSIONAL CORPORATION', u'', u'', u'', u'', u'', u'', u'US', u'C-403', u'', u'COA', u'', u'NO', u'02/06/1992', u'']
2015/03/24 17:16:00 - eng-sur_b_IDpel - INFO - ['1', u'ROY LEE', u'AACH', u'', u'', u'', u'', u'', u'', u'US', u'P-3528', u'COMITY', u'ME', u'', u'NO', u'04/15/1978', u'09/30/2007']
2015/03/24 17:16:00 - eng-sur_b_IDpel - INFO - ['1', u'', u'AAD:FITCH, INC.', u'', u'', u'16435 N. SCOTTSDALE RD. STE. 195', u'SCOTTSDALE', u'AZ', u'85254', u'US', u'C-3214', u'', u'COA', u'', u'NO', u'09/26/2014', u'09/30/2015']
2015/03/24 17:16:00 - eng-sur_b_IDpel - INFO - ['1', u'JEFFREY JAMES', u'AAGARD', u'', u'', u'178 RAWLINS LANE', u'DRAPER', u'UT', u'84020', u'US', u'P-9805', u'COMITY', u'ME', u'', u'YES', u'07/11/2000', u'07/31/2015']
2015/03/24 17:16:00 - eng-sur_b_IDpel - INFO - ['1', u'GLEN L.', u'AALBERS', u'', u'AALBERS & ASSOCIATES', u'2362 N. OXNARD BLDG., STE. 201', u'OXNARD', u'CA', u'93036', u'US', u'L-7854', u'COMITY', u'LS', u'', u'YES', u'05/01/1995', u'10/31/2015']
2015/03/24 17:16:00 - eng-sur_b_IDpel - INFO - ['1', u'CARROLL E.', u'AAMOLD', u'', u'', u'579 ELKHART LANE', u'GRAND JUNCTION', u'CO', u'81504', u'US', u'P-7258', u'COMITY', u'CE', u'DISCONTINUED', u'YES', u'09/18/1993', u'10/31/2012']
2015/03/24 17:16:00 - eng-sur_b_IDpel - INFO - ['1', u'', u'AAR ENGINERING, PLLC', u'', u'', u'306 GAMBLES IN', u'MOSCOW', u'ID', u'83843-8212', u'USA', u'C-3297', u'', u'COA', u'', u'NO', u'03/10/2015', u'03/31/2016']
2015/03/24 17:16:00 - eng-sur_b_IDpel - INFO - ['1', u'', u'AARDVARK INNOVATIONS, INC.', u'', u'', u'', u'', u'', u'', u'US', u'C-924', u'', u'COA', u'', u'NO', u'08/21/2000', u'']
2015/03/24 17:16:00 - eng-sur_b_IDpel - INFO - ['1', u'STEPHEN E.', u'AASHEIM', u'', u'', u'5205 SW 103RD DRIVE', u'GAINESVILLE', u'FL', u'32608', u'US', u'P-3141', u'COMITY', u'CE', u'', u'YES', u'09/11/1976', u'02/29/2016']
2015/03/24 17:16:00 - eng-sur_b_IDpel - INFO - ['1', u'', u'AATRONICS INCORPORATED', u'', u'', u'10 N. LIBERTY ST.', u'BOISE', u'ID', u'83704', u'US', u'C-337', u'', u'COA', u'', u'NO', u'06/23/1990', u'07/31/2006']
2015/03/24 17:16:00 - eng-sur_b_IDpel - INFO - ['1', u'', u'ABACUS ENGINEERING, P.C.', u'', u'', u'1353 BEAR CREEK RD.', u'PRINCETON', u'ID', u'83857', u'US', u'C-738', u'', u'COA', u'', u'NO', u'09/09/1998', u'09/30/2015']
2015/03/24 17:16:00 - eng-sur_b_IDpel - INFO - ['1', u'CARMEN B.', u'ABAD-FITTS', u'', u'HDR ENGINERING,INC.', u'1020 N.E. LOOP 410, STE. 200', u'SAN ANTONIO', u'TX', u'78209', u'US', u'P-11291', u'COMITY', u'CE', u'', u'NO', u'04/14/2004', u'10/31/2015']
2015/03/24 17:16:00 - eng-sur_b_IDpel - INFO - ['1', u'MANUEL', u'ABARCA', u'', u'WH PACIFIC, INC.', u'724 COLUMBIA N.W. #140', u'OLYMPIA', u'WA', u'98501', u'US', u'P-11284', u'COMITY', u'CE', u'', u'NO', u'03/30/2004', u'07/31/2010']
2015/03/24 17:16:00 - eng-sur_b_IDpel - INFO - ['1', u'LARRY A.', u'ABATIELL', u'', u'', u'', u'', u'', u'', u'US', u'P-10361', u'COMITY', u'CE', u'DISCONTINUED', u'NO', u'12/20/2001', u'11/30/2005']
2015/03/24 17:16:00 - eng-sur_b_IDpel - INFO - ['1', u'', u'ABB, INC.', u'MICHELLE SCOTTODILUZIO', u'', u'12040 REGENCY PKWY., STE. 200', u'CARY', u'NC', u'27518', u'US', u'C-3207', u'', u'COA', u'', u'NO', u'09/23/2014', u'09/30/2015']
2015/03/24 17:16:00 - eng-sur_b_IDpel - INFO - ['1', u'RAHIM A.', u'ABBASI', u'', u'1400 N.W. IRVING STREET', u'UNIT #417', u'PORTLAND', u'OR', u'97209', u'US', u'E-5558', u'EXAM', u'EIT', u'', u'NO', u'11/22/2002', u'07/31/2007']
2015/03/24 17:16:00 - eng-sur_b_IDpel - INFO - ['1', u'BAHMAN', u'ABBASSI', u'', u'IDOT', u'P.O. BOX 4700', u'POCATELLO', u'ID', u'83205-4700', u'US', u'P-13780', u'COMITY', u'CE', u'', u'NO', u'06/16/2009', u'06/30/2016']
2015/03/24 17:16:00 - eng-sur_b_IDpel - INFO - ['1', u'ALLAN A.', u'ABBATA', u'', u'', u'112 VERANDA LN.', u'LEXINGTON', u'SC', u'29072', u'US', u'P-10906', u'COMITY', u'CE', u'DISCONTINUED', u'NO', u'04/08/2003', u'05/31/2013']
2015/03/24 17:16:00 - eng-sur_b_IDpel - INFO - ['1', u'MARTIN A.', u'ABBATE', u'', u'', u'4060 FOREST RUN CIRCLE', u'MEDINA', u'OH', u'44256', u'US', u'P-7324', u'COMITY', u'EE', u'', u'NO', u'11/20/1993', u'09/30/2016']
2015/03/24 17:16:00 - eng-sur_b_IDpel - INFO - ['1', u'BRIAN W.', u'ABBOTT', u'', u'', u'', u'', u'', u'', u'US', u'E-1026', u'EXAM', u'EIT', u'', u'NO', u'06/12/1974', u'']
2015/03/24 17:16:00 - eng-sur_b_IDpel - INFO - ['1', u'JEFFREY L.', u'ABBOTT', u'', u'', u'', u'', u'', u'', u'US', u'E-4141', u'EXAM', u'EIT', u'', u'NO', u'01/27/1995', u'']
2015/03/24 17:16:00 - eng-sur_b_IDpel - INFO - ['1', u'JESSE W.', u'ABBOTT', u'', u'', u'', u'', u'', u'', u'US', u'E-301', u'EXAM', u'EIT', u'', u'NO', u'04/26/1967', u'']
2015/03/24 17:16:00 - eng-sur_b_IDpel - INFO - ['1', u'MICHAEL TODD', u'ABBOTT', u'', u'', u'1301 N. SKIPWORTH COURT', u'SPOKANE VALLEY', u'WA', u'99206-2506', u'US', u'E-4183', u'EXAM', u'EIT', u'', u'NO', u'06/09/1995', u'01/31/2014']
2015/03/24 17:16:00 - eng-sur_b_IDpel - INFO - ['1', u'RICHARD T.', u'ABBOTT', u'', u'', u'1341 OVERLOOK DRIVE', u'NEW MARKET', u'MN', u'55054', u'US', u'P-11281', u'COMITY', u'CE,SE', u'', u'NO', u'03/23/2004', u'09/30/2009']
2015/03/24 17:16:00 - eng-sur_b_IDpel - INFO - ['1', u'', u'ABCO DRAFTING & DESIGN, INC.', u'', u'', u'', u'', u'', u'', u'US', u'C-410', u'', u'COA', u'', u'NO', u'04/17/1992', u'']
2015/03/24 17:16:00 - eng-sur_b_IDpel - INFO - ['1', u'', u'ABCO ENGINEERING, INC.', u'', u'', u'2101 DELTA DR.', u'NAMPA', u'ID', u'83687', u'', u'C-3085', u'', u'COA', u'', u'NO', u'10/30/2013', u'10/31/2015']
2015/03/24 17:16:00 - eng-sur_b_IDpel - INFO - ['1', u'MOHAMED OSAMA', u'ABDEL AAL', u'', u'', u'6415 BEACHVIEW DRIVE', u'HUNTINGTON', u'CA', u'92648', u'US', u'P-8864', u'COMITY', u'CE', u'', u'YES', u'02/19/1998', u'11/30/2016']
2015/03/24 17:16:00 - eng-sur_b_IDpel - INFO - ['1', u'AHMED', u'ABDEL-RAHIM', u'', u'', u'', u'', u'', u'', u'US', u'E-5390', u'EXAM', u'EIT', u'', u'NO', u'12/17/2001', u'']
2015/03/24 17:16:00 - eng-sur_b_IDpel - INFO - ['1', u'AHMED SHAWKY', u'ABDEL-RAHIM', u'', u'UNIVERSITY OF IDAHO', u'P.O. BOX 440901', u'MOSCOW', u'ID', u'83844-0901', u'US', u'P-10572', u'EXAM', u'CE', u'', u'NO', u'06/14/2002', u'02/29/2016']
2015/03/24 17:16:00 - eng-sur_b_IDpel - INFO - ['1', u'KHALED', u'ABDEL-RAHIM', u'', u'', u'306 GAMBELS LN.', u'MOSCOW', u'ID', u'83843', u'US', u'E-8353', u'EXAM', u'EI', u'', u'NO', u'02/07/2014', u'03/31/2016']
2015/03/24 17:16:00 - eng-sur_b_IDpel - INFO - ['1', u'JERALD L.', u'ABDIE', u'', u'KPFF CONSULTING ENGINEERS', u'111 SW FIFTH AVE., STE. 2500', u'PORTLAND', u'OR', u'97204-3628', u'US', u'P-9798', u'COMITY', u'CE,SE', u'', u'NO', u'07/05/2000', u'09/30/2015']
2015/03/24 17:16:00 - eng-sur_b_IDpel - INFO - ['1', u'AZAD SALIM', u'ABDULHAFEDH', u'', u'', u'510 HIGH ST., APT. 301', u'COLUMBIA', u'MO', u'65201', u'US', u'E-8009', u'EXAM', u'EI', u'', u'NO', u'12/07/2012', u'03/31/2016']
2015/03/24 17:16:00 - eng-sur_b_IDpel - INFO - ['1', u'EDWARD A.', u'ABDUN-NUR', u'', u'', u'', u'', u'', u'', u'US', u'P-1466', u'COMITY', u'CE', u'', u'NO', u'11/30/1962', u'']
2015/03/24 17:16:00 - eng-sur_b_IDpel - INFO - ['1', u'DONN E.', u'ABEGGLEN', u'', u'', u'', u'', u'', u'', u'US', u'E-489', u'EXAM', u'EIT', u'', u'NO', u'06/12/1969', u'']
2015/03/24 17:16:00 - eng-sur_b_IDpel - INFO - ['1', u'BELTUS', u'ABEH', u'', u'', u'725 S. 3RD AVE., APT. 1', u'POCATELLO', u'ID', u'83201', u'US', u'E-8282', u'EXAM', u'EI', u'', u'NO', u'12/06/2013', u'03/31/2016']
2015/03/24 17:16:00 - eng-sur_b_IDpel - INFO - ['1', u'DANIEL M.', u'ABEL', u'', u'', u'', u'', u'', u'', u'US', u'P-956', u'', u'ME', u'', u'NO', u'', u'']
2015/03/24 17:16:00 - eng-sur_b_IDpel - INFO - ['1', u'DENNIS DANIEL', u'ABEL', u'', u'FDH ENGINEERING, INC.', u'6521 MERIDIEN DR.', u'RALEIGH', u'NC', u'27616', u'US', u'P-15343', u'COMITY', u'CE', u'', u'NO', u'11/16/2012', u'02/29/2016']
2015/03/24 17:16:00 - eng-sur_b_IDpel - INFO - ['1', u'JASON T.', u'ABEL', u'', u'', u'3987 E. CHAFFE AVENUE', u'PAHRUMP', u'NV', u'89061', u'US', u'P-13918', u'COMITY', u'ENVE', u'', u'NO', u'09/11/2009', u'06/30/2015']
2015/03/24 17:16:00 - eng-sur_b_IDpel - INFO - ['1', u'THOMAS E.', u'ABEL', u'', u'ABEL ENGINEERING INC.', u'212 SEGIAH WAY', u'KALISPELL', u'MT', u'59901', u'US', u'P-15235', u'COMITY', u'ME', u'DECEASED', u'NO', u'08/03/2012', u'03/01/2014']
2015/03/24 17:16:00 - eng-sur_b_IDpel - INFO - ['1', u'', u'ABEL ENGINEERING INC.', u'', u'', u'212 SEIGIAH WAY', u'KALISPELL', u'MT', u'59901', u'US', u'C-2891', u'', u'COA', u'DISCONTINUED', u'NO', u'08/03/2012', u'08/31/2014']
2015/03/24 17:16:00 - eng-sur_b_IDpel - INFO - ['1', u'HAL L.', u'ABERCROMBIE', u'', u'DAVID L. JENSEN AND ASSOC.', u'547 W. 500 SOUTH STE. 140', u'BOUNTIFUL', u'UT', u'84010', u'US', u'P-10087', u'COMITY', u'ME', u'', u'NO', u'03/20/2001', u'06/30/2016']
2015/03/24 17:16:00 - eng-sur_b_IDpel - INFO - ['1', u'DANIEL S.', u'ABERLE', u'', u'', u'', u'', u'', u'', u'US', u'P-3275', u'COMITY', u'CE', u'', u'NO', u'04/15/1977', u'']
2015/03/24 17:16:00 - eng-sur_b_IDpel - INFO - ['1', u'LAWRENCE KEITH', u'ABERNATHY', u'', u'', u'16721 JULIANN LN.', u'ALOHA', u'OR', u'97007', u'US', u'P-2228', u'EXAM', u'CE', u'', u'NO', u'02/03/1971', u'11/30/2006']
2015/03/24 17:16:00 - eng-sur_b_IDpel - INFO - ['1', u'E.R.', u'ABERNETHY', u'', u'', u'', u'', u'', u'', u'US', u'L-341', u'', u'LS', u'', u'NO', u'', u'']
2015/03/24 17:16:00 - eng-sur_b_IDpel - INFO - ['1', u'ROBERT K.', u'ABERTH, JR.', u'', u'', u'', u'', u'', u'', u'US', u'L-4736', u'COMITY', u'LS', u'', u'NO', u'02/03/1983', u'']
2015/03/24 17:16:00 - eng-sur_b_IDpel - INFO - ['1', u'', u'ABF CONSULTING ENGINEERS', u'', u'', u'', u'', u'', u'', u'US', u'C-1498', u'', u'COA', u'', u'NO', u'12/11/2003', u'']
2015/03/24 17:16:00 - eng-sur_b_IDpel - INFO - ['1', u'ETABUKO', u'ABIRHIRE', u'', u'', u'7311 EDEN CROSSING LANE', u'RICHMOND', u'TX', u'77478', u'US', u'E-5606', u'EXAM', u'EIT', u'', u'NO', u'05/28/2003', u'01/31/2005']
2015/03/24 17:16:00 - eng-sur_b_IDpel - INFO - ['1', u'MARC L.', u'ABLE', u'', u'ABS CONSULTANTS, INC.', u'1530 16TH STREET', u'DENVER', u'CO', u'80202', u'US', u'P-7856', u'COMITY', u'ME', u'', u'NO', u'05/19/1995', u'07/31/2012']
2015/03/24 17:16:00 - eng-sur_b_IDpel - INFO - ['1', u'ROBERT T.', u'ABLONDI', u'', u'RENDEZVOUS ENGINEERING, P.C.', u'P.O. BOX 4858', u'JACKSON', u'WY', u'83001', u'US', u'P-5994', u'COMITY', u'CE', u'', u'NO', u'12/03/1988', u'05/31/2015']
2015/03/24 17:16:00 - eng-sur_b_IDpel - INFO - ['1', u'GAVIN SKY', u'ABO', u'', u'', u'1261 B. W. 100 SOUTH', u'PAUL', u'ID', u'83347', u'US', u'E-6196', u'EXAM', u'EIT', u'', u'NO', u'02/08/2006', u'10/31/2015']
2015/03/24 17:16:00 - eng-sur_b_IDpel - INFO - ['1', u'JAY ROBERT', u'ABO', u'', u'', u'', u'', u'', u'', u'US', u'E-5767', u'EXAM', u'EIT', u'', u'NO', u'02/04/2004', u'']
2015/03/24 17:16:00 - eng-sur_b_IDpel - INFO - ['1', u'LINSEY KIKU', u'ABO', u'', u'', u'709 ELM ST.', u'MOSCOW', u'ID', u'83843', u'US', u'E-6824', u'EXAM', u'EIT', u'', u'NO', u'06/28/2008', u'12/31/2008']
2015/03/24 17:16:00 - eng-sur_b_IDpel - INFO - ['1', u'BOBY W.', u'ABOESONO', u'', u'', u'3307 EAGLE RIDGE WAY', u'HOUSTON', u'TX', u'77084', u'US', u'P-15034', u'COMITY', u'CE', u'', u'NO', u'03/16/2012', u'11/30/2015']
2015/03/24 17:16:00 - eng-sur_b_IDpel - INFO - ['1', u'ALI', u'ABOLHASSANI', u'', u'STRUCTURAL CONCEPTS ENG. INC', u'1200 N. JEFFERSON ST., STE. F', u'ANAHEIM', u'CA', u'92807', u'US', u'P-12202', u'COMITY', u'CE', u'', u'NO', u'05/17/2006', u'10/31/2016']
2015/03/24 17:16:00 - eng-sur_b_IDpel - INFO - ['1', u'ALEXANDER VAHID', u'ABOSSEIN', u'', u'ABOSSEIN ENGINEERING CORP.', u'2100 112TH AVE. N.E STE. #201', u'BELLEVUE', u'WA', u'98004', u'US', u'P-8207', u'COMITY', u'ME,FpE,EE', u'', u'NO', u'04/11/1996', u'08/31/2015']
2015/03/24 17:16:00 - eng-sur_b_IDpel - INFO - ['1', u'DAVID', u'ABRAHAM', u'', u'', u'', u'', u'', u'', u'US', u'E-3068', u'EXAM', u'EIT', u'', u'NO', u'06/17/1988', u'']
2015/03/24 17:16:00 - eng-sur_b_IDpel - INFO - ['1', u'DOYLE G.', u'ABRAHAMSON', u'', u'', u'1950 S. MOLINE WAY', u'AURORA', u'CO', u'80014', u'US', u'L-10524', u'COMITY', u'LS', u'DECEASED', u'NO', u'04/19/2002', u'08/29/2010']
2015/03/24 17:16:00 - eng-sur_b_IDpel - INFO - ['1', u'ANDREW JOSEPH', u'ABRAMS', u'', u'STRATA, INC.', u"6 O'DONNELL ROAD", u'PULLMAN', u'WA', u'99163', u'US', u'P-12481', u'EXAM', u'CE', u'', u'NO', u'12/21/2006', u'02/29/2016']
2015/03/24 17:16:00 - eng-sur_b_IDpel - INFO - ['1', u'ANDREW JOSEPH', u'ABRAMS', u'', u'', u'', u'', u'', u'', u'US', u'E-5607', u'EXAM', u'EIT', u'P-12481', u'NO', u'05/28/2003', u'02/29/2008']
2015/03/24 17:16:00 - eng-sur_b_IDpel - INFO - ['1', u'NED S.', u'ABRAMS', u'', u'', u'2372 N. MACKENZIE DRIVE', u'POST FALLS', u'ID', u'83854', u'US', u'E-3016', u'EXAM', u'EIT', u'', u'NO', u'02/05/1988', u'09/30/2016']
2015/03/24 17:16:00 - eng-sur_b_IDpel - INFO - ['1', u'TED ALAN', u'ABRAMS', u'', u'', u'4905 DRAYCROFT PL.', u'FUQUAY-VARINA', u'NC', u'27526', u'US', u'P-13921', u'COMITY', u'ChE', u'', u'NO', u'09/16/2009', u'07/31/2016']
2015/03/24 17:16:00 - eng-sur_b_IDpel - INFO - ['1', u'ABDELOUAHAB', u'ABROUS', u'', u'', u'14816 INTERLAKE AVE. N.', u'SHORELINE', u'WA', u'98133', u'US', u'P-14132', u'COMITY', u'ME', u'', u'NO', u'03/17/2010', u'08/31/2016']
2015/03/24 17:16:00 - eng-sur_b_IDpel - INFO - ['1', u'JOHN', u'ABRUZZO', u'', u'', u'30 DARYL DRIVE', u'ORINDA', u'CA', u'94563', u'US', u'P-15181', u'COMITY', u'CE', u'', u'NO', u'06/01/2012', u'04/30/2015']
2015/03/24 17:16:00 - eng-sur_b_IDpel - INFO - ['1', u'', u'ABS CONSULTANTS, INC.', u'', u'', u'P.O. BOX 103280', u'DENVER', u'CO', u'80210', u'US', u'C-862', u'', u'COA', u'', u'NO', u'12/27/1999', u'12/31/2012']
2015/03/24 17:16:00 - eng-sur_b_IDpel - INFO - ['1', u'TIMOTHY C.', u'ABSHAGEN', u'', u'', u'11211 FALL GARDEN LANE', u'KNOXVILLE', u'TN', u'37932', u'US', u'P-13436', u'COMITY', u'CE', u'', u'NO', u'09/24/2008', u'09/30/2016']
2015/03/24 17:16:00 - eng-sur_b_IDpel - INFO - ['1', u'', u'ABSOLUTE CONSULTING ENGINEERS', u'', u'', u'2515 BAMBOO', u'NEWPORT BEACH', u'CA', u'92660', u'US', u'C-1647', u'', u'COA', u'', u'NO', u'10/07/2004', u'07/31/2007']
2015/03/24 17:16:00 - eng-sur_b_IDpel - INFO - ['1', u'', u'ABSOLUTE ENGINEERING, LLC', u'', u'', u'7525 W. DESCHUTES PL. #2B', u'KENNEWICK', u'WA', u'99336', u'US', u'C-1774', u'', u'COA', u'', u'NO', u'06/17/2005', u'06/30/2015']
2015/03/24 17:16:00 - eng-sur_b_IDpel - INFO - ['1', u'AHMED', u'ABU ABDO', u'', u'', u'', u'', u'', u'', u'US', u'E-6441', u'EXAM', u'EIT', u'', u'NO', u'12/21/2006', u'07/31/2010']
2015/03/24 17:16:00 - eng-sur_b_IDpel - INFO - ['1', u'ROBERT', u'ABUNDO', u'', u'', u'', u'', u'', u'', u'US', u'E-5054', u'EXAM', u'EIT', u'', u'NO', u'02/25/2000', u'']
2015/03/24 17:16:00 - eng-sur_b_IDpel - INFO - ['1', u'OMAR ALI', u'ABU-YASEIN', u'', u'A & A ENGINEERING', u'5911 RENAISSANCE PLACE, #B', u'TOLEDO', u'OH', u'43606', u'US', u'P-11443', u'COMITY', u'CE', u'', u'NO', u'07/20/2004', u'11/30/2016']
2015/03/24 17:16:00 - eng-sur_b_IDpel - INFO - ['1', u'', u'ACCELERATED TOWER ENGINEERING, LLC', u'', u'', u'4710 PORTOFINO DR.', u'LONGMONT', u'CO', u'80503', u'USA', u'C-3301', u'', u'COA', u'', u'NO', u'03/13/2015', u'03/31/2016']
2015/03/24 17:16:00 - eng-sur_b_IDpel - INFO - ['1', u'', u'ACCESS CONSULTING, P.C.', u'', u'', u'265 W. FRONT ST.', u'MISSOULA', u'MT', u'59802', u'US', u'C-3010', u'', u'COA', u'', u'NO', u'05/14/2013', u'05/31/2015']
2015/03/24 17:16:00 - eng-sur_b_IDpel - INFO - ['1', u'', u'ACCO ENGINEERED SYSTEMS INC.', u'HUGH PALMER', u'', u'6265 SAN FERNANDO', u'GLENDALE', u'CA', u'91201', u'US', u'C-2576', u'', u'COA', u'', u'NO', u'05/25/2010', u'05/31/2015']
2015/03/24 17:16:00 - eng-sur_b_IDpel - INFO - ['1', u'', u'ACCURATE SURVEYING & MAPPING, P.C.', u'', u'', u'1602 W. HAYS, SUITE 306', u'BOISE', u'ID', u'83702', u'US', u'C-1843', u'', u'COA', u'', u'NO', u'12/02/2005', u'12/31/2015']
2015/03/24 17:16:00 - eng-sur_b_IDpel - INFO - ['1', u'', u'ACCURATE SYSTEMS COMPANY', u'', u'', u'', u'', u'', u'', u'US', u'C-74', u'', u'COA', u'', u'NO', u'10/12/1973', u'']
2015/03/24 17:16:00 - eng-sur_b_IDpel - INFO - ['1', u'', u'ACE ELECTRIC CO.', u'', u'', u'', u'', u'', u'', u'US', u'C-217', u'', u'COA', u'', u'NO', u'07/21/1982', u'']
2015/03/24 17:16:00 - eng-sur_b_IDpel - INFO - ['1', u'', u'ACERTUS CONSULTING GROUP, LLC', u'', u'', u'14817  W. 95TH ST.', u'LENEXA', u'KS', u'66215', u'US', u'C-3022', u'', u'COA', u'', u'NO', u'06/11/2013', u'06/30/2015']
2015/03/24 17:16:00 - eng-sur_b_IDpel - INFO - ['1', u'', u'ACH ENGINEERING, P.S.', u'', u'', u'2404 STATELINE ROAD', u'WALLA WALLA', u'WA', u'99362', u'US', u'C-1470', u'', u'COA', u'', u'NO', u'09/23/2003', u'09/30/2015']
2015/03/24 17:16:00 - eng-sur_b_IDpel - INFO - ['1', u'DONALD G.', u'ACHESON', u'', u'RIEDESEL & ASSOCIATES INC.', u'202 FALLS AVENUE', u'TWIN FALLS', u'ID', u'83301', u'US', u'P-8102', u'EXAM', u'CE', u'', u'NO', u'01/31/1996', u'07/31/2015']
2015/03/24 17:16:00 - eng-sur_b_IDpel - INFO - ['1', u'THOMAS G.', u'ACIERNO', u'', u'', u'15615 VIA CALANOVA', u'SAN DIEGO', u'CA', u'92128', u'US', u'P-1326', u'COMITY', u'ME', u'DECEASED', u'YES', u'09/02/1960', u'06/30/2008']
2015/03/24 17:16:00 - eng-sur_b_IDpel - INFO - ['1', u'ROBERTA L.', u'ACKARET', u'', u'', u'', u'', u'', u'', u'US', u'P-1714', u'EXAM', u'CE', u'', u'NO', u'02/04/1966', u'']
2015/03/24 17:16:00 - eng-sur_b_IDpel - INFO - ['1', u'BRADLEY VINCENT', u'ACKER', u'', u'', u'1924 N. 33RD STR.', u'BOISE', u'ID', u'83703', u'US', u'P-11344', u'EXAM', u'ME', u'', u'NO', u'06/02/2004', u'05/31/2014']
2015/03/24 17:16:00 - eng-sur_b_IDpel - INFO - ['1', u'WILLIAM SCOTT', u'ACKER', u'', u'', u'P.O. BOX 70', u'MC CALL', u'ID', u'83638', u'US', u'P-8103', u'EXAM', u'CE', u'', u'NO', u'01/31/1996', u'04/30/2016']
2015/03/24 17:16:00 - eng-sur_b_IDpel - INFO - ['1', u'WILLIAM SCOTT', u'ACKER', u'', u'', u'', u'', u'', u'', u'US', u'E-3203', u'EXAM', u'EIT', u'P-8103', u'NO', u'06/23/1989', u'']
2015/03/24 17:16:00 - eng-sur_b_IDpel - INFO - ['1', u'ALEX JAMES', u'ACKERMAN', u'', u'', u'205 SOUTH BOULEVARD', u'GRANGEVILLE', u'ID', u'83530', u'US', u'E-8602', u'EXAM', u'EI', u'', u'NO', u'02/04/2015', u'02/29/2016']
2015/03/24 17:16:00 - eng-sur_b_IDpel - INFO - ['1', u'BURL D.', u'ACKERMAN', u'', u'', u'6322 COLONIAL CIRCLE', u'BOISE', u'ID', u'83709-1073', u'US', u'P-11128', u'EXAM', u'EnvE', u'', u'NO', u'12/08/2003', u'02/28/2014']
2015/03/24 17:16:00 - eng-sur_b_IDpel - INFO - ['1', u'JOHN M.', u'ACKERMAN', u'', u'', u'', u'', u'', u'', u'US', u'P-2684', u'COMITY', u'EE', u'', u'NO', u'03/29/1974', u'']
2015/03/24 17:16:00 - eng-sur_b_IDpel - INFO - ['1', u'', u'ACKERMAN ENGINEERS', u'', u'', u'', u'', u'', u'', u'US', u'C-566', u'', u'COA', u'', u'NO', u'04/21/1995', u'']
2015/03/24 17:16:00 - eng-sur_b_IDpel - INFO - ['1', u'TARA L.', u'ACKERMANN', u'', u'', u'1074 BARRINGTON', u'ELKO', u'NV', u'89801', u'US', u'E-8583', u'EXAM', u'EI', u'', u'NO', u'01/14/2015', u'06/30/2015']
2015/03/24 17:16:00 - eng-sur_b_IDpel - INFO - ['1', u'CECIL GRAHAM', u'ACREE', u'', u'', u'', u'', u'', u'', u'US', u'P-2737', u'COMITY', u'ME', u'', u'NO', u'09/07/1974', u'']
2015/03/24 17:16:00 - eng-sur_b_IDpel - INFO - ['1', u'CRAIG MICHAEL', u'ACTIS', u'', u'', u'', u'', u'', u'', u'US', u'E-1496', u'EXAM', u'EIT', u'', u'NO', u'01/25/1979', u'']
2015/03/24 17:16:00 - eng-sur_b_IDpel - INFO - ['1', u'', u'ACUMEN ENGINEERING, INC.', u'', u'', u'12808 S. 600 E.', u'DRAPER', u'UT', u'84020', u'US', u'C-3215', u'', u'COA', u'', u'NO', u'09/26/2014', u'09/30/2015']
2015/03/24 17:16:00 - eng-sur_b_IDpel - INFO - ['1', u'', u'ACUTE ENGINEERING', u'', u'', u'1429 S. STATE STREET', u'OREM', u'UT', u'84097', u'US', u'C-2194', u'', u'COA', u'', u'NO', u'12/21/2007', u'12/31/2015']
2015/03/24 17:16:00 - eng-sur_b_IDpel - INFO - ['1', u'A.P.', u'ADAIR', u'', u'', u'', u'', u'', u'', u'US', u'L-77', u'', u'LS', u'', u'NO', u'', u'']
2015/03/24 17:16:00 - eng-sur_b_IDpel - INFO - ['1', u'P.J.', u'ADAM', u'', u'', u'', u'', u'', u'', u'US', u'P-4090', u'COMITY', u'ME', u'', u'NO', u'06/20/1980', u'']
2015/03/24 17:16:00 - eng-sur_b_IDpel - INFO - ['1', u'ZACHARY', u'ADAM', u'', u'', u'19707 109TH AVE. SE', u'SNOHOMISH', u'WA', u'98296', u'US', u'E-7280', u'EXAM', u'EI', u'', u'NO', u'06/11/2010', u'04/30/2011']
2015/03/24 17:16:00 - eng-sur_b_IDpel - INFO - ['1', u'THOMAS DAVID', u'ADAMO', u'', u'ADAMO & ASSOCIATES', u'1685 PLYMOUTH ST., STE. 150', u'MOUNTAIN VIEW', u'CA', u'94043', u'US', u'P-10091', u'COMITY', u'CE,SE', u'', u'NO', u'03/26/2001', u'02/28/2007']
2015/03/24 17:16:00 - eng-sur_b_IDpel - INFO - ['1', u'A.', u'ADAMS', u'', u'', u'', u'', u'', u'', u'US', u'L-266', u'', u'LS', u'', u'NO', u'', u'']
2015/03/24 17:16:00 - eng-sur_b_IDpel - INFO - ['1', u'ANTHONY JAY', u'ADAMS', u'', u'', u'', u'', u'', u'', u'US', u'']
2015/03/24 17:16:00 - eng-sur_b_IDpel - INFO - complete
