2015/03/27 14:45:03 - led_c_OKsdh - INFO -  -  -  -  -  -  -  -  -  -  -  -  -  -  -  -  -  -  -  -  -  -  -  -  -  -  -  -  -  -  - 
2015/03/27 14:45:04 - led_c_OKsdh - INFO - [u'A&M ENGINEERING & ENVIRONMENTAL SERVICES', u'OKFIRM11301', u'10010 E 16TH ST', u'TULSA', u'OK', u'74128-4813', u'(918) 665-6575', u'(918) 665-6576', 'Certified LBP Firms', 'Certification Number', '1']
2015/03/27 14:45:04 - led_c_OKsdh - INFO - [u'ABATEMENT SYSTEMS INC', u'OKFIRM11176', u'PO BOX 773', u'BROKEN ARROW', u'OK', u'74013-0773', u'(918) 251-2504', u'(918) 251-3852', 'Certified LBP Firms', 'Certification Number', '1']
2015/03/27 14:45:04 - led_c_OKsdh - INFO - [u'ACCURATE INSPECTION AND ASSESSMENT', u'OKFIRM11158', u'1414 SW 89 ST STE B', u'OKC', u'OK', u'73159', u'(405) 833-2065', u'(405) 759-7329', 'Certified LBP Firms', 'Certification Number', '1']
2015/03/27 14:45:04 - led_c_OKsdh - INFO - [u'AEA ENVIRONMENTAL SERVICES', u'OKFIRM13334', u'330 WEST GRAY STE 100 RM 6', u'NORMAN', u'OK', u'73069-', u'(405) 701-1594', u'(405) 701-1706', 'Certified LBP Firms', 'Certification Number', '1']
2015/03/27 14:45:04 - led_c_OKsdh - INFO - [u'ALERT INSPECTIONS LLC', u'OKFIRM13596', u'12316A N MAY STE 227', u'OKLAHOMA CITY', u'OK', u'73120', u'(405) 639-7428', u'(405) 285-0011', 'Certified LBP Firms', 'Certification Number', '1']
2015/03/27 14:45:04 - led_c_OKsdh - INFO - [u'BES DESIGN AND BUILD LLC', u'OKFIRM13771', u'766 MIDDLE ST', u'FAIRHOPE', u'AL', u'36532-', u'(251) 990-5778', u'(866) 728-1113', 'Certified LBP Firms', 'Certification Number', '1']
2015/03/27 14:45:04 - led_c_OKsdh - INFO - [u'BISON WOOD RENEWAL', u'OKFIRM13739', u'10628 LAKESHORE RUN', u'OKLAHOMA CITY', u'OK', u'73170-', u'(405) 413-7058', u'', 'Certified LBP Firms', 'Certification Number', '1']
2015/03/27 14:45:04 - led_c_OKsdh - INFO - [u"BURGER'S HEALTHY HOMES", u'OKFIRM13738', u'1720 NW 8 ST', u'Oklahoma City', u'OK', u'73106-', u'(405) 795-8905', u'(405) 795-8904', 'Certified LBP Firms', 'Certification Number', '1']
2015/03/27 14:45:04 - led_c_OKsdh - INFO - [u'BURNSIDE AND ASSOCIATES LTD CO', u'OKFIRM11280', u'PO BOX 9', u'TALALA', u'OK', u'74080', u'(918) 275-8259', u'(918) 275-8259', 'Certified LBP Firms', 'Certification Number', '1']
2015/03/27 14:45:04 - led_c_OKsdh - INFO - [u'CHEROKEE NATION (CNEP)', u'OKFIRM11198', u'PO BOX 948', u'TAHLEQUAH', u'OK', u'74465', u'(918) 453-5009', u'(918) 453-2904', 'Certified LBP Firms', 'Certification Number', '1']
2015/03/27 14:45:04 - led_c_OKsdh - INFO - [u'CONNELLY BROS CONSTRUCTION', u'OKFIRM13378', u'454381 EAST 993 RD', u'VIAN', u'OK', u'74962', u'(918) 773-6293', u'(918) 775-5436', 'Certified LBP Firms', 'Certification Number', '1']
2015/03/27 14:45:04 - led_c_OKsdh - INFO - [u'CONNOR', u'OKFIRM13756', u'1421 CLARKVIEW RD STE 100', u'BALTIMORE', u'MD', u'21209-', u'(410) 296-7971', u'(410) 296-3419', 'Certified LBP Firms', 'Certification Number', '1']
2015/03/27 14:45:04 - led_c_OKsdh - INFO - [u'CPI PIPE AND STEEL INC', u'OKFIRM13761', u'PO BOX 850327', u'YUKON', u'OK', u'73085-', u'(405) 350-8555', u'(405) 650-7467', 'Certified LBP Firms', 'Certification Number', '1']
2015/03/27 14:45:04 - led_c_OKsdh - INFO - [u'CRYSTAL CREEK LLC', u'OKFIRM13677', u'7909 NW 39 ST', u'BETHANY', u'OK', u'73008', u'(405) 317-4856', u'', 'Certified LBP Firms', 'Certification Number', '1']
2015/03/27 14:45:04 - led_c_OKsdh - INFO - [u'DIVIRSUS LLC', u'OKFIRM13702', u'1401 FRETZ DR', u'EDMOND', u'OK', u'73003-', u'(405) 471-5224', u'(405) 471-5646', 'Certified LBP Firms', 'Certification Number', '1']
2015/03/27 14:45:04 - led_c_OKsdh - INFO - [u'EMPIRE ENVIRONMENTAL GROUP LLC', u'OKFIRM13676', u'11405 MOLLY MAC DR', u'BALCH SPRINGS', u'TX', u'75180-', u'(214) 327-3653', u'(214) 321-5669', 'Certified LBP Firms', 'Certification Number', '1']
2015/03/27 14:45:04 - led_c_OKsdh - INFO - [u'ENERCON ENVIRONMENTAL SERVICES INC', u'OKFIRM13708', u'5100 E SKELLY DR STE450', u'TULSA', u'OK', u'74135', u'(918) 665-7693', u'(918) 665-7232', 'Certified LBP Firms', 'Certification Number', '1']
2015/03/27 14:45:04 - led_c_OKsdh - INFO - [u'ENERCON SERVICES INC', u'OKFIRM11152', u'1601 NW EXPRESSWAY STE 1000', u'OKLAHOMA CITY', u'OK', u'73118', u'(405) 722-7693', u'(405) 722-7694', 'Certified LBP Firms', 'Certification Number', '1']
2015/03/27 14:45:04 - led_c_OKsdh - INFO - [u'ENVIRONMENTAL ACTION, INC.', u'OKFIRM13692', u'PO BOX 1029', u'JENKS', u'OK', u'74037-', u'(918) 298-4080', u'(918) 298-4083', 'Certified LBP Firms', 'Certification Number', '1']
2015/03/27 14:45:04 - led_c_OKsdh - INFO - [u'ENVIRONMENTAL COMPLIANCE & SAFETY SERVICES LLC', u'OKFIRM12991', u'PO BOX 701002', u'TULSA', u'OK', u'74170-', u'(918) 447-8864', u'(918) 447-8865', 'Certified LBP Firms', 'Certification Number', '1']
2015/03/27 14:45:04 - led_c_OKsdh - INFO - [u'ENVIRONMENTAL HAZARD CONTROL INC', u'OKFIRM11224', u'6539 E 31ST  STREET  STE 33', u'TULSA', u'OK', u'74104-', u'(918) 747-1330', u'(918) 743-3961', 'Certified LBP Firms', 'Certification Number', '1']
2015/03/27 14:45:04 - led_c_OKsdh - INFO - [u'ENVIRONMENTAL MANAGEMENT', u'OKFIRM13055', u'PO BOX 700', u'GUTHRIE', u'OK', u'73044', u'(405) 282-8510', u'(405) 282-8533', 'Certified LBP Firms', 'Certification Number', '1']
2015/03/27 14:45:04 - led_c_OKsdh - INFO - [u'ENVIRONMENTAL SOLUTIONS SPECIALIST LLC', u'OKFIRM12405', u'9706 SKYLARK RD', u'OKLAHOMA CITY', u'OK', u'73162', u'(405) 603-1194', u'(405) 603-1195', 'Certified LBP Firms', 'Certification Number', '1']
2015/03/27 14:45:04 - led_c_OKsdh - INFO - [u'ENVIRONMENTAL WORKS INC', u'OKFIRM13748', u'1455 E CHESTNUT EXPY', u'SPRINGFIELD', u'MO', u'65802-', u'(417) 890-9500', u'(417) 823-9659', 'Certified LBP Firms', 'Certification Number', '1']
2015/03/27 14:45:04 - led_c_OKsdh - INFO - [u'GUARDIAN EXTERIORS INC', u'OKFIRM13749', u'8005 S I-35 SERVICE RD STE 208', u'OKLAHOMA CITY', u'OK', u'73149-', u'(405) 237-1188', u'(405) 632-2424', 'Certified LBP Firms', 'Certification Number', '1']
2015/03/27 14:45:04 - led_c_OKsdh - INFO - [u'HOMES BY THE BRAVE LLC', u'OKFIRM13760', u'1811 INDUSTRIAL BLVD', u'NORMAN', u'OK', u'73069-', u'(405) 212-4811', u'(405) 212-4799', 'Certified LBP Firms', 'Certification Number', '1']
2015/03/27 14:45:04 - led_c_OKsdh - INFO - [u'INTEGRIS HEALTH', u'OKFIRM13648', u'3300 NW EXPRESSWAY', u'OKLAHOMA CITY', u'OK', u'73112-', u'(405) 949-3738', u'(405) 949-5125', 'Certified LBP Firms', 'Certification Number', '1']
2015/03/27 14:45:04 - led_c_OKsdh - INFO - [u'J & J BUILDING LLC', u'OKFIRM13433', u'5007 S HIGH AVE', u'OKLAHOMA CITY', u'OK', u'73129-', u'(405) 635-8116', u'(405) 635-8133', 'Certified LBP Firms', 'Certification Number', '1']
2015/03/27 14:45:04 - led_c_OKsdh - INFO - [u'J & J ROOFING AND REMODELING', u'OKFIRM13751', u'12101 N MACARTHUR BLVD SUITE 231', u'OKLAHOMA CITY', u'OK', u'73162-', u'(405) 525-5225', u'', 'Certified LBP Firms', 'Certification Number', '1']
2015/03/27 14:45:04 - led_c_OKsdh - INFO - [u'KENNETH BAKER CONSTRUCTION', u'OKFIRM13105', u'741 NE 32nd', u'OKLAHOMA CITY', u'OK', u'73105', u'(405) 763-2731', u'', 'Certified LBP Firms', 'Certification Number', '1']
2015/03/27 14:45:04 - led_c_OKsdh - INFO - [u'KING CONSULTANTS INC', u'OKFIRM13074', u'1205 E 46TH ST', u'LUBBOCK', u'TX', u'79404-', u'(806) 763-6157', u'(806) 763-6160', 'Certified LBP Firms', 'Certification Number', '1']
2015/03/27 14:45:04 - led_c_OKsdh - INFO - [u'LEAD CONSULTANTS OF AMERICA INC', u'OKFIRM13431', u'225 DEMOTT LN', u'SOMERSET', u'NJ', u'08873-', u'(732) 418-9006', u'(732) 418-9008', 'Certified LBP Firms', 'Certification Number', '1']
2015/03/27 14:45:04 - led_c_OKsdh - INFO - [u'LEW CORPORATION', u'OKFIRM12793', u'1090 BRISTOL RD', u'MOUNTAINSIDE', u'NJ', u'07092-', u'(908) 654-8068', u'(908) 654-8069', 'Certified LBP Firms', 'Certification Number', '1']
2015/03/27 14:45:04 - led_c_OKsdh - INFO - [u'LG CONSTRUCTION CO INC', u'OKFIRM11961', u'5940 EPPERLY DR', u'OKLAHOMA CITY', u'OK', u'73135-', u'(405) 672-9100', u'(405) 672-5604', 'Certified LBP Firms', 'Certification Number', '1']
2015/03/27 14:45:04 - led_c_OKsdh - INFO - [u'LOCAL ENVIRONMENTAL ACTION DEMANDED', u'OKFIRM13548', u'19289 SOUTH 4403 DR', u'VINITA', u'OK', u'74301-', u'(918) 542-9399', u'', 'Certified LBP Firms', 'Certification Number', '1']
2015/03/27 14:45:04 - led_c_OKsdh - INFO - [u'MARSHALL ENVIRONMENTAL MANAGEMENT', u'OKFIRM11160', u'1601 SW 89th ST STE 100A', u'OKLAHOMA CITY', u'OK', u'73159', u'(405) 616-0401', u'(405) 681-6753', 'Certified LBP Firms', 'Certification Number', '1']
2015/03/27 14:45:04 - led_c_OKsdh - INFO - [u'MAVERICK HOME SERVICES', u'OKFIRM13015', u'PO BOX 2018', u'OKLAHOMA CITY', u'OK', u'73101', u'(405) 488-7200', u'', 'Certified LBP Firms', 'Certification Number', '1']
2015/03/27 14:45:04 - led_c_OKsdh - INFO - [u'MCGARRY RESTORATION AND REMODELING', u'OKFIRM13759', u'601 N KELLY STE 101', u'EDMOND', u'OK', u'73003-', u'(405) 830-8046', u'(405) 348-0805', 'Certified LBP Firms', 'Certification Number', '1']
2015/03/27 14:45:04 - led_c_OKsdh - INFO - [u'MIAMI TRIBE OF OKLAHOMA', u'OKFIRM11920', u'PO BOX 1326', u'MIAMI', u'OK', u'74355-', u'(918) 542-1445', u'(918) 542-7260', 'Certified LBP Firms', 'Certification Number', '1']
2015/03/27 14:45:04 - led_c_OKsdh - INFO - [u'MIRAGE INTERNATIONAL INC', u'OKFIRM13499', u'1832 NW 56TH ST', u'OKLAHOMA CITY', u'OK', u'73118-', u'(405) 879-9788', u'(405) 879-9726', 'Certified LBP Firms', 'Certification Number', '1']
2015/03/27 14:45:04 - led_c_OKsdh - INFO - [u'MOONRAIN ENVIRONMENTAL INC', u'OKFIRM13744', u'3326 E 4TH ST', u'TULSA', u'OK', u'74112-', u'(918) 637-5497', u'(918) 551-6303', 'Certified LBP Firms', 'Certification Number', '1']
2015/03/27 14:45:04 - led_c_OKsdh - INFO - [u'NATIONAL COATING CONTRACTORS LLC', u'OKFIRM13737', u'9726 STATE HWY 19', u'ADA', u'OK', u'74820-', u'(405) 432-6113', u'(888) 405-6975', 'Certified LBP Firms', 'Certification Number', '1']
2015/03/27 14:45:04 - led_c_OKsdh - INFO - [u'NORTHSTAR DEMOLITION AND REMEDIATION INC', u'OKFIRM11312', u'12 OAK DR', u'SHAWNEE', u'OK', u'74804-', u'(405) 273-4800', u'(405) 275-4848', 'Certified LBP Firms', 'Certification Number', '1']
2015/03/27 14:45:04 - led_c_OKsdh - INFO - [u'OKLAHOMA PROPERTY EXPERTS', u'OKFIRM11881', u'8925 E 57TH ST', u'TULSA', u'OK', u'74145-', u'(918) 307-0049', u'(918) 307-1815', 'Certified LBP Firms', 'Certification Number', '1']
2015/03/27 14:45:04 - led_c_OKsdh - INFO - [u'ORINOCO PETROLEUM & ENVIRONMENTAL SERVICES', u'OKFIRM12335', u'330 W GRAY ST STE 135', u'NORMAN', u'OK', u'73069-', u'(405) 360-2911', u'(405) 360-2914', 'Certified LBP Firms', 'Certification Number', '1']
2015/03/27 14:45:04 - led_c_OKsdh - INFO - [u'PACIFIC ARCHITECTS AND ENGINEERING', u'OKFIRM11969', u'140 CHANNEL ST STE 225', u'VANCE AFB', u'OK', u'73705', u'(580) 213-6226', u'(580) 213-5040', 'Certified LBP Firms', 'Certification Number', '1']
2015/03/27 14:45:04 - led_c_OKsdh - INFO - [u'PINNACLE ENVIRONMENTAL SOLUTIONS', u'OKFIRM13590', u'PO BOX 2567', u'PONCA CITY', u'OK', u'74602-', u'(580) 765-9600', u'', 'Certified LBP Firms', 'Certification Number', '1']
2015/03/27 14:45:04 - led_c_OKsdh - INFO - [u'PROFESSIONAL CONTRACT SERVICES', u'OKFIRM13664', u'PO BOX 33308', u'FORT SILL', u'OK', u'73503-', u'(580) 442-6557', u'(580) 442-4377', 'Certified LBP Firms', 'Certification Number', '1']
2015/03/27 14:45:04 - led_c_OKsdh - INFO - [u'RF INSTALLATIONS LLC', u'OKFIRM13728', u'1475 AVENUE S STE 306', u'GRAND PRARIE', u'TX', u'75050-', u'(817) 839-9220', u'', 'Certified LBP Firms', 'Certification Number', '1']
2015/03/27 14:45:04 - led_c_OKsdh - INFO - [u'RICHARDS ENTERPRISES', u'OKFIRM13519', u'39 SE 6TH ST', u'LAWTON', u'OK', u'73501-', u'(580) 357-7772', u'(580) 357-4115', 'Certified LBP Firms', 'Certification Number', '1']
2015/03/27 14:45:04 - led_c_OKsdh - INFO - [u'RYCON ENVIRONMENTAL LLC', u'OKFIRM12745', u'213 S RIVER ST', u'COMMERCE', u'OK', u'74339-', u'(918) 961-0614', u'(918) 675-5604', 'Certified LBP Firms', 'Certification Number', '1']
2015/03/27 14:45:04 - led_c_OKsdh - INFO - [u'SAFETY TECH INC', u'OKFIRM13700', u'1414 SW 89 SUITE B', u'OKLAHOMA CITY', u'OK', u'73159-', u'(405) 759-7328', u'(405) 759-7327', 'Certified LBP Firms', 'Certification Number', '1']
2015/03/27 14:45:04 - led_c_OKsdh - INFO - [u'SEM ENVIRONMENTAL CONSULTING LLC', u'OKFIRM13710', u'5350 S WESTERN AVE STE 711', u'OKLAHOMA CITY', u'OK', u'73109-', u'(405) 601-3992', u'', 'Certified LBP Firms', 'Certification Number', '1']
2015/03/27 14:45:04 - led_c_OKsdh - INFO - [u'SENECA CAYUGA TRIBE OF OKLAHOMA', u'OKFIRM13436', u'23701 S 655 RD HWY 10', u'GROVE', u'OK', u'74344-', u'(918) 787-5452', u'(918) 787-9440', 'Certified LBP Firms', 'Certification Number', '1']
2015/03/27 14:45:04 - led_c_OKsdh - INFO - [u'SPRAY SYSTEMS ENVIRONMENTAL', u'OKFIRM13252', u'2202 W MEDTRONIC WAY STE 108', u'TEMPE', u'AZ', u'85281-', u'(480) 967-8300', u'(480) 894-1966', 'Certified LBP Firms', 'Certification Number', '1']
2015/03/27 14:45:04 - led_c_OKsdh - INFO - [u'STEP BY STEPPS CONST', u'OKFIRM12326', u'5220 OK HWY 78 E', u'MILBURN', u'OK', u'73450', u'(405) 250-4508', u'', 'Certified LBP Firms', 'Certification Number', '1']
2015/03/27 14:45:04 - led_c_OKsdh - INFO - [u'TEARICE WILLIS INTERIOR RENOVATIONS', u'OKFIRM13774', u'7713 GENEVA REA LN', u'YUKON', u'OK', u'73099-', u'(405) 681-5743', u'(405) 367-7345', 'Certified LBP Firms', 'Certification Number', '1']
2015/03/27 14:45:04 - led_c_OKsdh - INFO - [u'TEC AN INC', u'OKFIRM13387', u'2517 S PURDUE', u'OKLAHOMA CITY', u'OK', u'73128-', u'(405) 681-7076', u'(405) 681-7256', 'Certified LBP Firms', 'Certification Number', '1']
2015/03/27 14:45:04 - led_c_OKsdh - INFO - [u'TITAN ENVIRONMENTAL SERVICES INC', u'OKFIRM13656', u'2936 SOUTHWEST BLVD', u'KANSAS CITY', u'MO', u'64108', u'(816) 960-4675', u'(816) 960-4860', 'Certified LBP Firms', 'Certification Number', '1']
2015/03/27 14:45:04 - led_c_OKsdh - INFO - [u'TULSA HABITAT FOR HUMANITY', u'OKFIRM13718', u'6235 E 13TH ST', u'TULSA', u'OK', u'74112-', u'(918) 592-4224', u'', 'Certified LBP Firms', 'Certification Number', '1']
2015/03/27 14:45:04 - led_c_OKsdh - INFO - [u'URS CORPORATION BATON ROUGE', u'OKFIRM13770', u'7389 FLORIDA BLVD STE 300', u'BATON ROUGE', u'LA', u'70806-', u'(225) 922-5700', u'', 'Certified LBP Firms', 'Certification Number', '1']
2015/03/27 14:45:04 - led_c_OKsdh - INFO - complete
