2015/04/01 16:08:39 - wel_c_NDswc - INFO -  -  -  -  -  -  -  -  -  -  -  -  -  -  -  -  -  -  -  -  -  -  -  -  -  -  -  -  -  -  - 
2015/04/01 16:08:40 - wel_c_NDswc - CRITICAL - 'str' object has no attribute 'url'
2015/04/01 16:10:18 - wel_c_NDswc - INFO -  -  -  -  -  -  -  -  -  -  -  -  -  -  -  -  -  -  -  -  -  -  -  -  -  -  -  -  -  -  - 
2015/04/01 16:10:19 - wel_c_NDswc - INFO - [u'Water Smith  Inc.', u'Water Well Contractor', u'Allan S. Woods', u'Certificate No.: 145', u'1740 East Main Ave. Ste. #6 West Fargo|ND|58078', u'(701) 282-3856', u'al@watersmith.org', u'']
2015/04/01 16:10:19 - wel_c_NDswc - INFO - [u'Water Supply  Inc.', u'Water Well Contractor', u'Roger Schmid', u'Certificate No.: 33', u'2501 Twin City Drive Mandan|ND|58554', u'(701) 663-0877', u'rschmid1920@gmail.com', u'']
2015/04/01 16:10:19 - wel_c_NDswc - INFO - [u'Water Well Solutions Service Group', u'Water Well Contractor', u'Timothy Kelly', u'Certificate No.: 172', u'N87 W36051 Mapleton Street Oconomowoc|WI|53066', u'(920) 474-4777', u'tkelly@wwssg.com', u'']
2015/04/01 16:10:19 - wel_c_NDswc - INFO - [u'West Central Enviro. Consultants', u'Monitoring Well Contractor', u'Jacob Holthaus', u'Certificate No.: 432', u'14 Green River Road Morris|MN|56267', u'(763) 315-4818', u'jakeh@wcec.com', u'']
2015/04/01 16:10:19 - wel_c_NDswc - INFO - [u'Western Drilling  Inc.', u'Water Well Contractor', u'Jeff Steinke', u'Certificate No.: 116', u'4400 Denali Place Bismarck|ND|58503', u'(701) 570-2525', u'westerndrilling2@gmail.com', u'']
2015/04/01 16:10:19 - wel_c_NDswc - INFO - [u'Wetch & Sons Drilling', u'Water Well Contractor', u'Greg Wetch', u'Certificate No.: 103', u'PO Box 472 Mandan|ND|58554', u'(701) 663-1044', u'Not Available', u'']
2015/04/01 16:10:19 - wel_c_NDswc - INFO - [u'Wieber Well Drilling', u'Water Well Contractor', u'Jerry Wieber', u'Certificate No.: 190', u'Box 157 Lidgerwood|ND|58053', u'(701) 538-4161', u'jerrywieber@yahoo.com', u'']
2015/04/01 16:10:19 - wel_c_NDswc - INFO - [u'Wm. R. Gerhardt Excavating', u'Pump and Pitless Unit Contractor', u'William R. Gerhardt', u'Certificate No.: 517', u'3350 County Road 135 Flasher|ND|58535', u'(701) 597-3864', u'Not Available', u'']
2015/04/01 16:10:19 - wel_c_NDswc - INFO - [u'X Drilling', u'Water Well Contractor', u'Brooks Kieson', u'Certificate No.: 194', u'PO Box 2120 Watford City|ND|58854', u'(701) 421-9863', u'linda.kieson@gmail.com', u'']
2015/04/01 16:10:19 - wel_c_NDswc - INFO - [u'Solid Water Well Drilling  LLC', u'Water Well Contractor', u'Park Rice', u'Certificate No.: 207', u'756 10th Avenue SE Sidney|MT|59270', u'(406) 478-4177', u'solidwwd@gmail.com', u'']
2015/04/01 16:10:19 - wel_c_NDswc - INFO - [u'Steffl Drilling & Pump Inc.', u'Water Well Contractor', u'Michael Steffl', u'Certificate No.: 41', u'2295 66th Ave NE Willmar|MN|56201', u'(320) 235-8484', u'steffl@waterwelldrilling.com', u'']
2015/04/01 16:10:19 - wel_c_NDswc - INFO - [u'Steven M. Traut Wells  Inc.', u'Water Well Contractor', u'Steven M. Traut', u'Certificate No.: 85', u'754 Cross Country Lane SW Alexandria|MN|56308', u'(320) 762-1528', u'stevenmtrautwellsinc.@yahoo.com', u'']
2015/04/01 16:10:19 - wel_c_NDswc - INFO - [u"Stretch's Well Service  Inc.", u'Water Well Contractor', u'Tom Rathjen', u'Certificate No.: 166', u'PO Box 36 Hitchcock|SD|57348', u'(605) 266-2128', u'stretchswell@yahoo.com', u'']
2015/04/01 16:10:19 - wel_c_NDswc - INFO - [u'STS Enterprises LLC', u'Monitoring Well Contractor', u'Glen Davis', u'Certificate No.: 401', u'18580 102nd Street Young America|MN|55397', u'(612) 750-6650', u'stsenterprisesllc@gmail.com', u'']
2015/04/01 16:10:19 - wel_c_NDswc - INFO - [u'Stumvoll Drilling  LLC', u'Water Well Contractor', u'David Stumvoll', u'Certificate No.: 52', u'2919 17th ST NW Coleharbor|ND|58531', u'(701) 337-5640', u'Not Available', u'']
2015/04/01 16:10:19 - wel_c_NDswc - INFO - [u'Superior Environmental Corporation', u'Monitoring Well Contractor', u'David Hill', u'Certificate No.: 450', u'1128 Franklin Street Marne|MI|49435', u'(616) 667-4000', u'd.hill@superiorenvironmental.com', u'']
2015/04/01 16:10:19 - wel_c_NDswc - INFO - [u'Terracon', u'Monitoring Well Contractor', u'Michael Roberts', u'Certificate No.: 444', u'P. O. Box 2084 Bismarck|ND|58502', u'(701) 258-2833', u'maroberts@terracon.com', u'']
2015/04/01 16:10:19 - wel_c_NDswc - INFO - [u'Terracon', u'Monitoring Well Contractor', u'Steven S. Smith', u'Certificate No.: 430', u'P. O. Box 2084 Bismarck|ND|58502', u'(701) 258-2833', u'sssmith@terracon.com', u'']
2015/04/01 16:10:19 - wel_c_NDswc - INFO - [u'Terracon', u'Monitoring Well Contractor', u'Dean Wysuph', u'Certificate No.: 445', u'4102 7th Ave N Fargo|ND|58102', u'(701) 793-6406', u'dwwysuph@terracon.com', u'']
2015/04/01 16:10:19 - wel_c_NDswc - INFO - [u'Terracon', u'Monitoring Well Contractor', u'Jacqueline Doroff', u'Certificate No.: 411', u'4102 7th Ave. North Fargo|ND|58102', u'(701) 282-9633', u'Not Available', u'']
2015/04/01 16:10:19 - wel_c_NDswc - INFO - [u'Terracon', u'Monitoring Well Contractor', u'Joseph D. Vistad', u'Certificate No.: 413', u'4102 7th Ave. North Fargo|ND|58102', u'(701) 282-9633', u'Not Available', u'']
2015/04/01 16:10:19 - wel_c_NDswc - INFO - [u'Terracon Consultants', u'Monitoring Well Contractor', u'Brian Schrage', u'Certificate No.: 451', u'2110 Overland Avenue Suite 124 Billings|MT|59102', u'(406) 371-9860', u'bjschrage@terracon.com', u'']
2015/04/01 16:10:19 - wel_c_NDswc - INFO - [u'Thein Well Company  Inc.', u'Water Well Contractor', u'Robert P. Thein', u'Certificate No.: 72', u'PO Box 778 Spicer|MN|56288', u'(320) 796-2111', u'bob@theinwell.com', u'']
2015/04/01 16:10:19 - wel_c_NDswc - INFO - [u'Thein Well Company  Inc.', u'Water Well Contractor', u'Brian  Hilbrands', u'Certificate No.: 69', u'PO Box 778 Spicer|MN|56288', u'(320) 796-2111', u'theinwell@tds.net', u'']
2015/04/01 16:10:19 - wel_c_NDswc - INFO - [u'Thein Well Company  Inc.', u'Water Well Contractor', u'Alvin Wieber', u'Certificate No.: 98', u'PO Box 778 Spicer|MN|56288', u'(320) 796-2111', u'theinwell@tds.net', u'']
2015/04/01 16:10:19 - wel_c_NDswc - INFO - [u'Thein Well Company  Inc.', u'Water Well Contractor', u'Nathan Herrboldt', u'Certificate No.: 60', u'PO Box 778 Spicer|MN|56288', u'(320) 796-2111', u'theinwell@tds.net', u'']
2015/04/01 16:10:19 - wel_c_NDswc - INFO - [u'Thein Well Company  Inc.', u'Monitoring Well Contractor', u'Michael A. Thein', u'Certificate No.: 408', u'PO Box 778 Spicer|MN|56288', u'(320) 796-2111', u'mike@theinwell.com', u'']
2015/04/01 16:10:19 - wel_c_NDswc - INFO - [u'Thermal Drill Inc.', u'Water Well Contractor', u'Terry Williams', u'Certificate No.: 189', u'12758 County Rd 350 Sidney|MT|59270', u'(406) 798-3363', u'terryw@midrivers.com', u'']
2015/04/01 16:10:19 - wel_c_NDswc - INFO - [u'Thiele Geotech  Inc.', u'Monitoring Well Contractor', u'Dennis Anderson', u'Certificate No.: 441', u'13478 Chandler Road Omaha|NE|68138', u'(402) 556-2171', u'danderson@thielegeotech.com', u'']
2015/04/01 16:10:19 - wel_c_NDswc - INFO - [u'Thompson Drilling', u'Water Well Contractor', u'Ryan Thompson', u'Certificate No.: 205', u'2381 137th Avenue NW Arnegard|ND|58835', u'(701) 770-4602', u'thompsondriller@hotmail.com', u'']
2015/04/01 16:10:19 - wel_c_NDswc - INFO - [u'Tietz Hardware', u'Pump and Pitless Unit Contractor', u'Bruce Tietz', u'Certificate No.: 567', u'39 Main Avenue New Leipzig|ND|58562', u'(701) 584-2107', u'brucetietz@gmail.com', u'']
2015/04/01 16:10:19 - wel_c_NDswc - INFO - [u'Town & Country Drilling Services', u'Water Well Contractor', u'Curtis J. Houle', u'Certificate No.: 35', u'2905 Hwy 25 Mandan|ND|58554', u'(701) 663-0548', u'curtishoule@wildblue.net', u'']
2015/04/01 16:10:19 - wel_c_NDswc - INFO - [u'Traut Wells', u'Pump and Pitless Unit Contractor', u'Kenton Forester', u'Certificate No.: 512', u'P. O. Box 1420 Jamestown|ND|58402-1420', u'(701) 252-0118', u'trautwell@daktel.com', u'']
2015/04/01 16:10:19 - wel_c_NDswc - INFO - [u'Tri County Excavating  LLC', u'Pump and Pitless Unit Contractor', u'Mike Dauwen', u'Certificate No.: 504', u'19592 US Hwy 12 Lemmon|SD|57638', u'(605) 374-7827', u'mdauwen@yahoo.com', u'']
2015/04/01 16:10:19 - wel_c_NDswc - INFO - [u'TriMedia Env & Eng Services LLC', u'Monitoring Well Contractor', u'Ryan Whaley', u'Certificate No.: 439', u'1002 Harbor Hills Drive Marquette|MI|49855', u'(906) 228-5125', u'rwhaley@trimediaee.com', u'']
2015/04/01 16:10:19 - wel_c_NDswc - INFO - [u'TriMedia Env & Eng Services LLC', u'Monitoring Well Contractor', u'Nicholas Kosinski', u'Certificate No.: 438', u'1002 Harbor Hills Drive Marquette|MI|49855', u'(906) 228-5125', u'nkosinski@trimediaee.com', u'']
2015/04/01 16:10:19 - wel_c_NDswc - INFO - [u'Tuff Country Drilling', u'Water Well Contractor', u'Jake Mulberry', u'Certificate No.: 138', u'PO Box 341 Kimberly|ID|83341', u'(208) 731-9515', u'jake@tuffcountrydrilling.com', u'']
2015/04/01 16:10:19 - wel_c_NDswc - INFO - [u'Twin Ports Testing  Inc.', u'Monitoring Well Contractor', u'Mike Haapala', u'Certificate No.: 433', u'1301 North Third Street Superior|WI|54880', u'(715) 392-7114', u'mike.haapala@twinportstesting.com', u'']
2015/04/01 16:10:19 - wel_c_NDswc - INFO - [u'Water Smith  Inc.', u'Water Well Contractor', u'Stuart Swandal', u'Certificate No.: 109', u'1740 East Main Ave. #6 West Fargo|ND|58078', u'(701) 282-3856', u'stu@watersmith.org', u'']
2015/04/01 16:10:19 - wel_c_NDswc - INFO - [u'Opp Well Drilling & Supplies  Inc.', u'Water Well Contractor', u'Terry Wagner', u'Certificate No.: 196', u'6432 Hwy 49 East Glen Ullin|ND|58631', u'(701) 348-3891', u'Not Available', u'']
2015/04/01 16:10:19 - wel_c_NDswc - INFO - [u'Opp Well Drilling & Supplies  Inc.', u'Water Well Contractor', u'Robert L. Opp', u'Certificate No.: 75', u'6432 Hwy 49 East Glen Ullin|ND|58631', u'(701) 348-3891', u'oppinc@wr.com', u'']
2015/04/01 16:10:19 - wel_c_NDswc - INFO - [u'Pacific Coast Well Drilling  Inc.', u'Water Well Contractor', u'Tyson Davis', u'Certificate No.: 181', u'PO Box 184 Atascadero|CA|93422', u'(805) 434-5543', u'tysonrdavis@gmail.com', u'']
2015/04/01 16:10:19 - wel_c_NDswc - INFO - [u'Peterson Well Co.', u'Water Well Contractor', u'Gary A. Peterson', u'Certificate No.: 20', u'9085 Hwy 1 Langdon|ND|58249', u'(701) 256-5630', u'Not Available', u'']
2015/04/01 16:10:19 - wel_c_NDswc - INFO - [u'Precision Exc. and Drilling  Inc.', u'Water Well Contractor', u'Jeff Ransom', u'Certificate No.: 184', u'16480 Goodson Road Caldwell|ID|83607', u'(___) 000-0000', u'precisionpumpandwell@yahoo.com', u'']
2015/04/01 16:10:19 - wel_c_NDswc - INFO - [u'Pullman Well Drilling  Inc.', u'Water Well Contractor', u'Paul Hofer', u'Certificate No.: 114', u'PO Box 219 Wolsey|SD|57384', u'(605) 883-4532', u'jeraine@santel.net', u'']
2015/04/01 16:10:19 - wel_c_NDswc - INFO - [u'Pump Systems  LLC', u'Pump and Pitless Unit Contractor', u'Lee Steier', u'Certificate No.: 570', u'PO Box 1940 Dickinson|ND|58602', u'(701) 225-4494', u'lee@pumpsystems.com', u'']
2015/04/01 16:10:19 - wel_c_NDswc - INFO - [u'Pump Systems  LLC', u'Pump and Pitless Unit Contractor', u'Keith Gartner', u'Certificate No.: 557', u'P. O. Box 1940 Dickinson|ND|58602', u'(701) 225-4494', u'keith@pumpsystems.com', u'']
2015/04/01 16:10:19 - wel_c_NDswc - INFO - [u'Quality Excavations  Inc.', u'Water Well Contractor', u'Jason Bachmeier', u'Certificate No.: 56', u'4251 77th Street Raleigh|ND|58564', u'(701) 597-3636', u'qualityx@westriv.com', u'']
2015/04/01 16:10:19 - wel_c_NDswc - INFO - [u'Quick Silver Well Service & Drillin', u'Water Well Contractor', u'Aaron Berg', u'Certificate No.: 21', u'9153 379th St. NE Driscoll|ND|58532', u'(701) 387-4314', u'qs@bektel.com', u'']
2015/04/01 16:10:19 - wel_c_NDswc - INFO - [u'R&P Insulation and Drilling', u'Geothermal Contractor', u'Rick Hovde', u'Certificate No.: 709', u'1201 46th Ave NE Minot|ND|58703', u'(701) 721-4566', u'hovde@minot.com', u'']
2015/04/01 16:10:19 - wel_c_NDswc - INFO - [u'Range Environmental Drilling', u'Monitoring Well Contractor', u'Todd J. Knuckey', u'Certificate No.: 404', u'2114 2nd Ave E Hibbing|MN|55746', u'(218) 262-0728', u'todd@rangeenvdrilling.com', u'']
2015/04/01 16:10:19 - wel_c_NDswc - INFO - [u'Reed Water Well Drilling', u'Water Well Contractor', u'Jeffrey Reed', u'Certificate No.: 151', u'6630 Island View Dr. NE Bemidji|MN|56601', u'(218) 586-2777', u'jreed@paulbunyan.net', u'']
2015/04/01 16:10:19 - wel_c_NDswc - INFO - [u'Reed Well Service LLC', u'Water Well Contractor', u'Paul E. Reed', u'Certificate No.: 96', u'151 1st Ave. SE Moffit|ND|58560', u'(701) 387-4741', u'reed-well1@hotmail.com', u'']
2015/04/01 16:10:19 - wel_c_NDswc - INFO - [u'Reinart Bros. Well Drilling', u'Water Well Contractor', u'Joseph A.  Reinart', u'Certificate No.: 134', u'602 Hwy 75 S. Wheaton|MN|56296', u'(320) 563-8386', u'Not Available', u'']
2015/04/01 16:10:19 - wel_c_NDswc - INFO - [u'Rodin Drilling  Inc.', u'Water Well Contractor', u'DuWayne Rodin', u'Certificate No.: 112', u'PO Box 173 Kenmare|ND|58746', u'(701) 848-2523', u'rodindrilling@hotmail.com', u'']
2015/04/01 16:10:19 - wel_c_NDswc - INFO - [u'Ron Askin Drilling', u'Water Well Contractor', u'Doug Askin', u'Certificate No.: 148', u'60 Green Acres Dr Miles City|MT|59301', u'(406) 234-1949', u'RAD@Midrivers.com', u'']
2015/04/01 16:10:19 - wel_c_NDswc - INFO - [u'S & S Drilling  Inc.', u'Water Well Contractor', u'Kevin Sorenson', u'Certificate No.: 142', u'5030 133rd Ave. NW Williston|ND|58801', u'(701) 572-8730', u'ksorenso@nemont.net', u'']
2015/04/01 16:10:19 - wel_c_NDswc - INFO - [u'Salsbury Well Drilling  Inc.', u'Water Well Contractor', u'Marlo Salsbury', u'Certificate No.: 129', u'13440 CR 341 Fairview|MT|59221', u'(406) 798-3600', u'piker@midrivers.com', u'']
2015/04/01 16:10:19 - wel_c_NDswc - INFO - [u"Sam's Well Drilling  Inc.", u'Water Well Contractor', u'David Beecroft', u'Certificate No.: 156', u'PO Box 150 Randolph|WI|53956', u'(920) 326-5193', u'david.bigdogdrillingteam@hotmail.com', u'']
2015/04/01 16:10:19 - wel_c_NDswc - INFO - [u'Sampson Well Company', u'Water Well Contractor', u'Bruce Sampson', u'Certificate No.: 157', u'6901 167th Ave Forest Lake|MN|55025', u'(651) 464-6088', u'dsampson1@live.com', u'']
2015/04/01 16:10:19 - wel_c_NDswc - INFO - [u'Scenic Construction', u'Pump and Pitless Unit Contractor', u'Allen Schmidt', u'Certificate No.: 558', u'Box 285 New England|ND|58647', u'(701) 579-4102', u'Not Available', u'']
2015/04/01 16:10:19 - wel_c_NDswc - INFO - [u"Schaff & Son's Repair  Inc.", u'Water Well Contractor', u'William Schaff', u'Certificate No.: 14', u'PO Box 339 Mandan|ND|58554', u'(701) 663-5935', u'schaffandsons.repair@gmail.com', u'']
2015/04/01 16:10:19 - wel_c_NDswc - INFO - [u'Schimelfenig Well Drilling  Inc.', u'Water Well Contractor', u'Ron Schimelfenig', u'Certificate No.: 155', u'4378 7th Street NE Bowdon|ND|58418', u'(701) 984-2521', u'jhopkins@daktel.com', u'']
2015/04/01 16:10:19 - wel_c_NDswc - INFO - [u'Schulz Plbg.  Htg. & AC  Inc.', u'Pump and Pitless Unit Contractor', u'Floyd  Schulz', u'Certificate No.: 565', u'20 11th Ave. N Carrington|ND|58421', u'(701) 652-2076', u'schplg@daktel.com', u'']
2015/04/01 16:10:19 - wel_c_NDswc - INFO - [u'Schulz Plumbing  Heating & A/C Inc.', u'Water Well Contractor', u'Robert Miller  Jr.', u'Certificate No.: 158', u'20 11th Ave N Carrington|ND|58421', u'(701) 652-2076', u'schplg@daktel.com', u'']
2015/04/01 16:10:19 - wel_c_NDswc - INFO - [u'Scott A. Schmidt', u'Water Well Contractor', u'Scott Schmidt', u'Certificate No.: 168', u'32 12th Street East New England|ND|58647', u'(701) 579-3573', u'sschmidt@dpsnd.org', u'']
2015/04/01 16:10:19 - wel_c_NDswc - INFO - [u'Sharp Drilling  Inc.', u'Water Well Contractor', u'John Sharp', u'Certificate No.: 101', u'601 8th Ave. SE Sidney|MT|59270', u'(406) 482-5620', u'sharpdrl@midrivers.com', u'']
2015/04/01 16:10:19 - wel_c_NDswc - INFO - [u'Sizer/Reed Water Well Drilling', u'Water Well Contractor', u'Greg Reed', u'Certificate No.: 163', u'460 Island View Drive NW Bemidji|MN|56601', u'(218) 586-2913', u'lorireed@paulbunyan.net', u'']
2015/04/01 16:10:19 - wel_c_NDswc - INFO - [u"Smiley's Drilling", u'Water Well Contractor', u'Justin Lauf', u'Certificate No.: 40', u'820 4th Avenue E Dickinson|ND|58601', u'(701) 225-7113', u'smileysdrilling@hotmail.com', u'']
2015/04/01 16:10:19 - wel_c_NDswc - INFO - [u'Manikowski Well Drilling  Inc.', u'Water Well Contractor', u'Byron G. Manikowski', u'Certificate No.: 50', u'10020 County Rd 19 Lidgerwood|ND|58053-9751', u'(701) 538-4504', u'driller@rrt.net', u'']
2015/04/01 16:10:19 - wel_c_NDswc - INFO - [u'Manikowski Well Drilling  Inc.', u'Water Well Contractor', u'Nick Manikowski', u'Certificate No.: 51', u'10020 County Road 19 Lidgerwood|ND|58053', u'(701) 680-1832', u'nmanikowski@gmail.com', u'']
2015/04/01 16:10:19 - wel_c_NDswc - INFO - [u"Mariner's Well Drilling LLC", u'Water Well Contractor', u'Jesse Mariner', u'Certificate No.: 48', u'8049 County Road 16 Kenmare|ND|58746', u'(701) 848-2719', u'jess097@hotmail.com', u'']
2015/04/01 16:10:19 - wel_c_NDswc - INFO - [u"Mariner's Well Drilling LLC", u'Water Well Contractor', u'Maverick Mariner', u'Certificate No.: 47', u'7223 89th St. NW Kenmare|ND|58746', u'(701) 848-2787', u'mavmariner@live.com', u'']
2015/04/01 16:10:19 - wel_c_NDswc - INFO - [u'Mark J. Traut Wells  Inc.', u'Water Well Contractor', u'Mark J. Traut', u'Certificate No.: 195', u'141 28th Avenue S Waite Park|MN|56387', u'(320) 251-5090', u'mjtraut@trautwells.com', u'']
2015/04/01 16:10:19 - wel_c_NDswc - INFO - [u'Material Testing Services  Inc.', u'Monitoring Well Contractor', u'Steven Wald', u'Certificate No.: 406', u'PO Box 634 Minot|ND|58702', u'(701) 852-5553', u'swald@srt.com', u'']
2015/04/01 16:10:19 - wel_c_NDswc - INFO - [u'Matrix Environmental LLC', u'Monitoring Well Contractor', u'Elliot Richards', u'Certificate No.: 434', u'14 Green River Road Morris|MN|56267', u'(320) 589-4610', u'richardse@wcec.com', u'']
2015/04/01 16:10:19 - wel_c_NDswc - INFO - [u'Matrix Environmental  LLC', u'Monitoring Well Contractor', u'Guy Paquette', u'Certificate No.: 429', u'11253 91st Ave N Maple Grove|MN|55369', u'(763) 424-4803', u'gpaquette@matrixenv.com', u'']
2015/04/01 16:10:19 - wel_c_NDswc - INFO - [u'Midwest Testing', u'Monitoring Well Contractor', u'Jason Thompson', u'Certificate No.: 435', u'1555 N 42nd Street Unit B Grand Forks|ND|58203', u'(701) 772-2832', u'jrthompson@terracon.com', u'']
2015/04/01 16:10:19 - wel_c_NDswc - INFO - [u'Midwest Testing Lab  Inc.', u'Monitoring Well Contractor', u'Joel R. Dilley', u'Certificate No.: 443', u'1555 N 42nd Street Unit B Grand Forks|ND|58203', u'(701) 772-2832', u'jrdilley@terracon.com', u'']
2015/04/01 16:10:19 - wel_c_NDswc - INFO - [u'Midwest Testing Laboratory  Inc.', u'Monitoring Well Contractor', u'David D. Schoenrock', u'Certificate No.: 417', u'1555 N 42nd St Unit B Grand Forks|ND|58203-0809', u'(701) 772-2832', u'ddschoenrock@terracon.com', u'']
2015/04/01 16:10:19 - wel_c_NDswc - INFO - [u'Midwestern Drilling  LLC', u'Monitoring Well Contractor', u'Dusty Schroeder', u'Certificate No.: 431', u'PO Box 124 Morris|MN|56267', u'(320) 287-2819', u'midwesterndrilling@gmail.com', u'']
2015/04/01 16:10:19 - wel_c_NDswc - INFO - [u'Milo Burwick & Sons LLC', u'Water Well Contractor', u'Dale M. Burwick', u'Certificate No.: 91', u'3651 117th Avenue SW Dickinson|ND|58601', u'(701) 225-2674', u'h2opros@ndsupernet.com', u'']
2015/04/01 16:10:19 - wel_c_NDswc - INFO - [u'Minnesota Valley Irrigation  Inc.', u'Pump and Pitless Unit Contractor', u'Robert J. Kempenich', u'Certificate No.: 505', u'P. O. Box 509 Wadena|MN|56482', u'(218) 631-9271', u'Not Available', u'']
2015/04/01 16:10:19 - wel_c_NDswc - INFO - [u'Mobile Envir. Samp. & Analy.  Inc.', u'Monitoring Well Contractor', u'David S. Russell', u'Certificate No.: 410', u'23007 Baseline Blvd. Jordan|MN|55352', u'(952) 297-2063', u'mesa1@frontiernet.net', u'']
2015/04/01 16:10:19 - wel_c_NDswc - INFO - [u'Mohl Drilling  Inc.', u'Water Well Contractor', u'John R. Mohl', u'Certificate No.: 105', u'1710 Arikara Dr. Beulah|ND|58523-6549', u'(701) 873-5182', u'mohldrilling@westriv.com', u'']
2015/04/01 16:10:19 - wel_c_NDswc - INFO - [u'Mohl Drilling  Inc.', u'Water Well Contractor', u'Jason Mohl', u'Certificate No.: 106', u'1710 Arikara Dr. Beulah|ND|58523-6549', u'(701) 873-5182', u'mohldrilling@westriv.com', u'']
2015/04/01 16:10:19 - wel_c_NDswc - INFO - [u'N-G Water Well Service', u'Water Well Contractor', u'Leslie D. Nelson', u'Certificate No.: 125', u'10370 Lake Road Bottineau|ND|58318', u'(701) 263-4350', u'Not Available', u'']
2015/04/01 16:10:19 - wel_c_NDswc - INFO - [u'Native Plains Drilling', u'Water Well Contractor', u'Penny Garnette', u'Certificate No.: 28', u'PO Box 213 Martin|SD|57551', u'(605) 685-2083', u'pennygarnette@yahoo.com', u'']
2015/04/01 16:10:19 - wel_c_NDswc - INFO - [u'ND State Water Commission', u'Water Well Contractor', u'Terry Olson', u'Certificate No.: 185', u'900 E Blvd Ave Bismarck|ND|58505', u'(701) 328-6670', u'tsolson@nd.gov', u'']
2015/04/01 16:10:19 - wel_c_NDswc - INFO - [u'Neyens Well Drilling  Inc.', u'Water Well Contractor', u'James Neyens', u'Certificate No.: 133', u'PO Box 305 Perham|MN|56573', u'(218) 346-9355', u'nici@arvig.net', u'']
2015/04/01 16:10:19 - wel_c_NDswc - INFO - [u'North Dakota Enviro Drilling  Inc.', u'Monitoring Well Contractor', u'Brent Kletke', u'Certificate No.: 424', u'201 Emmerling Ave Walhalla|ND|58282-0620', u'(877) 739-4750', u'envirodrilling@gmail.com', u'']
2015/04/01 16:10:19 - wel_c_NDswc - INFO - [u'North River Exploration', u'Geothermal Contractor', u'Drew Fegley', u'Certificate No.: 711', u'2 Fransis Ave NW Berthold|ND|58718', u'(701) 240-8572', u'nriver1@juno.com', u'']
2015/04/01 16:10:19 - wel_c_NDswc - INFO - [u'North Star Well Drilling', u'Water Well Contractor', u'Mark Prueher', u'Certificate No.: 132', u'18505 State Hwy 371 Brainerd|MN|56401', u'(218) 829-0892', u'mprueher@nsdrilling.com', u'']
2015/04/01 16:10:19 - wel_c_NDswc - INFO - [u'Northern Lights Drilling  LLC', u'Monitoring Well Contractor', u'James R. Cantrall', u'Certificate No.: 436', u'3538 E Galway Circle Post Falls|ID|83854', u'(208) 755-0699', u'jr@northernlightsdrilling.com', u'']
2015/04/01 16:10:19 - wel_c_NDswc - INFO - [u'Northern Plains Drilling & Exc.', u'Water Well Contractor', u'Clark Wetzel', u'Certificate No.: 180', u'2510 Vermont Ave Bismarck|ND|58504', u'(701) 222-2155', u'gardell@northernplains.net', u'']
2015/04/01 16:10:19 - wel_c_NDswc - INFO - [u'Northern Technologies  Inc.', u'Monitoring Well Contractor', u'Daniel Gibson', u'Certificate No.: 419', u'3522 4th Ave S Fargo|ND|58103', u'(701) 232-1822', u'dan@ntigeo.com', u'']
2015/04/01 16:10:19 - wel_c_NDswc - INFO - [u'Northern Technologies  Inc.', u'Geothermal Contractor', u'Nicholas Prochnow', u'Certificate No.: 716', u'202 6th Avenue W West Fargo|ND|58078', u'(___) 000-0000', u'nprochnow@hotmail.com', u'']
2015/04/01 16:10:19 - wel_c_NDswc - INFO - [u'Nova Consulting Group', u'Monitoring Well Contractor', u'Daniel Hunter', u'Certificate No.: 422', u'1107 Hazeltine Blvd. Ste 400 Chaska|MN|55318', u'(952) 448-9393', u'dan.hunter@novaconsulting.com', u'']
2015/04/01 16:10:19 - wel_c_NDswc - INFO - [u'Opp Well Drilling & Supplies  Inc.', u'Water Well Contractor', u'Michael Bittner', u'Certificate No.: 76', u'6432 Hwy 49 East Glen Ullin|ND|58631', u'(701) 348-3891', u'Not Available', u'']
2015/04/01 16:10:20 - wel_c_NDswc - INFO - [u'Iba Drilling Co.  Inc.', u'Water Well Contractor', u'Christopher Iba', u'Certificate No.: 209', u'PO Box 1041 Glendive|MT|59330', u'(406) 687-3344', u'Not Available', u'']
2015/04/01 16:10:20 - wel_c_NDswc - INFO - [u'Iba Drilling Co.  Inc.', u'Water Well Contractor', u'Mike Iba', u'Certificate No.: 177', u'PO Box 1041 Glendive|MT|59330', u'(406) 687-3344', u'iba@midrivers.com', u'']
2015/04/01 16:10:20 - wel_c_NDswc - INFO - [u'IMACX', u'Water Well Contractor', u'Martin Frandsen', u'Certificate No.: 62', u'3010 W 6800 S Rexburg|ID|83440', u'(208) 716-0225', u'martin_frandsen@live.com', u'']
2015/04/01 16:10:20 - wel_c_NDswc - INFO - [u'Interstate Drilling Services LLP', u'Monitoring Well Contractor', u'Michael Zak', u'Certificate No.: 427', u'1575 N 73rd Street Grand Forks|ND|58203', u'(701) 738-8001', u'mikez@interstatedrilling.com', u'']
2015/04/01 16:10:20 - wel_c_NDswc - INFO - [u'K & K Well Drilling', u'Water Well Contractor', u'Terry Kemmet', u'Certificate No.: 81', u'3949 38th Ave. SE Tappen|ND|58487', u'(701) 327-8285', u'ndrainmkr@yahoo.com', u'']
2015/04/01 16:10:20 - wel_c_NDswc - INFO - [u'K J Excavating & Heating', u'Pump and Pitless Unit Contractor', u'Kelly Johnson', u'Certificate No.: 550', u'Box 401 Rolette|ND|58366', u'(701) 201-0247', u'biggoose64@hotmail.com', u'']
2015/04/01 16:10:20 - wel_c_NDswc - INFO - [u'Kamoni Water Wells & Irrigation Dev', u'Water Well Contractor', u'Wayne Kamoni', u'Certificate No.: 202', u'120 Lake Williams Drive Robinson|ND|58478', u'(701) 273-4355', u'waynekamoni@yahoo.com', u'']
2015/04/01 16:10:20 - wel_c_NDswc - INFO - [u"Keith's AC  Refrig. & Htg. Inc.", u'Geothermal Contractor', u'Keith Moldenhauer', u'Certificate No.: 705', u'1160 W Main St. Valley City|ND|58072', u'(701) 845-3786', u'keithsinc@hotmail.com', u'']
2015/04/01 16:10:20 - wel_c_NDswc - INFO - [u'Keitu Engineers & Consultants  Inc.', u'Monitoring Well Contractor', u'Joshua Swann', u'Certificate No.: 446', u'1403 27th Street NW Mandan|ND|58554', u'(701) 667-1800', u'jswann@keitu.com', u'']
2015/04/01 16:10:20 - wel_c_NDswc - INFO - [u'Keitu Engineers & Consultants  Inc.', u'Monitoring Well Contractor', u'Cody Haskins', u'Certificate No.: 452', u'PO Box 98 Mandan|ND|58554', u'(701) 667-1808', u'Not Available', u'']
2015/04/01 16:10:20 - wel_c_NDswc - INFO - [u'Keitu Engineers & Consultants  Inc.', u'Monitoring Well Contractor', u'Heather Patch', u'Certificate No.: 453', u'PO Box 98 Mandan|ND|58554', u'(701) 667-1800', u'hpatch@keitu.com', u'']
2015/04/01 16:10:20 - wel_c_NDswc - INFO - [u'Keitu Engineers & Consultants  Inc.', u'Monitoring Well Contractor', u'Talha Nafie', u'Certificate No.: 456', u'PO Box 98 Mandan|ND|58554', u'(701) 667-1800', u'tnafie@keitu.com', u'']
2015/04/01 16:10:20 - wel_c_NDswc - INFO - [u'Keitu Engineers & Consultants  Inc.', u'Monitoring Well Contractor', u'Jeremiah Trnka', u'Certificate No.: 457', u'PO Box 98 Mandan|ND|58554-0098', u'(701) 667-1800', u'jtrnka@keitu.com', u'']
2015/04/01 16:10:20 - wel_c_NDswc - INFO - [u'Kleiman Pump & Well Drilling  Inc.', u'Water Well Contractor', u'Erik Kleiman', u'Certificate No.: 188', u'PO Box 704 Iron Mountain|MI|49801', u'(906) 774-1955', u'ekleiman@kleimanwelldrilling.com', u'']
2015/04/01 16:10:20 - wel_c_NDswc - INFO - [u'Klimek Bros. Well Drilling  Inc.', u'Water Well Contractor', u'Donald L. Klimek', u'Certificate No.: 32', u'702 1/2 County Road 22 NW Alexandria|MN|56308', u'(320) 762-8669', u'klimekbros@klimekbroswelldrilling.net', u'']
2015/04/01 16:10:20 - wel_c_NDswc - INFO - [u'Knight Well Repair Service LLC', u'Pump and Pitless Unit Contractor', u'Lee Knight', u'Certificate No.: 584', u'101 Baird Butte Rd Wibaux|MT|59353', u'(406) 796-8192', u'1knight@midrivers.com', u'']
2015/04/01 16:10:20 - wel_c_NDswc - INFO - [u'Knutson Well Drilling  Inc.', u'Water Well Contractor', u'Robert D. Knutson', u'Certificate No.: 70', u'PO Box 587 Hettinger|ND|58639', u'(701) 567-4126', u'Not Available', u'']
2015/04/01 16:10:20 - wel_c_NDswc - INFO - [u'L.T.P. Enterprises  Inc.', u'Water Well Contractor', u'Randy J. Pulkrabek', u'Certificate No.: 171', u'P. O. Box 9036 Fargo|ND|58106', u'(701) 232-8928', u'jan@ltpenterprises.net', u'']
2015/04/01 16:10:20 - wel_c_NDswc - INFO - [u'Laine Well Repairs', u'Pump and Pitless Unit Contractor', u'Troy Laine', u'Certificate No.: 515', u'2290 68th Street SE Kintyre|ND|58549', u'(701) 332-6341', u'bandk@bektel.com', u'']
2015/04/01 16:10:20 - wel_c_NDswc - INFO - [u'Lakeview Drilling  Inc.', u'Water Well Contractor', u'Rory Stroklund', u'Certificate No.: 94', u'35101 450th St NW Kenmare|ND|58746', u'(701) 848-2559', u'lakeviewdrilling@gmail.com', u'']
2015/04/01 16:10:20 - wel_c_NDswc - INFO - [u'Lako Drilling  Inc.', u'Water Well Contractor', u'Dale Lako', u'Certificate No.: 174', u'325 County Rd. 34 Arthur|ND|58006', u'(701) 967-8333', u'lako@polarcomm.com', u'']
2015/04/01 16:10:20 - wel_c_NDswc - INFO - [u'Lako Drilling  Inc.', u'Water Well Contractor', u'Alan Lako', u'Certificate No.: 44', u'325 County Rd. 34 Arthur|ND|58006', u'(701) 967-8333', u'lako@polarcomm.com', u'']
2015/04/01 16:10:20 - wel_c_NDswc - INFO - [u'Lako Excavating', u'Water Well Contractor', u'Paul Lako', u'Certificate No.: 175', u'15855 20th St. SE Arthur|ND|58006', u'(701) 967-8370', u'plako@polarcomm.com', u'']
2015/04/01 16:10:20 - wel_c_NDswc - INFO - [u'Larsen Plumbing  Heating & AC Inc.', u'Pump and Pitless Unit Contractor', u'Trampus Larsen', u'Certificate No.: 578', u'360 6th Ave N Carrington|ND|58421', u'(701) 652-1520', u'Not Available', u'']
2015/04/01 16:10:20 - wel_c_NDswc - INFO - [u'Lee Well Drilling  Inc.', u'Water Well Contractor', u'David A. Lee', u'Certificate No.: 191', u'P. O. Box 143 Hoffman|MN|56339', u'(320) 986-2356', u'lwd@runestone.net', u'']
2015/04/01 16:10:20 - wel_c_NDswc - INFO - [u'Lenius Well Drilling', u'Water Well Contractor', u'Walter Lenius', u'Certificate No.: 118', u'701 Orange Ave. Britton|SD|57430', u'(605) 448-5234', u'Not Available', u'']
2015/04/01 16:10:20 - wel_c_NDswc - INFO - [u'Lewis Drilling', u'Water Well Contractor', u'Wally Lewis', u'Certificate No.: 137', u'PO Box 115 Gladstone|ND|58630', u'(701) 227-0841', u'wlbr549@gmail.com', u'']
2015/04/01 16:10:20 - wel_c_NDswc - INFO - [u'Lien Well Service', u'Water Well Contractor', u'Donald Lien', u'Certificate No.: 167', u'9050 County Road 11 Powers Lake|ND|58773', u'(701) 464-2935', u'Not Available', u'']
2015/04/01 16:10:20 - wel_c_NDswc - INFO - [u'M & W Drilling  Inc.', u'Water Well Contractor', u'Wayne R. Doty', u'Certificate No.: 92', u'1351 N 14th St Oakes|ND|58474', u'(701) 742-2429', u'Not Available', u'']
2015/04/01 16:10:20 - wel_c_NDswc - INFO - [u'Magrum Excavating & Plumbing Co.', u'Pump and Pitless Unit Contractor', u'Jeff Magrum', u'Certificate No.: 544', u'PO Box 467 Hazelton|ND|58544', u'(701) 782-4111', u'djmags@bektel.com', u'']
2015/04/01 16:10:20 - wel_c_NDswc - INFO - [u'Eldorado Drilling & Exploration', u'Water Well Contractor', u'Lorne Ransom', u'Certificate No.: 173', u'Box 233 Bottineau|ND|58318', u'(204) 534-2529', u'lorne.ransom@yahoo.com', u'']
2015/04/01 16:10:20 - wel_c_NDswc - INFO - [u'EPC Engineering & Testing', u'Monitoring Well Contractor', u'Brian McVean', u'Certificate No.: 442', u'539 Garfield Ave Duluth|MN|55802', u'(218) 727-1239', u'bmcvean@epcduluth.com', u'']
2015/04/01 16:10:20 - wel_c_NDswc - INFO - [u'Erck Well Drilling  Inc.', u'Water Well Contractor', u'Keith Erck', u'Certificate No.: 147', u'PO Box 307 Minot|ND|58702', u'(701) 838-4472', u'Not Available', u'']
2015/04/01 16:10:20 - wel_c_NDswc - INFO - [u'Erickson Brothers Trucking & Drill.', u'Water Well Contractor', u'Danny Erickson', u'Certificate No.: 90', u'12279 CR 348 Sidney|MT|59270', u'(406) 488-1938', u'danny.erickson@oneok.com', u'']
2015/04/01 16:10:20 - wel_c_NDswc - INFO - [u'Falk Drilling  Inc.', u'Water Well Contractor', u'Nathan Falk', u'Certificate No.: 126', u'PO Box 69 Hankinson|ND|58041', u'(701) 242-7537', u'fdrilling@rrt.net', u'']
2015/04/01 16:10:20 - wel_c_NDswc - INFO - [u'Falk Drilling  Inc.', u'Water Well Contractor', u'James M. Falk', u'Certificate No.: 79', u'PO Box 69 Hankinson|ND|58041', u'(701) 242-7537', u'fdrilling@rrt.net', u'']
2015/04/01 16:10:20 - wel_c_NDswc - INFO - [u'Falk Groundsource Technologies  Inc', u'Water Well Contractor', u'Charles P. Falk', u'Certificate No.: 78', u'PO Box 277 Hankinson|ND|58041', u'(701) 242-7242', u'contact@falkgroundsource.com', u'']
2015/04/01 16:10:20 - wel_c_NDswc - INFO - [u'FD Walsh  Inc.', u'Geothermal Contractor', u'Brooks Walsh', u'Certificate No.: 713', u'9976 County Rd 49 Bottineau|ND|58318', u'(701) 228-3525', u'fdwalsh52@yahoo.com', u'']
2015/04/01 16:10:20 - wel_c_NDswc - INFO - [u"FD Walsh's  Inc.", u'Water Well Contractor', u'Francis Walsh', u'Certificate No.: 182', u'9976 County Rd 49 Bottineau|ND|58318', u'(701) 228-3525', u'fdwalsh52@yahoo.com', u'']
2015/04/01 16:10:20 - wel_c_NDswc - INFO - [u'Feickert Drilling Co.', u'Water Well Contractor', u'Terry A. Feickert', u'Certificate No.: 59', u'315 Dakota Ave Goodrich|ND|58444', u'(701) 884-2426', u'Not Available', u'']
2015/04/01 16:10:20 - wel_c_NDswc - INFO - [u'General Irrigation  Inc.', u'Pump and Pitless Unit Contractor', u'Dana Rosendahl', u'Certificate No.: 598', u'PO Box 291 Oakes|ND|58474', u'(701) 742-3223', u'dana@generalirrigation.com', u'']
2015/04/01 16:10:20 - wel_c_NDswc - INFO - [u'General Irrigation  Inc.', u'Water Well Contractor', u'Ryan Rosendahl', u'Certificate No.: 45', u'PO Box 291 Oakes|ND|58474', u'(701) 742-3223', u'ryan@generalirrigation.com', u'']
2015/04/01 16:10:20 - wel_c_NDswc - INFO - [u'Geo-Tech of Minnesota  Inc.', u'Water Well Contractor', u'Steve Nash', u'Certificate No.: 11', u'44362 454th Ave. Perham|MN|56573', u'(218) 346-3250', u'geotech@arvig.net', u'']
2015/04/01 16:10:20 - wel_c_NDswc - INFO - [u'George LaHaise and Sons', u'Geothermal Contractor', u'Thomas LaHaise', u'Certificate No.: 702', u'335 Highway 81 Grafton|ND|58237', u'(701) 352-0572', u'lahaise@midconetwork.com', u'']
2015/04/01 16:10:20 - wel_c_NDswc - INFO - [u'Geothermal Hydronic Drilling  Inc.', u'Water Well Contractor', u'Jason Brendel', u'Certificate No.: 146', u'6609 Ringneck Rd Bismarck|ND|58503', u'(701) 471-2604', u'brendel83@hotmail.com', u'']
2015/04/01 16:10:20 - wel_c_NDswc - INFO - [u'Great Plains Drilling', u'Water Well Contractor', u'Jackson Jones', u'Certificate No.: 149', u'PO Box 21 Williston|ND|58802', u'(701) 572-2210', u'greatplainsdrilling@gmail.com', u'']
2015/04/01 16:10:20 - wel_c_NDswc - INFO - [u'Great Plains Drilling', u'Pump and Pitless Unit Contractor', u'Gary Keaster', u'Certificate No.: 543', u'PO Box 21 Williston|ND|58801', u'(701) 572-2210', u'Not Available', u'']
2015/04/01 16:10:20 - wel_c_NDswc - INFO - [u'Gregg\u2019s Drilling & Exc.', u'Water Well Contractor', u'Gregg Griewski', u'Certificate No.: 111', u'506 1st Street East Mobridge|SD|57601', u'(605) 845-3428', u'griewski@westriv.com', u'']
2015/04/01 16:10:20 - wel_c_NDswc - INFO - [u'Gregory Drilling  Inc.', u'Water Well Contractor', u'Lawrence N. Gregory', u'Certificate No.: 144', u'17609 NE 70th St. Redmond|WA|98052', u'(425) 869-2372', u'larry@gregorydrilling.com', u'']
2015/04/01 16:10:20 - wel_c_NDswc - INFO - [u'Gregory Drilling  Inc.', u'Water Well Contractor', u'Chad Gregory', u'Certificate No.: 57', u'17609 NE 70th St. Redmond|WA|98052', u'(425) 869-2372', u'chad@gregorydrilling.com', u'']
2015/04/01 16:10:20 - wel_c_NDswc - INFO - [u'Gregory Drilling  Inc.', u'Water Well Contractor', u'Chris Gregory', u'Certificate No.: 58', u'17609 NE 70th St. Redmond|WA|98052', u'(425) 869-2372', u'chris@gregorydrilling.com', u'']
2015/04/01 16:10:20 - wel_c_NDswc - INFO - [u'Gregory Water & Energy  Inc.', u'Water Well Contractor', u'Leroy D. Gregory', u'Certificate No.: 154', u'3484 114 U Ave SW Dickinson|ND|58601', u'(701) 225-1796', u'Not Available', u'']
2015/04/01 16:10:20 - wel_c_NDswc - INFO - [u'Grosch Irrigation Company  Inc.', u'Water Well Contractor', u'Scott Grosch', u'Certificate No.: 143', u"119 North 4th Street O'Neill|NE|68763", u'(402) 336-1438', u'scott@groschirrigation.com', u'']
2015/04/01 16:10:20 - wel_c_NDswc - INFO - [u'H & H Drilling', u'Water Well Contractor', u'Mike Haggerty', u'Certificate No.: 162', u'109 West River Road Lane Glendive|MT|59330', u'(406) 377-5952', u'hhdrlg@midrivers.com', u'']
2015/04/01 16:10:20 - wel_c_NDswc - INFO - [u'H20 Well Repair', u'Pump and Pitless Unit Contractor', u'Jesse Williams', u'Certificate No.: 511', u'12758 County Rd 350 Sidney|MT|59270', u'(406) 798-3363', u'h20repair@hotmail.com', u'']
2015/04/01 16:10:20 - wel_c_NDswc - INFO - [u'Hansen Env. Drilling  Inc.', u'Monitoring Well Contractor', u'Stephen Hansen', u'Certificate No.: 426', u'7521 MT Hwy. 42 Glasgow|MT|59230', u'(406) 228-4506', u'hansenps@nemont.net', u'']
2015/04/01 16:10:20 - wel_c_NDswc - INFO - [u'Haz Tech Drilling  Inc.', u'Water Well Contractor', u'Paul Bray', u'Certificate No.: 122', u'PO Box 30622 Billings|MT|59107', u'(406) 896-1164', u'haztechmontana@qwestoffice.net', u'']
2015/04/01 16:10:20 - wel_c_NDswc - INFO - [u'Heaton Drilling', u'Water Well Contractor', u'Tracey Heaton', u'Certificate No.: 27', u'3108 10th Ave Spearfish|SD|57783', u'(605) 644-0735', u'taheaton@rushmore.com', u'']
2015/04/01 16:10:20 - wel_c_NDswc - INFO - [u"Heick's Services  LLC", u'Pump and Pitless Unit Contractor', u'Terry Heick', u'Certificate No.: 526', u'PO Box 233 Bowman|ND|58623', u'(701) 523-3460', u'heick@ndsupernet.com', u'']
2015/04/01 16:10:20 - wel_c_NDswc - INFO - [u'Holbeck Water Well Service  Inc.', u'Water Well Contractor', u'Les Johnson', u'Certificate No.: 201', u'8353 Highway 2 Devils Lake|ND|58301-9404', u'(701) 662-3519', u'holbeckwater@gondtc.com', u'']
2015/04/01 16:10:20 - wel_c_NDswc - INFO - [u'Bertram Drilling  Inc.', u'Water Well Contractor', u'C. George Forster', u'Certificate No.: 186', u'510 Klenck Lane Billings|MT|59101', u'(406) 259-2532', u'kbrew@montana.net', u'']
2015/04/01 16:10:20 - wel_c_NDswc - INFO - [u"Blaine's Water Well Service", u'Water Well Contractor', u'Blaine Williams', u'Certificate No.: 178', u'PO Box 501 Wild Rose|ND|58795', u'(541) 610-5190', u'williamsb3@live.com', u'']
2015/04/01 16:10:20 - wel_c_NDswc - INFO - [u"Bob's Drilling & Exc.", u'Water Well Contractor', u'Robert Schumacher', u'Certificate No.: 64', u'PO Box 6 Zeeland|ND|58581-006', u'(701) 423-5622', u'Not Available', u'']
2015/04/01 16:10:20 - wel_c_NDswc - INFO - [u'BPS LLC', u'Pump and Pitless Unit Contractor', u'Ben Mack', u'Certificate No.: 516', u'327 2nd Avenue NW Orrin|ND|58368', u'(701) 776-9000', u'Not Available', u'']
2015/04/01 16:10:20 - wel_c_NDswc - INFO - [u'Brad Williams Drilling', u'Water Well Contractor', u'Brad Williams', u'Certificate No.: 68', u'P.O. Box 383 Terrebonne|OR|97760', u'(541) 977-6844', u'bwdrilling@yahoo.com', u'']
2015/04/01 16:10:20 - wel_c_NDswc - INFO - [u'Braun Intertec', u'Monitoring Well Contractor', u'Kevin M. Miller', u'Certificate No.: 425', u'526 10th Street NE Ste #300 West Fargo|ND|58078', u'(701) 232-8701', u'kmiller@braunintertec.com', u'']
2015/04/01 16:10:20 - wel_c_NDswc - INFO - [u'Braun Intertec Corp.', u'Monitoring Well Contractor', u'Bradly A. Schneider', u'Certificate No.: 402', u'526 10th St NE Ste 300 West Fargo|ND|58078', u'(701) 232-8701', u'bschneider@braunintertec.com', u'']
2015/04/01 16:10:20 - wel_c_NDswc - INFO - [u'Braun Intertec Corp.', u'Monitoring Well Contractor', u'Kyle Haag', u'Certificate No.: 405', u'1341 S 20th St Ste 5 Bismarck|ND|58504', u'(701) 255-7180', u'kjhaag@braunintertec.com', u'']
2015/04/01 16:10:20 - wel_c_NDswc - INFO - [u'Braun Intertec Geothermal  LLC', u'Geothermal Contractor', u'Greg Nash', u'Certificate No.: 710', u'11001 Hampshire Ave S Minneapolis|MN|55438', u'(952) 995-2000', u'gnash@braunintertec.com', u'']
2015/04/01 16:10:20 - wel_c_NDswc - INFO - [u"Bud's Pump Service", u'Water Well Contractor', u'Roger Thompson', u'Certificate No.: 80', u'2381 137th Ave NW Arnegard|ND|58835', u'(701) 586-3442', u'budspump@hotmail.com', u'']
2015/04/01 16:10:20 - wel_c_NDswc - INFO - [u'Bursinger Drilling', u'Water Well Contractor', u'Charles Bursinger', u'Certificate No.: 30', u'PO Box 113 Bisbee|ND|58317-0113', u'(701) 656-3328', u'Not Available', u'']
2015/04/01 16:10:20 - wel_c_NDswc - INFO - [u'Cascade Drilling LP', u'Water Well Contractor', u'Jerry E. Beardmore', u'Certificate No.: 204', u'1010 Greene St. Marietta|OH|45750', u'(740) 373-3970', u'shuck@cascadedrilling.com', u'']
2015/04/01 16:10:20 - wel_c_NDswc - INFO - [u'Cascade Drilling  L.P.', u'Monitoring Well Contractor', u'Mike Czech', u'Certificate No.: 454', u'209 LeMieur Street Little Falls|MN|56345', u'(320) 632-6552', u'mczech@cascadedrilling.com', u'']
2015/04/01 16:10:20 - wel_c_NDswc - INFO - [u'Cascade Drilling  L.P.', u'Water Well Contractor', u'Todd Schmalfeldt', u'Certificate No.: 208', u'209 LeMieur Street Little Falls|MN|56345', u'(320) 632-6552', u'tschmalfeldt@cascadedrilling.com', u'']
2015/04/01 16:10:20 - wel_c_NDswc - INFO - [u'Central Water Well Consulting LLC', u'Water Well Contractor', u'Leo J. Grossman', u'Certificate No.: 165', u'301 Alder Avenue Harvey|ND|58341', u'(701) 324-4172', u'ljg@gondtc.com', u'']
2015/04/01 16:10:20 - wel_c_NDswc - INFO - [u'Circle M Drilling', u'Water Well Contractor', u'Marvy Mariner', u'Certificate No.: 38', u'4800 10th Ave. NW Minot|ND|58703', u'(701) 838-7254', u'Not Available', u'']
2015/04/01 16:10:20 - wel_c_NDswc - INFO - [u'D & D Drilling', u'Water Well Contractor', u'Dean Feldner', u'Certificate No.: 169', u'5150 Hwy 52 Donnybrook|ND|58734', u'(701) 482-7883', u'feldmold@srt.com', u'']
2015/04/01 16:10:20 - wel_c_NDswc - INFO - [u'D&D Water Well Service  Inc.', u'Pump and Pitless Unit Contractor', u'Danny Quitt', u'Certificate No.: 527', u'PO Box 717 Watford City|ND|58854', u'(701) 444-3141', u'dndwaterwellservice@hotmail.com', u'']
2015/04/01 16:10:20 - wel_c_NDswc - INFO - [u'Dakota Technologies  Inc.', u'Monitoring Well Contractor', u'Steve D. Adamek', u'Certificate No.: 412', u'2201-A 12th Street N Fargo|ND|58102', u'(701) 237-4908', u'sadamek@dakotatechnologies.com', u'']
2015/04/01 16:10:20 - wel_c_NDswc - INFO - [u'Dennis Water Well Drilling  Inc.', u'Water Well Contractor', u'James E. Dennis', u'Certificate No.: 61', u'3935 84th Ave NW New Town|ND|58763', u'(701) 627-2390', u'denniswaterwell@yahoo.com', u'']
2015/04/01 16:10:20 - wel_c_NDswc - INFO - [u'Diamond M Drilling  Inc.', u'Water Well Contractor', u'Donnie Maxwell III', u'Certificate No.: 199', u'PO Box 1124 Bozeman|MT|59771', u'(406) 586-8104', u'donnie_maxwell@yahoo.com', u'']
2015/04/01 16:10:20 - wel_c_NDswc - INFO - [u'Diamond M Drilling  Inc.', u'Water Well Contractor', u'Donald "Bill" Maxwell Jr.', u'Certificate No.: 200', u'PO Box 1124 Bozeman|MT|59771', u'(406) 586-8104', u'montanamaxwells@gmail.com', u'']
2015/04/01 16:10:20 - wel_c_NDswc - INFO - [u'Dickinson Pump Sales & Serv.', u'Pump and Pitless Unit Contractor', u'Marvin L. Mann', u'Certificate No.: 545', u'739 8th Ave W Dickinson|ND|58601', u'(701) 483-3750', u'Not Available', u'']
2015/04/01 16:10:20 - wel_c_NDswc - INFO - [u'Dickinson Sanitation', u'Pump and Pitless Unit Contractor', u'Lyle Stockert', u'Certificate No.: 573', u'113 Angie Street Dickinson|ND|58601', u'(701) 225-8600', u'stockertlyle@yahoo.com', u'']
2015/04/01 16:10:20 - wel_c_NDswc - INFO - [u'DLS Contracting', u'Water Well Contractor', u'David  Schwarzrock', u'Certificate No.: 187', u'PO Box 173 Plentywood|MT|59254', u'(406) 765-1060', u'dlsdrilling@gmail.com', u'']
2015/04/01 16:10:20 - wel_c_NDswc - INFO - [u'Douglas Drilling', u'Water Well Contractor', u'Brett Douglas', u'Certificate No.: 73', u'PO Box 263 Roberts|MT|59070', u'(406) 445-2152', u'Not Available', u'']
2015/04/01 16:10:20 - wel_c_NDswc - INFO - [u'Douglas Duran Drilling', u'Water Well Contractor', u'Douglas Duran', u'Certificate No.: 206', u'PO Box 323 Bowbells|ND|58721', u'(541) 460-1745', u'dglsduran@gmail.com', u'']
2015/04/01 16:10:20 - wel_c_NDswc - INFO - [u'Drilling Services  LLC', u'Water Well Contractor', u'Michael Kuchler', u'Certificate No.: 141', u'PO Box 1969 Montrose|CO|81401', u'(970) 275-6589', u'mkuchler@aol.com', u'']
2015/04/01 16:10:20 - wel_c_NDswc - INFO - [u'Earth Energy & Water Systems  Inc.', u'Water Well Contractor', u'Donavon Meuchel', u'Certificate No.: 153', u'3890 Judson St. New Salem|ND|58563', u'(701) 843-8479', u'earthenergywater@westriv.com', u'']
2015/04/01 16:10:20 - wel_c_NDswc - INFO - [u'Earth Systems  Inc.', u'Monitoring Well Contractor', u'Derek Zander', u'Certificate No.: 447', u'400 E Broadway Ave Suite 50 Bismarck|ND|58501', u'(701) 751-4868', u'zandeder@yahoo.com', u'']
2015/04/01 16:10:20 - wel_c_NDswc - INFO - [u'No Company Listed', u'Monitoring Well Contractor', u'Keith A. Johnson', u'Certificate No.: 428', u'2605 34th Ave South Fargo|ND|58104', u'(___) 000-0000', u'Not Available', u'']
2015/04/01 16:10:20 - wel_c_NDswc - INFO - [u'No Company Listed', u'Water Well Contractor', u'Jim Mariner', u'Certificate No.: 13', u'PO Box 24 Des Lacs|ND|58733', u'(701) 340-7661', u'jmariner@minot.com', u'']
2015/04/01 16:10:20 - wel_c_NDswc - INFO - [u'No Company Listed', u'Water Well Contractor', u'Rick Aalund', u'Certificate No.: 119', u'210 2nd Ave. NW Box 554Crosby|ND|58730', u'(701) 570-6644', u'stick115@hotmail.com', u'']
2015/04/01 16:10:20 - wel_c_NDswc - INFO - [u'No Company Listed', u'Water Well Contractor', u'Albert Peter Keller  Jr.', u'Certificate No.: 210', u'17876 110th Street Lemmon|SD|57638', u'(605) 374-4182', u'Not Available', u'']
2015/04/01 16:10:20 - wel_c_NDswc - INFO - [u"ABCDJ's Solar", u'Pump and Pitless Unit Contractor', u'Tommy T. Jespersen', u'Certificate No.: 506', u'PO Box 458 Velva|ND|58790', u'(701) 338-2337', u'Not Available', u'']
2015/04/01 16:10:20 - wel_c_NDswc - INFO - [u'Adair Drilling', u'Water Well Contractor', u'Timothy Adair', u'Certificate No.: 29', u'PO Box 713 Martin|SD|57551', u'(605) 685-2083', u'tadairdrilling@yahoo.com', u'']
2015/04/01 16:10:20 - wel_c_NDswc - INFO - [u'Agri Industries', u'Water Well Contractor', u'Owen Richardson', u'Certificate No.: 131', u'PO Box 1166 Williston|ND|58802-1166', u'(701) 572-0676', u'o.rocker@yahoo.com', u'']
2015/04/01 16:10:20 - wel_c_NDswc - INFO - [u'Agri Industries', u'Water Well Contractor', u'Chad Danielson', u'Certificate No.: 130', u'PO Box 1166 Williston|ND|58802', u'(701) 572-0767', u'cdanielson86@gmail.com', u'']
2015/04/01 16:10:20 - wel_c_NDswc - INFO - [u'Agri Industries', u'Water Well Contractor', u'Lane Boyce', u'Certificate No.: 95', u'1775 S Central Sidney|MT|59270', u'(406) 488-8066', u'lboyce.agri@gmail.com', u'']
2015/04/01 16:10:20 - wel_c_NDswc - INFO - [u'Agri Industries', u'Water Well Contractor', u'Bill Borchert', u'Certificate No.: 192', u'1775 S Central Ave Sidney|MT|59270', u'(406) 488-8066', u'borchert.agri@gmail.com', u'']
2015/04/01 16:10:20 - wel_c_NDswc - INFO - [u'Agri Industries  Inc.', u'Water Well Contractor', u'Mike Ames', u'Certificate No.: 123', u'PO Box 1166 Williston|ND|58802', u'(701) 572-0767', u'mike@h2oagri.com', u'']
2015/04/01 16:10:20 - wel_c_NDswc - INFO - [u'Agri Industries  Inc.', u'Water Well Contractor', u'Darrell R. Pomeroy', u'Certificate No.: 117', u'PO Box 1166 Williston|ND|58802', u'(701) 572-0767', u'Not Available', u'']
2015/04/01 16:10:20 - wel_c_NDswc - INFO - [u'Allwest Drilling  Inc.', u'Water Well Contractor', u'Brad Forman', u'Certificate No.: 135', u'39220 Lakeview Dr. Polson|MT|59860', u'(406) 883-3151', u'allwest@allwestdrilling.com', u'']
2015/04/01 16:10:20 - wel_c_NDswc - INFO - [u'Ambient Geothermal', u'Geothermal Contractor', u'Wes Seed', u'Certificate No.: 719', u'153 W. Stutsman Street Pembina|ND|58271', u'(701) 825-6556', u'wes@ambientgeothermal.com', u'']
2015/04/01 16:10:20 - wel_c_NDswc - INFO - [u'American Engineering Testing  Inc.', u'Monitoring Well Contractor', u'Douglas L. Schueller', u'Certificate No.: 440', u'3700 SD Hwy 34 Pierre|SD|57501', u'(605) 224-9535', u'dschueller@amengtest.com', u'']
2015/04/01 16:10:20 - wel_c_NDswc - INFO - [u'American Engineering Testing  Inc.', u'Monitoring Well Contractor', u'Byron L. Schulz', u'Certificate No.: 418', u'1745 Samco Road Rapid City|SD|57702', u'(605) 388-0029', u'bschulz@amengtest.com', u'']
2015/04/01 16:10:20 - wel_c_NDswc - INFO - [u'American Engineering Testing  Inc.', u'Monitoring Well Contractor', u'Kristen Yates', u'Certificate No.: 415', u'1745 Samco Road Rapid City|SD|57702', u'(605) 388-0029', u'kyates@amengtest.com', u'']
2015/04/01 16:10:20 - wel_c_NDswc - INFO - [u'American Engineering Testing  Inc.', u'Monitoring Well Contractor', u'Brad Bishop', u'Certificate No.: 420', u'1745 Samco Rd Rapid City|SD|57702', u'(605) 388-0029', u'bbishop@amengtest.com', u'']
2015/04/01 16:10:20 - wel_c_NDswc - INFO - [u'American Engineering Testing  Inc.', u'Monitoring Well Contractor', u'Trevor Bemis', u'Certificate No.: 448', u'5051 Owan Industrial Park Drive #2 Williston|ND|58801', u'(701) 690-9308', u'tbemis@amengtest.com', u'']
2015/04/01 16:10:20 - wel_c_NDswc - INFO - [u'American Engineering Testing  Inc.', u'Monitoring Well Contractor', u'Christopher Knox', u'Certificate No.: 449', u'99 26th Street East Dickinson|ND|58601', u'(701) 483-4288', u'cknox@amengtest.com', u'']
2015/04/01 16:10:20 - wel_c_NDswc - INFO - [u'American Enginering Testing  Inc.', u'Monitoring Well Contractor', u'William Tomczyk', u'Certificate No.: 455', u'550 Cleveland Avenue North St. Paul|MN|55114', u'(651) 659-1309', u'btomczyk@amengtest.com', u'']
2015/04/01 16:10:20 - wel_c_NDswc - INFO - [u'Anton Drilling', u'Water Well Contractor', u'Jack A. Anton', u'Certificate No.: 108', u'1268 13th St W Dickinson|ND|58601', u'(701) 225-9352', u'Not Available', u'']
2015/04/01 16:10:20 - wel_c_NDswc - INFO - [u'Aqua Plus Inc/W. J. Canty Inc', u'Water Well Contractor', u'William J. Canty', u'Certificate No.: 193', u'17931 Fillmore St. NW Elk River|MN|55330', u'(612) 240-3900', u'wjc@aquaplus.com', u'']
2015/04/01 16:10:20 - wel_c_NDswc - INFO - [u'Backman Drilling', u'Water Well Contractor', u'Merwin Backman', u'Certificate No.: 8', u'30603 Highway 83 Wilton|ND|58579', u'(701) 734-6667', u'backmandrillingllc@hotmail.com', u'']
2015/04/01 16:10:20 - wel_c_NDswc - INFO - [u'Backman Drilling', u'Water Well Contractor', u'Ryan Backman', u'Certificate No.: 100', u'30603 Hwy 83 Wilton|ND|58579', u'(701) 734-6667', u'ryanbackman@hotmail.com', u'']
2015/04/01 16:10:20 - wel_c_NDswc - INFO - [u'Backman Drilling', u'Water Well Contractor', u'Rex Backman', u'Certificate No.: 9', u'30601 Highway 83 Wilton|ND|58579', u'(701) 734-6667', u'backmandrillingllc@hotmail.com', u'']
2015/04/01 16:10:20 - wel_c_NDswc - INFO - [u'Backman Drilling', u'Water Well Contractor', u'Jade Backman', u'Certificate No.: 161', u'PO Box 205 Steele|ND|58482', u'(701) 955-5407', u'jm668ster@gmail.com', u'']
2015/04/01 16:10:20 - wel_c_NDswc - INFO - [u'BeneTerra Environmental', u'Monitoring Well Contractor', u'Brian Edwards', u'Certificate No.: 458', u'1949 Sugarland Drive Suite 120 Sheridan|WY|82801', u'(307) 673-0607', u'Not Available', u'']
2015/04/01 16:10:20 - wel_c_NDswc - INFO - [u'Benjamin Brase', u'Water Well Contractor', u'Benjamin Brase', u'Certificate No.: 179', u'417 4th Street SE Rugby|ND|58368', u'(701) 202-1712', u'benjaminbrase@hotmail.com', u'']
2015/04/01 16:10:20 - wel_c_NDswc - INFO - [u'Bergerson-Caswell  Inc.', u'Water Well Contractor', u'John W. Henrich', u'Certificate No.: 203', u'5115 Industrial Street Maple Plain|MN|55359', u'(763) 479-3121', u'jack@bergersoncaswell.com', u'']
2015/04/01 16:10:20 - wel_c_NDswc - INFO - complete
