2015/03/31 15:30:46 - asb_c_MAdls - INFO -  -  -  -  -  -  -  -  -  -  -  -  -  -  -  -  -  -  -  -  -  -  -  -  -  -  -  -  -  -  - 
2015/03/31 15:30:57 - asb_c_MAdls - INFO -  -  -  -  -  -  -  -  -  -  -  -  -  -  -  -  -  -  -  -  -  -  -  -  -  -  -  -  -  -  - 
2015/03/31 15:39:03 - asb_c_MAdls - INFO -  -  -  -  -  -  -  -  -  -  -  -  -  -  -  -  -  -  -  -  -  -  -  -  -  -  -  -  -  -  - 
2015/03/31 15:39:25 - asb_c_MAdls - INFO -  -  -  -  -  -  -  -  -  -  -  -  -  -  -  -  -  -  -  -  -  -  -  -  -  -  -  -  -  -  - 
2015/03/31 15:39:45 - asb_c_MAdls - INFO -  -  -  -  -  -  -  -  -  -  -  -  -  -  -  -  -  -  -  -  -  -  -  -  -  -  -  -  -  -  - 
2015/03/31 15:53:10 - asb_c_MAdls - INFO -  -  -  -  -  -  -  -  -  -  -  -  -  -  -  -  -  -  -  -  -  -  -  -  -  -  -  -  -  -  - 
2015/03/31 15:53:10 - asb_c_MAdls - INFO - ['AC000875', '12/3/2015', 'C & C UNLIMITED, INC.', '', '6 SIMMONS LN', '', 'ALBANY, NY    12204', '518-729-5641', '1']
2015/03/31 15:53:10 - asb_c_MAdls - INFO - ['AC000863', '6/13/2015', 'BRIGHTER HORIZONS', 'ENVIRONMENTAL CORPORATION', '201 WEST MAIN STREET', '', 'AYER, MA    01432', '978-970-0500', '2']
2015/03/31 15:53:10 - asb_c_MAdls - INFO - ['AC000809', '6/22/2015', 'FIRST STOP SOLUTIONS, INC.', '', '4114 JEFFERSON PLACE', '', 'BELLINGHAM, MA      02019', '781-640-5001', '3']
2015/03/31 15:53:10 - asb_c_MAdls - INFO - ['AC000877', '12/15/2015', 'CHARTER CONTRACTING COMPANY', 'LLC', '500 HARRISON AVE', 'SUITE 4R', 'BOSTON, MA     02118', '857-246-6800', '4']
2015/03/31 15:53:10 - asb_c_MAdls - INFO - ['AC000759', '9/12/2015', 'ARCADIS U.S., INC.', '', '194 FORBES ROAD', '', 'BRAINTREE, MA      02184', '781-356-7300', '5']
2015/03/31 15:53:10 - asb_c_MAdls - INFO - ['AC000503', '12/9/2015', 'BRISTOL ENVIRONMENTAL, INC.', '', '1123 BEAVER STREET', '', 'BRISTOL, PA   19007', '215-788-6040', '6']
2015/03/31 15:53:10 - asb_c_MAdls - INFO - ['AC000822', '10/24/2015', 'NEWROADS ENVIRONMENTAL', 'SERVICES, LLC', '203 SPARK STREET', '', 'BROCKTON, MA       02302', '508-897-8033', '7']
2015/03/31 15:53:10 - asb_c_MAdls - INFO - ['AC000679', '5/22/2015', 'C.S. ALLISON COMPANY, INC.', '', '515A WASHINGTON STREET', '', 'CANTON, MA      02021', '781-575-9070', '8']
2015/03/31 15:53:10 - asb_c_MAdls - INFO - ['AC000059', '6/30/2015', 'SYSTEMWIDE ENVIRONMENTAL CO.', 'LLC', '8 BEDFORD ROAD', '', 'CARLISLE, MA    01741', '978-505-3933', '9']
2015/03/31 15:53:10 - asb_c_MAdls - INFO - ['AC000464', '6/4/2015', 'AIR SAFE, INC.', '', '22 WILLOW STREET', '', 'CHELSEA, MA     02150', '978-339-5361', '10']
2015/03/31 15:53:10 - asb_c_MAdls - INFO - ['AC000456', '4/14/2015', 'TITAN ROOFING, INC.', '', '70 ORANGE STREET', '', 'CHICOPEE, MA    01013', '413-536-1624', '11']
2015/03/31 15:53:10 - asb_c_MAdls - INFO - ['AC000867', '7/15/2015', 'BASCOM ENVIRONMENTAL CO.', '', '84 SHEPTON STREET', 'STE 2', 'DORCHESTER, MA         02124', '617-282-9500', '12']
2015/03/31 15:53:10 - asb_c_MAdls - INFO - ['AC000627', '10/14/2015', 'BANNER ENVIRONMENTAL SERVICES,', 'INC', '16 BACK RIVER WAY', '', 'DUXBURY, MA     02332', '866-934-2374', '13']
2015/03/31 15:53:10 - asb_c_MAdls - INFO - ['AC000868', '7/18/2015', 'ADEP GROUP, INC.', '', '18 PILLSBURY RD', '', 'EAST HAMPSTEAD, NH      03826', '949-279-2645', '14']
2015/03/31 15:53:10 - asb_c_MAdls - INFO - ['AC000024', '7/22/2015', 'BESTECH INC. OF CONNECTICUT', '', '25 PINNEY STREET', '', 'ELLINGTON, CT    06029', '860-896-1000', '15']
2015/03/31 15:53:10 - asb_c_MAdls - INFO - ['AC000097', '7/31/2015', 'LVI ENVIRONMENTAL SERVICES, INC.', '', '401-S SECOND STREET', '', 'EVERETT, MA    02149', '617-389-8880', '16']
2015/03/31 15:53:10 - asb_c_MAdls - INFO - ['AC000833', '1/22/2016', 'TRITON LEASING & RENTAL, INC.', '', '279B GARDEN STREET', '', 'FEEDING HILLS, MA      01030', '413-455-3965', '17']
2015/03/31 15:53:10 - asb_c_MAdls - INFO - ['AC000874', '11/17/2015', 'UNITED WALLS SYSTEMS, LLC', '', '19 GARLAND STREET', '', 'FITCHBURG, MA    01420', '978-840-6460', '18']
2015/03/31 15:53:10 - asb_c_MAdls - INFO - ['AC000509', '2/5/2016', 'TMC SERVICES, INC.', '', '19 NATIONAL DRIVE', '', 'FRANKLIN, MA    02038', '508-966-6000', '19']
2015/03/31 15:53:10 - asb_c_MAdls - INFO - ['AC000258', '3/23/2015', 'ENVIRONMENTAL RESTORATIONS INC.', '', '10 HAZEL DRIVE', '', 'HAMPSTEAD, NH    03841', '603-329-6101', '20']
2015/03/31 15:53:10 - asb_c_MAdls - INFO - ['AC000856', '11/22/2015', 'GLOBAL COMPASS, INC.', '', '750 MAIN STREET', '', 'HARTFORD, CT     06103', '413-244-9624', '21']
2015/03/31 15:53:10 - asb_c_MAdls - INFO - ['AC000639', '10/26/2015', 'AMERICAN ENVIRONMENTAL INC.', '', '18 CANAL STREET', '', 'HOLYOKE, MA     01040', '413-746-0445', '22']
2015/03/31 15:53:10 - asb_c_MAdls - INFO - ['AC000287', '6/12/2015', 'HAZARDOUS ABATEMENT SERVICES,', 'INC.', '24 PROSPECT AVENUE', '', 'HULL, MA  02045', '781-925-4882', '23']
2015/03/31 15:53:10 - asb_c_MAdls - INFO - ['AC000749', '3/21/2015', 'ENVIROGREEN, LLC', '', '81 CHESTNUT AVE', '', 'JAMAICA PLAIN, MA     02130', '857-891-3842', '24']
2015/03/31 15:53:10 - asb_c_MAdls - INFO - ['AC000837', '3/27/2015', 'J.R. VINAGRO CORPORATION', '', '2208 PLAINFIELD PIKE', '', 'JOHNSTON, RI     02919', '401-943-7100', '25']
2015/03/31 15:53:10 - asb_c_MAdls - INFO - ['AC000670', '5/30/2015', 'CLASSIC ENVIRONMENTAL INC.', '', '112 WADE ROAD', '', 'LATHAM, NY    12110', '518-591-0234', '26']
2015/03/31 15:53:10 - asb_c_MAdls - INFO - ['AC000794', '1/13/2016', 'AMERICAN VETERAN ENVIRONMENTAL', 'CORP.', '599 CANAL STREET', '6 EAST SUITE 16', 'LAWRENCE, MA     01840', '978-683-3737', '27']
2015/03/31 15:53:10 - asb_c_MAdls - INFO - ['AC000808', '7/11/2015', 'ESS CONTRACTING CORP.', '', '525 ESSEX STREET', 'UNIT 355', 'LAWRENCE, MA     01840', '978-794-7810', '28']
2015/03/31 15:53:10 - asb_c_MAdls - INFO - ['AC000733', '8/25/2015', 'INFINITY ABATEMENT SERVICES INC.', '', '91 FARNHAM STREET', '', 'LAWRENCE, MA     01843', '978-994-8734', '29']
2015/03/31 15:53:10 - asb_c_MAdls - INFO - ['AC000830', '5/6/2015', 'R&G SERVICES, INC.', '', '2 INMAN STREET', 'APT #20', 'LAWRENCE, MA     01843', '978-305-9716', '30']
2015/03/31 15:53:10 - asb_c_MAdls - INFO - ['AC000766', '11/7/2015', 'S.E.C. INDUSTRIAL & COMMERCIAL', 'SERVICES, INC.', '18 BROADWAY ST.', 'REAR', 'LAWRENCE, MA     01841', '978-794-4494', '31']
2015/03/31 15:53:10 - asb_c_MAdls - INFO - ['AC000751', '6/11/2015', 'ROCKWELL ROOFING, INC.', '', '44 POND STREET', '', 'LEOMINSTER, MA    01453', '978-537-7825', '32']
2015/03/31 15:53:10 - asb_c_MAdls - INFO - ['AC000472', '5/15/2015', 'ALLSTATE ASBESTOS ABATEMENT', '', '55 HARVARD ST', '', 'LOWELL, MA    01851', '978-423-4723', '33']
2015/03/31 15:53:10 - asb_c_MAdls - INFO - ['AC000568', '10/3/2015', 'MILL CITY ENVIRONMENTAL', 'CORPORATION', '116 JOHN STREET', '', 'LOWELL, MA    01852', '978-654-6741', '34']
2015/03/31 15:53:10 - asb_c_MAdls - INFO - ['AC000652', '11/27/2015', 'SRS CONTRACTORS, INC.', '', '153 WINTHROP AVENUE', '', 'LOWELL, MA    01851', '978-455-0249', '35']
2015/03/31 15:53:10 - asb_c_MAdls - INFO - ['AC000725', '6/28/2015', 'BALTAZAR CONTRACTORS ,INC', '', "83 CARMELINA'S CIRCLE", '', 'LUDLOW, MA    01056', '413-583-6160', '36']
2015/03/31 15:53:10 - asb_c_MAdls - INFO - ['AC000869', '8/7/2015', 'A ABATEMENT SERVICE GROUP', '', '6 WILLIAM PLACE', '', 'LYNN, MA  01902', '857-265-4462', '37']
2015/03/31 15:53:10 - asb_c_MAdls - INFO - ['AC000774', '7/10/2015', 'IMPRESAIR ENVIRONMENTAL', 'CORPORATION', '439 FERRY STREET', '', 'MALDEN, MA    02148', '617-682-5439', '38']
2015/03/31 15:53:10 - asb_c_MAdls - INFO - ['AC000744', '6/3/2015', 'PATRIOT RESTORATION, LLC', '', '204 CEDAR HILL ROAD', '', 'MARLBOROUGH, MA      01752', '508-624-4487', '39']
2015/03/31 15:53:10 - asb_c_MAdls - INFO - ['AC000852', '8/29/2015', 'ADVANCE DEMOLITION LLC', '', '14 MEDFORD AVE', '', 'METHUEN, MA    01844', '978-994-5086', '40']
2015/03/31 15:53:10 - asb_c_MAdls - INFO - ['AC000669', '7/31/2015', 'PREMIER ABATEMENT & LABOR', 'SERVICES', '10 FALCON STREET', '', 'METHUEN, MA    01844', '978-208-7163', '41']
2015/03/31 15:53:10 - asb_c_MAdls - INFO - ['AC000673', '3/20/2015', 'UNIVERSAL ABATEMENT SERVICES,', 'INC.', '57 CHASE STREET', 'UNIT 3A-2', 'METHUEN, MA    01844', '978-655-1684', '42']
2015/03/31 15:53:10 - asb_c_MAdls - INFO - ['AC000746', '2/12/2016', 'WHALING CITY ENVIRONMENTAL, INC.', '', '222 HERMAN MELVILLE BLVD.', '', 'NEW BEDFORD, MA       02740', '508-717-0253', '43']
2015/03/31 15:53:10 - asb_c_MAdls - INFO - ['AC000042', '5/14/2015', 'ENVIRONMENTAL SOLUTIONS, INC.', '', '225 RIVERVIEW AVE', '', 'NEWTON, MA    02466', '617-965-1779', '44']
2015/03/31 15:53:10 - asb_c_MAdls - INFO - ['AC000035', '4/22/2015', 'DEC-TAM CORPORATION', '', '50 CONCORD STREET', '', 'NORTH READING, MA      01864', '978-470-2860', '45']
2015/03/31 15:53:10 - asb_c_MAdls - INFO - ['AC000761', '11/4/2015', 'SMI DEMOLITION, INC.', '', '823 PLEASANT STREET', '', 'NORWOOD, MA     02062', '781-769-5376', '46']
2015/03/31 15:53:10 - asb_c_MAdls - INFO - ['AC000533', '5/23/2015', 'DEMO REALITY CO., INC.', '', '235 OLD WEBSTER RD', '', 'OXFORD, MA    01540', '508-752-4964', '47']
2015/03/31 15:53:10 - asb_c_MAdls - INFO - ['AC000477', '2/26/2016', 'LOCKHEED WINDOW CORP.', '', '925 SOUTH MAIN STREET', '', 'PASCOAG, RI     02859', '401-568-3061', '48']
2015/03/31 15:53:10 - asb_c_MAdls - INFO - ['AC000502', '1/6/2016', 'BARILE ENVIRONMENTAL', '', '19 STODDARD AVENUE', '', 'PITTSFIELD, MA  01201', '413-443-0480', '49']
2015/03/31 15:53:10 - asb_c_MAdls - INFO - ['AC000660', '2/13/2016', 'MANAFORT BROTHERS,INC', '', '414 NEW BRITAIN AVENUE', '', 'PLAINVILLE, CT  06062', '860-229-4853', '50']
2015/03/31 15:53:10 - asb_c_MAdls - INFO - ['AC000624', '8/29/2015', 'ADVANCED CONSTRUCTION', 'TECHNOLOGIES CORPORATION', '167 STELLA STREET', '', 'PROVIDENCE, RI       02909', '401-431-2600', '51']
2015/03/31 15:53:10 - asb_c_MAdls - INFO - ['AC000735', '9/26/2015', 'AFFORDABLE ENVIRONMENTAL    INC.', '', '221 UNION STREET', '', 'RANDOLPH, MA    02368', '781-885-2738', '52']
2015/03/31 15:53:10 - asb_c_MAdls - INFO - ['AC000845', '5/8/2015', 'MAC SERVICES, LLC', '', '21 MILL POND DRIVE', '', 'ROCHESTER, MA        02770', '508-789-0983', '53']
2015/03/31 15:53:10 - asb_c_MAdls - INFO - ['AC000825', '5/7/2015', 'NS CONTRACTING CO., INC.', '', '244 BLUE HILL AVE', '', 'ROXBURY, MA     02119', '617-442-1015', '54']
2015/03/31 15:53:10 - asb_c_MAdls - INFO - ['AC000319', '3/26/2015', 'ADVANCED BUILDING SYSTEMS, INC.', '', '5-7 DELAWARE DRIVE', '', 'SALEM, NH     03079', '603-893-0380', '55']
2015/03/31 15:53:10 - asb_c_MAdls - INFO - ['AC000640', '5/26/2015', 'ACME ABATEMENT CONTRACTOR INC.', '', '52 FULLER ST', '', 'SEEKONK, MA    02771', '508-336-5551', '56']
2015/03/31 15:53:10 - asb_c_MAdls - INFO - ['AC000021', '10/24/2015', 'BAYSTATE CONTRACTING SERVICES,', 'INC.', '352 ALBANY STREET', '', 'SPRINGFIELD, MA   01105', '413-732-3179', '57']
2015/03/31 15:53:10 - asb_c_MAdls - INFO - ['AC000814', '9/12/2015', 'BRAND ENERGY SERVICES, LLC', '', '740 VETERANS DRIVE', '', 'SWEDESBORO, NJ     08085', '678-285-1408', '58']
2015/03/31 15:53:10 - asb_c_MAdls - INFO - ['AC000009', '9/26/2015', 'AEROCLEAN DEMOLITION', 'CONTRACTORS, INC.', '30 NUTMEG DRIVE', '', 'TRUMBULL, CT   06611', '203-380-8300', '59']
2015/03/31 15:53:10 - asb_c_MAdls - INFO - ['AC000549', '2/19/2016', 'THE S & S ABATEMENT LLC', '', '127 NAHANT STREET', '', 'WAKEFIELD, MA    01880', '781-245-4455', '60']
2015/03/31 15:53:10 - asb_c_MAdls - INFO - ['AC000705', '6/12/2015', 'NASDI, LLC', '', '1365 MAIN STREET', '', 'WALTHAM, MA    02451', '781-250-6600', '61']
2015/03/31 15:53:10 - asb_c_MAdls - INFO - ['AC000389', '6/24/2015', 'SUPERIOR ABATEMENT INC.', '', '2 HENDERSON DRIVE', 'SUITE A', 'WEST CALDWELL, NJ     07006', '973-808-1616', '62']
2015/03/31 15:53:10 - asb_c_MAdls - INFO - ['AC000728', '5/14/2015', 'R.M.B. ENVIRONMENTAL', '', '8 LIVERMORE HILL RD', '', 'WESTMINSTER, MA      01473', '978-424-7493', '63']
2015/03/31 15:53:10 - asb_c_MAdls - INFO - ['AC000194', '3/7/2016', 'CATAMOUNT ENVIRONMENTAL, INC.', '', '15 CATAMOUNT LANE', '', 'WILMINGTON, VT  05363', '802-464-2754', '64']
2015/03/31 15:53:10 - asb_c_MAdls - INFO - ['AC000791', '1/3/2016', 'ONE SOURCE ENVIRONMENTAL, LLC', '', '112 RANGE ROAD', '', 'WINDHAM, NH    03087', '603-458-1482', '65']
2015/03/31 15:53:10 - asb_c_MAdls - INFO - ['AC000780', '9/12/2015', 'AMRICK, LLC', '', '12 BRUSSELS STREET', '', 'WORCESTER, MA   01610', '508-791-7152', '66']
2015/03/31 15:53:10 - asb_c_MAdls - INFO - ['AC000136', '1/13/2016', 'WINFIELD S. HANCOCK & CO., INC.', '', '68 CHESTER STREET', '', 'WORCESTER, MA   01606', '508-595-9000', '67']
2015/03/31 15:53:10 - asb_c_MAdls - INFO - ['AC000309', '11/21/2015', 'ATLANTIC BAY CONTRACTING', 'COMPANY INC.', '100 HANO STREET', 'SUITE 23A', 'ALLSTON, MA   02134', '617-782-4986', '1']
2015/03/31 15:53:10 - asb_c_MAdls - INFO - ['AC000851', '10/22/2015', 'CB&I STONE & WEBSTER', 'CONSTRUCTION, INC.', '4171 ESSEN LANE', '', 'BATON ROUGE, LA      70809', '225-932-2507', '2']
2015/03/31 15:53:10 - asb_c_MAdls - INFO - ['AC000677', '6/26/2015', 'NEW ENGLAND ASBESTOS', 'ABATEMENT LLC', '61 UNITY AVE', '', 'BELMONT, MA   02478', '617-775-4688', '3']
2015/03/31 15:53:10 - asb_c_MAdls - INFO - ['AC000745', '3/6/2015', 'CLEAN AIR ENVIRONMENTAL, INC.', '', '193 WEBSTER STREET', 'UNIT 1', 'BOSTON, MA    02128', '617-970-2572', '4']
2015/03/31 15:53:10 - asb_c_MAdls - INFO - ['AC000872', '10/10/2015', 'LEAD SAFE HOMES, LP', '', '370 CHESTNUT HILL AVE', '', 'BRIGHTON, MA    02135', '617-799-4955', '5']
2015/03/31 15:53:10 - asb_c_MAdls - INFO - ['AC000857', '1/21/2016', 'BOSTON ENVIRONMENTAL', 'CORPORATION', '338 HOWARD STREET', '', 'BROCKTON, MA     02302', '508-427-6529', '6']
2015/03/31 15:53:10 - asb_c_MAdls - INFO - ['AC000112', '9/9/2015', 'DUDLEY SERVICES, INC.', '', '1 GARFIELD CIRCLE', 'SUITE 7', 'BURLINGTON, MA     01803', '781-270-2650', '7']
2015/03/31 15:53:10 - asb_c_MAdls - INFO - ['AC000062', '11/10/2015', 'NEW ENGLAND ABATEMENT', 'RESOURCES, INC', '348 TURNPIKE STREET', '', 'CANTON, MA    02021', '781-828-1812', '8']
2015/03/31 15:53:10 - asb_c_MAdls - INFO - ['AC000467', '9/15/2015', 'PINNACLE ENVIRONMENTAL', 'CORPORATION', '200 BROAD STREET', '', 'CARLSTADT, NJ   07072', '201-939-6565', '9']
2015/03/31 15:53:10 - asb_c_MAdls - INFO - ['AC000768', '1/6/2016', 'ATLANTIC COAST DISMANTLING', '', '155 CRESCENT AVENUE', '', 'CHELSEA, MA    02150', '617-884-7700', '10']
2015/03/31 15:53:10 - asb_c_MAdls - INFO - ['AC000241', '11/2/2015', 'PETER GREIFER ENTERPRISES, INC.', '', '780 RESERVOIR AVE.', 'SUITE 194', 'CRANSTON, RI   02910', '401-946-4506', '11']
2015/03/31 15:53:10 - asb_c_MAdls - INFO - ['AC000058', '4/4/2015', 'MINOT ASBESTOS REMOVAL', '', '14 MINOT STREET REAR', '', 'DORCHESTER, MA       02122', '617-282-7440', '12']
2015/03/31 15:53:10 - asb_c_MAdls - INFO - ['AC000855', '11/15/2015', 'CLEAR SERVICES ENVIRONMENTAL', '', '31 BOARDMAN STREET', '#1', 'EAST BOSTON, MA      02128', '857-221-1186', '13']
2015/03/31 15:53:10 - asb_c_MAdls - INFO - ['AC000254', '2/14/20', 'ABIDE, INC.', '', '483 SHAKER ROAD', '', 'EAST LONGMEADOW, MA         01028', '413-525-0644', '14']
2015/03/31 15:53:10 - asb_c_MAdls - INFO - ['AC000510', '2/13/20', 'ENVIROVANTAGE, INC.', '', '629 CALEF HIGHWAY', '', 'EPPING, NH    03042', '603-679-9682', '15']
2015/03/31 15:53:10 - asb_c_MAdls - INFO - ['AC000763', '10/2/20', 'PRISM RESPONSE, INC.', '', '102 TECHNOLOGY LANE', '', 'EXPORT, PA    15632', '724-325-3330', '16']
2015/03/31 15:53:10 - asb_c_MAdls - INFO - ['AC000738', '6/17/2015', 'ENVIRONMENTAL RESTORATION LLC', '', '1666 FABICK DRIVE', '', 'FENTON, MO    63026', '636-227-7477', '17']
2015/03/31 15:53:10 - asb_c_MAdls - INFO - ['AC000686', '7/11/2015', 'RELIABLE ROOFING AND SHEET METEL', 'LLC', '105 IRVING STREET', '', 'FRAMINGHAM, MA       01702', '508-628-5562', '18']
2015/03/31 15:53:10 - asb_c_MAdls - INFO - ['AC000591', '5/23/2015', 'OVERCHECK     ASSOCIATES, LLC', '', '236 NORTH STREET', '', 'GEORGETOWN, MA        01833', '978-457-0535', '19']
2015/03/31 15:53:10 - asb_c_MAdls - INFO - ['AC000767', '11/28/2015', 'E&F ENVIRONMENTAL SERVICES, LLC', '', '86 CAROLAN AVE', '', 'HAMPTON, NH    03842', '603-974-2503', '20']
2015/03/31 15:53:10 - asb_c_MAdls - INFO - ['AC000755', '6/20/2015', 'ABSOLUTE ENVIRONMENTAL', 'CONTRACTORS, INC.', '114 KENOZA AVE', '', 'HAVERHILL, MA   01830', '978-382-2562', '21']
2015/03/31 15:53:10 - asb_c_MAdls - INFO - ['AC000729', '6/4/2015', 'UNITED SERVICE COMPANY, LLC.', '', '20 CANAL STREET', '', 'HOLYOKE, MA    01040', '413-322-7193', '22']
2015/03/31 15:53:10 - asb_c_MAdls - INFO - ['AC000805', '9/30/2015', 'EMERGENCY CONTRACTORS LLC.', '', '362 YARMOUTH ROAD', '', 'HYANNIS, MA    02601', '508-775-1120', '23']
2015/03/31 15:53:10 - asb_c_MAdls - INFO - ['AC000209', '5/23/201', 'A.A. ASBESTOS ABATEMENT', '', 'COMPANY, INC.', 'R-1307 HARTFORD AVENUE', 'JOHNSTON, RI      02919-', '401-351-1188', '24']
2015/03/31 15:53:10 - asb_c_MAdls - INFO - ['AC000584', '3/12/201', 'ACCOLADE ENVIRONMENTAL', 'CONTRACTING CORP.', '2 NASON LANE', '', 'KINGSTON, NH      03848', '603-608-6545', '25']
2015/03/31 15:53:10 - asb_c_MAdls - INFO - ['AC000700', '6/29/201', 'A & J DEMOLITION SERVICES CORP.', '599 CANAL STREET', '5TH  FL., UNIT 8', '', 'LAWRENCE, MA      01840', '978-327-5070', '26']
2015/03/31 15:53:10 - asb_c_MAdls - INFO - ['AC000873', '10/16/20', 'CRUZ ABATEMENT & CONTRACTING', 'SERVICES, LLC', '60 ISLAND STREET #407', '', 'LAWRENCE, MA      01840', '978-655-5466', '27']
2015/03/31 15:53:10 - asb_c_MAdls - INFO - ['AC000850', '9/25/20', 'FJC ENTERPRISES, INC.', '33 FRANKLIN STREET', '1ST ROOM 106', '', 'LAWRENCE, MA      01841', '978-655-5078', '28']
2015/03/31 15:53:10 - asb_c_MAdls - INFO - ['AC000777', '6/20/201', 'MJ ENVIRONMENTAL, INC.', '', '181 CANAL STREET', 'FLOOR 3', 'LAWRENCE, MA      01840', '978-258-1054', '29']
2015/03/31 15:53:10 - asb_c_MAdls - INFO - ['AC000328', '3/15/201', 'R.M. TECHNOLOGIES, INC.', '33 FRANKLIN STREET', '2ND  FLOOR', '', 'LAWRENCE, MA      01840', '978-794-0006', '30']
2015/03/31 15:53:10 - asb_c_MAdls - INFO - ['AC000586', '8/26/20', 'SMS ENTERPRISES INC.', '', '60 BROOK STREET', '', 'LAWRENCE, MA      01841', '978-580-0954', '31']
2015/03/31 15:53:10 - asb_c_MAdls - INFO - ['AC000876', '12/11/', 'N & J CREATIONS, INC.', '', '485 BROAD STREET', '', 'LEONIA, NJ    07605', '201-819-8904', '32']
2015/03/31 15:53:10 - asb_c_MAdls - INFO - ['AC000831', '1/10/20', 'ASP ENVIRONMENTAL, INC.', '', '55 PLAIN STREET', '', 'LOWELL, MA    01851', '978-614-5143', '33']
2015/03/31 15:53:10 - asb_c_MAdls - INFO - ['AC000529', '1/20/20', 'MK ENVIRONMENTAL, INC.', '', '41 NICHOLS STREET', '#3', 'LOWELL, MA    01851', '978-996-6102', '34']
2015/03/31 15:53:10 - asb_c_MAdls - INFO - ['AC000005', '4/22/20', 'ACCUTECH INSULATION &', 'CONTRACTING, INC.', '100 STATE STREET', 'BUILDING 119', 'LUDLOW, MA    01056', '413-583-5500', '35']
2015/03/31 15:53:10 - asb_c_MAdls - INFO - ['AC000695', '1/10/20', 'COMPASS RESTORATION SERVICES,', 'LLC', '1020 EAST STREET', '', 'LUDLOW, MA    01056', '413-583-7919', '36']
2015/03/31 15:53:10 - asb_c_MAdls - INFO - ['AC000853', '10/23/2', 'CHARLIE P. & COMPANY, LLC', '', '208 BLOSSOM STREET', 'SUITE 1', 'LYNN, MA    01901', '781-715-5714', '37']
2015/03/31 15:53:10 - asb_c_MAdls - INFO - ['AC000798', '3/6/201', 'LTI ENVIRONMENTAL SERVICES, INC.', '', '149 COLONIAL ROAD', '', 'MANCHESTER, CT       06040', '860-646-6555', '38']
2015/03/31 15:53:10 - asb_c_MAdls - INFO - ['AC000752', '2/11/20', 'TRIDENT ENVIRONMENTAL GROUP, LLC', '', '58 LACOMBE STREET', 'UNIT 10B', 'MARLBOROUGH, MA        01752', '508-229-3545', '39']
2015/03/31 15:53:10 - asb_c_MAdls - INFO - ['AC000784', '10/16/2', 'ENVI LABOR, INC.', '', '225 BROADWAY STREET', 'SUITE 204', 'METHUEN, MA     01844', '978-685-1055', '40']
2015/03/31 15:53:10 - asb_c_MAdls - INFO - ['AC000717', '1/11/201', 'THE AULSON COMPANY LLC', '', '49 DANTON DRIVE', 'SUITE 201', 'METHUEN, MA     01844', '978-688-9100', '41']
2015/03/31 15:53:10 - asb_c_MAdls - INFO - ['AC000412', '7/15/201', 'ENVIRONMENTAL RESPONSE', 'SERVICES, INC.', '98 CAMBRIDGE STREET', '', 'MIDDLEBORO, MA    02346', '508-998-6229', '42']
2015/03/31 15:53:10 - asb_c_MAdls - INFO - ['AC000409', '10/4/201', 'ESSEX NEWBURY NORTH', 'CONTRACTING CORP.', '65 PARKER STREET', 'UNIT 5', 'NEWBURYPORT, MA        01950', '978-463-5414', '43']
2015/03/31 15:53:10 - asb_c_MAdls - INFO - ['AC000232', '8/9/2015', 'GEM ENVIRONMENTAL, INC.', '', '61 MAIN STREET', '#2', 'NORTH ADAMS, MA      01247', '413-663-9884', '44']
2015/03/31 15:53:10 - asb_c_MAdls - INFO - ['AC000558', '5/26/201', 'AERO TEC   ENVIRONMENTAL', '', '163 RICE AVENUE', '', 'NORTHBOROUGH, MA         01532', '978-375-9534', '45']
2015/03/31 15:53:10 - asb_c_MAdls - INFO - ['AC000151', '4/29/201', 'SOUTHERN MIDDLESEX INDUSTRIES,', 'INC', '823 PLEASANT STREET', '', 'NORWOOD, MA       02062', '781-769-9310', '46']
2015/03/31 15:53:10 - asb_c_MAdls - INFO - ['AC000387', '6/11/201', 'PATRIOTS ENVIRONMENTAL CORP.', '', '235 OLD WEBSTER ROAD', '', 'OXFORD, MA    01540', '508-752-4964', '47']
2015/03/31 15:53:10 - asb_c_MAdls - INFO - ['AC000283', '11/25/201', 'ADVANCED ABATEMENT & INSULATION', 'CO.', '20 PLYMOUTH ROAD', '', 'PEABODY, MA     01960', '617-834-5238', '48']
2015/03/31 15:53:10 - asb_c_MAdls - INFO - ['AC000664', '5/25/2015', 'C & H ENVIRONMENTAL TECHNICAL', 'SERVICES', '80-D HIGHVIEW DRIVE', '', 'PITTSFIELD, MA   01201', '413-464-4815', '49']
2015/03/31 15:53:10 - asb_c_MAdls - INFO - ['AC000331', '4/12/201', 'ALL STATE ABATEMENT', 'PROFESSIONALS, INC.', '4 WILDER DRIVE', 'SUITE 12', 'PLAISTOW, NH     03865', '603-378-0600', '50']
2015/03/31 15:53:10 - asb_c_MAdls - INFO - ['AC000838', '3/28/201', 'ATLANTIC ABATEMENT &', 'CONSTRUCTION, INC.', '120 MANTON AVE', '', 'PROVIDENCE, RI   02909', '401-351-9000', '51']
2015/03/31 15:53:10 - asb_c_MAdls - INFO - ['AC000701', '5/11/2015', 'MORAN ENVIRONMENTAL RECOVERY', 'LLC', '75 D YORK AVENUE', '', 'RANDOLPH, MA     02368', '781-815-1100', '52']
2015/03/31 15:53:10 - asb_c_MAdls - INFO - ['AC000771', '4/6/2015', 'GREEN ENVIRONMENTAL', 'CONTRACTORS, INC.', '296 WEYMOUTH STREET UNIT C', '', 'ROCKLAND, MA     02370', '617-479-0550', '53']
2015/03/31 15:53:10 - asb_c_MAdls - INFO - ['AC000197', '1/29/2016', 'A-BEST ABATEMENT, INC.', '', '24 KEEWAYDIN DRIVE', '', 'SALEM, NH     03079-', '603-893-4696', '54']
2015/03/31 15:53:10 - asb_c_MAdls - INFO - ['AC000511', '1/17/2016', 'NATIONAL ABATEMENT, INC.', '', '98 LINCOLN AVE.', '', 'SAUGUS, MA    01906', '781-589-3161', '55']
2015/03/31 15:53:10 - asb_c_MAdls - INFO - ['AC000096', '7/12/2015', 'YANKEE FIBER CONTROL, INC.', '', '50 INDUSTRIAL WAY', '', 'SEEKONK, MA    02771', '508-343-5115', '56']
2015/03/31 15:53:10 - asb_c_MAdls - INFO - ['AC000419', '10/30/201', 'BAYSTATE HOME GUARD, INC.', '', '38 DAWES STREET', '', 'SPRINGFIELD, MA    01109', '413-746-3300', '57']
2015/03/31 15:53:10 - asb_c_MAdls - INFO - ['AC000739', '3/21/2015', 'SMOKECLEAN OF MASSACHUSETTS', '', '30 ROBERT W. BOYDEN RD.', 'SUITE B400', 'TAUNTON, MA    02780', '508-822-0002', '58']
2015/03/31 15:53:10 - asb_c_MAdls - INFO - ['AC000133', '12/19/20', 'ASBESTOS FREE, INC.', '', '42 BROADWAY', '', 'WAKEFIELD, MA    01880', '781-245-4403', '59']
2015/03/31 15:53:10 - asb_c_MAdls - INFO - ['AC000871', '9/18/2015', 'NEW ENGLAND YANKEE', 'CONSTRUCTION LLC', '2 TOELLES ROAD', '', 'WALLINGFORD, CT    06492', '203-284-9972', '60']
2015/03/31 15:53:10 - asb_c_MAdls - INFO - ['AC000788', '2/2/2016', 'GRAMERCY GROUP, INC.', '', '3000 BURNS AVE', '', 'WANTAGH, NY     11793', '516-876-0020', '61']
2015/03/31 15:53:10 - asb_c_MAdls - INFO - ['AC000370', '10/16/20', 'AIG, INC.', '', '16 HAMILTON STREET', '', 'WEST HAVEN, CT    06516', '203-932-9639', '62']
2015/03/31 15:53:10 - asb_c_MAdls - INFO - ['AC000196', '3/3/2016', 'NEW ENGLAND SURFACE', 'MAINTENANCE, LLP', '850 WASHINGTON STREET', '', 'WEYMOUTH, MA     02189-0000', '781-337-2117', '63']
2015/03/31 15:53:10 - asb_c_MAdls - INFO - ['AC000806', '8/4/2015', 'PENIEL ENVIRONMENTAL SOLUTIONS,', 'LLC.', '1032 MASON ROAD', '', 'WILTON, NH    03086', '603-654-1062', '64']
2015/03/31 15:53:10 - asb_c_MAdls - INFO - ['AC000770', '7/14/2015', 'ELITE ENVIRONMENTAL SOLUTIONS,', 'LLC', '800 MARSHALL PHELPS ROAD', 'BLDG #5', 'WINDSOR, CT   06095', '800-498-2193', '65']
2015/03/31 15:53:10 - asb_c_MAdls - INFO - ['AC000193', '12/21/2015', 'COMMERCIAL ENERGY MANAGEMENT,', 'INC.', '12 NEBRASKA STREET', '', 'WORCESTER, MA        01604', '508-752-1322', '66']
2015/03/31 15:53:10 - asb_c_MAdls - INFO - ['AC000167', '6/12/2015', 'AIR QUALITY EXPERTS, INC.', '', '23 HALL FARM ROAD', '', 'ATKINSON, NH     03811', '603-894-6465', '1']
2015/03/31 15:53:10 - asb_c_MAdls - INFO - ['AC000756', '7/25/2015', 'EVERGREEN ENVIRONMENTAL, INC.', '', '16 PHEASANT RUN', '', 'BELCHERTOWN, MA                                           01007', '413-348-9480', '2']
2015/03/31 15:53:10 - asb_c_MAdls - INFO - ['AC000723', '3/8/2015', 'YANKEE ENVIRONMENTAL SERVICES,', 'LLC', '29 ESQUIRE ROAD', '', 'BILLERICA, MA    01862', '978-663-6506', '3']
2015/03/31 15:53:10 - asb_c_MAdls - INFO - ['AC000854', '10/29/2015', 'JDC DEMOLITION COMPANY, INC.', '', '60 GERARD STREET', '', 'BOSTON, MA       02119', '508-897-8089', '4']
2015/03/31 15:53:10 - asb_c_MAdls - INFO - ['AC000819', '9/20/2015', 'WELCH ENVIRONMENTAL CORP.', '', '35 ELECTRIC AVENUE', '', 'BRIGHTON, MA     02135', '617-254-7550', '5']
2015/03/31 15:53:10 - asb_c_MAdls - INFO - ['AC000656', '4/15/2015', 'GOMES REMOVAL SERVICES', '', '107 CROSS STREET', '', 'BROCKTON, MA     02301', '508-232-1380', '6']
2015/03/31 15:53:10 - asb_c_MAdls - INFO - ['AC000522', '8/10/2015', 'ABSCOPE ENVIRONMENTAL, INC.', '', '7086 COMMERCIAL DRIVE', '', 'CANASTOTA, NY    13032', '315-697-8437', '7']
2015/03/31 15:53:10 - asb_c_MAdls - INFO - ['AC000395', '6/30/2015', 'RENOVATION SERVICES, INC.', '', '1020 TURNPIKE STREET', 'UNIT 7A', 'CANTON, MA       02021', '781-828-7069', '8']
2015/03/31 15:53:10 - asb_c_MAdls - INFO - ['AC000793', '1/22/2016', 'GOLDEN GATES SERVICES, INC.', '40 WARREN STREET', '3RD FLOOR', '', 'CHARLESTOWN, MA                                 02129', '781-962-9801', '9']
2015/03/31 15:53:10 - asb_c_MAdls - INFO - ['AC000832', '4/7/2015', 'SPECIALTY TRADES CONTRACTING                                LLC', '', '3 CONTORINO WAY', 'BLDG 2', 'CHESTER, NY      10918', '845-610-5277', '10']
2015/03/31 15:53:10 - asb_c_MAdls - INFO - ['AC000353', '3/20/2015', 'SITECON CORP.,INC.', '', '1430 CRANSTON STREET', '', 'CRANSTON, RI     02920', '401-944-2335', '11']
2015/03/31 15:53:10 - asb_c_MAdls - INFO - ['AC000810', '6/27/2015', 'NEALCASS INC.', '', '11A TORREY STREET', '', 'DORCHESTER, MA                            02124', '617-265-0004', '12']
2015/03/31 15:53:10 - asb_c_MAdls - INFO - ['AC000125', '12/1/2015', 'SCS ENVIRONMENTAL SERVICES, INC.', '', '80 BORDER STREET', '', 'EAST BOSTON, MA                           02128', '617-569-3600', '13']
2015/03/31 15:53:10 - asb_c_MAdls - INFO - ['16        AC000420', '3/5/2015', 'OP-TECH ENVIRONMENTAL SERVICES,', 'INC.', '1 ADLER DRIVE', '', 'EAST SYRACUSE, NY                               13057', '315-437-2065', '14']
2015/03/31 15:53:10 - asb_c_MAdls - INFO - ['16        AC000461', '1/12/2016', 'MCCONNELL ENTERPRISES, INC.', '', '10 ICE HOUSE LANE', '', 'ESSEX, MA     01929', '978-768-6078', '15']
2015/03/31 15:53:10 - asb_c_MAdls - INFO - ['15  AC000843', '5/3/2015', 'ECOSERVICES, LLC', '', '407 WEST LINCOLN HIGHWAY', 'SUITE 500', 'EXTON, PA     19341', '484-872-8884', '16']
2015/03/31 15:53:10 - asb_c_MAdls - INFO - ['AC000459', '4/11/2015', 'ECONOMIC ENVIRO TECHS INC', '', '38 INTERVALE RD', '', 'FITCHBURG, MA      01420', '978-348-1118', '17']
2015/03/31 15:53:10 - asb_c_MAdls - INFO - ['AC000490', '3/28/2015', 'ATLANTIC CONTRACTING &', 'SPECIALTIES, LLC', '25 KENWOOD CIRCLE', '', 'FRANKLIN, MA     02038', '800-253-1145', '18']
2015/03/31 15:53:10 - asb_c_MAdls - INFO - ['AC000828', '12/17/2015', 'AFFILIATED ENVIRONMENTAL', 'SERVICES NJ, INC.', '450 SOUTH RIVER STREET', '', 'HACKENSACK, NJ                                  07601', '201-931-0313', '19']
2015/03/31 15:53:10 - asb_c_MAdls - INFO - ['AC000812', '10/24/2015', 'GIBSON ROOFS, INC.', '', '369 WINTER STREET', '', 'HANOVER, MA      02339', '781-826-6344', '20']
2015/03/31 15:53:10 - asb_c_MAdls - INFO - ['AC000129', '12/5/2015', 'SENCAM, INC.', '', '741 SOUTH MAIN STREET', '', 'HAVERHILL, MA     01835', '978-683-7767', '21']
2015/03/31 15:53:10 - asb_c_MAdls - INFO - ['AC000795', '1/23/2016', 'CUTTING EDGE ENVIRONMENTAL, INC.', '', '58 MELLEN STREET', '', 'HOPEDALE, MA     01747', '508-634-6600', '22']
2015/03/31 15:53:10 - asb_c_MAdls - INFO - ['AC000476', '1/20/2016', 'ULTIMATE ABATEMENT CO., INC.', '', '34 FRONT STREET', '', 'INDIAN ORCHARD, MA                                    01151', '413-246-0472', '23']
2015/03/31 15:53:10 - asb_c_MAdls - INFO - ['5         AC000750', '4/26/2015', 'C.L. VINAGRO CORP.', '', '2208 PLAINFIELD PIKE', '', 'JOHNSTON, RI     02919', '401-943-7100', '24']
2015/03/31 15:53:10 - asb_c_MAdls - INFO - ['5         AC000407', '3/20/2015', 'ENVIRONMENTAL COMPLIANCE', 'SPECIALIST,INC.', '111 RTE. 125', '', 'KINGSTON, NH     03848', '603-642-9200', '25']
2015/03/31 15:53:10 - asb_c_MAdls - INFO - ['5         AC000846', '5/2/2015', 'AFFORDABLE BUILDING SOLUTIONS,', 'LLC', '60 EASTON STREET', '', 'LAWRENCE, MA     01843', '617-633-1269', '26']
2015/03/31 15:53:10 - asb_c_MAdls - INFO - ['15        AC000737', '10/29/2015', 'ENVIRO STAFFING SOLUTIONS', 'CORPORATION', '530 BROADWAY', 'SUITE 101', 'LAWRENCE, MA     01841', '978-794-7800', '27']
2015/03/31 15:53:10 - asb_c_MAdls - INFO - ['15        AC000724', '9/11/2015', 'GREENLEAF ENVIRONMENTAL, INC.', '', '49 BLANCHARD STREET', 'STE 205-2', 'LAWRENCE, MA     01843', '978-685-8367', '28']
2015/03/31 15:53:10 - asb_c_MAdls - INFO - ['5         AC000631', '3/1/2016', 'NG ENVIRONMENTAL CONTRACTORS,', 'LLC', '49 BLANCHARD STREET', '', 'LAWRENCE, MA     01843', '978-794-7922', '29']
2015/03/31 15:53:10 - asb_c_MAdls - INFO - ['5         AC000865', '7/3/2015', 'RAY SERVICES, INC.', '530 BROADWAY', '1ST FLOOR', '', 'LAWRENCE, MA     01840', '978-361-7557', '30']
2015/03/31 15:53:10 - asb_c_MAdls - INFO - ['15        AC000326', '3/15/2015', 'A & E ENVIRONMENTAL INC.', '', '52 OLD WILLARD ROAD', '', 'LEOMINSTER, MA                            01453', '978-874-1871', '31']
2015/03/31 15:53:10 - asb_c_MAdls - INFO - ['2015  AC000736', '12/8/2015', 'ABATEMENT SOLUTIONS, LLC', '', '113 ELY ROAD', '', 'LONGMEADOW, MA                                      01106', '413-244-4118', '32']
2015/03/31 15:53:10 - asb_c_MAdls - INFO - ['16    AC000684', '1/26/2016', 'FIBER CONTROL, INC.', '', '70 AUSTIN STREET', 'UNIT 15', 'LOWELL, MA       01854', '617-922-3203', '33']
2015/03/31 15:53:10 - asb_c_MAdls - INFO - ['16    AC000497', '2/20/2016', 'S & R CORPORATION', '', '706 BROADWAY STREET', '', 'LOWELL, MA       01854', '978-441-2000', '34']
2015/03/31 15:53:10 - asb_c_MAdls - INFO - ['15    AC000844', '12/1/2015', 'ALLIED ENVIRONMENTAL SERVICES,', 'INC.', '51 SOUTHWOOD DRIVE', '', 'LUDLOW, MA       01056', '413-302-2818', '35']
2015/03/31 15:53:10 - asb_c_MAdls - INFO - ['16    AC000075', '5/10/2015', 'SAFE ENVIRONMENT OF AMERICA, INC.', '', '100 MOODY STREET', '', 'LUDLOW, MA       01056', '413-237-4894', '36']
2015/03/31 15:53:10 - asb_c_MAdls - INFO - ['015   AC000199', '2/23/2016', 'ALL STATE ENVIRONMENTAL, INC.', '', '94 BEAVER AVENUE', '', 'LYNNFIELD, MA    01940', '781-334-4647', '37']
2015/03/31 15:53:10 - asb_c_MAdls - INFO - ['6     AC000356', '4/8/2015', 'FRANKLIN ANALYTICAL SERVICES, INC.', '', '401 DELANO ROAD', '', 'MARION, MA       02738', '508-748-3156', '38']
2015/03/31 15:53:10 - asb_c_MAdls - INFO - ['16    AC000859', '12/20/2015', 'BRILLIANT ENVIRONMENTAL SERVICES', '', '407 REAR MYSTICK AVE.', 'SUITE 14', 'MEDFORD, MA      02155', '857-312-9957', '39']
2015/03/31 15:53:10 - asb_c_MAdls - INFO - ['015        AC000861', '4/10/2015', 'NEVECI GROUP dba EDC PRO GROUP', '', '213 REAR BROADWAY', '', 'METHUEN, MA      01844', '978-688-3111', '40']
2015/03/31 15:53:10 - asb_c_MAdls - INFO - ['6          AC000427', '3/7/2016', 'THE AULSON COMPANY, INC.', '', '49 DANTON DRIVE', '', 'METHUEN, MA      01844', '978-975-4500', '41']
2015/03/31 15:53:10 - asb_c_MAdls - INFO - ['5          AC000847', '8/1/2015', 'KRONENBERGER & SONS', 'RESTORATION, INC.', '175 INDUSTRIAL PARK ROAD', '', 'MIDDLETOWN, CT                           06457', '860-347-4600', '42']
2015/03/31 15:53:10 - asb_c_MAdls - INFO - ['5          AC000392', '1/17/2016', 'NORTHEAST REMEDIATION', '', '25 STOREY AVE', '#256', 'NEWBURYPORT, MA                                01950', '617-389-9188', '43']
2015/03/31 15:53:10 - asb_c_MAdls - INFO - ['AC000607', '3/21/2015', "WALSH'S ENVIRONMENTAL SERVICES", '', '17A CIDER MILL ROAD', '', 'NORTH BROOKFIELD, MA                            01535', '508-867-7502', '44']
2015/03/31 15:53:10 - asb_c_MAdls - INFO - ['5          AC000829', '12/20/2015', 'ENVIRONMENTAL EXPERTS, INC.', '', '104 LONGWATER DRIVE', '#101', 'NORWELL, MA      02061', '781-421-6054', '45']
2015/03/31 15:53:10 - asb_c_MAdls - INFO - ['5          AC000866', '7/3/2015', 'CPM ENVIRONMENTAL LLC', '', '315 RIGGS STREET', 'BLDG A, UNIT 4', 'OXFORD, CT       06478', '203-463-4456', '46']
2015/03/31 15:53:10 - asb_c_MAdls - INFO - ['5          AC000820', '10/2/2015', 'TOP NOTCH ABATEMENT LLC', '', '21 WILBRAHAM STREET', 'SUITE 208', 'PALMER, MA       01069', '413-283-9252', '47']
2015/03/31 15:53:10 - asb_c_MAdls - INFO - ['5  AC000783', '9/30/2015', 'BIG SHIP BUILDERS', '', '20 KOPER LANE', '', 'PELHAM, NH       03076', '617-312-7247', '48']
2015/03/31 15:53:10 - asb_c_MAdls - INFO - ['AC000402', '4/5/2015', 'MAXYMILLIAN TECHNOLOGIES, INC.', '', '1801 EAST STREET', '', 'PITTSFIELD, MA   01201', '413-499-3050', '49']
2015/03/31 15:53:10 - asb_c_MAdls - INFO - ['5  AC000342', '9/15/2015', 'ASBESTOS MAN REMOVAL COMPANY,', 'INC.', '929 STATE ROAD', '', 'PLYMOUTH, MA     02360', '508-224-5500', '50']
2015/03/31 15:53:10 - asb_c_MAdls - INFO - ['5  AC000790', '12/16/2015', 'KARMA ENVIRONMETAL SERVICES, INC.', '', '1354 HANCOCK STREET', 'SUITE 205', 'QUINCY, MA       02169', '617-405-4807', '51']
2015/03/31 15:53:10 - asb_c_MAdls - INFO - ['AC000447', '4/5/2015', 'NORTH SHORE ENVIRONMENTAL', 'SERVICES', '505 WASHINGTON AVENUE', '', 'REVERE, MA       02151', '781-485-1621', '52']
2015/03/31 15:53:10 - asb_c_MAdls - INFO - ['AC000688', '3/17/2015', 'GREEN ENVIRONMENTAL, INC.', '', '296 WEYMOUTH STREE', 'UNIT C', 'ROCKLAND, MA     02370', '617-479-0550', '53']
2015/03/31 15:53:10 - asb_c_MAdls - INFO - ['AC000626', '10/23/2015', 'ABSOLUTE ENVIRONMENTAL, INC', '', '22 TROLLEY LANE', '', 'SALEM, NH     03079', '603-890-6500', '54']
2015/03/31 15:53:10 - asb_c_MAdls - INFO - ['AC000715', '11/22/2015', 'ENVIRONMENTAL REMEDIATION', 'SERVICE INC.', '311 ROTTERDAM INDUSTRIAL PARK', '', 'SCHENECTADY, NY                                        12306', '518-355-9617', '55']
2015/03/31 15:53:10 - asb_c_MAdls - INFO - ['AC000698', '7/23/2015', 'ENVIRONMENTAL SERVICES INC', '', '90 BROOKFIELD STREET', '', 'SOUTH WINDSOR, CT                               06074', '860-528-9500', '56']
2015/03/31 15:53:10 - asb_c_MAdls - INFO - ['5         AC000775', '6/12/2015', 'JM ENVIRONMENTAL CORP., INC.', '', '362 PUTNAM HILL ROAD', '', 'SUTTON, MA               01590', '508-757-7782', '57']
2015/03/31 15:53:10 - asb_c_MAdls - INFO - ['AC000864', '6/25/2015', 'ACME CONTRACTORS, INC.', '', '58 CENTER STREET', '', 'THOMPSON, CT             06277', '860-672-5133', '58']
2015/03/31 15:53:10 - asb_c_MAdls - INFO - ['9A7C80-207086-303199', '9/18/2015', 'A - D & T ENTERPRISE INC.', '', '7 DOVER DRIVE', '', 'WALPOLE, MA              02081', '508-850-9713', '59']
2015/03/31 15:53:10 - asb_c_MAdls - INFO - ['AC000636', '1/30/2016', 'GENERAL ENVIRONMENTAL SERVICES,', 'INC.', '99 POST ROAD', 'E-3', 'WARWICK, RI              02888', '401-781-5132', '60']
2015/03/31 15:53:10 - asb_c_MAdls - INFO - ['15        AC000690', '10/28/2015', 'WESTERN MASS ENVIRONMENTAL LLC', '', '93 WAYSIDE AVENUE', '', 'WEST SPRINGFIELD, MA                             01089', '413-788-2622', '61']
2015/03/31 15:53:10 - asb_c_MAdls - INFO - ['AC000824', '11/20/2015', 'AMERICAN TECHNOLOGIES, INC.', '', '250 BALLARD VALE', 'SUITE 2', 'WILMINGTON, MA                            01887', '617-420-0065', '62']
2015/03/31 15:53:10 - asb_c_MAdls - INFO - ['AC000645', '3/12/2015', 'AQE, INC.', '', '10 SHEFFIELD     STREET', '', 'WINDHAM, NH      03087', '603-894-6098', '63']
2015/03/31 15:53:10 - asb_c_MAdls - INFO - ['AC000754', '5/8/2015', 'CORE CONTRACTING SERVICES, INC.', '', '3 OAKLAND ST', '', 'WOBURN, MA       01801', '781-721-4540', '64']
2015/03/31 15:53:10 - asb_c_MAdls - INFO - ['AC000612', '5/13/2015', 'TANTARA ASSOCIATES CORPORATION', '', '54 MASON STREET', '', 'WORCESTER, MA                                     01610', '508-752-5599', '65']
2015/03/31 15:53:10 - asb_c_MAdls - INFO - complete
2015/03/31 15:53:34 - asb_c_MAdls - INFO -  -  -  -  -  -  -  -  -  -  -  -  -  -  -  -  -  -  -  -  -  -  -  -  -  -  -  -  -  -  - 
2015/03/31 15:53:34 - asb_c_MAdls - INFO - ['AC000875', '12/3/2015', 'C & C UNLIMITED, INC.', '', '6 SIMMONS LN', '', 'ALBANY, NY    12204', '518-729-5641', '1']
2015/03/31 15:53:34 - asb_c_MAdls - INFO - ['AC000863', '6/13/2015', 'BRIGHTER HORIZONS', 'ENVIRONMENTAL CORPORATION', '201 WEST MAIN STREET', '', 'AYER, MA    01432', '978-970-0500', '2']
2015/03/31 15:53:34 - asb_c_MAdls - INFO - ['AC000809', '6/22/2015', 'FIRST STOP SOLUTIONS, INC.', '', '4114 JEFFERSON PLACE', '', 'BELLINGHAM, MA      02019', '781-640-5001', '3']
2015/03/31 15:53:34 - asb_c_MAdls - INFO - ['AC000877', '12/15/2015', 'CHARTER CONTRACTING COMPANY', 'LLC', '500 HARRISON AVE', 'SUITE 4R', 'BOSTON, MA     02118', '857-246-6800', '4']
2015/03/31 15:53:34 - asb_c_MAdls - INFO - ['AC000759', '9/12/2015', 'ARCADIS U.S., INC.', '', '194 FORBES ROAD', '', 'BRAINTREE, MA      02184', '781-356-7300', '5']
2015/03/31 15:53:34 - asb_c_MAdls - INFO - ['AC000503', '12/9/2015', 'BRISTOL ENVIRONMENTAL, INC.', '', '1123 BEAVER STREET', '', 'BRISTOL, PA   19007', '215-788-6040', '6']
2015/03/31 15:53:34 - asb_c_MAdls - INFO - ['AC000822', '10/24/2015', 'NEWROADS ENVIRONMENTAL', 'SERVICES, LLC', '203 SPARK STREET', '', 'BROCKTON, MA       02302', '508-897-8033', '7']
2015/03/31 15:53:34 - asb_c_MAdls - INFO - ['AC000679', '5/22/2015', 'C.S. ALLISON COMPANY, INC.', '', '515A WASHINGTON STREET', '', 'CANTON, MA      02021', '781-575-9070', '8']
2015/03/31 15:53:34 - asb_c_MAdls - INFO - ['AC000059', '6/30/2015', 'SYSTEMWIDE ENVIRONMENTAL CO.', 'LLC', '8 BEDFORD ROAD', '', 'CARLISLE, MA    01741', '978-505-3933', '9']
2015/03/31 15:53:34 - asb_c_MAdls - INFO - ['AC000464', '6/4/2015', 'AIR SAFE, INC.', '', '22 WILLOW STREET', '', 'CHELSEA, MA     02150', '978-339-5361', '10']
2015/03/31 15:53:34 - asb_c_MAdls - INFO - ['AC000456', '4/14/2015', 'TITAN ROOFING, INC.', '', '70 ORANGE STREET', '', 'CHICOPEE, MA    01013', '413-536-1624', '11']
2015/03/31 15:53:34 - asb_c_MAdls - INFO - ['AC000867', '7/15/2015', 'BASCOM ENVIRONMENTAL CO.', '', '84 SHEPTON STREET', 'STE 2', 'DORCHESTER, MA         02124', '617-282-9500', '12']
2015/03/31 15:53:34 - asb_c_MAdls - INFO - ['AC000627', '10/14/2015', 'BANNER ENVIRONMENTAL SERVICES,', 'INC', '16 BACK RIVER WAY', '', 'DUXBURY, MA     02332', '866-934-2374', '13']
2015/03/31 15:53:34 - asb_c_MAdls - INFO - ['AC000868', '7/18/2015', 'ADEP GROUP, INC.', '', '18 PILLSBURY RD', '', 'EAST HAMPSTEAD, NH      03826', '949-279-2645', '14']
2015/03/31 15:53:34 - asb_c_MAdls - INFO - ['AC000024', '7/22/2015', 'BESTECH INC. OF CONNECTICUT', '', '25 PINNEY STREET', '', 'ELLINGTON, CT    06029', '860-896-1000', '15']
2015/03/31 15:53:34 - asb_c_MAdls - INFO - ['AC000097', '7/31/2015', 'LVI ENVIRONMENTAL SERVICES, INC.', '', '401-S SECOND STREET', '', 'EVERETT, MA    02149', '617-389-8880', '16']
2015/03/31 15:53:34 - asb_c_MAdls - INFO - ['AC000833', '1/22/2016', 'TRITON LEASING & RENTAL, INC.', '', '279B GARDEN STREET', '', 'FEEDING HILLS, MA      01030', '413-455-3965', '17']
2015/03/31 15:53:34 - asb_c_MAdls - INFO - ['AC000874', '11/17/2015', 'UNITED WALLS SYSTEMS, LLC', '', '19 GARLAND STREET', '', 'FITCHBURG, MA    01420', '978-840-6460', '18']
2015/03/31 15:53:34 - asb_c_MAdls - INFO - ['AC000509', '2/5/2016', 'TMC SERVICES, INC.', '', '19 NATIONAL DRIVE', '', 'FRANKLIN, MA    02038', '508-966-6000', '19']
2015/03/31 15:53:34 - asb_c_MAdls - INFO - ['AC000258', '3/23/2015', 'ENVIRONMENTAL RESTORATIONS INC.', '', '10 HAZEL DRIVE', '', 'HAMPSTEAD, NH    03841', '603-329-6101', '20']
2015/03/31 15:53:34 - asb_c_MAdls - INFO - ['AC000856', '11/22/2015', 'GLOBAL COMPASS, INC.', '', '750 MAIN STREET', '', 'HARTFORD, CT     06103', '413-244-9624', '21']
2015/03/31 15:53:34 - asb_c_MAdls - INFO - ['AC000639', '10/26/2015', 'AMERICAN ENVIRONMENTAL INC.', '', '18 CANAL STREET', '', 'HOLYOKE, MA     01040', '413-746-0445', '22']
2015/03/31 15:53:34 - asb_c_MAdls - INFO - ['AC000287', '6/12/2015', 'HAZARDOUS ABATEMENT SERVICES,', 'INC.', '24 PROSPECT AVENUE', '', 'HULL, MA  02045', '781-925-4882', '23']
2015/03/31 15:53:34 - asb_c_MAdls - INFO - ['AC000749', '3/21/2015', 'ENVIROGREEN, LLC', '', '81 CHESTNUT AVE', '', 'JAMAICA PLAIN, MA     02130', '857-891-3842', '24']
2015/03/31 15:53:34 - asb_c_MAdls - INFO - ['AC000837', '3/27/2015', 'J.R. VINAGRO CORPORATION', '', '2208 PLAINFIELD PIKE', '', 'JOHNSTON, RI     02919', '401-943-7100', '25']
2015/03/31 15:53:34 - asb_c_MAdls - INFO - ['AC000670', '5/30/2015', 'CLASSIC ENVIRONMENTAL INC.', '', '112 WADE ROAD', '', 'LATHAM, NY    12110', '518-591-0234', '26']
2015/03/31 15:53:34 - asb_c_MAdls - INFO - ['AC000794', '1/13/2016', 'AMERICAN VETERAN ENVIRONMENTAL', 'CORP.', '599 CANAL STREET', '6 EAST SUITE 16', 'LAWRENCE, MA     01840', '978-683-3737', '27']
2015/03/31 15:53:34 - asb_c_MAdls - INFO - ['AC000808', '7/11/2015', 'ESS CONTRACTING CORP.', '', '525 ESSEX STREET', 'UNIT 355', 'LAWRENCE, MA     01840', '978-794-7810', '28']
2015/03/31 15:53:34 - asb_c_MAdls - INFO - ['AC000733', '8/25/2015', 'INFINITY ABATEMENT SERVICES INC.', '', '91 FARNHAM STREET', '', 'LAWRENCE, MA     01843', '978-994-8734', '29']
2015/03/31 15:53:34 - asb_c_MAdls - INFO - ['AC000830', '5/6/2015', 'R&G SERVICES, INC.', '', '2 INMAN STREET', 'APT #20', 'LAWRENCE, MA     01843', '978-305-9716', '30']
2015/03/31 15:53:34 - asb_c_MAdls - INFO - ['AC000766', '11/7/2015', 'S.E.C. INDUSTRIAL & COMMERCIAL', 'SERVICES, INC.', '18 BROADWAY ST.', 'REAR', 'LAWRENCE, MA     01841', '978-794-4494', '31']
2015/03/31 15:53:34 - asb_c_MAdls - INFO - ['AC000751', '6/11/2015', 'ROCKWELL ROOFING, INC.', '', '44 POND STREET', '', 'LEOMINSTER, MA    01453', '978-537-7825', '32']
2015/03/31 15:53:34 - asb_c_MAdls - INFO - ['AC000472', '5/15/2015', 'ALLSTATE ASBESTOS ABATEMENT', '', '55 HARVARD ST', '', 'LOWELL, MA    01851', '978-423-4723', '33']
2015/03/31 15:53:34 - asb_c_MAdls - INFO - ['AC000568', '10/3/2015', 'MILL CITY ENVIRONMENTAL', 'CORPORATION', '116 JOHN STREET', '', 'LOWELL, MA    01852', '978-654-6741', '34']
2015/03/31 15:53:34 - asb_c_MAdls - INFO - ['AC000652', '11/27/2015', 'SRS CONTRACTORS, INC.', '', '153 WINTHROP AVENUE', '', 'LOWELL, MA    01851', '978-455-0249', '35']
2015/03/31 15:53:34 - asb_c_MAdls - INFO - ['AC000725', '6/28/2015', 'BALTAZAR CONTRACTORS ,INC', '', "83 CARMELINA'S CIRCLE", '', 'LUDLOW, MA    01056', '413-583-6160', '36']
2015/03/31 15:53:34 - asb_c_MAdls - INFO - ['AC000869', '8/7/2015', 'A ABATEMENT SERVICE GROUP', '', '6 WILLIAM PLACE', '', 'LYNN, MA  01902', '857-265-4462', '37']
2015/03/31 15:53:34 - asb_c_MAdls - INFO - ['AC000774', '7/10/2015', 'IMPRESAIR ENVIRONMENTAL', 'CORPORATION', '439 FERRY STREET', '', 'MALDEN, MA    02148', '617-682-5439', '38']
2015/03/31 15:53:34 - asb_c_MAdls - INFO - ['AC000744', '6/3/2015', 'PATRIOT RESTORATION, LLC', '', '204 CEDAR HILL ROAD', '', 'MARLBOROUGH, MA      01752', '508-624-4487', '39']
2015/03/31 15:53:34 - asb_c_MAdls - INFO - ['AC000852', '8/29/2015', 'ADVANCE DEMOLITION LLC', '', '14 MEDFORD AVE', '', 'METHUEN, MA    01844', '978-994-5086', '40']
2015/03/31 15:53:34 - asb_c_MAdls - INFO - ['AC000669', '7/31/2015', 'PREMIER ABATEMENT & LABOR', 'SERVICES', '10 FALCON STREET', '', 'METHUEN, MA    01844', '978-208-7163', '41']
2015/03/31 15:53:34 - asb_c_MAdls - INFO - ['AC000673', '3/20/2015', 'UNIVERSAL ABATEMENT SERVICES,', 'INC.', '57 CHASE STREET', 'UNIT 3A-2', 'METHUEN, MA    01844', '978-655-1684', '42']
2015/03/31 15:53:34 - asb_c_MAdls - INFO - ['AC000746', '2/12/2016', 'WHALING CITY ENVIRONMENTAL, INC.', '', '222 HERMAN MELVILLE BLVD.', '', 'NEW BEDFORD, MA       02740', '508-717-0253', '43']
2015/03/31 15:53:34 - asb_c_MAdls - INFO - ['AC000042', '5/14/2015', 'ENVIRONMENTAL SOLUTIONS, INC.', '', '225 RIVERVIEW AVE', '', 'NEWTON, MA    02466', '617-965-1779', '44']
2015/03/31 15:53:34 - asb_c_MAdls - INFO - ['AC000035', '4/22/2015', 'DEC-TAM CORPORATION', '', '50 CONCORD STREET', '', 'NORTH READING, MA      01864', '978-470-2860', '45']
2015/03/31 15:53:34 - asb_c_MAdls - INFO - ['AC000761', '11/4/2015', 'SMI DEMOLITION, INC.', '', '823 PLEASANT STREET', '', 'NORWOOD, MA     02062', '781-769-5376', '46']
2015/03/31 15:53:34 - asb_c_MAdls - INFO - ['AC000533', '5/23/2015', 'DEMO REALITY CO., INC.', '', '235 OLD WEBSTER RD', '', 'OXFORD, MA    01540', '508-752-4964', '47']
2015/03/31 15:53:34 - asb_c_MAdls - INFO - ['AC000477', '2/26/2016', 'LOCKHEED WINDOW CORP.', '', '925 SOUTH MAIN STREET', '', 'PASCOAG, RI     02859', '401-568-3061', '48']
2015/03/31 15:53:34 - asb_c_MAdls - INFO - ['AC000502', '1/6/2016', 'BARILE ENVIRONMENTAL', '', '19 STODDARD AVENUE', '', 'PITTSFIELD, MA  01201', '413-443-0480', '49']
2015/03/31 15:53:34 - asb_c_MAdls - INFO - ['AC000660', '2/13/2016', 'MANAFORT BROTHERS,INC', '', '414 NEW BRITAIN AVENUE', '', 'PLAINVILLE, CT  06062', '860-229-4853', '50']
2015/03/31 15:53:34 - asb_c_MAdls - INFO - ['AC000624', '8/29/2015', 'ADVANCED CONSTRUCTION', 'TECHNOLOGIES CORPORATION', '167 STELLA STREET', '', 'PROVIDENCE, RI       02909', '401-431-2600', '51']
2015/03/31 15:53:34 - asb_c_MAdls - INFO - ['AC000735', '9/26/2015', 'AFFORDABLE ENVIRONMENTAL    INC.', '', '221 UNION STREET', '', 'RANDOLPH, MA    02368', '781-885-2738', '52']
2015/03/31 15:53:34 - asb_c_MAdls - INFO - ['AC000845', '5/8/2015', 'MAC SERVICES, LLC', '', '21 MILL POND DRIVE', '', 'ROCHESTER, MA        02770', '508-789-0983', '53']
2015/03/31 15:53:34 - asb_c_MAdls - INFO - ['AC000825', '5/7/2015', 'NS CONTRACTING CO., INC.', '', '244 BLUE HILL AVE', '', 'ROXBURY, MA     02119', '617-442-1015', '54']
2015/03/31 15:53:34 - asb_c_MAdls - INFO - ['AC000319', '3/26/2015', 'ADVANCED BUILDING SYSTEMS, INC.', '', '5-7 DELAWARE DRIVE', '', 'SALEM, NH     03079', '603-893-0380', '55']
2015/03/31 15:53:34 - asb_c_MAdls - INFO - ['AC000640', '5/26/2015', 'ACME ABATEMENT CONTRACTOR INC.', '', '52 FULLER ST', '', 'SEEKONK, MA    02771', '508-336-5551', '56']
2015/03/31 15:53:34 - asb_c_MAdls - INFO - ['AC000021', '10/24/2015', 'BAYSTATE CONTRACTING SERVICES,', 'INC.', '352 ALBANY STREET', '', 'SPRINGFIELD, MA   01105', '413-732-3179', '57']
2015/03/31 15:53:34 - asb_c_MAdls - INFO - ['AC000814', '9/12/2015', 'BRAND ENERGY SERVICES, LLC', '', '740 VETERANS DRIVE', '', 'SWEDESBORO, NJ     08085', '678-285-1408', '58']
2015/03/31 15:53:34 - asb_c_MAdls - INFO - ['AC000009', '9/26/2015', 'AEROCLEAN DEMOLITION', 'CONTRACTORS, INC.', '30 NUTMEG DRIVE', '', 'TRUMBULL, CT   06611', '203-380-8300', '59']
2015/03/31 15:53:34 - asb_c_MAdls - INFO - ['AC000549', '2/19/2016', 'THE S & S ABATEMENT LLC', '', '127 NAHANT STREET', '', 'WAKEFIELD, MA    01880', '781-245-4455', '60']
2015/03/31 15:53:34 - asb_c_MAdls - INFO - ['AC000705', '6/12/2015', 'NASDI, LLC', '', '1365 MAIN STREET', '', 'WALTHAM, MA    02451', '781-250-6600', '61']
2015/03/31 15:53:34 - asb_c_MAdls - INFO - ['AC000389', '6/24/2015', 'SUPERIOR ABATEMENT INC.', '', '2 HENDERSON DRIVE', 'SUITE A', 'WEST CALDWELL, NJ     07006', '973-808-1616', '62']
2015/03/31 15:53:34 - asb_c_MAdls - INFO - ['AC000728', '5/14/2015', 'R.M.B. ENVIRONMENTAL', '', '8 LIVERMORE HILL RD', '', 'WESTMINSTER, MA      01473', '978-424-7493', '63']
2015/03/31 15:53:34 - asb_c_MAdls - INFO - ['AC000194', '3/7/2016', 'CATAMOUNT ENVIRONMENTAL, INC.', '', '15 CATAMOUNT LANE', '', 'WILMINGTON, VT  05363', '802-464-2754', '64']
2015/03/31 15:53:34 - asb_c_MAdls - INFO - ['AC000791', '1/3/2016', 'ONE SOURCE ENVIRONMENTAL, LLC', '', '112 RANGE ROAD', '', 'WINDHAM, NH    03087', '603-458-1482', '65']
2015/03/31 15:53:34 - asb_c_MAdls - INFO - ['AC000780', '9/12/2015', 'AMRICK, LLC', '', '12 BRUSSELS STREET', '', 'WORCESTER, MA   01610', '508-791-7152', '66']
2015/03/31 15:53:34 - asb_c_MAdls - INFO - ['AC000136', '1/13/2016', 'WINFIELD S. HANCOCK & CO., INC.', '', '68 CHESTER STREET', '', 'WORCESTER, MA   01606', '508-595-9000', '67']
2015/03/31 15:53:34 - asb_c_MAdls - INFO - ['AC000309', '11/21/2015', 'ATLANTIC BAY CONTRACTING', 'COMPANY INC.', '100 HANO STREET', 'SUITE 23A', 'ALLSTON, MA   02134', '617-782-4986', '1']
2015/03/31 15:53:34 - asb_c_MAdls - INFO - ['AC000851', '10/22/2015', 'CB&I STONE & WEBSTER', 'CONSTRUCTION, INC.', '4171 ESSEN LANE', '', 'BATON ROUGE, LA      70809', '225-932-2507', '2']
2015/03/31 15:53:34 - asb_c_MAdls - INFO - ['AC000677', '6/26/2015', 'NEW ENGLAND ASBESTOS', 'ABATEMENT LLC', '61 UNITY AVE', '', 'BELMONT, MA   02478', '617-775-4688', '3']
2015/03/31 15:53:34 - asb_c_MAdls - INFO - ['AC000745', '3/6/2015', 'CLEAN AIR ENVIRONMENTAL, INC.', '', '193 WEBSTER STREET', 'UNIT 1', 'BOSTON, MA    02128', '617-970-2572', '4']
2015/03/31 15:53:34 - asb_c_MAdls - INFO - ['AC000872', '10/10/2015', 'LEAD SAFE HOMES, LP', '', '370 CHESTNUT HILL AVE', '', 'BRIGHTON, MA    02135', '617-799-4955', '5']
2015/03/31 15:53:34 - asb_c_MAdls - INFO - ['AC000857', '1/21/2016', 'BOSTON ENVIRONMENTAL', 'CORPORATION', '338 HOWARD STREET', '', 'BROCKTON, MA     02302', '508-427-6529', '6']
2015/03/31 15:53:34 - asb_c_MAdls - INFO - ['AC000112', '9/9/2015', 'DUDLEY SERVICES, INC.', '', '1 GARFIELD CIRCLE', 'SUITE 7', 'BURLINGTON, MA     01803', '781-270-2650', '7']
2015/03/31 15:53:34 - asb_c_MAdls - INFO - ['AC000062', '11/10/2015', 'NEW ENGLAND ABATEMENT', 'RESOURCES, INC', '348 TURNPIKE STREET', '', 'CANTON, MA    02021', '781-828-1812', '8']
2015/03/31 15:53:34 - asb_c_MAdls - INFO - ['AC000467', '9/15/2015', 'PINNACLE ENVIRONMENTAL', 'CORPORATION', '200 BROAD STREET', '', 'CARLSTADT, NJ   07072', '201-939-6565', '9']
2015/03/31 15:53:34 - asb_c_MAdls - INFO - ['AC000768', '1/6/2016', 'ATLANTIC COAST DISMANTLING', '', '155 CRESCENT AVENUE', '', 'CHELSEA, MA    02150', '617-884-7700', '10']
2015/03/31 15:53:34 - asb_c_MAdls - INFO - ['AC000241', '11/2/2015', 'PETER GREIFER ENTERPRISES, INC.', '', '780 RESERVOIR AVE.', 'SUITE 194', 'CRANSTON, RI   02910', '401-946-4506', '11']
2015/03/31 15:53:34 - asb_c_MAdls - INFO - ['AC000058', '4/4/2015', 'MINOT ASBESTOS REMOVAL', '', '14 MINOT STREET REAR', '', 'DORCHESTER, MA       02122', '617-282-7440', '12']
2015/03/31 15:53:34 - asb_c_MAdls - INFO - ['AC000855', '11/15/2015', 'CLEAR SERVICES ENVIRONMENTAL', '', '31 BOARDMAN STREET', '#1', 'EAST BOSTON, MA      02128', '857-221-1186', '13']
2015/03/31 15:53:34 - asb_c_MAdls - INFO - ['AC000254', '2/14/20', 'ABIDE, INC.', '', '483 SHAKER ROAD', '', 'EAST LONGMEADOW, MA         01028', '413-525-0644', '14']
2015/03/31 15:53:34 - asb_c_MAdls - INFO - ['AC000510', '2/13/20', 'ENVIROVANTAGE, INC.', '', '629 CALEF HIGHWAY', '', 'EPPING, NH    03042', '603-679-9682', '15']
2015/03/31 15:53:34 - asb_c_MAdls - INFO - ['AC000763', '10/2/20', 'PRISM RESPONSE, INC.', '', '102 TECHNOLOGY LANE', '', 'EXPORT, PA    15632', '724-325-3330', '16']
2015/03/31 15:53:34 - asb_c_MAdls - INFO - ['AC000738', '6/17/2015', 'ENVIRONMENTAL RESTORATION LLC', '', '1666 FABICK DRIVE', '', 'FENTON, MO    63026', '636-227-7477', '17']
2015/03/31 15:53:34 - asb_c_MAdls - INFO - ['AC000686', '7/11/2015', 'RELIABLE ROOFING AND SHEET METEL', 'LLC', '105 IRVING STREET', '', 'FRAMINGHAM, MA       01702', '508-628-5562', '18']
2015/03/31 15:53:34 - asb_c_MAdls - INFO - ['AC000591', '5/23/2015', 'OVERCHECK     ASSOCIATES, LLC', '', '236 NORTH STREET', '', 'GEORGETOWN, MA        01833', '978-457-0535', '19']
2015/03/31 15:53:34 - asb_c_MAdls - INFO - ['AC000767', '11/28/2015', 'E&F ENVIRONMENTAL SERVICES, LLC', '', '86 CAROLAN AVE', '', 'HAMPTON, NH    03842', '603-974-2503', '20']
2015/03/31 15:53:34 - asb_c_MAdls - INFO - ['AC000755', '6/20/2015', 'ABSOLUTE ENVIRONMENTAL', 'CONTRACTORS, INC.', '114 KENOZA AVE', '', 'HAVERHILL, MA   01830', '978-382-2562', '21']
2015/03/31 15:53:34 - asb_c_MAdls - INFO - ['AC000729', '6/4/2015', 'UNITED SERVICE COMPANY, LLC.', '', '20 CANAL STREET', '', 'HOLYOKE, MA    01040', '413-322-7193', '22']
2015/03/31 15:53:34 - asb_c_MAdls - INFO - ['AC000805', '9/30/2015', 'EMERGENCY CONTRACTORS LLC.', '', '362 YARMOUTH ROAD', '', 'HYANNIS, MA    02601', '508-775-1120', '23']
2015/03/31 15:53:34 - asb_c_MAdls - INFO - ['AC000209', '5/23/201', 'A.A. ASBESTOS ABATEMENT', '', 'COMPANY, INC.', 'R-1307 HARTFORD AVENUE', 'JOHNSTON, RI      02919-', '401-351-1188', '24']
2015/03/31 15:53:34 - asb_c_MAdls - INFO - ['AC000584', '3/12/201', 'ACCOLADE ENVIRONMENTAL', 'CONTRACTING CORP.', '2 NASON LANE', '', 'KINGSTON, NH      03848', '603-608-6545', '25']
2015/03/31 15:53:34 - asb_c_MAdls - INFO - ['AC000700', '6/29/201', 'A & J DEMOLITION SERVICES CORP.', '599 CANAL STREET', '5TH  FL., UNIT 8', '', 'LAWRENCE, MA      01840', '978-327-5070', '26']
2015/03/31 15:53:34 - asb_c_MAdls - INFO - ['AC000873', '10/16/20', 'CRUZ ABATEMENT & CONTRACTING', 'SERVICES, LLC', '60 ISLAND STREET #407', '', 'LAWRENCE, MA      01840', '978-655-5466', '27']
2015/03/31 15:53:34 - asb_c_MAdls - INFO - ['AC000850', '9/25/20', 'FJC ENTERPRISES, INC.', '33 FRANKLIN STREET', '1ST ROOM 106', '', 'LAWRENCE, MA      01841', '978-655-5078', '28']
2015/03/31 15:53:34 - asb_c_MAdls - INFO - ['AC000777', '6/20/201', 'MJ ENVIRONMENTAL, INC.', '', '181 CANAL STREET', 'FLOOR 3', 'LAWRENCE, MA      01840', '978-258-1054', '29']
2015/03/31 15:53:34 - asb_c_MAdls - INFO - ['AC000328', '3/15/201', 'R.M. TECHNOLOGIES, INC.', '33 FRANKLIN STREET', '2ND  FLOOR', '', 'LAWRENCE, MA      01840', '978-794-0006', '30']
2015/03/31 15:53:34 - asb_c_MAdls - INFO - ['AC000586', '8/26/20', 'SMS ENTERPRISES INC.', '', '60 BROOK STREET', '', 'LAWRENCE, MA      01841', '978-580-0954', '31']
2015/03/31 15:53:34 - asb_c_MAdls - INFO - ['AC000876', '12/11/', 'N & J CREATIONS, INC.', '', '485 BROAD STREET', '', 'LEONIA, NJ    07605', '201-819-8904', '32']
2015/03/31 15:53:34 - asb_c_MAdls - INFO - ['AC000831', '1/10/20', 'ASP ENVIRONMENTAL, INC.', '', '55 PLAIN STREET', '', 'LOWELL, MA    01851', '978-614-5143', '33']
2015/03/31 15:53:34 - asb_c_MAdls - INFO - ['AC000529', '1/20/20', 'MK ENVIRONMENTAL, INC.', '', '41 NICHOLS STREET', '#3', 'LOWELL, MA    01851', '978-996-6102', '34']
2015/03/31 15:53:34 - asb_c_MAdls - INFO - ['AC000005', '4/22/20', 'ACCUTECH INSULATION &', 'CONTRACTING, INC.', '100 STATE STREET', 'BUILDING 119', 'LUDLOW, MA    01056', '413-583-5500', '35']
2015/03/31 15:53:34 - asb_c_MAdls - INFO - ['AC000695', '1/10/20', 'COMPASS RESTORATION SERVICES,', 'LLC', '1020 EAST STREET', '', 'LUDLOW, MA    01056', '413-583-7919', '36']
2015/03/31 15:53:34 - asb_c_MAdls - INFO - ['AC000853', '10/23/2', 'CHARLIE P. & COMPANY, LLC', '', '208 BLOSSOM STREET', 'SUITE 1', 'LYNN, MA    01901', '781-715-5714', '37']
2015/03/31 15:53:34 - asb_c_MAdls - INFO - ['AC000798', '3/6/201', 'LTI ENVIRONMENTAL SERVICES, INC.', '', '149 COLONIAL ROAD', '', 'MANCHESTER, CT       06040', '860-646-6555', '38']
2015/03/31 15:53:34 - asb_c_MAdls - INFO - ['AC000752', '2/11/20', 'TRIDENT ENVIRONMENTAL GROUP, LLC', '', '58 LACOMBE STREET', 'UNIT 10B', 'MARLBOROUGH, MA        01752', '508-229-3545', '39']
2015/03/31 15:53:34 - asb_c_MAdls - INFO - ['AC000784', '10/16/2', 'ENVI LABOR, INC.', '', '225 BROADWAY STREET', 'SUITE 204', 'METHUEN, MA     01844', '978-685-1055', '40']
2015/03/31 15:53:34 - asb_c_MAdls - INFO - ['AC000717', '1/11/201', 'THE AULSON COMPANY LLC', '', '49 DANTON DRIVE', 'SUITE 201', 'METHUEN, MA     01844', '978-688-9100', '41']
2015/03/31 15:53:34 - asb_c_MAdls - INFO - ['AC000412', '7/15/201', 'ENVIRONMENTAL RESPONSE', 'SERVICES, INC.', '98 CAMBRIDGE STREET', '', 'MIDDLEBORO, MA    02346', '508-998-6229', '42']
2015/03/31 15:53:34 - asb_c_MAdls - INFO - ['AC000409', '10/4/201', 'ESSEX NEWBURY NORTH', 'CONTRACTING CORP.', '65 PARKER STREET', 'UNIT 5', 'NEWBURYPORT, MA        01950', '978-463-5414', '43']
2015/03/31 15:53:34 - asb_c_MAdls - INFO - ['AC000232', '8/9/2015', 'GEM ENVIRONMENTAL, INC.', '', '61 MAIN STREET', '#2', 'NORTH ADAMS, MA      01247', '413-663-9884', '44']
2015/03/31 15:53:34 - asb_c_MAdls - INFO - ['AC000558', '5/26/201', 'AERO TEC   ENVIRONMENTAL', '', '163 RICE AVENUE', '', 'NORTHBOROUGH, MA         01532', '978-375-9534', '45']
2015/03/31 15:53:34 - asb_c_MAdls - INFO - ['AC000151', '4/29/201', 'SOUTHERN MIDDLESEX INDUSTRIES,', 'INC', '823 PLEASANT STREET', '', 'NORWOOD, MA       02062', '781-769-9310', '46']
2015/03/31 15:53:34 - asb_c_MAdls - INFO - ['AC000387', '6/11/201', 'PATRIOTS ENVIRONMENTAL CORP.', '', '235 OLD WEBSTER ROAD', '', 'OXFORD, MA    01540', '508-752-4964', '47']
2015/03/31 15:53:34 - asb_c_MAdls - INFO - ['AC000283', '11/25/201', 'ADVANCED ABATEMENT & INSULATION', 'CO.', '20 PLYMOUTH ROAD', '', 'PEABODY, MA     01960', '617-834-5238', '48']
2015/03/31 15:53:34 - asb_c_MAdls - INFO - ['AC000664', '5/25/2015', 'C & H ENVIRONMENTAL TECHNICAL', 'SERVICES', '80-D HIGHVIEW DRIVE', '', 'PITTSFIELD, MA   01201', '413-464-4815', '49']
2015/03/31 15:53:34 - asb_c_MAdls - INFO - ['AC000331', '4/12/201', 'ALL STATE ABATEMENT', 'PROFESSIONALS, INC.', '4 WILDER DRIVE', 'SUITE 12', 'PLAISTOW, NH     03865', '603-378-0600', '50']
2015/03/31 15:53:34 - asb_c_MAdls - INFO - ['AC000838', '3/28/201', 'ATLANTIC ABATEMENT &', 'CONSTRUCTION, INC.', '120 MANTON AVE', '', 'PROVIDENCE, RI   02909', '401-351-9000', '51']
2015/03/31 15:53:34 - asb_c_MAdls - INFO - ['AC000701', '5/11/2015', 'MORAN ENVIRONMENTAL RECOVERY', 'LLC', '75 D YORK AVENUE', '', 'RANDOLPH, MA     02368', '781-815-1100', '52']
2015/03/31 15:53:34 - asb_c_MAdls - INFO - ['AC000771', '4/6/2015', 'GREEN ENVIRONMENTAL', 'CONTRACTORS, INC.', '296 WEYMOUTH STREET UNIT C', '', 'ROCKLAND, MA     02370', '617-479-0550', '53']
2015/03/31 15:53:34 - asb_c_MAdls - INFO - ['AC000197', '1/29/2016', 'A-BEST ABATEMENT, INC.', '', '24 KEEWAYDIN DRIVE', '', 'SALEM, NH     03079-', '603-893-4696', '54']
2015/03/31 15:53:34 - asb_c_MAdls - INFO - ['AC000511', '1/17/2016', 'NATIONAL ABATEMENT, INC.', '', '98 LINCOLN AVE.', '', 'SAUGUS, MA    01906', '781-589-3161', '55']
2015/03/31 15:53:34 - asb_c_MAdls - INFO - ['AC000096', '7/12/2015', 'YANKEE FIBER CONTROL, INC.', '', '50 INDUSTRIAL WAY', '', 'SEEKONK, MA    02771', '508-343-5115', '56']
2015/03/31 15:53:34 - asb_c_MAdls - INFO - ['AC000419', '10/30/201', 'BAYSTATE HOME GUARD, INC.', '', '38 DAWES STREET', '', 'SPRINGFIELD, MA    01109', '413-746-3300', '57']
2015/03/31 15:53:34 - asb_c_MAdls - INFO - ['AC000739', '3/21/2015', 'SMOKECLEAN OF MASSACHUSETTS', '', '30 ROBERT W. BOYDEN RD.', 'SUITE B400', 'TAUNTON, MA    02780', '508-822-0002', '58']
2015/03/31 15:53:34 - asb_c_MAdls - INFO - ['AC000133', '12/19/20', 'ASBESTOS FREE, INC.', '', '42 BROADWAY', '', 'WAKEFIELD, MA    01880', '781-245-4403', '59']
2015/03/31 15:53:34 - asb_c_MAdls - INFO - ['AC000871', '9/18/2015', 'NEW ENGLAND YANKEE', 'CONSTRUCTION LLC', '2 TOELLES ROAD', '', 'WALLINGFORD, CT    06492', '203-284-9972', '60']
2015/03/31 15:53:34 - asb_c_MAdls - INFO - ['AC000788', '2/2/2016', 'GRAMERCY GROUP, INC.', '', '3000 BURNS AVE', '', 'WANTAGH, NY     11793', '516-876-0020', '61']
2015/03/31 15:53:34 - asb_c_MAdls - INFO - ['AC000370', '10/16/20', 'AIG, INC.', '', '16 HAMILTON STREET', '', 'WEST HAVEN, CT    06516', '203-932-9639', '62']
2015/03/31 15:53:34 - asb_c_MAdls - INFO - ['AC000196', '3/3/2016', 'NEW ENGLAND SURFACE', 'MAINTENANCE, LLP', '850 WASHINGTON STREET', '', 'WEYMOUTH, MA     02189-0000', '781-337-2117', '63']
2015/03/31 15:53:34 - asb_c_MAdls - INFO - ['AC000806', '8/4/2015', 'PENIEL ENVIRONMENTAL SOLUTIONS,', 'LLC.', '1032 MASON ROAD', '', 'WILTON, NH    03086', '603-654-1062', '64']
2015/03/31 15:53:34 - asb_c_MAdls - INFO - ['AC000770', '7/14/2015', 'ELITE ENVIRONMENTAL SOLUTIONS,', 'LLC', '800 MARSHALL PHELPS ROAD', 'BLDG #5', 'WINDSOR, CT   06095', '800-498-2193', '65']
2015/03/31 15:53:34 - asb_c_MAdls - INFO - ['AC000193', '12/21/2015', 'COMMERCIAL ENERGY MANAGEMENT,', 'INC.', '12 NEBRASKA STREET', '', 'WORCESTER, MA        01604', '508-752-1322', '66']
2015/03/31 15:53:34 - asb_c_MAdls - INFO - ['AC000167', '6/12/2015', 'AIR QUALITY EXPERTS, INC.', '', '23 HALL FARM ROAD', '', 'ATKINSON, NH     03811', '603-894-6465', '1']
2015/03/31 15:53:34 - asb_c_MAdls - INFO - ['AC000756', '7/25/2015', 'EVERGREEN ENVIRONMENTAL, INC.', '', '16 PHEASANT RUN', '', 'BELCHERTOWN, MA                                           01007', '413-348-9480', '2']
2015/03/31 15:53:34 - asb_c_MAdls - INFO - ['AC000723', '3/8/2015', 'YANKEE ENVIRONMENTAL SERVICES,', 'LLC', '29 ESQUIRE ROAD', '', 'BILLERICA, MA    01862', '978-663-6506', '3']
2015/03/31 15:53:34 - asb_c_MAdls - INFO - ['AC000854', '10/29/2015', 'JDC DEMOLITION COMPANY, INC.', '', '60 GERARD STREET', '', 'BOSTON, MA       02119', '508-897-8089', '4']
2015/03/31 15:53:34 - asb_c_MAdls - INFO - ['AC000819', '9/20/2015', 'WELCH ENVIRONMENTAL CORP.', '', '35 ELECTRIC AVENUE', '', 'BRIGHTON, MA     02135', '617-254-7550', '5']
2015/03/31 15:53:34 - asb_c_MAdls - INFO - ['AC000656', '4/15/2015', 'GOMES REMOVAL SERVICES', '', '107 CROSS STREET', '', 'BROCKTON, MA     02301', '508-232-1380', '6']
2015/03/31 15:53:34 - asb_c_MAdls - INFO - ['AC000522', '8/10/2015', 'ABSCOPE ENVIRONMENTAL, INC.', '', '7086 COMMERCIAL DRIVE', '', 'CANASTOTA, NY    13032', '315-697-8437', '7']
2015/03/31 15:53:34 - asb_c_MAdls - INFO - ['AC000395', '6/30/2015', 'RENOVATION SERVICES, INC.', '', '1020 TURNPIKE STREET', 'UNIT 7A', 'CANTON, MA       02021', '781-828-7069', '8']
2015/03/31 15:53:34 - asb_c_MAdls - INFO - ['AC000793', '1/22/2016', 'GOLDEN GATES SERVICES, INC.', '40 WARREN STREET', '3RD FLOOR', '', 'CHARLESTOWN, MA                                 02129', '781-962-9801', '9']
2015/03/31 15:53:34 - asb_c_MAdls - INFO - ['AC000832', '4/7/2015', 'SPECIALTY TRADES CONTRACTING                                LLC', '', '3 CONTORINO WAY', 'BLDG 2', 'CHESTER, NY      10918', '845-610-5277', '10']
2015/03/31 15:53:34 - asb_c_MAdls - INFO - ['AC000353', '3/20/2015', 'SITECON CORP.,INC.', '', '1430 CRANSTON STREET', '', 'CRANSTON, RI     02920', '401-944-2335', '11']
2015/03/31 15:53:34 - asb_c_MAdls - INFO - ['AC000810', '6/27/2015', 'NEALCASS INC.', '', '11A TORREY STREET', '', 'DORCHESTER, MA                            02124', '617-265-0004', '12']
2015/03/31 15:53:34 - asb_c_MAdls - INFO - ['AC000125', '12/1/2015', 'SCS ENVIRONMENTAL SERVICES, INC.', '', '80 BORDER STREET', '', 'EAST BOSTON, MA                           02128', '617-569-3600', '13']
2015/03/31 15:53:34 - asb_c_MAdls - INFO - ['16        AC000420', '3/5/2015', 'OP-TECH ENVIRONMENTAL SERVICES,', 'INC.', '1 ADLER DRIVE', '', 'EAST SYRACUSE, NY                               13057', '315-437-2065', '14']
2015/03/31 15:53:34 - asb_c_MAdls - INFO - ['16        AC000461', '1/12/2016', 'MCCONNELL ENTERPRISES, INC.', '', '10 ICE HOUSE LANE', '', 'ESSEX, MA     01929', '978-768-6078', '15']
2015/03/31 15:53:34 - asb_c_MAdls - INFO - ['15  AC000843', '5/3/2015', 'ECOSERVICES, LLC', '', '407 WEST LINCOLN HIGHWAY', 'SUITE 500', 'EXTON, PA     19341', '484-872-8884', '16']
2015/03/31 15:53:34 - asb_c_MAdls - INFO - ['AC000459', '4/11/2015', 'ECONOMIC ENVIRO TECHS INC', '', '38 INTERVALE RD', '', 'FITCHBURG, MA      01420', '978-348-1118', '17']
2015/03/31 15:53:34 - asb_c_MAdls - INFO - ['AC000490', '3/28/2015', 'ATLANTIC CONTRACTING &', 'SPECIALTIES, LLC', '25 KENWOOD CIRCLE', '', 'FRANKLIN, MA     02038', '800-253-1145', '18']
2015/03/31 15:53:34 - asb_c_MAdls - INFO - ['AC000828', '12/17/2015', 'AFFILIATED ENVIRONMENTAL', 'SERVICES NJ, INC.', '450 SOUTH RIVER STREET', '', 'HACKENSACK, NJ                                  07601', '201-931-0313', '19']
2015/03/31 15:53:34 - asb_c_MAdls - INFO - ['AC000812', '10/24/2015', 'GIBSON ROOFS, INC.', '', '369 WINTER STREET', '', 'HANOVER, MA      02339', '781-826-6344', '20']
2015/03/31 15:53:34 - asb_c_MAdls - INFO - ['AC000129', '12/5/2015', 'SENCAM, INC.', '', '741 SOUTH MAIN STREET', '', 'HAVERHILL, MA     01835', '978-683-7767', '21']
2015/03/31 15:53:34 - asb_c_MAdls - INFO - ['AC000795', '1/23/2016', 'CUTTING EDGE ENVIRONMENTAL, INC.', '', '58 MELLEN STREET', '', 'HOPEDALE, MA     01747', '508-634-6600', '22']
2015/03/31 15:53:34 - asb_c_MAdls - INFO - ['AC000476', '1/20/2016', 'ULTIMATE ABATEMENT CO., INC.', '', '34 FRONT STREET', '', 'INDIAN ORCHARD, MA                                    01151', '413-246-0472', '23']
2015/03/31 15:53:34 - asb_c_MAdls - INFO - ['5         AC000750', '4/26/2015', 'C.L. VINAGRO CORP.', '', '2208 PLAINFIELD PIKE', '', 'JOHNSTON, RI     02919', '401-943-7100', '24']
2015/03/31 15:53:34 - asb_c_MAdls - INFO - ['5         AC000407', '3/20/2015', 'ENVIRONMENTAL COMPLIANCE', 'SPECIALIST,INC.', '111 RTE. 125', '', 'KINGSTON, NH     03848', '603-642-9200', '25']
2015/03/31 15:53:34 - asb_c_MAdls - INFO - ['5         AC000846', '5/2/2015', 'AFFORDABLE BUILDING SOLUTIONS,', 'LLC', '60 EASTON STREET', '', 'LAWRENCE, MA     01843', '617-633-1269', '26']
2015/03/31 15:53:34 - asb_c_MAdls - INFO - ['15        AC000737', '10/29/2015', 'ENVIRO STAFFING SOLUTIONS', 'CORPORATION', '530 BROADWAY', 'SUITE 101', 'LAWRENCE, MA     01841', '978-794-7800', '27']
2015/03/31 15:53:34 - asb_c_MAdls - INFO - ['15        AC000724', '9/11/2015', 'GREENLEAF ENVIRONMENTAL, INC.', '', '49 BLANCHARD STREET', 'STE 205-2', 'LAWRENCE, MA     01843', '978-685-8367', '28']
2015/03/31 15:53:34 - asb_c_MAdls - INFO - ['5         AC000631', '3/1/2016', 'NG ENVIRONMENTAL CONTRACTORS,', 'LLC', '49 BLANCHARD STREET', '', 'LAWRENCE, MA     01843', '978-794-7922', '29']
2015/03/31 15:53:34 - asb_c_MAdls - INFO - ['5         AC000865', '7/3/2015', 'RAY SERVICES, INC.', '530 BROADWAY', '1ST FLOOR', '', 'LAWRENCE, MA     01840', '978-361-7557', '30']
2015/03/31 15:53:34 - asb_c_MAdls - INFO - ['15        AC000326', '3/15/2015', 'A & E ENVIRONMENTAL INC.', '', '52 OLD WILLARD ROAD', '', 'LEOMINSTER, MA                            01453', '978-874-1871', '31']
2015/03/31 15:53:34 - asb_c_MAdls - INFO - ['2015  AC000736', '12/8/2015', 'ABATEMENT SOLUTIONS, LLC', '', '113 ELY ROAD', '', 'LONGMEADOW, MA                                      01106', '413-244-4118', '32']
2015/03/31 15:53:34 - asb_c_MAdls - INFO - ['16    AC000684', '1/26/2016', 'FIBER CONTROL, INC.', '', '70 AUSTIN STREET', 'UNIT 15', 'LOWELL, MA       01854', '617-922-3203', '33']
2015/03/31 15:53:34 - asb_c_MAdls - INFO - ['16    AC000497', '2/20/2016', 'S & R CORPORATION', '', '706 BROADWAY STREET', '', 'LOWELL, MA       01854', '978-441-2000', '34']
2015/03/31 15:53:34 - asb_c_MAdls - INFO - ['15    AC000844', '12/1/2015', 'ALLIED ENVIRONMENTAL SERVICES,', 'INC.', '51 SOUTHWOOD DRIVE', '', 'LUDLOW, MA       01056', '413-302-2818', '35']
2015/03/31 15:53:34 - asb_c_MAdls - INFO - ['16    AC000075', '5/10/2015', 'SAFE ENVIRONMENT OF AMERICA, INC.', '', '100 MOODY STREET', '', 'LUDLOW, MA       01056', '413-237-4894', '36']
2015/03/31 15:53:34 - asb_c_MAdls - INFO - ['015   AC000199', '2/23/2016', 'ALL STATE ENVIRONMENTAL, INC.', '', '94 BEAVER AVENUE', '', 'LYNNFIELD, MA    01940', '781-334-4647', '37']
2015/03/31 15:53:34 - asb_c_MAdls - INFO - ['6     AC000356', '4/8/2015', 'FRANKLIN ANALYTICAL SERVICES, INC.', '', '401 DELANO ROAD', '', 'MARION, MA       02738', '508-748-3156', '38']
2015/03/31 15:53:34 - asb_c_MAdls - INFO - ['16    AC000859', '12/20/2015', 'BRILLIANT ENVIRONMENTAL SERVICES', '', '407 REAR MYSTICK AVE.', 'SUITE 14', 'MEDFORD, MA      02155', '857-312-9957', '39']
2015/03/31 15:53:34 - asb_c_MAdls - INFO - ['015        AC000861', '4/10/2015', 'NEVECI GROUP dba EDC PRO GROUP', '', '213 REAR BROADWAY', '', 'METHUEN, MA      01844', '978-688-3111', '40']
2015/03/31 15:53:34 - asb_c_MAdls - INFO - ['6          AC000427', '3/7/2016', 'THE AULSON COMPANY, INC.', '', '49 DANTON DRIVE', '', 'METHUEN, MA      01844', '978-975-4500', '41']
2015/03/31 15:53:34 - asb_c_MAdls - INFO - ['5          AC000847', '8/1/2015', 'KRONENBERGER & SONS', 'RESTORATION, INC.', '175 INDUSTRIAL PARK ROAD', '', 'MIDDLETOWN, CT                           06457', '860-347-4600', '42']
2015/03/31 15:53:34 - asb_c_MAdls - INFO - ['5          AC000392', '1/17/2016', 'NORTHEAST REMEDIATION', '', '25 STOREY AVE', '#256', 'NEWBURYPORT, MA                                01950', '617-389-9188', '43']
2015/03/31 15:53:34 - asb_c_MAdls - INFO - ['AC000607', '3/21/2015', "WALSH'S ENVIRONMENTAL SERVICES", '', '17A CIDER MILL ROAD', '', 'NORTH BROOKFIELD, MA                            01535', '508-867-7502', '44']
2015/03/31 15:53:34 - asb_c_MAdls - INFO - ['5          AC000829', '12/20/2015', 'ENVIRONMENTAL EXPERTS, INC.', '', '104 LONGWATER DRIVE', '#101', 'NORWELL, MA      02061', '781-421-6054', '45']
2015/03/31 15:53:34 - asb_c_MAdls - INFO - ['5          AC000866', '7/3/2015', 'CPM ENVIRONMENTAL LLC', '', '315 RIGGS STREET', 'BLDG A, UNIT 4', 'OXFORD, CT       06478', '203-463-4456', '46']
2015/03/31 15:53:34 - asb_c_MAdls - INFO - ['5          AC000820', '10/2/2015', 'TOP NOTCH ABATEMENT LLC', '', '21 WILBRAHAM STREET', 'SUITE 208', 'PALMER, MA       01069', '413-283-9252', '47']
2015/03/31 15:53:34 - asb_c_MAdls - INFO - ['5  AC000783', '9/30/2015', 'BIG SHIP BUILDERS', '', '20 KOPER LANE', '', 'PELHAM, NH       03076', '617-312-7247', '48']
2015/03/31 15:53:34 - asb_c_MAdls - INFO - ['AC000402', '4/5/2015', 'MAXYMILLIAN TECHNOLOGIES, INC.', '', '1801 EAST STREET', '', 'PITTSFIELD, MA   01201', '413-499-3050', '49']
2015/03/31 15:53:34 - asb_c_MAdls - INFO - ['5  AC000342', '9/15/2015', 'ASBESTOS MAN REMOVAL COMPANY,', 'INC.', '929 STATE ROAD', '', 'PLYMOUTH, MA     02360', '508-224-5500', '50']
2015/03/31 15:53:34 - asb_c_MAdls - INFO - ['5  AC000790', '12/16/2015', 'KARMA ENVIRONMETAL SERVICES, INC.', '', '1354 HANCOCK STREET', 'SUITE 205', 'QUINCY, MA       02169', '617-405-4807', '51']
2015/03/31 15:53:34 - asb_c_MAdls - INFO - ['AC000447', '4/5/2015', 'NORTH SHORE ENVIRONMENTAL', 'SERVICES', '505 WASHINGTON AVENUE', '', 'REVERE, MA       02151', '781-485-1621', '52']
2015/03/31 15:53:34 - asb_c_MAdls - INFO - ['AC000688', '3/17/2015', 'GREEN ENVIRONMENTAL, INC.', '', '296 WEYMOUTH STREE', 'UNIT C', 'ROCKLAND, MA     02370', '617-479-0550', '53']
2015/03/31 15:53:34 - asb_c_MAdls - INFO - ['AC000626', '10/23/2015', 'ABSOLUTE ENVIRONMENTAL, INC', '', '22 TROLLEY LANE', '', 'SALEM, NH     03079', '603-890-6500', '54']
2015/03/31 15:53:34 - asb_c_MAdls - INFO - ['AC000715', '11/22/2015', 'ENVIRONMENTAL REMEDIATION', 'SERVICE INC.', '311 ROTTERDAM INDUSTRIAL PARK', '', 'SCHENECTADY, NY                                        12306', '518-355-9617', '55']
2015/03/31 15:53:34 - asb_c_MAdls - INFO - ['AC000698', '7/23/2015', 'ENVIRONMENTAL SERVICES INC', '', '90 BROOKFIELD STREET', '', 'SOUTH WINDSOR, CT                               06074', '860-528-9500', '56']
2015/03/31 15:53:34 - asb_c_MAdls - INFO - ['5         AC000775', '6/12/2015', 'JM ENVIRONMENTAL CORP., INC.', '', '362 PUTNAM HILL ROAD', '', 'SUTTON, MA               01590', '508-757-7782', '57']
2015/03/31 15:53:34 - asb_c_MAdls - INFO - ['AC000864', '6/25/2015', 'ACME CONTRACTORS, INC.', '', '58 CENTER STREET', '', 'THOMPSON, CT             06277', '860-672-5133', '58']
2015/03/31 15:53:34 - asb_c_MAdls - INFO - ['9A7C80-207086-303199', '9/18/2015', 'A - D & T ENTERPRISE INC.', '', '7 DOVER DRIVE', '', 'WALPOLE, MA              02081', '508-850-9713', '59']
2015/03/31 15:53:34 - asb_c_MAdls - INFO - ['AC000636', '1/30/2016', 'GENERAL ENVIRONMENTAL SERVICES,', 'INC.', '99 POST ROAD', 'E-3', 'WARWICK, RI              02888', '401-781-5132', '60']
2015/03/31 15:53:34 - asb_c_MAdls - INFO - ['15        AC000690', '10/28/2015', 'WESTERN MASS ENVIRONMENTAL LLC', '', '93 WAYSIDE AVENUE', '', 'WEST SPRINGFIELD, MA                             01089', '413-788-2622', '61']
2015/03/31 15:53:34 - asb_c_MAdls - INFO - ['AC000824', '11/20/2015', 'AMERICAN TECHNOLOGIES, INC.', '', '250 BALLARD VALE', 'SUITE 2', 'WILMINGTON, MA                            01887', '617-420-0065', '62']
2015/03/31 15:53:34 - asb_c_MAdls - INFO - ['AC000645', '3/12/2015', 'AQE, INC.', '', '10 SHEFFIELD     STREET', '', 'WINDHAM, NH      03087', '603-894-6098', '63']
2015/03/31 15:53:34 - asb_c_MAdls - INFO - ['AC000754', '5/8/2015', 'CORE CONTRACTING SERVICES, INC.', '', '3 OAKLAND ST', '', 'WOBURN, MA       01801', '781-721-4540', '64']
2015/03/31 15:53:34 - asb_c_MAdls - INFO - ['AC000612', '5/13/2015', 'TANTARA ASSOCIATES CORPORATION', '', '54 MASON STREET', '', 'WORCESTER, MA                                     01610', '508-752-5599', '65']
2015/03/31 15:53:34 - asb_c_MAdls - INFO - complete
